WARNING: imem.v:12: $readmemh(imem.dat): Not enough words in the file for the requested range [0:65535].
WARNING: dmem.v:18: $readmemh(dmem.dat): Not enough words in the file for the requested range [0:65535].
VCD info: dumpfile mipse.vcd opened for output.
pc:xxxxxxxx idatain:xxxxxxxx stall:x
reg:xxxxxxxx xxxxxxxx xxxxxxxx xxxxxxxx xxxxxxxx xxxxxxxx xxxxxxxx
mem:00000067 000000c6 00000069 00000073
pc:00000000 idatain:2001018c stall:0
reg:xxxxxxxx xxxxxxxx xxxxxxxx xxxxxxxx xxxxxxxx xxxxxxxx xxxxxxxx
mem:00000067 000000c6 00000069 00000073
pc:00000004 idatain:00001820 stall:0
reg:xxxxxxxx xxxxxxxx xxxxxxxx xxxxxxxx xxxxxxxx xxxxxxxx xxxxxxxx
mem:00000067 000000c6 00000069 00000073
pc:00000008 idatain:8c240000 stall:0
reg:xxxxxxxx xxxxxxxx xxxxxxxx xxxxxxxx xxxxxxxx xxxxxxxx xxxxxxxx
mem:00000067 000000c6 00000069 00000073
pc:0000000c idatain:2021fffc stall:0
reg:xxxxxxxx xxxxxxxx xxxxxxxx xxxxxxxx xxxxxxxx xxxxxxxx xxxxxxxx
mem:00000067 000000c6 00000069 00000073
pc:00000010 idatain:00842018 stall:0
reg:xxxxxxxx xxxxxxxx xxxxxxxx xxxxxxxx xxxxxxxx xxxxxxxx xxxxxxxx
mem:00000067 000000c6 00000069 00000073
pc:00000014 idatain:1420fffc stall:0
reg:0000018c xxxxxxxx xxxxxxxx xxxxxxxx xxxxxxxx xxxxxxxx xxxxxxxx
mem:00000067 000000c6 00000069 00000073
pc:00000018 idatain:00641820 stall:0
reg:0000018c xxxxxxxx 00000000 xxxxxxxx xxxxxxxx xxxxxxxx xxxxxxxx
mem:00000067 000000c6 00000069 00000073
pc:00000008 idatain:8c240000 stall:0
reg:0000018c xxxxxxxx 00000000 00000043 xxxxxxxx xxxxxxxx xxxxxxxx
mem:00000067 000000c6 00000069 00000073
pc:0000000c idatain:2021fffc stall:0
reg:00000188 xxxxxxxx 00000000 00000043 xxxxxxxx xxxxxxxx xxxxxxxx
mem:00000067 000000c6 00000069 00000073
pc:00000010 idatain:00842018 stall:0
reg:00000188 xxxxxxxx 00000000 00001189 xxxxxxxx xxxxxxxx xxxxxxxx
mem:00000067 000000c6 00000069 00000073
pc:00000014 idatain:1420fffc stall:0
reg:00000188 xxxxxxxx 00000000 00001189 xxxxxxxx xxxxxxxx xxxxxxxx
mem:00000067 000000c6 00000069 00000073
pc:00000018 idatain:00641820 stall:0
reg:00000188 xxxxxxxx 00001189 00001189 xxxxxxxx xxxxxxxx xxxxxxxx
mem:00000067 000000c6 00000069 00000073
pc:00000008 idatain:8c240000 stall:0
reg:00000188 xxxxxxxx 00001189 000000fe xxxxxxxx xxxxxxxx xxxxxxxx
mem:00000067 000000c6 00000069 00000073
pc:0000000c idatain:2021fffc stall:0
reg:00000184 xxxxxxxx 00001189 000000fe xxxxxxxx xxxxxxxx xxxxxxxx
mem:00000067 000000c6 00000069 00000073
pc:00000010 idatain:00842018 stall:0
reg:00000184 xxxxxxxx 00001189 0000fc04 xxxxxxxx xxxxxxxx xxxxxxxx
mem:00000067 000000c6 00000069 00000073
pc:00000014 idatain:1420fffc stall:0
reg:00000184 xxxxxxxx 00001189 0000fc04 xxxxxxxx xxxxxxxx xxxxxxxx
mem:00000067 000000c6 00000069 00000073
pc:00000018 idatain:00641820 stall:0
reg:00000184 xxxxxxxx 00010d8d 0000fc04 xxxxxxxx xxxxxxxx xxxxxxxx
mem:00000067 000000c6 00000069 00000073
pc:00000008 idatain:8c240000 stall:0
reg:00000184 xxxxxxxx 00010d8d 0000001a xxxxxxxx xxxxxxxx xxxxxxxx
mem:00000067 000000c6 00000069 00000073
pc:0000000c idatain:2021fffc stall:0
reg:00000180 xxxxxxxx 00010d8d 0000001a xxxxxxxx xxxxxxxx xxxxxxxx
mem:00000067 000000c6 00000069 00000073
pc:00000010 idatain:00842018 stall:0
reg:00000180 xxxxxxxx 00010d8d 000002a4 xxxxxxxx xxxxxxxx xxxxxxxx
mem:00000067 000000c6 00000069 00000073
pc:00000014 idatain:1420fffc stall:0
reg:00000180 xxxxxxxx 00010d8d 000002a4 xxxxxxxx xxxxxxxx xxxxxxxx
mem:00000067 000000c6 00000069 00000073
pc:00000018 idatain:00641820 stall:0
reg:00000180 xxxxxxxx 00011031 000002a4 xxxxxxxx xxxxxxxx xxxxxxxx
mem:00000067 000000c6 00000069 00000073
pc:00000008 idatain:8c240000 stall:0
reg:00000180 xxxxxxxx 00011031 00000002 xxxxxxxx xxxxxxxx xxxxxxxx
mem:00000067 000000c6 00000069 00000073
pc:0000000c idatain:2021fffc stall:0
reg:0000017c xxxxxxxx 00011031 00000002 xxxxxxxx xxxxxxxx xxxxxxxx
mem:00000067 000000c6 00000069 00000073
pc:00000010 idatain:00842018 stall:0
reg:0000017c xxxxxxxx 00011031 00000004 xxxxxxxx xxxxxxxx xxxxxxxx
mem:00000067 000000c6 00000069 00000073
pc:00000014 idatain:1420fffc stall:0
reg:0000017c xxxxxxxx 00011031 00000004 xxxxxxxx xxxxxxxx xxxxxxxx
mem:00000067 000000c6 00000069 00000073
pc:00000018 idatain:00641820 stall:0
reg:0000017c xxxxxxxx 00011035 00000004 xxxxxxxx xxxxxxxx xxxxxxxx
mem:00000067 000000c6 00000069 00000073
pc:00000008 idatain:8c240000 stall:0
reg:0000017c xxxxxxxx 00011035 0000005c xxxxxxxx xxxxxxxx xxxxxxxx
mem:00000067 000000c6 00000069 00000073
pc:0000000c idatain:2021fffc stall:0
reg:00000178 xxxxxxxx 00011035 0000005c xxxxxxxx xxxxxxxx xxxxxxxx
mem:00000067 000000c6 00000069 00000073
pc:00000010 idatain:00842018 stall:0
reg:00000178 xxxxxxxx 00011035 00002110 xxxxxxxx xxxxxxxx xxxxxxxx
mem:00000067 000000c6 00000069 00000073
pc:00000014 idatain:1420fffc stall:0
reg:00000178 xxxxxxxx 00011035 00002110 xxxxxxxx xxxxxxxx xxxxxxxx
mem:00000067 000000c6 00000069 00000073
pc:00000018 idatain:00641820 stall:0
reg:00000178 xxxxxxxx 00013145 00002110 xxxxxxxx xxxxxxxx xxxxxxxx
mem:00000067 000000c6 00000069 00000073
pc:00000008 idatain:8c240000 stall:0
reg:00000178 xxxxxxxx 00013145 000000db xxxxxxxx xxxxxxxx xxxxxxxx
mem:00000067 000000c6 00000069 00000073
pc:0000000c idatain:2021fffc stall:0
reg:00000174 xxxxxxxx 00013145 000000db xxxxxxxx xxxxxxxx xxxxxxxx
mem:00000067 000000c6 00000069 00000073
pc:00000010 idatain:00842018 stall:0
reg:00000174 xxxxxxxx 00013145 0000bb59 xxxxxxxx xxxxxxxx xxxxxxxx
mem:00000067 000000c6 00000069 00000073
pc:00000014 idatain:1420fffc stall:0
reg:00000174 xxxxxxxx 00013145 0000bb59 xxxxxxxx xxxxxxxx xxxxxxxx
mem:00000067 000000c6 00000069 00000073
pc:00000018 idatain:00641820 stall:0
reg:00000174 xxxxxxxx 0001ec9e 0000bb59 xxxxxxxx xxxxxxxx xxxxxxxx
mem:00000067 000000c6 00000069 00000073
pc:00000008 idatain:8c240000 stall:0
reg:00000174 xxxxxxxx 0001ec9e 00000018 xxxxxxxx xxxxxxxx xxxxxxxx
mem:00000067 000000c6 00000069 00000073
pc:0000000c idatain:2021fffc stall:0
reg:00000170 xxxxxxxx 0001ec9e 00000018 xxxxxxxx xxxxxxxx xxxxxxxx
mem:00000067 000000c6 00000069 00000073
pc:00000010 idatain:00842018 stall:0
reg:00000170 xxxxxxxx 0001ec9e 00000240 xxxxxxxx xxxxxxxx xxxxxxxx
mem:00000067 000000c6 00000069 00000073
pc:00000014 idatain:1420fffc stall:0
reg:00000170 xxxxxxxx 0001ec9e 00000240 xxxxxxxx xxxxxxxx xxxxxxxx
mem:00000067 000000c6 00000069 00000073
pc:00000018 idatain:00641820 stall:0
reg:00000170 xxxxxxxx 0001eede 00000240 xxxxxxxx xxxxxxxx xxxxxxxx
mem:00000067 000000c6 00000069 00000073
pc:00000008 idatain:8c240000 stall:0
reg:00000170 xxxxxxxx 0001eede 000000ec xxxxxxxx xxxxxxxx xxxxxxxx
mem:00000067 000000c6 00000069 00000073
pc:0000000c idatain:2021fffc stall:0
reg:0000016c xxxxxxxx 0001eede 000000ec xxxxxxxx xxxxxxxx xxxxxxxx
mem:00000067 000000c6 00000069 00000073
pc:00000010 idatain:00842018 stall:0
reg:0000016c xxxxxxxx 0001eede 0000d990 xxxxxxxx xxxxxxxx xxxxxxxx
mem:00000067 000000c6 00000069 00000073
pc:00000014 idatain:1420fffc stall:0
reg:0000016c xxxxxxxx 0001eede 0000d990 xxxxxxxx xxxxxxxx xxxxxxxx
mem:00000067 000000c6 00000069 00000073
pc:00000018 idatain:00641820 stall:0
reg:0000016c xxxxxxxx 0002c86e 0000d990 xxxxxxxx xxxxxxxx xxxxxxxx
mem:00000067 000000c6 00000069 00000073
pc:00000008 idatain:8c240000 stall:0
reg:0000016c xxxxxxxx 0002c86e 00000054 xxxxxxxx xxxxxxxx xxxxxxxx
mem:00000067 000000c6 00000069 00000073
pc:0000000c idatain:2021fffc stall:0
reg:00000168 xxxxxxxx 0002c86e 00000054 xxxxxxxx xxxxxxxx xxxxxxxx
mem:00000067 000000c6 00000069 00000073
pc:00000010 idatain:00842018 stall:0
reg:00000168 xxxxxxxx 0002c86e 00001b90 xxxxxxxx xxxxxxxx xxxxxxxx
mem:00000067 000000c6 00000069 00000073
pc:00000014 idatain:1420fffc stall:0
reg:00000168 xxxxxxxx 0002c86e 00001b90 xxxxxxxx xxxxxxxx xxxxxxxx
mem:00000067 000000c6 00000069 00000073
pc:00000018 idatain:00641820 stall:0
reg:00000168 xxxxxxxx 0002e3fe 00001b90 xxxxxxxx xxxxxxxx xxxxxxxx
mem:00000067 000000c6 00000069 00000073
pc:00000008 idatain:8c240000 stall:0
reg:00000168 xxxxxxxx 0002e3fe 0000003c xxxxxxxx xxxxxxxx xxxxxxxx
mem:00000067 000000c6 00000069 00000073
pc:0000000c idatain:2021fffc stall:0
reg:00000164 xxxxxxxx 0002e3fe 0000003c xxxxxxxx xxxxxxxx xxxxxxxx
mem:00000067 000000c6 00000069 00000073
pc:00000010 idatain:00842018 stall:0
reg:00000164 xxxxxxxx 0002e3fe 00000e10 xxxxxxxx xxxxxxxx xxxxxxxx
mem:00000067 000000c6 00000069 00000073
pc:00000014 idatain:1420fffc stall:0
reg:00000164 xxxxxxxx 0002e3fe 00000e10 xxxxxxxx xxxxxxxx xxxxxxxx
mem:00000067 000000c6 00000069 00000073
pc:00000018 idatain:00641820 stall:0
reg:00000164 xxxxxxxx 0002f20e 00000e10 xxxxxxxx xxxxxxxx xxxxxxxx
mem:00000067 000000c6 00000069 00000073
pc:00000008 idatain:8c240000 stall:0
reg:00000164 xxxxxxxx 0002f20e 000000af xxxxxxxx xxxxxxxx xxxxxxxx
mem:00000067 000000c6 00000069 00000073
pc:0000000c idatain:2021fffc stall:0
reg:00000160 xxxxxxxx 0002f20e 000000af xxxxxxxx xxxxxxxx xxxxxxxx
mem:00000067 000000c6 00000069 00000073
pc:00000010 idatain:00842018 stall:0
reg:00000160 xxxxxxxx 0002f20e 000077a1 xxxxxxxx xxxxxxxx xxxxxxxx
mem:00000067 000000c6 00000069 00000073
pc:00000014 idatain:1420fffc stall:0
reg:00000160 xxxxxxxx 0002f20e 000077a1 xxxxxxxx xxxxxxxx xxxxxxxx
mem:00000067 000000c6 00000069 00000073
pc:00000018 idatain:00641820 stall:0
reg:00000160 xxxxxxxx 000369af 000077a1 xxxxxxxx xxxxxxxx xxxxxxxx
mem:00000067 000000c6 00000069 00000073
pc:00000008 idatain:8c240000 stall:0
reg:00000160 xxxxxxxx 000369af 00000032 xxxxxxxx xxxxxxxx xxxxxxxx
mem:00000067 000000c6 00000069 00000073
pc:0000000c idatain:2021fffc stall:0
reg:0000015c xxxxxxxx 000369af 00000032 xxxxxxxx xxxxxxxx xxxxxxxx
mem:00000067 000000c6 00000069 00000073
pc:00000010 idatain:00842018 stall:0
reg:0000015c xxxxxxxx 000369af 000009c4 xxxxxxxx xxxxxxxx xxxxxxxx
mem:00000067 000000c6 00000069 00000073
pc:00000014 idatain:1420fffc stall:0
reg:0000015c xxxxxxxx 000369af 000009c4 xxxxxxxx xxxxxxxx xxxxxxxx
mem:00000067 000000c6 00000069 00000073
pc:00000018 idatain:00641820 stall:0
reg:0000015c xxxxxxxx 00037373 000009c4 xxxxxxxx xxxxxxxx xxxxxxxx
mem:00000067 000000c6 00000069 00000073
pc:00000008 idatain:8c240000 stall:0
reg:0000015c xxxxxxxx 00037373 000000fb xxxxxxxx xxxxxxxx xxxxxxxx
mem:00000067 000000c6 00000069 00000073
pc:0000000c idatain:2021fffc stall:0
reg:00000158 xxxxxxxx 00037373 000000fb xxxxxxxx xxxxxxxx xxxxxxxx
mem:00000067 000000c6 00000069 00000073
pc:00000010 idatain:00842018 stall:0
reg:00000158 xxxxxxxx 00037373 0000f619 xxxxxxxx xxxxxxxx xxxxxxxx
mem:00000067 000000c6 00000069 00000073
pc:00000014 idatain:1420fffc stall:0
reg:00000158 xxxxxxxx 00037373 0000f619 xxxxxxxx xxxxxxxx xxxxxxxx
mem:00000067 000000c6 00000069 00000073
pc:00000018 idatain:00641820 stall:0
reg:00000158 xxxxxxxx 0004698c 0000f619 xxxxxxxx xxxxxxxx xxxxxxxx
mem:00000067 000000c6 00000069 00000073
pc:00000008 idatain:8c240000 stall:0
reg:00000158 xxxxxxxx 0004698c 0000003b xxxxxxxx xxxxxxxx xxxxxxxx
mem:00000067 000000c6 00000069 00000073
pc:0000000c idatain:2021fffc stall:0
reg:00000154 xxxxxxxx 0004698c 0000003b xxxxxxxx xxxxxxxx xxxxxxxx
mem:00000067 000000c6 00000069 00000073
pc:00000010 idatain:00842018 stall:0
reg:00000154 xxxxxxxx 0004698c 00000d99 xxxxxxxx xxxxxxxx xxxxxxxx
mem:00000067 000000c6 00000069 00000073
pc:00000014 idatain:1420fffc stall:0
reg:00000154 xxxxxxxx 0004698c 00000d99 xxxxxxxx xxxxxxxx xxxxxxxx
mem:00000067 000000c6 00000069 00000073
pc:00000018 idatain:00641820 stall:0
reg:00000154 xxxxxxxx 00047725 00000d99 xxxxxxxx xxxxxxxx xxxxxxxx
mem:00000067 000000c6 00000069 00000073
pc:00000008 idatain:8c240000 stall:0
reg:00000154 xxxxxxxx 00047725 000000b0 xxxxxxxx xxxxxxxx xxxxxxxx
mem:00000067 000000c6 00000069 00000073
pc:0000000c idatain:2021fffc stall:0
reg:00000150 xxxxxxxx 00047725 000000b0 xxxxxxxx xxxxxxxx xxxxxxxx
mem:00000067 000000c6 00000069 00000073
pc:00000010 idatain:00842018 stall:0
reg:00000150 xxxxxxxx 00047725 00007900 xxxxxxxx xxxxxxxx xxxxxxxx
mem:00000067 000000c6 00000069 00000073
pc:00000014 idatain:1420fffc stall:0
reg:00000150 xxxxxxxx 00047725 00007900 xxxxxxxx xxxxxxxx xxxxxxxx
mem:00000067 000000c6 00000069 00000073
pc:00000018 idatain:00641820 stall:0
reg:00000150 xxxxxxxx 0004f025 00007900 xxxxxxxx xxxxxxxx xxxxxxxx
mem:00000067 000000c6 00000069 00000073
pc:00000008 idatain:8c240000 stall:0
reg:00000150 xxxxxxxx 0004f025 000000ec xxxxxxxx xxxxxxxx xxxxxxxx
mem:00000067 000000c6 00000069 00000073
pc:0000000c idatain:2021fffc stall:0
reg:0000014c xxxxxxxx 0004f025 000000ec xxxxxxxx xxxxxxxx xxxxxxxx
mem:00000067 000000c6 00000069 00000073
pc:00000010 idatain:00842018 stall:0
reg:0000014c xxxxxxxx 0004f025 0000d990 xxxxxxxx xxxxxxxx xxxxxxxx
mem:00000067 000000c6 00000069 00000073
pc:00000014 idatain:1420fffc stall:0
reg:0000014c xxxxxxxx 0004f025 0000d990 xxxxxxxx xxxxxxxx xxxxxxxx
mem:00000067 000000c6 00000069 00000073
pc:00000018 idatain:00641820 stall:0
reg:0000014c xxxxxxxx 0005c9b5 0000d990 xxxxxxxx xxxxxxxx xxxxxxxx
mem:00000067 000000c6 00000069 00000073
pc:00000008 idatain:8c240000 stall:0
reg:0000014c xxxxxxxx 0005c9b5 0000002a xxxxxxxx xxxxxxxx xxxxxxxx
mem:00000067 000000c6 00000069 00000073
pc:0000000c idatain:2021fffc stall:0
reg:00000148 xxxxxxxx 0005c9b5 0000002a xxxxxxxx xxxxxxxx xxxxxxxx
mem:00000067 000000c6 00000069 00000073
pc:00000010 idatain:00842018 stall:0
reg:00000148 xxxxxxxx 0005c9b5 000006e4 xxxxxxxx xxxxxxxx xxxxxxxx
mem:00000067 000000c6 00000069 00000073
pc:00000014 idatain:1420fffc stall:0
reg:00000148 xxxxxxxx 0005c9b5 000006e4 xxxxxxxx xxxxxxxx xxxxxxxx
mem:00000067 000000c6 00000069 00000073
pc:00000018 idatain:00641820 stall:0
reg:00000148 xxxxxxxx 0005d099 000006e4 xxxxxxxx xxxxxxxx xxxxxxxx
mem:00000067 000000c6 00000069 00000073
pc:00000008 idatain:8c240000 stall:0
reg:00000148 xxxxxxxx 0005d099 0000005c xxxxxxxx xxxxxxxx xxxxxxxx
mem:00000067 000000c6 00000069 00000073
pc:0000000c idatain:2021fffc stall:0
reg:00000144 xxxxxxxx 0005d099 0000005c xxxxxxxx xxxxxxxx xxxxxxxx
mem:00000067 000000c6 00000069 00000073
pc:00000010 idatain:00842018 stall:0
reg:00000144 xxxxxxxx 0005d099 00002110 xxxxxxxx xxxxxxxx xxxxxxxx
mem:00000067 000000c6 00000069 00000073
pc:00000014 idatain:1420fffc stall:0
reg:00000144 xxxxxxxx 0005d099 00002110 xxxxxxxx xxxxxxxx xxxxxxxx
mem:00000067 000000c6 00000069 00000073
pc:00000018 idatain:00641820 stall:0
reg:00000144 xxxxxxxx 0005f1a9 00002110 xxxxxxxx xxxxxxxx xxxxxxxx
mem:00000067 000000c6 00000069 00000073
pc:00000008 idatain:8c240000 stall:0
reg:00000144 xxxxxxxx 0005f1a9 00000038 xxxxxxxx xxxxxxxx xxxxxxxx
mem:00000067 000000c6 00000069 00000073
pc:0000000c idatain:2021fffc stall:0
reg:00000140 xxxxxxxx 0005f1a9 00000038 xxxxxxxx xxxxxxxx xxxxxxxx
mem:00000067 000000c6 00000069 00000073
pc:00000010 idatain:00842018 stall:0
reg:00000140 xxxxxxxx 0005f1a9 00000c40 xxxxxxxx xxxxxxxx xxxxxxxx
mem:00000067 000000c6 00000069 00000073
pc:00000014 idatain:1420fffc stall:0
reg:00000140 xxxxxxxx 0005f1a9 00000c40 xxxxxxxx xxxxxxxx xxxxxxxx
mem:00000067 000000c6 00000069 00000073
pc:00000018 idatain:00641820 stall:0
reg:00000140 xxxxxxxx 0005fde9 00000c40 xxxxxxxx xxxxxxxx xxxxxxxx
mem:00000067 000000c6 00000069 00000073
pc:00000008 idatain:8c240000 stall:0
reg:00000140 xxxxxxxx 0005fde9 0000008f xxxxxxxx xxxxxxxx xxxxxxxx
mem:00000067 000000c6 00000069 00000073
pc:0000000c idatain:2021fffc stall:0
reg:0000013c xxxxxxxx 0005fde9 0000008f xxxxxxxx xxxxxxxx xxxxxxxx
mem:00000067 000000c6 00000069 00000073
pc:00000010 idatain:00842018 stall:0
reg:0000013c xxxxxxxx 0005fde9 00004fe1 xxxxxxxx xxxxxxxx xxxxxxxx
mem:00000067 000000c6 00000069 00000073
pc:00000014 idatain:1420fffc stall:0
reg:0000013c xxxxxxxx 0005fde9 00004fe1 xxxxxxxx xxxxxxxx xxxxxxxx
mem:00000067 000000c6 00000069 00000073
pc:00000018 idatain:00641820 stall:0
reg:0000013c xxxxxxxx 00064dca 00004fe1 xxxxxxxx xxxxxxxx xxxxxxxx
mem:00000067 000000c6 00000069 00000073
pc:00000008 idatain:8c240000 stall:0
reg:0000013c xxxxxxxx 00064dca 00000096 xxxxxxxx xxxxxxxx xxxxxxxx
mem:00000067 000000c6 00000069 00000073
pc:0000000c idatain:2021fffc stall:0
reg:00000138 xxxxxxxx 00064dca 00000096 xxxxxxxx xxxxxxxx xxxxxxxx
mem:00000067 000000c6 00000069 00000073
pc:00000010 idatain:00842018 stall:0
reg:00000138 xxxxxxxx 00064dca 000057e4 xxxxxxxx xxxxxxxx xxxxxxxx
mem:00000067 000000c6 00000069 00000073
pc:00000014 idatain:1420fffc stall:0
reg:00000138 xxxxxxxx 00064dca 000057e4 xxxxxxxx xxxxxxxx xxxxxxxx
mem:00000067 000000c6 00000069 00000073
pc:00000018 idatain:00641820 stall:0
reg:00000138 xxxxxxxx 0006a5ae 000057e4 xxxxxxxx xxxxxxxx xxxxxxxx
mem:00000067 000000c6 00000069 00000073
pc:00000008 idatain:8c240000 stall:0
reg:00000138 xxxxxxxx 0006a5ae 0000006b xxxxxxxx xxxxxxxx xxxxxxxx
mem:00000067 000000c6 00000069 00000073
pc:0000000c idatain:2021fffc stall:0
reg:00000134 xxxxxxxx 0006a5ae 0000006b xxxxxxxx xxxxxxxx xxxxxxxx
mem:00000067 000000c6 00000069 00000073
pc:00000010 idatain:00842018 stall:0
reg:00000134 xxxxxxxx 0006a5ae 00002cb9 xxxxxxxx xxxxxxxx xxxxxxxx
mem:00000067 000000c6 00000069 00000073
pc:00000014 idatain:1420fffc stall:0
reg:00000134 xxxxxxxx 0006a5ae 00002cb9 xxxxxxxx xxxxxxxx xxxxxxxx
mem:00000067 000000c6 00000069 00000073
pc:00000018 idatain:00641820 stall:0
reg:00000134 xxxxxxxx 0006d267 00002cb9 xxxxxxxx xxxxxxxx xxxxxxxx
mem:00000067 000000c6 00000069 00000073
pc:00000008 idatain:8c240000 stall:0
reg:00000134 xxxxxxxx 0006d267 000000dc xxxxxxxx xxxxxxxx xxxxxxxx
mem:00000067 000000c6 00000069 00000073
pc:0000000c idatain:2021fffc stall:0
reg:00000130 xxxxxxxx 0006d267 000000dc xxxxxxxx xxxxxxxx xxxxxxxx
mem:00000067 000000c6 00000069 00000073
pc:00000010 idatain:00842018 stall:0
reg:00000130 xxxxxxxx 0006d267 0000bd10 xxxxxxxx xxxxxxxx xxxxxxxx
mem:00000067 000000c6 00000069 00000073
pc:00000014 idatain:1420fffc stall:0
reg:00000130 xxxxxxxx 0006d267 0000bd10 xxxxxxxx xxxxxxxx xxxxxxxx
mem:00000067 000000c6 00000069 00000073
pc:00000018 idatain:00641820 stall:0
reg:00000130 xxxxxxxx 00078f77 0000bd10 xxxxxxxx xxxxxxxx xxxxxxxx
mem:00000067 000000c6 00000069 00000073
pc:00000008 idatain:8c240000 stall:0
reg:00000130 xxxxxxxx 00078f77 000000ea xxxxxxxx xxxxxxxx xxxxxxxx
mem:00000067 000000c6 00000069 00000073
pc:0000000c idatain:2021fffc stall:0
reg:0000012c xxxxxxxx 00078f77 000000ea xxxxxxxx xxxxxxxx xxxxxxxx
mem:00000067 000000c6 00000069 00000073
pc:00000010 idatain:00842018 stall:0
reg:0000012c xxxxxxxx 00078f77 0000d5e4 xxxxxxxx xxxxxxxx xxxxxxxx
mem:00000067 000000c6 00000069 00000073
pc:00000014 idatain:1420fffc stall:0
reg:0000012c xxxxxxxx 00078f77 0000d5e4 xxxxxxxx xxxxxxxx xxxxxxxx
mem:00000067 000000c6 00000069 00000073
pc:00000018 idatain:00641820 stall:0
reg:0000012c xxxxxxxx 0008655b 0000d5e4 xxxxxxxx xxxxxxxx xxxxxxxx
mem:00000067 000000c6 00000069 00000073
pc:00000008 idatain:8c240000 stall:0
reg:0000012c xxxxxxxx 0008655b 00000097 xxxxxxxx xxxxxxxx xxxxxxxx
mem:00000067 000000c6 00000069 00000073
pc:0000000c idatain:2021fffc stall:0
reg:00000128 xxxxxxxx 0008655b 00000097 xxxxxxxx xxxxxxxx xxxxxxxx
mem:00000067 000000c6 00000069 00000073
pc:00000010 idatain:00842018 stall:0
reg:00000128 xxxxxxxx 0008655b 00005911 xxxxxxxx xxxxxxxx xxxxxxxx
mem:00000067 000000c6 00000069 00000073
pc:00000014 idatain:1420fffc stall:0
reg:00000128 xxxxxxxx 0008655b 00005911 xxxxxxxx xxxxxxxx xxxxxxxx
mem:00000067 000000c6 00000069 00000073
pc:00000018 idatain:00641820 stall:0
reg:00000128 xxxxxxxx 0008be6c 00005911 xxxxxxxx xxxxxxxx xxxxxxxx
mem:00000067 000000c6 00000069 00000073
pc:00000008 idatain:8c240000 stall:0
reg:00000128 xxxxxxxx 0008be6c 0000007e xxxxxxxx xxxxxxxx xxxxxxxx
mem:00000067 000000c6 00000069 00000073
pc:0000000c idatain:2021fffc stall:0
reg:00000124 xxxxxxxx 0008be6c 0000007e xxxxxxxx xxxxxxxx xxxxxxxx
mem:00000067 000000c6 00000069 00000073
pc:00000010 idatain:00842018 stall:0
reg:00000124 xxxxxxxx 0008be6c 00003e04 xxxxxxxx xxxxxxxx xxxxxxxx
mem:00000067 000000c6 00000069 00000073
pc:00000014 idatain:1420fffc stall:0
reg:00000124 xxxxxxxx 0008be6c 00003e04 xxxxxxxx xxxxxxxx xxxxxxxx
mem:00000067 000000c6 00000069 00000073
pc:00000018 idatain:00641820 stall:0
reg:00000124 xxxxxxxx 0008fc70 00003e04 xxxxxxxx xxxxxxxx xxxxxxxx
mem:00000067 000000c6 00000069 00000073
pc:00000008 idatain:8c240000 stall:0
reg:00000124 xxxxxxxx 0008fc70 00000001 xxxxxxxx xxxxxxxx xxxxxxxx
mem:00000067 000000c6 00000069 00000073
pc:0000000c idatain:2021fffc stall:0
reg:00000120 xxxxxxxx 0008fc70 00000001 xxxxxxxx xxxxxxxx xxxxxxxx
mem:00000067 000000c6 00000069 00000073
pc:00000010 idatain:00842018 stall:0
reg:00000120 xxxxxxxx 0008fc70 00000001 xxxxxxxx xxxxxxxx xxxxxxxx
mem:00000067 000000c6 00000069 00000073
pc:00000014 idatain:1420fffc stall:0
reg:00000120 xxxxxxxx 0008fc70 00000001 xxxxxxxx xxxxxxxx xxxxxxxx
mem:00000067 000000c6 00000069 00000073
pc:00000018 idatain:00641820 stall:0
reg:00000120 xxxxxxxx 0008fc71 00000001 xxxxxxxx xxxxxxxx xxxxxxxx
mem:00000067 000000c6 00000069 00000073
pc:00000008 idatain:8c240000 stall:0
reg:00000120 xxxxxxxx 0008fc71 0000003e xxxxxxxx xxxxxxxx xxxxxxxx
mem:00000067 000000c6 00000069 00000073
pc:0000000c idatain:2021fffc stall:0
reg:0000011c xxxxxxxx 0008fc71 0000003e xxxxxxxx xxxxxxxx xxxxxxxx
mem:00000067 000000c6 00000069 00000073
pc:00000010 idatain:00842018 stall:0
reg:0000011c xxxxxxxx 0008fc71 00000f04 xxxxxxxx xxxxxxxx xxxxxxxx
mem:00000067 000000c6 00000069 00000073
pc:00000014 idatain:1420fffc stall:0
reg:0000011c xxxxxxxx 0008fc71 00000f04 xxxxxxxx xxxxxxxx xxxxxxxx
mem:00000067 000000c6 00000069 00000073
pc:00000018 idatain:00641820 stall:0
reg:0000011c xxxxxxxx 00090b75 00000f04 xxxxxxxx xxxxxxxx xxxxxxxx
mem:00000067 000000c6 00000069 00000073
pc:00000008 idatain:8c240000 stall:0
reg:0000011c xxxxxxxx 00090b75 00000067 xxxxxxxx xxxxxxxx xxxxxxxx
mem:00000067 000000c6 00000069 00000073
pc:0000000c idatain:2021fffc stall:0
reg:00000118 xxxxxxxx 00090b75 00000067 xxxxxxxx xxxxxxxx xxxxxxxx
mem:00000067 000000c6 00000069 00000073
pc:00000010 idatain:00842018 stall:0
reg:00000118 xxxxxxxx 00090b75 00002971 xxxxxxxx xxxxxxxx xxxxxxxx
mem:00000067 000000c6 00000069 00000073
pc:00000014 idatain:1420fffc stall:0
reg:00000118 xxxxxxxx 00090b75 00002971 xxxxxxxx xxxxxxxx xxxxxxxx
mem:00000067 000000c6 00000069 00000073
pc:00000018 idatain:00641820 stall:0
reg:00000118 xxxxxxxx 000934e6 00002971 xxxxxxxx xxxxxxxx xxxxxxxx
mem:00000067 000000c6 00000069 00000073
pc:00000008 idatain:8c240000 stall:0
reg:00000118 xxxxxxxx 000934e6 000000fc xxxxxxxx xxxxxxxx xxxxxxxx
mem:00000067 000000c6 00000069 00000073
pc:0000000c idatain:2021fffc stall:0
reg:00000114 xxxxxxxx 000934e6 000000fc xxxxxxxx xxxxxxxx xxxxxxxx
mem:00000067 000000c6 00000069 00000073
pc:00000010 idatain:00842018 stall:0
reg:00000114 xxxxxxxx 000934e6 0000f810 xxxxxxxx xxxxxxxx xxxxxxxx
mem:00000067 000000c6 00000069 00000073
pc:00000014 idatain:1420fffc stall:0
reg:00000114 xxxxxxxx 000934e6 0000f810 xxxxxxxx xxxxxxxx xxxxxxxx
mem:00000067 000000c6 00000069 00000073
pc:00000018 idatain:00641820 stall:0
reg:00000114 xxxxxxxx 000a2cf6 0000f810 xxxxxxxx xxxxxxxx xxxxxxxx
mem:00000067 000000c6 00000069 00000073
pc:00000008 idatain:8c240000 stall:0
reg:00000114 xxxxxxxx 000a2cf6 000000e1 xxxxxxxx xxxxxxxx xxxxxxxx
mem:00000067 000000c6 00000069 00000073
pc:0000000c idatain:2021fffc stall:0
reg:00000110 xxxxxxxx 000a2cf6 000000e1 xxxxxxxx xxxxxxxx xxxxxxxx
mem:00000067 000000c6 00000069 00000073
pc:00000010 idatain:00842018 stall:0
reg:00000110 xxxxxxxx 000a2cf6 0000c5c1 xxxxxxxx xxxxxxxx xxxxxxxx
mem:00000067 000000c6 00000069 00000073
pc:00000014 idatain:1420fffc stall:0
reg:00000110 xxxxxxxx 000a2cf6 0000c5c1 xxxxxxxx xxxxxxxx xxxxxxxx
mem:00000067 000000c6 00000069 00000073
pc:00000018 idatain:00641820 stall:0
reg:00000110 xxxxxxxx 000af2b7 0000c5c1 xxxxxxxx xxxxxxxx xxxxxxxx
mem:00000067 000000c6 00000069 00000073
pc:00000008 idatain:8c240000 stall:0
reg:00000110 xxxxxxxx 000af2b7 00000041 xxxxxxxx xxxxxxxx xxxxxxxx
mem:00000067 000000c6 00000069 00000073
pc:0000000c idatain:2021fffc stall:0
reg:0000010c xxxxxxxx 000af2b7 00000041 xxxxxxxx xxxxxxxx xxxxxxxx
mem:00000067 000000c6 00000069 00000073
pc:00000010 idatain:00842018 stall:0
reg:0000010c xxxxxxxx 000af2b7 00001081 xxxxxxxx xxxxxxxx xxxxxxxx
mem:00000067 000000c6 00000069 00000073
pc:00000014 idatain:1420fffc stall:0
reg:0000010c xxxxxxxx 000af2b7 00001081 xxxxxxxx xxxxxxxx xxxxxxxx
mem:00000067 000000c6 00000069 00000073
pc:00000018 idatain:00641820 stall:0
reg:0000010c xxxxxxxx 000b0338 00001081 xxxxxxxx xxxxxxxx xxxxxxxx
mem:00000067 000000c6 00000069 00000073
pc:00000008 idatain:8c240000 stall:0
reg:0000010c xxxxxxxx 000b0338 000000a1 xxxxxxxx xxxxxxxx xxxxxxxx
mem:00000067 000000c6 00000069 00000073
pc:0000000c idatain:2021fffc stall:0
reg:00000108 xxxxxxxx 000b0338 000000a1 xxxxxxxx xxxxxxxx xxxxxxxx
mem:00000067 000000c6 00000069 00000073
pc:00000010 idatain:00842018 stall:0
reg:00000108 xxxxxxxx 000b0338 00006541 xxxxxxxx xxxxxxxx xxxxxxxx
mem:00000067 000000c6 00000069 00000073
pc:00000014 idatain:1420fffc stall:0
reg:00000108 xxxxxxxx 000b0338 00006541 xxxxxxxx xxxxxxxx xxxxxxxx
mem:00000067 000000c6 00000069 00000073
pc:00000018 idatain:00641820 stall:0
reg:00000108 xxxxxxxx 000b6879 00006541 xxxxxxxx xxxxxxxx xxxxxxxx
mem:00000067 000000c6 00000069 00000073
pc:00000008 idatain:8c240000 stall:0
reg:00000108 xxxxxxxx 000b6879 0000003e xxxxxxxx xxxxxxxx xxxxxxxx
mem:00000067 000000c6 00000069 00000073
pc:0000000c idatain:2021fffc stall:0
reg:00000104 xxxxxxxx 000b6879 0000003e xxxxxxxx xxxxxxxx xxxxxxxx
mem:00000067 000000c6 00000069 00000073
pc:00000010 idatain:00842018 stall:0
reg:00000104 xxxxxxxx 000b6879 00000f04 xxxxxxxx xxxxxxxx xxxxxxxx
mem:00000067 000000c6 00000069 00000073
pc:00000014 idatain:1420fffc stall:0
reg:00000104 xxxxxxxx 000b6879 00000f04 xxxxxxxx xxxxxxxx xxxxxxxx
mem:00000067 000000c6 00000069 00000073
pc:00000018 idatain:00641820 stall:0
reg:00000104 xxxxxxxx 000b777d 00000f04 xxxxxxxx xxxxxxxx xxxxxxxx
mem:00000067 000000c6 00000069 00000073
pc:00000008 idatain:8c240000 stall:0
reg:00000104 xxxxxxxx 000b777d 000000e9 xxxxxxxx xxxxxxxx xxxxxxxx
mem:00000067 000000c6 00000069 00000073
pc:0000000c idatain:2021fffc stall:0
reg:00000100 xxxxxxxx 000b777d 000000e9 xxxxxxxx xxxxxxxx xxxxxxxx
mem:00000067 000000c6 00000069 00000073
pc:00000010 idatain:00842018 stall:0
reg:00000100 xxxxxxxx 000b777d 0000d411 xxxxxxxx xxxxxxxx xxxxxxxx
mem:00000067 000000c6 00000069 00000073
pc:00000014 idatain:1420fffc stall:0
reg:00000100 xxxxxxxx 000b777d 0000d411 xxxxxxxx xxxxxxxx xxxxxxxx
mem:00000067 000000c6 00000069 00000073
pc:00000018 idatain:00641820 stall:0
reg:00000100 xxxxxxxx 000c4b8e 0000d411 xxxxxxxx xxxxxxxx xxxxxxxx
mem:00000067 000000c6 00000069 00000073
pc:00000008 idatain:8c240000 stall:0
reg:00000100 xxxxxxxx 000c4b8e 00000070 xxxxxxxx xxxxxxxx xxxxxxxx
mem:00000067 000000c6 00000069 00000073
pc:0000000c idatain:2021fffc stall:0
reg:000000fc xxxxxxxx 000c4b8e 00000070 xxxxxxxx xxxxxxxx xxxxxxxx
mem:00000067 000000c6 00000069 00000073
pc:00000010 idatain:00842018 stall:0
reg:000000fc xxxxxxxx 000c4b8e 00003100 xxxxxxxx xxxxxxxx xxxxxxxx
mem:00000067 000000c6 00000069 00000073
pc:00000014 idatain:1420fffc stall:0
reg:000000fc xxxxxxxx 000c4b8e 00003100 xxxxxxxx xxxxxxxx xxxxxxxx
mem:00000067 000000c6 00000069 00000073
pc:00000018 idatain:00641820 stall:0
reg:000000fc xxxxxxxx 000c7c8e 00003100 xxxxxxxx xxxxxxxx xxxxxxxx
mem:00000067 000000c6 00000069 00000073
pc:00000008 idatain:8c240000 stall:0
reg:000000fc xxxxxxxx 000c7c8e 00000087 xxxxxxxx xxxxxxxx xxxxxxxx
mem:00000067 000000c6 00000069 00000073
pc:0000000c idatain:2021fffc stall:0
reg:000000f8 xxxxxxxx 000c7c8e 00000087 xxxxxxxx xxxxxxxx xxxxxxxx
mem:00000067 000000c6 00000069 00000073
pc:00000010 idatain:00842018 stall:0
reg:000000f8 xxxxxxxx 000c7c8e 00004731 xxxxxxxx xxxxxxxx xxxxxxxx
mem:00000067 000000c6 00000069 00000073
pc:00000014 idatain:1420fffc stall:0
reg:000000f8 xxxxxxxx 000c7c8e 00004731 xxxxxxxx xxxxxxxx xxxxxxxx
mem:00000067 000000c6 00000069 00000073
pc:00000018 idatain:00641820 stall:0
reg:000000f8 xxxxxxxx 000cc3bf 00004731 xxxxxxxx xxxxxxxx xxxxxxxx
mem:00000067 000000c6 00000069 00000073
pc:00000008 idatain:8c240000 stall:0
reg:000000f8 xxxxxxxx 000cc3bf 000000dc xxxxxxxx xxxxxxxx xxxxxxxx
mem:00000067 000000c6 00000069 00000073
pc:0000000c idatain:2021fffc stall:0
reg:000000f4 xxxxxxxx 000cc3bf 000000dc xxxxxxxx xxxxxxxx xxxxxxxx
mem:00000067 000000c6 00000069 00000073
pc:00000010 idatain:00842018 stall:0
reg:000000f4 xxxxxxxx 000cc3bf 0000bd10 xxxxxxxx xxxxxxxx xxxxxxxx
mem:00000067 000000c6 00000069 00000073
pc:00000014 idatain:1420fffc stall:0
reg:000000f4 xxxxxxxx 000cc3bf 0000bd10 xxxxxxxx xxxxxxxx xxxxxxxx
mem:00000067 000000c6 00000069 00000073
pc:00000018 idatain:00641820 stall:0
reg:000000f4 xxxxxxxx 000d80cf 0000bd10 xxxxxxxx xxxxxxxx xxxxxxxx
mem:00000067 000000c6 00000069 00000073
pc:00000008 idatain:8c240000 stall:0
reg:000000f4 xxxxxxxx 000d80cf 0000003d xxxxxxxx xxxxxxxx xxxxxxxx
mem:00000067 000000c6 00000069 00000073
pc:0000000c idatain:2021fffc stall:0
reg:000000f0 xxxxxxxx 000d80cf 0000003d xxxxxxxx xxxxxxxx xxxxxxxx
mem:00000067 000000c6 00000069 00000073
pc:00000010 idatain:00842018 stall:0
reg:000000f0 xxxxxxxx 000d80cf 00000e89 xxxxxxxx xxxxxxxx xxxxxxxx
mem:00000067 000000c6 00000069 00000073
pc:00000014 idatain:1420fffc stall:0
reg:000000f0 xxxxxxxx 000d80cf 00000e89 xxxxxxxx xxxxxxxx xxxxxxxx
mem:00000067 000000c6 00000069 00000073
pc:00000018 idatain:00641820 stall:0
reg:000000f0 xxxxxxxx 000d8f58 00000e89 xxxxxxxx xxxxxxxx xxxxxxxx
mem:00000067 000000c6 00000069 00000073
pc:00000008 idatain:8c240000 stall:0
reg:000000f0 xxxxxxxx 000d8f58 00000021 xxxxxxxx xxxxxxxx xxxxxxxx
mem:00000067 000000c6 00000069 00000073
pc:0000000c idatain:2021fffc stall:0
reg:000000ec xxxxxxxx 000d8f58 00000021 xxxxxxxx xxxxxxxx xxxxxxxx
mem:00000067 000000c6 00000069 00000073
pc:00000010 idatain:00842018 stall:0
reg:000000ec xxxxxxxx 000d8f58 00000441 xxxxxxxx xxxxxxxx xxxxxxxx
mem:00000067 000000c6 00000069 00000073
pc:00000014 idatain:1420fffc stall:0
reg:000000ec xxxxxxxx 000d8f58 00000441 xxxxxxxx xxxxxxxx xxxxxxxx
mem:00000067 000000c6 00000069 00000073
pc:00000018 idatain:00641820 stall:0
reg:000000ec xxxxxxxx 000d9399 00000441 xxxxxxxx xxxxxxxx xxxxxxxx
mem:00000067 000000c6 00000069 00000073
pc:00000008 idatain:8c240000 stall:0
reg:000000ec xxxxxxxx 000d9399 00000041 xxxxxxxx xxxxxxxx xxxxxxxx
mem:00000067 000000c6 00000069 00000073
pc:0000000c idatain:2021fffc stall:0
reg:000000e8 xxxxxxxx 000d9399 00000041 xxxxxxxx xxxxxxxx xxxxxxxx
mem:00000067 000000c6 00000069 00000073
pc:00000010 idatain:00842018 stall:0
reg:000000e8 xxxxxxxx 000d9399 00001081 xxxxxxxx xxxxxxxx xxxxxxxx
mem:00000067 000000c6 00000069 00000073
pc:00000014 idatain:1420fffc stall:0
reg:000000e8 xxxxxxxx 000d9399 00001081 xxxxxxxx xxxxxxxx xxxxxxxx
mem:00000067 000000c6 00000069 00000073
pc:00000018 idatain:00641820 stall:0
reg:000000e8 xxxxxxxx 000da41a 00001081 xxxxxxxx xxxxxxxx xxxxxxxx
mem:00000067 000000c6 00000069 00000073
pc:00000008 idatain:8c240000 stall:0
reg:000000e8 xxxxxxxx 000da41a 00000074 xxxxxxxx xxxxxxxx xxxxxxxx
mem:00000067 000000c6 00000069 00000073
pc:0000000c idatain:2021fffc stall:0
reg:000000e4 xxxxxxxx 000da41a 00000074 xxxxxxxx xxxxxxxx xxxxxxxx
mem:00000067 000000c6 00000069 00000073
pc:00000010 idatain:00842018 stall:0
reg:000000e4 xxxxxxxx 000da41a 00003490 xxxxxxxx xxxxxxxx xxxxxxxx
mem:00000067 000000c6 00000069 00000073
pc:00000014 idatain:1420fffc stall:0
reg:000000e4 xxxxxxxx 000da41a 00003490 xxxxxxxx xxxxxxxx xxxxxxxx
mem:00000067 000000c6 00000069 00000073
pc:00000018 idatain:00641820 stall:0
reg:000000e4 xxxxxxxx 000dd8aa 00003490 xxxxxxxx xxxxxxxx xxxxxxxx
mem:00000067 000000c6 00000069 00000073
pc:00000008 idatain:8c240000 stall:0
reg:000000e4 xxxxxxxx 000dd8aa 00000082 xxxxxxxx xxxxxxxx xxxxxxxx
mem:00000067 000000c6 00000069 00000073
pc:0000000c idatain:2021fffc stall:0
reg:000000e0 xxxxxxxx 000dd8aa 00000082 xxxxxxxx xxxxxxxx xxxxxxxx
mem:00000067 000000c6 00000069 00000073
pc:00000010 idatain:00842018 stall:0
reg:000000e0 xxxxxxxx 000dd8aa 00004204 xxxxxxxx xxxxxxxx xxxxxxxx
mem:00000067 000000c6 00000069 00000073
pc:00000014 idatain:1420fffc stall:0
reg:000000e0 xxxxxxxx 000dd8aa 00004204 xxxxxxxx xxxxxxxx xxxxxxxx
mem:00000067 000000c6 00000069 00000073
pc:00000018 idatain:00641820 stall:0
reg:000000e0 xxxxxxxx 000e1aae 00004204 xxxxxxxx xxxxxxxx xxxxxxxx
mem:00000067 000000c6 00000069 00000073
pc:00000008 idatain:8c240000 stall:0
reg:000000e0 xxxxxxxx 000e1aae 0000000e xxxxxxxx xxxxxxxx xxxxxxxx
mem:00000067 000000c6 00000069 00000073
pc:0000000c idatain:2021fffc stall:0
reg:000000dc xxxxxxxx 000e1aae 0000000e xxxxxxxx xxxxxxxx xxxxxxxx
mem:00000067 000000c6 00000069 00000073
pc:00000010 idatain:00842018 stall:0
reg:000000dc xxxxxxxx 000e1aae 000000c4 xxxxxxxx xxxxxxxx xxxxxxxx
mem:00000067 000000c6 00000069 00000073
pc:00000014 idatain:1420fffc stall:0
reg:000000dc xxxxxxxx 000e1aae 000000c4 xxxxxxxx xxxxxxxx xxxxxxxx
mem:00000067 000000c6 00000069 00000073
pc:00000018 idatain:00641820 stall:0
reg:000000dc xxxxxxxx 000e1b72 000000c4 xxxxxxxx xxxxxxxx xxxxxxxx
mem:00000067 000000c6 00000069 00000073
pc:00000008 idatain:8c240000 stall:0
reg:000000dc xxxxxxxx 000e1b72 00000011 xxxxxxxx xxxxxxxx xxxxxxxx
mem:00000067 000000c6 00000069 00000073
pc:0000000c idatain:2021fffc stall:0
reg:000000d8 xxxxxxxx 000e1b72 00000011 xxxxxxxx xxxxxxxx xxxxxxxx
mem:00000067 000000c6 00000069 00000073
pc:00000010 idatain:00842018 stall:0
reg:000000d8 xxxxxxxx 000e1b72 00000121 xxxxxxxx xxxxxxxx xxxxxxxx
mem:00000067 000000c6 00000069 00000073
pc:00000014 idatain:1420fffc stall:0
reg:000000d8 xxxxxxxx 000e1b72 00000121 xxxxxxxx xxxxxxxx xxxxxxxx
mem:00000067 000000c6 00000069 00000073
pc:00000018 idatain:00641820 stall:0
reg:000000d8 xxxxxxxx 000e1c93 00000121 xxxxxxxx xxxxxxxx xxxxxxxx
mem:00000067 000000c6 00000069 00000073
pc:00000008 idatain:8c240000 stall:0
reg:000000d8 xxxxxxxx 000e1c93 00000054 xxxxxxxx xxxxxxxx xxxxxxxx
mem:00000067 000000c6 00000069 00000073
pc:0000000c idatain:2021fffc stall:0
reg:000000d4 xxxxxxxx 000e1c93 00000054 xxxxxxxx xxxxxxxx xxxxxxxx
mem:00000067 000000c6 00000069 00000073
pc:00000010 idatain:00842018 stall:0
reg:000000d4 xxxxxxxx 000e1c93 00001b90 xxxxxxxx xxxxxxxx xxxxxxxx
mem:00000067 000000c6 00000069 00000073
pc:00000014 idatain:1420fffc stall:0
reg:000000d4 xxxxxxxx 000e1c93 00001b90 xxxxxxxx xxxxxxxx xxxxxxxx
mem:00000067 000000c6 00000069 00000073
pc:00000018 idatain:00641820 stall:0
reg:000000d4 xxxxxxxx 000e3823 00001b90 xxxxxxxx xxxxxxxx xxxxxxxx
mem:00000067 000000c6 00000069 00000073
pc:00000008 idatain:8c240000 stall:0
reg:000000d4 xxxxxxxx 000e3823 000000b4 xxxxxxxx xxxxxxxx xxxxxxxx
mem:00000067 000000c6 00000069 00000073
pc:0000000c idatain:2021fffc stall:0
reg:000000d0 xxxxxxxx 000e3823 000000b4 xxxxxxxx xxxxxxxx xxxxxxxx
mem:00000067 000000c6 00000069 00000073
pc:00000010 idatain:00842018 stall:0
reg:000000d0 xxxxxxxx 000e3823 00007e90 xxxxxxxx xxxxxxxx xxxxxxxx
mem:00000067 000000c6 00000069 00000073
pc:00000014 idatain:1420fffc stall:0
reg:000000d0 xxxxxxxx 000e3823 00007e90 xxxxxxxx xxxxxxxx xxxxxxxx
mem:00000067 000000c6 00000069 00000073
pc:00000018 idatain:00641820 stall:0
reg:000000d0 xxxxxxxx 000eb6b3 00007e90 xxxxxxxx xxxxxxxx xxxxxxxx
mem:00000067 000000c6 00000069 00000073
pc:00000008 idatain:8c240000 stall:0
reg:000000d0 xxxxxxxx 000eb6b3 0000009b xxxxxxxx xxxxxxxx xxxxxxxx
mem:00000067 000000c6 00000069 00000073
pc:0000000c idatain:2021fffc stall:0
reg:000000cc xxxxxxxx 000eb6b3 0000009b xxxxxxxx xxxxxxxx xxxxxxxx
mem:00000067 000000c6 00000069 00000073
pc:00000010 idatain:00842018 stall:0
reg:000000cc xxxxxxxx 000eb6b3 00005dd9 xxxxxxxx xxxxxxxx xxxxxxxx
mem:00000067 000000c6 00000069 00000073
pc:00000014 idatain:1420fffc stall:0
reg:000000cc xxxxxxxx 000eb6b3 00005dd9 xxxxxxxx xxxxxxxx xxxxxxxx
mem:00000067 000000c6 00000069 00000073
pc:00000018 idatain:00641820 stall:0
reg:000000cc xxxxxxxx 000f148c 00005dd9 xxxxxxxx xxxxxxxx xxxxxxxx
mem:00000067 000000c6 00000069 00000073
pc:00000008 idatain:8c240000 stall:0
reg:000000cc xxxxxxxx 000f148c 000000c6 xxxxxxxx xxxxxxxx xxxxxxxx
mem:00000067 000000c6 00000069 00000073
pc:0000000c idatain:2021fffc stall:0
reg:000000c8 xxxxxxxx 000f148c 000000c6 xxxxxxxx xxxxxxxx xxxxxxxx
mem:00000067 000000c6 00000069 00000073
pc:00000010 idatain:00842018 stall:0
reg:000000c8 xxxxxxxx 000f148c 00009924 xxxxxxxx xxxxxxxx xxxxxxxx
mem:00000067 000000c6 00000069 00000073
pc:00000014 idatain:1420fffc stall:0
reg:000000c8 xxxxxxxx 000f148c 00009924 xxxxxxxx xxxxxxxx xxxxxxxx
mem:00000067 000000c6 00000069 00000073
pc:00000018 idatain:00641820 stall:0
reg:000000c8 xxxxxxxx 000fadb0 00009924 xxxxxxxx xxxxxxxx xxxxxxxx
mem:00000067 000000c6 00000069 00000073
pc:00000008 idatain:8c240000 stall:0
reg:000000c8 xxxxxxxx 000fadb0 000000cd xxxxxxxx xxxxxxxx xxxxxxxx
mem:00000067 000000c6 00000069 00000073
pc:0000000c idatain:2021fffc stall:0
reg:000000c4 xxxxxxxx 000fadb0 000000cd xxxxxxxx xxxxxxxx xxxxxxxx
mem:00000067 000000c6 00000069 00000073
pc:00000010 idatain:00842018 stall:0
reg:000000c4 xxxxxxxx 000fadb0 0000a429 xxxxxxxx xxxxxxxx xxxxxxxx
mem:00000067 000000c6 00000069 00000073
pc:00000014 idatain:1420fffc stall:0
reg:000000c4 xxxxxxxx 000fadb0 0000a429 xxxxxxxx xxxxxxxx xxxxxxxx
mem:00000067 000000c6 00000069 00000073
pc:00000018 idatain:00641820 stall:0
reg:000000c4 xxxxxxxx 001051d9 0000a429 xxxxxxxx xxxxxxxx xxxxxxxx
mem:00000067 000000c6 00000069 00000073
pc:00000008 idatain:8c240000 stall:0
reg:000000c4 xxxxxxxx 001051d9 000000b2 xxxxxxxx xxxxxxxx xxxxxxxx
mem:00000067 000000c6 00000069 00000073
pc:0000000c idatain:2021fffc stall:0
reg:000000c0 xxxxxxxx 001051d9 000000b2 xxxxxxxx xxxxxxxx xxxxxxxx
mem:00000067 000000c6 00000069 00000073
pc:00000010 idatain:00842018 stall:0
reg:000000c0 xxxxxxxx 001051d9 00007bc4 xxxxxxxx xxxxxxxx xxxxxxxx
mem:00000067 000000c6 00000069 00000073
pc:00000014 idatain:1420fffc stall:0
reg:000000c0 xxxxxxxx 001051d9 00007bc4 xxxxxxxx xxxxxxxx xxxxxxxx
mem:00000067 000000c6 00000069 00000073
pc:00000018 idatain:00641820 stall:0
reg:000000c0 xxxxxxxx 0010cd9d 00007bc4 xxxxxxxx xxxxxxxx xxxxxxxx
mem:00000067 000000c6 00000069 00000073
pc:00000008 idatain:8c240000 stall:0
reg:000000c0 xxxxxxxx 0010cd9d 000000ab xxxxxxxx xxxxxxxx xxxxxxxx
mem:00000067 000000c6 00000069 00000073
pc:0000000c idatain:2021fffc stall:0
reg:000000bc xxxxxxxx 0010cd9d 000000ab xxxxxxxx xxxxxxxx xxxxxxxx
mem:00000067 000000c6 00000069 00000073
pc:00000010 idatain:00842018 stall:0
reg:000000bc xxxxxxxx 0010cd9d 00007239 xxxxxxxx xxxxxxxx xxxxxxxx
mem:00000067 000000c6 00000069 00000073
pc:00000014 idatain:1420fffc stall:0
reg:000000bc xxxxxxxx 0010cd9d 00007239 xxxxxxxx xxxxxxxx xxxxxxxx
mem:00000067 000000c6 00000069 00000073
pc:00000018 idatain:00641820 stall:0
reg:000000bc xxxxxxxx 00113fd6 00007239 xxxxxxxx xxxxxxxx xxxxxxxx
mem:00000067 000000c6 00000069 00000073
pc:00000008 idatain:8c240000 stall:0
reg:000000bc xxxxxxxx 00113fd6 000000d4 xxxxxxxx xxxxxxxx xxxxxxxx
mem:00000067 000000c6 00000069 00000073
pc:0000000c idatain:2021fffc stall:0
reg:000000b8 xxxxxxxx 00113fd6 000000d4 xxxxxxxx xxxxxxxx xxxxxxxx
mem:00000067 000000c6 00000069 00000073
pc:00000010 idatain:00842018 stall:0
reg:000000b8 xxxxxxxx 00113fd6 0000af90 xxxxxxxx xxxxxxxx xxxxxxxx
mem:00000067 000000c6 00000069 00000073
pc:00000014 idatain:1420fffc stall:0
reg:000000b8 xxxxxxxx 00113fd6 0000af90 xxxxxxxx xxxxxxxx xxxxxxxx
mem:00000067 000000c6 00000069 00000073
pc:00000018 idatain:00641820 stall:0
reg:000000b8 xxxxxxxx 0011ef66 0000af90 xxxxxxxx xxxxxxxx xxxxxxxx
mem:00000067 000000c6 00000069 00000073
pc:00000008 idatain:8c240000 stall:0
reg:000000b8 xxxxxxxx 0011ef66 0000005e xxxxxxxx xxxxxxxx xxxxxxxx
mem:00000067 000000c6 00000069 00000073
pc:0000000c idatain:2021fffc stall:0
reg:000000b4 xxxxxxxx 0011ef66 0000005e xxxxxxxx xxxxxxxx xxxxxxxx
mem:00000067 000000c6 00000069 00000073
pc:00000010 idatain:00842018 stall:0
reg:000000b4 xxxxxxxx 0011ef66 00002284 xxxxxxxx xxxxxxxx xxxxxxxx
mem:00000067 000000c6 00000069 00000073
pc:00000014 idatain:1420fffc stall:0
reg:000000b4 xxxxxxxx 0011ef66 00002284 xxxxxxxx xxxxxxxx xxxxxxxx
mem:00000067 000000c6 00000069 00000073
pc:00000018 idatain:00641820 stall:0
reg:000000b4 xxxxxxxx 001211ea 00002284 xxxxxxxx xxxxxxxx xxxxxxxx
mem:00000067 000000c6 00000069 00000073
pc:00000008 idatain:8c240000 stall:0
reg:000000b4 xxxxxxxx 001211ea 000000e9 xxxxxxxx xxxxxxxx xxxxxxxx
mem:00000067 000000c6 00000069 00000073
pc:0000000c idatain:2021fffc stall:0
reg:000000b0 xxxxxxxx 001211ea 000000e9 xxxxxxxx xxxxxxxx xxxxxxxx
mem:00000067 000000c6 00000069 00000073
pc:00000010 idatain:00842018 stall:0
reg:000000b0 xxxxxxxx 001211ea 0000d411 xxxxxxxx xxxxxxxx xxxxxxxx
mem:00000067 000000c6 00000069 00000073
pc:00000014 idatain:1420fffc stall:0
reg:000000b0 xxxxxxxx 001211ea 0000d411 xxxxxxxx xxxxxxxx xxxxxxxx
mem:00000067 000000c6 00000069 00000073
pc:00000018 idatain:00641820 stall:0
reg:000000b0 xxxxxxxx 0012e5fb 0000d411 xxxxxxxx xxxxxxxx xxxxxxxx
mem:00000067 000000c6 00000069 00000073
pc:00000008 idatain:8c240000 stall:0
reg:000000b0 xxxxxxxx 0012e5fb 00000058 xxxxxxxx xxxxxxxx xxxxxxxx
mem:00000067 000000c6 00000069 00000073
pc:0000000c idatain:2021fffc stall:0
reg:000000ac xxxxxxxx 0012e5fb 00000058 xxxxxxxx xxxxxxxx xxxxxxxx
mem:00000067 000000c6 00000069 00000073
pc:00000010 idatain:00842018 stall:0
reg:000000ac xxxxxxxx 0012e5fb 00001e40 xxxxxxxx xxxxxxxx xxxxxxxx
mem:00000067 000000c6 00000069 00000073
pc:00000014 idatain:1420fffc stall:0
reg:000000ac xxxxxxxx 0012e5fb 00001e40 xxxxxxxx xxxxxxxx xxxxxxxx
mem:00000067 000000c6 00000069 00000073
pc:00000018 idatain:00641820 stall:0
reg:000000ac xxxxxxxx 0013043b 00001e40 xxxxxxxx xxxxxxxx xxxxxxxx
mem:00000067 000000c6 00000069 00000073
pc:00000008 idatain:8c240000 stall:0
reg:000000ac xxxxxxxx 0013043b 00000017 xxxxxxxx xxxxxxxx xxxxxxxx
mem:00000067 000000c6 00000069 00000073
pc:0000000c idatain:2021fffc stall:0
reg:000000a8 xxxxxxxx 0013043b 00000017 xxxxxxxx xxxxxxxx xxxxxxxx
mem:00000067 000000c6 00000069 00000073
pc:00000010 idatain:00842018 stall:0
reg:000000a8 xxxxxxxx 0013043b 00000211 xxxxxxxx xxxxxxxx xxxxxxxx
mem:00000067 000000c6 00000069 00000073
pc:00000014 idatain:1420fffc stall:0
reg:000000a8 xxxxxxxx 0013043b 00000211 xxxxxxxx xxxxxxxx xxxxxxxx
mem:00000067 000000c6 00000069 00000073
pc:00000018 idatain:00641820 stall:0
reg:000000a8 xxxxxxxx 0013064c 00000211 xxxxxxxx xxxxxxxx xxxxxxxx
mem:00000067 000000c6 00000069 00000073
pc:00000008 idatain:8c240000 stall:0
reg:000000a8 xxxxxxxx 0013064c 00000005 xxxxxxxx xxxxxxxx xxxxxxxx
mem:00000067 000000c6 00000069 00000073
pc:0000000c idatain:2021fffc stall:0
reg:000000a4 xxxxxxxx 0013064c 00000005 xxxxxxxx xxxxxxxx xxxxxxxx
mem:00000067 000000c6 00000069 00000073
pc:00000010 idatain:00842018 stall:0
reg:000000a4 xxxxxxxx 0013064c 00000019 xxxxxxxx xxxxxxxx xxxxxxxx
mem:00000067 000000c6 00000069 00000073
pc:00000014 idatain:1420fffc stall:0
reg:000000a4 xxxxxxxx 0013064c 00000019 xxxxxxxx xxxxxxxx xxxxxxxx
mem:00000067 000000c6 00000069 00000073
pc:00000018 idatain:00641820 stall:0
reg:000000a4 xxxxxxxx 00130665 00000019 xxxxxxxx xxxxxxxx xxxxxxxx
mem:00000067 000000c6 00000069 00000073
pc:00000008 idatain:8c240000 stall:0
reg:000000a4 xxxxxxxx 00130665 0000005d xxxxxxxx xxxxxxxx xxxxxxxx
mem:00000067 000000c6 00000069 00000073
pc:0000000c idatain:2021fffc stall:0
reg:000000a0 xxxxxxxx 00130665 0000005d xxxxxxxx xxxxxxxx xxxxxxxx
mem:00000067 000000c6 00000069 00000073
pc:00000010 idatain:00842018 stall:0
reg:000000a0 xxxxxxxx 00130665 000021c9 xxxxxxxx xxxxxxxx xxxxxxxx
mem:00000067 000000c6 00000069 00000073
pc:00000014 idatain:1420fffc stall:0
reg:000000a0 xxxxxxxx 00130665 000021c9 xxxxxxxx xxxxxxxx xxxxxxxx
mem:00000067 000000c6 00000069 00000073
pc:00000018 idatain:00641820 stall:0
reg:000000a0 xxxxxxxx 0013282e 000021c9 xxxxxxxx xxxxxxxx xxxxxxxx
mem:00000067 000000c6 00000069 00000073
pc:00000008 idatain:8c240000 stall:0
reg:000000a0 xxxxxxxx 0013282e 00000025 xxxxxxxx xxxxxxxx xxxxxxxx
mem:00000067 000000c6 00000069 00000073
pc:0000000c idatain:2021fffc stall:0
reg:0000009c xxxxxxxx 0013282e 00000025 xxxxxxxx xxxxxxxx xxxxxxxx
mem:00000067 000000c6 00000069 00000073
pc:00000010 idatain:00842018 stall:0
reg:0000009c xxxxxxxx 0013282e 00000559 xxxxxxxx xxxxxxxx xxxxxxxx
mem:00000067 000000c6 00000069 00000073
pc:00000014 idatain:1420fffc stall:0
reg:0000009c xxxxxxxx 0013282e 00000559 xxxxxxxx xxxxxxxx xxxxxxxx
mem:00000067 000000c6 00000069 00000073
pc:00000018 idatain:00641820 stall:0
reg:0000009c xxxxxxxx 00132d87 00000559 xxxxxxxx xxxxxxxx xxxxxxxx
mem:00000067 000000c6 00000069 00000073
pc:00000008 idatain:8c240000 stall:0
reg:0000009c xxxxxxxx 00132d87 0000005a xxxxxxxx xxxxxxxx xxxxxxxx
mem:00000067 000000c6 00000069 00000073
pc:0000000c idatain:2021fffc stall:0
reg:00000098 xxxxxxxx 00132d87 0000005a xxxxxxxx xxxxxxxx xxxxxxxx
mem:00000067 000000c6 00000069 00000073
pc:00000010 idatain:00842018 stall:0
reg:00000098 xxxxxxxx 00132d87 00001fa4 xxxxxxxx xxxxxxxx xxxxxxxx
mem:00000067 000000c6 00000069 00000073
pc:00000014 idatain:1420fffc stall:0
reg:00000098 xxxxxxxx 00132d87 00001fa4 xxxxxxxx xxxxxxxx xxxxxxxx
mem:00000067 000000c6 00000069 00000073
pc:00000018 idatain:00641820 stall:0
reg:00000098 xxxxxxxx 00134d2b 00001fa4 xxxxxxxx xxxxxxxx xxxxxxxx
mem:00000067 000000c6 00000069 00000073
pc:00000008 idatain:8c240000 stall:0
reg:00000098 xxxxxxxx 00134d2b 000000a3 xxxxxxxx xxxxxxxx xxxxxxxx
mem:00000067 000000c6 00000069 00000073
pc:0000000c idatain:2021fffc stall:0
reg:00000094 xxxxxxxx 00134d2b 000000a3 xxxxxxxx xxxxxxxx xxxxxxxx
mem:00000067 000000c6 00000069 00000073
pc:00000010 idatain:00842018 stall:0
reg:00000094 xxxxxxxx 00134d2b 000067c9 xxxxxxxx xxxxxxxx xxxxxxxx
mem:00000067 000000c6 00000069 00000073
pc:00000014 idatain:1420fffc stall:0
reg:00000094 xxxxxxxx 00134d2b 000067c9 xxxxxxxx xxxxxxxx xxxxxxxx
mem:00000067 000000c6 00000069 00000073
pc:00000018 idatain:00641820 stall:0
reg:00000094 xxxxxxxx 0013b4f4 000067c9 xxxxxxxx xxxxxxxx xxxxxxxx
mem:00000067 000000c6 00000069 00000073
pc:00000008 idatain:8c240000 stall:0
reg:00000094 xxxxxxxx 0013b4f4 00000058 xxxxxxxx xxxxxxxx xxxxxxxx
mem:00000067 000000c6 00000069 00000073
pc:0000000c idatain:2021fffc stall:0
reg:00000090 xxxxxxxx 0013b4f4 00000058 xxxxxxxx xxxxxxxx xxxxxxxx
mem:00000067 000000c6 00000069 00000073
pc:00000010 idatain:00842018 stall:0
reg:00000090 xxxxxxxx 0013b4f4 00001e40 xxxxxxxx xxxxxxxx xxxxxxxx
mem:00000067 000000c6 00000069 00000073
pc:00000014 idatain:1420fffc stall:0
reg:00000090 xxxxxxxx 0013b4f4 00001e40 xxxxxxxx xxxxxxxx xxxxxxxx
mem:00000067 000000c6 00000069 00000073
pc:00000018 idatain:00641820 stall:0
reg:00000090 xxxxxxxx 0013d334 00001e40 xxxxxxxx xxxxxxxx xxxxxxxx
mem:00000067 000000c6 00000069 00000073
pc:00000008 idatain:8c240000 stall:0
reg:00000090 xxxxxxxx 0013d334 00000031 xxxxxxxx xxxxxxxx xxxxxxxx
mem:00000067 000000c6 00000069 00000073
pc:0000000c idatain:2021fffc stall:0
reg:0000008c xxxxxxxx 0013d334 00000031 xxxxxxxx xxxxxxxx xxxxxxxx
mem:00000067 000000c6 00000069 00000073
pc:00000010 idatain:00842018 stall:0
reg:0000008c xxxxxxxx 0013d334 00000961 xxxxxxxx xxxxxxxx xxxxxxxx
mem:00000067 000000c6 00000069 00000073
pc:00000014 idatain:1420fffc stall:0
reg:0000008c xxxxxxxx 0013d334 00000961 xxxxxxxx xxxxxxxx xxxxxxxx
mem:00000067 000000c6 00000069 00000073
pc:00000018 idatain:00641820 stall:0
reg:0000008c xxxxxxxx 0013dc95 00000961 xxxxxxxx xxxxxxxx xxxxxxxx
mem:00000067 000000c6 00000069 00000073
pc:00000008 idatain:8c240000 stall:0
reg:0000008c xxxxxxxx 0013dc95 000000b7 xxxxxxxx xxxxxxxx xxxxxxxx
mem:00000067 000000c6 00000069 00000073
pc:0000000c idatain:2021fffc stall:0
reg:00000088 xxxxxxxx 0013dc95 000000b7 xxxxxxxx xxxxxxxx xxxxxxxx
mem:00000067 000000c6 00000069 00000073
pc:00000010 idatain:00842018 stall:0
reg:00000088 xxxxxxxx 0013dc95 000082d1 xxxxxxxx xxxxxxxx xxxxxxxx
mem:00000067 000000c6 00000069 00000073
pc:00000014 idatain:1420fffc stall:0
reg:00000088 xxxxxxxx 0013dc95 000082d1 xxxxxxxx xxxxxxxx xxxxxxxx
mem:00000067 000000c6 00000069 00000073
pc:00000018 idatain:00641820 stall:0
reg:00000088 xxxxxxxx 00145f66 000082d1 xxxxxxxx xxxxxxxx xxxxxxxx
mem:00000067 000000c6 00000069 00000073
pc:00000008 idatain:8c240000 stall:0
reg:00000088 xxxxxxxx 00145f66 0000000d xxxxxxxx xxxxxxxx xxxxxxxx
mem:00000067 000000c6 00000069 00000073
pc:0000000c idatain:2021fffc stall:0
reg:00000084 xxxxxxxx 00145f66 0000000d xxxxxxxx xxxxxxxx xxxxxxxx
mem:00000067 000000c6 00000069 00000073
pc:00000010 idatain:00842018 stall:0
reg:00000084 xxxxxxxx 00145f66 000000a9 xxxxxxxx xxxxxxxx xxxxxxxx
mem:00000067 000000c6 00000069 00000073
pc:00000014 idatain:1420fffc stall:0
reg:00000084 xxxxxxxx 00145f66 000000a9 xxxxxxxx xxxxxxxx xxxxxxxx
mem:00000067 000000c6 00000069 00000073
pc:00000018 idatain:00641820 stall:0
reg:00000084 xxxxxxxx 0014600f 000000a9 xxxxxxxx xxxxxxxx xxxxxxxx
mem:00000067 000000c6 00000069 00000073
pc:00000008 idatain:8c240000 stall:0
reg:00000084 xxxxxxxx 0014600f 00000032 xxxxxxxx xxxxxxxx xxxxxxxx
mem:00000067 000000c6 00000069 00000073
pc:0000000c idatain:2021fffc stall:0
reg:00000080 xxxxxxxx 0014600f 00000032 xxxxxxxx xxxxxxxx xxxxxxxx
mem:00000067 000000c6 00000069 00000073
pc:00000010 idatain:00842018 stall:0
reg:00000080 xxxxxxxx 0014600f 000009c4 xxxxxxxx xxxxxxxx xxxxxxxx
mem:00000067 000000c6 00000069 00000073
pc:00000014 idatain:1420fffc stall:0
reg:00000080 xxxxxxxx 0014600f 000009c4 xxxxxxxx xxxxxxxx xxxxxxxx
mem:00000067 000000c6 00000069 00000073
pc:00000018 idatain:00641820 stall:0
reg:00000080 xxxxxxxx 001469d3 000009c4 xxxxxxxx xxxxxxxx xxxxxxxx
mem:00000067 000000c6 00000069 00000073
pc:00000008 idatain:8c240000 stall:0
reg:00000080 xxxxxxxx 001469d3 00000066 xxxxxxxx xxxxxxxx xxxxxxxx
mem:00000067 000000c6 00000069 00000073
pc:0000000c idatain:2021fffc stall:0
reg:0000007c xxxxxxxx 001469d3 00000066 xxxxxxxx xxxxxxxx xxxxxxxx
mem:00000067 000000c6 00000069 00000073
pc:00000010 idatain:00842018 stall:0
reg:0000007c xxxxxxxx 001469d3 000028a4 xxxxxxxx xxxxxxxx xxxxxxxx
mem:00000067 000000c6 00000069 00000073
pc:00000014 idatain:1420fffc stall:0
reg:0000007c xxxxxxxx 001469d3 000028a4 xxxxxxxx xxxxxxxx xxxxxxxx
mem:00000067 000000c6 00000069 00000073
pc:00000018 idatain:00641820 stall:0
reg:0000007c xxxxxxxx 00149277 000028a4 xxxxxxxx xxxxxxxx xxxxxxxx
mem:00000067 000000c6 00000069 00000073
pc:00000008 idatain:8c240000 stall:0
reg:0000007c xxxxxxxx 00149277 0000009a xxxxxxxx xxxxxxxx xxxxxxxx
mem:00000067 000000c6 00000069 00000073
pc:0000000c idatain:2021fffc stall:0
reg:00000078 xxxxxxxx 00149277 0000009a xxxxxxxx xxxxxxxx xxxxxxxx
mem:00000067 000000c6 00000069 00000073
pc:00000010 idatain:00842018 stall:0
reg:00000078 xxxxxxxx 00149277 00005ca4 xxxxxxxx xxxxxxxx xxxxxxxx
mem:00000067 000000c6 00000069 00000073
pc:00000014 idatain:1420fffc stall:0
reg:00000078 xxxxxxxx 00149277 00005ca4 xxxxxxxx xxxxxxxx xxxxxxxx
mem:00000067 000000c6 00000069 00000073
pc:00000018 idatain:00641820 stall:0
reg:00000078 xxxxxxxx 0014ef1b 00005ca4 xxxxxxxx xxxxxxxx xxxxxxxx
mem:00000067 000000c6 00000069 00000073
pc:00000008 idatain:8c240000 stall:0
reg:00000078 xxxxxxxx 0014ef1b 000000c9 xxxxxxxx xxxxxxxx xxxxxxxx
mem:00000067 000000c6 00000069 00000073
pc:0000000c idatain:2021fffc stall:0
reg:00000074 xxxxxxxx 0014ef1b 000000c9 xxxxxxxx xxxxxxxx xxxxxxxx
mem:00000067 000000c6 00000069 00000073
pc:00000010 idatain:00842018 stall:0
reg:00000074 xxxxxxxx 0014ef1b 00009dd1 xxxxxxxx xxxxxxxx xxxxxxxx
mem:00000067 000000c6 00000069 00000073
pc:00000014 idatain:1420fffc stall:0
reg:00000074 xxxxxxxx 0014ef1b 00009dd1 xxxxxxxx xxxxxxxx xxxxxxxx
mem:00000067 000000c6 00000069 00000073
pc:00000018 idatain:00641820 stall:0
reg:00000074 xxxxxxxx 00158cec 00009dd1 xxxxxxxx xxxxxxxx xxxxxxxx
mem:00000067 000000c6 00000069 00000073
pc:00000008 idatain:8c240000 stall:0
reg:00000074 xxxxxxxx 00158cec 0000009f xxxxxxxx xxxxxxxx xxxxxxxx
mem:00000067 000000c6 00000069 00000073
pc:0000000c idatain:2021fffc stall:0
reg:00000070 xxxxxxxx 00158cec 0000009f xxxxxxxx xxxxxxxx xxxxxxxx
mem:00000067 000000c6 00000069 00000073
pc:00000010 idatain:00842018 stall:0
reg:00000070 xxxxxxxx 00158cec 000062c1 xxxxxxxx xxxxxxxx xxxxxxxx
mem:00000067 000000c6 00000069 00000073
pc:00000014 idatain:1420fffc stall:0
reg:00000070 xxxxxxxx 00158cec 000062c1 xxxxxxxx xxxxxxxx xxxxxxxx
mem:00000067 000000c6 00000069 00000073
pc:00000018 idatain:00641820 stall:0
reg:00000070 xxxxxxxx 0015efad 000062c1 xxxxxxxx xxxxxxxx xxxxxxxx
mem:00000067 000000c6 00000069 00000073
pc:00000008 idatain:8c240000 stall:0
reg:00000070 xxxxxxxx 0015efad 00000033 xxxxxxxx xxxxxxxx xxxxxxxx
mem:00000067 000000c6 00000069 00000073
pc:0000000c idatain:2021fffc stall:0
reg:0000006c xxxxxxxx 0015efad 00000033 xxxxxxxx xxxxxxxx xxxxxxxx
mem:00000067 000000c6 00000069 00000073
pc:00000010 idatain:00842018 stall:0
reg:0000006c xxxxxxxx 0015efad 00000a29 xxxxxxxx xxxxxxxx xxxxxxxx
mem:00000067 000000c6 00000069 00000073
pc:00000014 idatain:1420fffc stall:0
reg:0000006c xxxxxxxx 0015efad 00000a29 xxxxxxxx xxxxxxxx xxxxxxxx
mem:00000067 000000c6 00000069 00000073
pc:00000018 idatain:00641820 stall:0
reg:0000006c xxxxxxxx 0015f9d6 00000a29 xxxxxxxx xxxxxxxx xxxxxxxx
mem:00000067 000000c6 00000069 00000073
pc:00000008 idatain:8c240000 stall:0
reg:0000006c xxxxxxxx 0015f9d6 00000063 xxxxxxxx xxxxxxxx xxxxxxxx
mem:00000067 000000c6 00000069 00000073
pc:0000000c idatain:2021fffc stall:0
reg:00000068 xxxxxxxx 0015f9d6 00000063 xxxxxxxx xxxxxxxx xxxxxxxx
mem:00000067 000000c6 00000069 00000073
pc:00000010 idatain:00842018 stall:0
reg:00000068 xxxxxxxx 0015f9d6 00002649 xxxxxxxx xxxxxxxx xxxxxxxx
mem:00000067 000000c6 00000069 00000073
pc:00000014 idatain:1420fffc stall:0
reg:00000068 xxxxxxxx 0015f9d6 00002649 xxxxxxxx xxxxxxxx xxxxxxxx
mem:00000067 000000c6 00000069 00000073
pc:00000018 idatain:00641820 stall:0
reg:00000068 xxxxxxxx 0016201f 00002649 xxxxxxxx xxxxxxxx xxxxxxxx
mem:00000067 000000c6 00000069 00000073
pc:00000008 idatain:8c240000 stall:0
reg:00000068 xxxxxxxx 0016201f 0000002e xxxxxxxx xxxxxxxx xxxxxxxx
mem:00000067 000000c6 00000069 00000073
pc:0000000c idatain:2021fffc stall:0
reg:00000064 xxxxxxxx 0016201f 0000002e xxxxxxxx xxxxxxxx xxxxxxxx
mem:00000067 000000c6 00000069 00000073
pc:00000010 idatain:00842018 stall:0
reg:00000064 xxxxxxxx 0016201f 00000844 xxxxxxxx xxxxxxxx xxxxxxxx
mem:00000067 000000c6 00000069 00000073
pc:00000014 idatain:1420fffc stall:0
reg:00000064 xxxxxxxx 0016201f 00000844 xxxxxxxx xxxxxxxx xxxxxxxx
mem:00000067 000000c6 00000069 00000073
pc:00000018 idatain:00641820 stall:0
reg:00000064 xxxxxxxx 00162863 00000844 xxxxxxxx xxxxxxxx xxxxxxxx
mem:00000067 000000c6 00000069 00000073
pc:00000008 idatain:8c240000 stall:0
reg:00000064 xxxxxxxx 00162863 0000005a xxxxxxxx xxxxxxxx xxxxxxxx
mem:00000067 000000c6 00000069 00000073
pc:0000000c idatain:2021fffc stall:0
reg:00000060 xxxxxxxx 00162863 0000005a xxxxxxxx xxxxxxxx xxxxxxxx
mem:00000067 000000c6 00000069 00000073
pc:00000010 idatain:00842018 stall:0
reg:00000060 xxxxxxxx 00162863 00001fa4 xxxxxxxx xxxxxxxx xxxxxxxx
mem:00000067 000000c6 00000069 00000073
pc:00000014 idatain:1420fffc stall:0
reg:00000060 xxxxxxxx 00162863 00001fa4 xxxxxxxx xxxxxxxx xxxxxxxx
mem:00000067 000000c6 00000069 00000073
pc:00000018 idatain:00641820 stall:0
reg:00000060 xxxxxxxx 00164807 00001fa4 xxxxxxxx xxxxxxxx xxxxxxxx
mem:00000067 000000c6 00000069 00000073
pc:00000008 idatain:8c240000 stall:0
reg:00000060 xxxxxxxx 00164807 00000076 xxxxxxxx xxxxxxxx xxxxxxxx
mem:00000067 000000c6 00000069 00000073
pc:0000000c idatain:2021fffc stall:0
reg:0000005c xxxxxxxx 00164807 00000076 xxxxxxxx xxxxxxxx xxxxxxxx
mem:00000067 000000c6 00000069 00000073
pc:00000010 idatain:00842018 stall:0
reg:0000005c xxxxxxxx 00164807 00003664 xxxxxxxx xxxxxxxx xxxxxxxx
mem:00000067 000000c6 00000069 00000073
pc:00000014 idatain:1420fffc stall:0
reg:0000005c xxxxxxxx 00164807 00003664 xxxxxxxx xxxxxxxx xxxxxxxx
mem:00000067 000000c6 00000069 00000073
pc:00000018 idatain:00641820 stall:0
reg:0000005c xxxxxxxx 00167e6b 00003664 xxxxxxxx xxxxxxxx xxxxxxxx
mem:00000067 000000c6 00000069 00000073
pc:00000008 idatain:8c240000 stall:0
reg:0000005c xxxxxxxx 00167e6b 0000008d xxxxxxxx xxxxxxxx xxxxxxxx
mem:00000067 000000c6 00000069 00000073
pc:0000000c idatain:2021fffc stall:0
reg:00000058 xxxxxxxx 00167e6b 0000008d xxxxxxxx xxxxxxxx xxxxxxxx
mem:00000067 000000c6 00000069 00000073
pc:00000010 idatain:00842018 stall:0
reg:00000058 xxxxxxxx 00167e6b 00004da9 xxxxxxxx xxxxxxxx xxxxxxxx
mem:00000067 000000c6 00000069 00000073
pc:00000014 idatain:1420fffc stall:0
reg:00000058 xxxxxxxx 00167e6b 00004da9 xxxxxxxx xxxxxxxx xxxxxxxx
mem:00000067 000000c6 00000069 00000073
pc:00000018 idatain:00641820 stall:0
reg:00000058 xxxxxxxx 0016cc14 00004da9 xxxxxxxx xxxxxxxx xxxxxxxx
mem:00000067 000000c6 00000069 00000073
pc:00000008 idatain:8c240000 stall:0
reg:00000058 xxxxxxxx 0016cc14 000000e7 xxxxxxxx xxxxxxxx xxxxxxxx
mem:00000067 000000c6 00000069 00000073
pc:0000000c idatain:2021fffc stall:0
reg:00000054 xxxxxxxx 0016cc14 000000e7 xxxxxxxx xxxxxxxx xxxxxxxx
mem:00000067 000000c6 00000069 00000073
pc:00000010 idatain:00842018 stall:0
reg:00000054 xxxxxxxx 0016cc14 0000d071 xxxxxxxx xxxxxxxx xxxxxxxx
mem:00000067 000000c6 00000069 00000073
pc:00000014 idatain:1420fffc stall:0
reg:00000054 xxxxxxxx 0016cc14 0000d071 xxxxxxxx xxxxxxxx xxxxxxxx
mem:00000067 000000c6 00000069 00000073
pc:00000018 idatain:00641820 stall:0
reg:00000054 xxxxxxxx 00179c85 0000d071 xxxxxxxx xxxxxxxx xxxxxxxx
mem:00000067 000000c6 00000069 00000073
pc:00000008 idatain:8c240000 stall:0
reg:00000054 xxxxxxxx 00179c85 000000e8 xxxxxxxx xxxxxxxx xxxxxxxx
mem:00000067 000000c6 00000069 00000073
pc:0000000c idatain:2021fffc stall:0
reg:00000050 xxxxxxxx 00179c85 000000e8 xxxxxxxx xxxxxxxx xxxxxxxx
mem:00000067 000000c6 00000069 00000073
pc:00000010 idatain:00842018 stall:0
reg:00000050 xxxxxxxx 00179c85 0000d240 xxxxxxxx xxxxxxxx xxxxxxxx
mem:00000067 000000c6 00000069 00000073
pc:00000014 idatain:1420fffc stall:0
reg:00000050 xxxxxxxx 00179c85 0000d240 xxxxxxxx xxxxxxxx xxxxxxxx
mem:00000067 000000c6 00000069 00000073
pc:00000018 idatain:00641820 stall:0
reg:00000050 xxxxxxxx 00186ec5 0000d240 xxxxxxxx xxxxxxxx xxxxxxxx
mem:00000067 000000c6 00000069 00000073
pc:00000008 idatain:8c240000 stall:0
reg:00000050 xxxxxxxx 00186ec5 0000001b xxxxxxxx xxxxxxxx xxxxxxxx
mem:00000067 000000c6 00000069 00000073
pc:0000000c idatain:2021fffc stall:0
reg:0000004c xxxxxxxx 00186ec5 0000001b xxxxxxxx xxxxxxxx xxxxxxxx
mem:00000067 000000c6 00000069 00000073
pc:00000010 idatain:00842018 stall:0
reg:0000004c xxxxxxxx 00186ec5 000002d9 xxxxxxxx xxxxxxxx xxxxxxxx
mem:00000067 000000c6 00000069 00000073
pc:00000014 idatain:1420fffc stall:0
reg:0000004c xxxxxxxx 00186ec5 000002d9 xxxxxxxx xxxxxxxx xxxxxxxx
mem:00000067 000000c6 00000069 00000073
pc:00000018 idatain:00641820 stall:0
reg:0000004c xxxxxxxx 0018719e 000002d9 xxxxxxxx xxxxxxxx xxxxxxxx
mem:00000067 000000c6 00000069 00000073
pc:00000008 idatain:8c240000 stall:0
reg:0000004c xxxxxxxx 0018719e 000000f8 xxxxxxxx xxxxxxxx xxxxxxxx
mem:00000067 000000c6 00000069 00000073
pc:0000000c idatain:2021fffc stall:0
reg:00000048 xxxxxxxx 0018719e 000000f8 xxxxxxxx xxxxxxxx xxxxxxxx
mem:00000067 000000c6 00000069 00000073
pc:00000010 idatain:00842018 stall:0
reg:00000048 xxxxxxxx 0018719e 0000f040 xxxxxxxx xxxxxxxx xxxxxxxx
mem:00000067 000000c6 00000069 00000073
pc:00000014 idatain:1420fffc stall:0
reg:00000048 xxxxxxxx 0018719e 0000f040 xxxxxxxx xxxxxxxx xxxxxxxx
mem:00000067 000000c6 00000069 00000073
pc:00000018 idatain:00641820 stall:0
reg:00000048 xxxxxxxx 001961de 0000f040 xxxxxxxx xxxxxxxx xxxxxxxx
mem:00000067 000000c6 00000069 00000073
pc:00000008 idatain:8c240000 stall:0
reg:00000048 xxxxxxxx 001961de 00000054 xxxxxxxx xxxxxxxx xxxxxxxx
mem:00000067 000000c6 00000069 00000073
pc:0000000c idatain:2021fffc stall:0
reg:00000044 xxxxxxxx 001961de 00000054 xxxxxxxx xxxxxxxx xxxxxxxx
mem:00000067 000000c6 00000069 00000073
pc:00000010 idatain:00842018 stall:0
reg:00000044 xxxxxxxx 001961de 00001b90 xxxxxxxx xxxxxxxx xxxxxxxx
mem:00000067 000000c6 00000069 00000073
pc:00000014 idatain:1420fffc stall:0
reg:00000044 xxxxxxxx 001961de 00001b90 xxxxxxxx xxxxxxxx xxxxxxxx
mem:00000067 000000c6 00000069 00000073
pc:00000018 idatain:00641820 stall:0
reg:00000044 xxxxxxxx 00197d6e 00001b90 xxxxxxxx xxxxxxxx xxxxxxxx
mem:00000067 000000c6 00000069 00000073
pc:00000008 idatain:8c240000 stall:0
reg:00000044 xxxxxxxx 00197d6e 000000c2 xxxxxxxx xxxxxxxx xxxxxxxx
mem:00000067 000000c6 00000069 00000073
pc:0000000c idatain:2021fffc stall:0
reg:00000040 xxxxxxxx 00197d6e 000000c2 xxxxxxxx xxxxxxxx xxxxxxxx
mem:00000067 000000c6 00000069 00000073
pc:00000010 idatain:00842018 stall:0
reg:00000040 xxxxxxxx 00197d6e 00009304 xxxxxxxx xxxxxxxx xxxxxxxx
mem:00000067 000000c6 00000069 00000073
pc:00000014 idatain:1420fffc stall:0
reg:00000040 xxxxxxxx 00197d6e 00009304 xxxxxxxx xxxxxxxx xxxxxxxx
mem:00000067 000000c6 00000069 00000073
pc:00000018 idatain:00641820 stall:0
reg:00000040 xxxxxxxx 001a1072 00009304 xxxxxxxx xxxxxxxx xxxxxxxx
mem:00000067 000000c6 00000069 00000073
pc:00000008 idatain:8c240000 stall:0
reg:00000040 xxxxxxxx 001a1072 0000007c xxxxxxxx xxxxxxxx xxxxxxxx
mem:00000067 000000c6 00000069 00000073
pc:0000000c idatain:2021fffc stall:0
reg:0000003c xxxxxxxx 001a1072 0000007c xxxxxxxx xxxxxxxx xxxxxxxx
mem:00000067 000000c6 00000069 00000073
pc:00000010 idatain:00842018 stall:0
reg:0000003c xxxxxxxx 001a1072 00003c10 xxxxxxxx xxxxxxxx xxxxxxxx
mem:00000067 000000c6 00000069 00000073
pc:00000014 idatain:1420fffc stall:0
reg:0000003c xxxxxxxx 001a1072 00003c10 xxxxxxxx xxxxxxxx xxxxxxxx
mem:00000067 000000c6 00000069 00000073
pc:00000018 idatain:00641820 stall:0
reg:0000003c xxxxxxxx 001a4c82 00003c10 xxxxxxxx xxxxxxxx xxxxxxxx
mem:00000067 000000c6 00000069 00000073
pc:00000008 idatain:8c240000 stall:0
reg:0000003c xxxxxxxx 001a4c82 00000046 xxxxxxxx xxxxxxxx xxxxxxxx
mem:00000067 000000c6 00000069 00000073
pc:0000000c idatain:2021fffc stall:0
reg:00000038 xxxxxxxx 001a4c82 00000046 xxxxxxxx xxxxxxxx xxxxxxxx
mem:00000067 000000c6 00000069 00000073
pc:00000010 idatain:00842018 stall:0
reg:00000038 xxxxxxxx 001a4c82 00001324 xxxxxxxx xxxxxxxx xxxxxxxx
mem:00000067 000000c6 00000069 00000073
pc:00000014 idatain:1420fffc stall:0
reg:00000038 xxxxxxxx 001a4c82 00001324 xxxxxxxx xxxxxxxx xxxxxxxx
mem:00000067 000000c6 00000069 00000073
pc:00000018 idatain:00641820 stall:0
reg:00000038 xxxxxxxx 001a5fa6 00001324 xxxxxxxx xxxxxxxx xxxxxxxx
mem:00000067 000000c6 00000069 00000073
pc:00000008 idatain:8c240000 stall:0
reg:00000038 xxxxxxxx 001a5fa6 000000e3 xxxxxxxx xxxxxxxx xxxxxxxx
mem:00000067 000000c6 00000069 00000073
pc:0000000c idatain:2021fffc stall:0
reg:00000034 xxxxxxxx 001a5fa6 000000e3 xxxxxxxx xxxxxxxx xxxxxxxx
mem:00000067 000000c6 00000069 00000073
pc:00000010 idatain:00842018 stall:0
reg:00000034 xxxxxxxx 001a5fa6 0000c949 xxxxxxxx xxxxxxxx xxxxxxxx
mem:00000067 000000c6 00000069 00000073
pc:00000014 idatain:1420fffc stall:0
reg:00000034 xxxxxxxx 001a5fa6 0000c949 xxxxxxxx xxxxxxxx xxxxxxxx
mem:00000067 000000c6 00000069 00000073
pc:00000018 idatain:00641820 stall:0
reg:00000034 xxxxxxxx 001b28ef 0000c949 xxxxxxxx xxxxxxxx xxxxxxxx
mem:00000067 000000c6 00000069 00000073
pc:00000008 idatain:8c240000 stall:0
reg:00000034 xxxxxxxx 001b28ef 000000fb xxxxxxxx xxxxxxxx xxxxxxxx
mem:00000067 000000c6 00000069 00000073
pc:0000000c idatain:2021fffc stall:0
reg:00000030 xxxxxxxx 001b28ef 000000fb xxxxxxxx xxxxxxxx xxxxxxxx
mem:00000067 000000c6 00000069 00000073
pc:00000010 idatain:00842018 stall:0
reg:00000030 xxxxxxxx 001b28ef 0000f619 xxxxxxxx xxxxxxxx xxxxxxxx
mem:00000067 000000c6 00000069 00000073
pc:00000014 idatain:1420fffc stall:0
reg:00000030 xxxxxxxx 001b28ef 0000f619 xxxxxxxx xxxxxxxx xxxxxxxx
mem:00000067 000000c6 00000069 00000073
pc:00000018 idatain:00641820 stall:0
reg:00000030 xxxxxxxx 001c1f08 0000f619 xxxxxxxx xxxxxxxx xxxxxxxx
mem:00000067 000000c6 00000069 00000073
pc:00000008 idatain:8c240000 stall:0
reg:00000030 xxxxxxxx 001c1f08 000000f2 xxxxxxxx xxxxxxxx xxxxxxxx
mem:00000067 000000c6 00000069 00000073
pc:0000000c idatain:2021fffc stall:0
reg:0000002c xxxxxxxx 001c1f08 000000f2 xxxxxxxx xxxxxxxx xxxxxxxx
mem:00000067 000000c6 00000069 00000073
pc:00000010 idatain:00842018 stall:0
reg:0000002c xxxxxxxx 001c1f08 0000e4c4 xxxxxxxx xxxxxxxx xxxxxxxx
mem:00000067 000000c6 00000069 00000073
pc:00000014 idatain:1420fffc stall:0
reg:0000002c xxxxxxxx 001c1f08 0000e4c4 xxxxxxxx xxxxxxxx xxxxxxxx
mem:00000067 000000c6 00000069 00000073
pc:00000018 idatain:00641820 stall:0
reg:0000002c xxxxxxxx 001d03cc 0000e4c4 xxxxxxxx xxxxxxxx xxxxxxxx
mem:00000067 000000c6 00000069 00000073
pc:00000008 idatain:8c240000 stall:0
reg:0000002c xxxxxxxx 001d03cc 000000ab xxxxxxxx xxxxxxxx xxxxxxxx
mem:00000067 000000c6 00000069 00000073
pc:0000000c idatain:2021fffc stall:0
reg:00000028 xxxxxxxx 001d03cc 000000ab xxxxxxxx xxxxxxxx xxxxxxxx
mem:00000067 000000c6 00000069 00000073
pc:00000010 idatain:00842018 stall:0
reg:00000028 xxxxxxxx 001d03cc 00007239 xxxxxxxx xxxxxxxx xxxxxxxx
mem:00000067 000000c6 00000069 00000073
pc:00000014 idatain:1420fffc stall:0
reg:00000028 xxxxxxxx 001d03cc 00007239 xxxxxxxx xxxxxxxx xxxxxxxx
mem:00000067 000000c6 00000069 00000073
pc:00000018 idatain:00641820 stall:0
reg:00000028 xxxxxxxx 001d7605 00007239 xxxxxxxx xxxxxxxx xxxxxxxx
mem:00000067 000000c6 00000069 00000073
pc:00000008 idatain:8c240000 stall:0
reg:00000028 xxxxxxxx 001d7605 000000ba xxxxxxxx xxxxxxxx xxxxxxxx
mem:00000067 000000c6 00000069 00000073
pc:0000000c idatain:2021fffc stall:0
reg:00000024 xxxxxxxx 001d7605 000000ba xxxxxxxx xxxxxxxx xxxxxxxx
mem:00000067 000000c6 00000069 00000073
pc:00000010 idatain:00842018 stall:0
reg:00000024 xxxxxxxx 001d7605 00008724 xxxxxxxx xxxxxxxx xxxxxxxx
mem:00000067 000000c6 00000069 00000073
pc:00000014 idatain:1420fffc stall:0
reg:00000024 xxxxxxxx 001d7605 00008724 xxxxxxxx xxxxxxxx xxxxxxxx
mem:00000067 000000c6 00000069 00000073
pc:00000018 idatain:00641820 stall:0
reg:00000024 xxxxxxxx 001dfd29 00008724 xxxxxxxx xxxxxxxx xxxxxxxx
mem:00000067 000000c6 00000069 00000073
pc:00000008 idatain:8c240000 stall:0
reg:00000024 xxxxxxxx 001dfd29 000000cd xxxxxxxx xxxxxxxx xxxxxxxx
mem:00000067 000000c6 00000069 00000073
pc:0000000c idatain:2021fffc stall:0
reg:00000020 xxxxxxxx 001dfd29 000000cd xxxxxxxx xxxxxxxx xxxxxxxx
mem:00000067 000000c6 00000069 00000073
pc:00000010 idatain:00842018 stall:0
reg:00000020 xxxxxxxx 001dfd29 0000a429 xxxxxxxx xxxxxxxx xxxxxxxx
mem:00000067 000000c6 00000069 00000073
pc:00000014 idatain:1420fffc stall:0
reg:00000020 xxxxxxxx 001dfd29 0000a429 xxxxxxxx xxxxxxxx xxxxxxxx
mem:00000067 000000c6 00000069 00000073
pc:00000018 idatain:00641820 stall:0
reg:00000020 xxxxxxxx 001ea152 0000a429 xxxxxxxx xxxxxxxx xxxxxxxx
mem:00000067 000000c6 00000069 00000073
pc:00000008 idatain:8c240000 stall:0
reg:00000020 xxxxxxxx 001ea152 00000029 xxxxxxxx xxxxxxxx xxxxxxxx
mem:00000067 000000c6 00000069 00000073
pc:0000000c idatain:2021fffc stall:0
reg:0000001c xxxxxxxx 001ea152 00000029 xxxxxxxx xxxxxxxx xxxxxxxx
mem:00000067 000000c6 00000069 00000073
pc:00000010 idatain:00842018 stall:0
reg:0000001c xxxxxxxx 001ea152 00000691 xxxxxxxx xxxxxxxx xxxxxxxx
mem:00000067 000000c6 00000069 00000073
pc:00000014 idatain:1420fffc stall:0
reg:0000001c xxxxxxxx 001ea152 00000691 xxxxxxxx xxxxxxxx xxxxxxxx
mem:00000067 000000c6 00000069 00000073
pc:00000018 idatain:00641820 stall:0
reg:0000001c xxxxxxxx 001ea7e3 00000691 xxxxxxxx xxxxxxxx xxxxxxxx
mem:00000067 000000c6 00000069 00000073
pc:00000008 idatain:8c240000 stall:0
reg:0000001c xxxxxxxx 001ea7e3 000000ec xxxxxxxx xxxxxxxx xxxxxxxx
mem:00000067 000000c6 00000069 00000073
pc:0000000c idatain:2021fffc stall:0
reg:00000018 xxxxxxxx 001ea7e3 000000ec xxxxxxxx xxxxxxxx xxxxxxxx
mem:00000067 000000c6 00000069 00000073
pc:00000010 idatain:00842018 stall:0
reg:00000018 xxxxxxxx 001ea7e3 0000d990 xxxxxxxx xxxxxxxx xxxxxxxx
mem:00000067 000000c6 00000069 00000073
pc:00000014 idatain:1420fffc stall:0
reg:00000018 xxxxxxxx 001ea7e3 0000d990 xxxxxxxx xxxxxxxx xxxxxxxx
mem:00000067 000000c6 00000069 00000073
pc:00000018 idatain:00641820 stall:0
reg:00000018 xxxxxxxx 001f8173 0000d990 xxxxxxxx xxxxxxxx xxxxxxxx
mem:00000067 000000c6 00000069 00000073
pc:00000008 idatain:8c240000 stall:0
reg:00000018 xxxxxxxx 001f8173 0000004a xxxxxxxx xxxxxxxx xxxxxxxx
mem:00000067 000000c6 00000069 00000073
pc:0000000c idatain:2021fffc stall:0
reg:00000014 xxxxxxxx 001f8173 0000004a xxxxxxxx xxxxxxxx xxxxxxxx
mem:00000067 000000c6 00000069 00000073
pc:00000010 idatain:00842018 stall:0
reg:00000014 xxxxxxxx 001f8173 00001564 xxxxxxxx xxxxxxxx xxxxxxxx
mem:00000067 000000c6 00000069 00000073
pc:00000014 idatain:1420fffc stall:0
reg:00000014 xxxxxxxx 001f8173 00001564 xxxxxxxx xxxxxxxx xxxxxxxx
mem:00000067 000000c6 00000069 00000073
pc:00000018 idatain:00641820 stall:0
reg:00000014 xxxxxxxx 001f96d7 00001564 xxxxxxxx xxxxxxxx xxxxxxxx
mem:00000067 000000c6 00000069 00000073
pc:00000008 idatain:8c240000 stall:0
reg:00000014 xxxxxxxx 001f96d7 000000ff xxxxxxxx xxxxxxxx xxxxxxxx
mem:00000067 000000c6 00000069 00000073
pc:0000000c idatain:2021fffc stall:0
reg:00000010 xxxxxxxx 001f96d7 000000ff xxxxxxxx xxxxxxxx xxxxxxxx
mem:00000067 000000c6 00000069 00000073
pc:00000010 idatain:00842018 stall:0
reg:00000010 xxxxxxxx 001f96d7 0000fe01 xxxxxxxx xxxxxxxx xxxxxxxx
mem:00000067 000000c6 00000069 00000073
pc:00000014 idatain:1420fffc stall:0
reg:00000010 xxxxxxxx 001f96d7 0000fe01 xxxxxxxx xxxxxxxx xxxxxxxx
mem:00000067 000000c6 00000069 00000073
pc:00000018 idatain:00641820 stall:0
reg:00000010 xxxxxxxx 002094d8 0000fe01 xxxxxxxx xxxxxxxx xxxxxxxx
mem:00000067 000000c6 00000069 00000073
pc:00000008 idatain:8c240000 stall:0
reg:00000010 xxxxxxxx 002094d8 00000051 xxxxxxxx xxxxxxxx xxxxxxxx
mem:00000067 000000c6 00000069 00000073
pc:0000000c idatain:2021fffc stall:0
reg:0000000c xxxxxxxx 002094d8 00000051 xxxxxxxx xxxxxxxx xxxxxxxx
mem:00000067 000000c6 00000069 00000073
pc:00000010 idatain:00842018 stall:0
reg:0000000c xxxxxxxx 002094d8 000019a1 xxxxxxxx xxxxxxxx xxxxxxxx
mem:00000067 000000c6 00000069 00000073
pc:00000014 idatain:1420fffc stall:0
reg:0000000c xxxxxxxx 002094d8 000019a1 xxxxxxxx xxxxxxxx xxxxxxxx
mem:00000067 000000c6 00000069 00000073
pc:00000018 idatain:00641820 stall:0
reg:0000000c xxxxxxxx 0020ae79 000019a1 xxxxxxxx xxxxxxxx xxxxxxxx
mem:00000067 000000c6 00000069 00000073
pc:00000008 idatain:8c240000 stall:0
reg:0000000c xxxxxxxx 0020ae79 00000073 xxxxxxxx xxxxxxxx xxxxxxxx
mem:00000067 000000c6 00000069 00000073
pc:0000000c idatain:2021fffc stall:0
reg:00000008 xxxxxxxx 0020ae79 00000073 xxxxxxxx xxxxxxxx xxxxxxxx
mem:00000067 000000c6 00000069 00000073
pc:00000010 idatain:00842018 stall:0
reg:00000008 xxxxxxxx 0020ae79 000033a9 xxxxxxxx xxxxxxxx xxxxxxxx
mem:00000067 000000c6 00000069 00000073
pc:00000014 idatain:1420fffc stall:0
reg:00000008 xxxxxxxx 0020ae79 000033a9 xxxxxxxx xxxxxxxx xxxxxxxx
mem:00000067 000000c6 00000069 00000073
pc:00000018 idatain:00641820 stall:0
reg:00000008 xxxxxxxx 0020e222 000033a9 xxxxxxxx xxxxxxxx xxxxxxxx
mem:00000067 000000c6 00000069 00000073
pc:00000008 idatain:8c240000 stall:0
reg:00000008 xxxxxxxx 0020e222 00000069 xxxxxxxx xxxxxxxx xxxxxxxx
mem:00000067 000000c6 00000069 00000073
pc:0000000c idatain:2021fffc stall:0
reg:00000004 xxxxxxxx 0020e222 00000069 xxxxxxxx xxxxxxxx xxxxxxxx
mem:00000067 000000c6 00000069 00000073
pc:00000010 idatain:00842018 stall:0
reg:00000004 xxxxxxxx 0020e222 00002b11 xxxxxxxx xxxxxxxx xxxxxxxx
mem:00000067 000000c6 00000069 00000073
pc:00000014 idatain:1420fffc stall:0
reg:00000004 xxxxxxxx 0020e222 00002b11 xxxxxxxx xxxxxxxx xxxxxxxx
mem:00000067 000000c6 00000069 00000073
pc:00000018 idatain:00641820 stall:0
reg:00000004 xxxxxxxx 00210d33 00002b11 xxxxxxxx xxxxxxxx xxxxxxxx
mem:00000067 000000c6 00000069 00000073
pc:0000001c idatain:8c240000 stall:0
reg:00000004 xxxxxxxx 00210d33 000000c6 xxxxxxxx xxxxxxxx xxxxxxxx
mem:00000067 000000c6 00000069 00000073
pc:00000020 idatain:00842018 stall:0
reg:00000000 xxxxxxxx 00210d33 000000c6 xxxxxxxx xxxxxxxx xxxxxxxx
mem:00000067 000000c6 00000069 00000073
pc:00000024 idatain:00641820 stall:1
reg:00000000 xxxxxxxx 00210d33 00009924 xxxxxxxx xxxxxxxx xxxxxxxx
mem:00000067 000000c6 00000069 00000073
pc:00000024 idatain:00641820 stall:0
reg:00000000 xxxxxxxx 00210d33 00009924 xxxxxxxx xxxxxxxx xxxxxxxx
mem:00000067 000000c6 00000069 00000073
pc:00000028 idatain:ac037fff stall:0
reg:00000000 xxxxxxxx 0021a657 00009924 xxxxxxxx xxxxxxxx xxxxxxxx
mem:00000067 000000c6 00000069 00000073
pc:0000002c idatain:1000ffff stall:0
reg:00000000 xxxxxxxx 0021a657 00000067 xxxxxxxx xxxxxxxx xxxxxxxx
mem:00000067 000000c6 00000069 00000073
pc:00000030 idatain:00000020 stall:0
reg:00000000 xxxxxxxx 0021a657 00000067 xxxxxxxx xxxxxxxx xxxxxxxx
mem:00000067 000000c6 00000069 00000073
pc:0000002c idatain:1000ffff stall:0
reg:00000000 xxxxxxxx 0021a657 00002971 xxxxxxxx xxxxxxxx xxxxxxxx
mem:00000067 000000c6 00000069 00000073
0021cfc8 count:       505 stall:         1
