WARNING: imem.v:12: $readmemh(imem.dat): Not enough words in the file for the requested range [0:65535].
WARNING: dmem.v:18: $readmemh(dmem.dat): Not enough words in the file for the requested range [0:65535].
VCD info: dumpfile mipse.vcd opened for output.
pc:xxxxxxxx idatain:xxxxxxxx stall:x
reg:xxxxxxxx xxxxxxxx xxxxxxxx xxxxxxxx xxxxxxxx xxxxxxxx xxxxxxxx
mem:00000053 00000056 0000004d 0000000f
pc:00000000 idatain:8c030000 stall:0
reg:xxxxxxxx xxxxxxxx xxxxxxxx xxxxxxxx xxxxxxxx xxxxxxxx xxxxxxxx
mem:00000053 00000056 0000004d 0000000f
pc:00000004 idatain:30650000 stall:0
reg:xxxxxxxx xxxxxxxx xxxxxxxx xxxxxxxx xxxxxxxx xxxxxxxx xxxxxxxx
mem:00000053 00000056 0000004d 0000000f
pc:00000008 idatain:ac050190 stall:1
reg:xxxxxxxx xxxxxxxx xxxxxxxx xxxxxxxx xxxxxxxx xxxxxxxx xxxxxxxx
mem:00000053 00000056 0000004d 0000000f
pc:00000008 idatain:ac050190 stall:0
reg:xxxxxxxx xxxxxxxx xxxxxxxx xxxxxxxx xxxxxxxx xxxxxxxx xxxxxxxx
mem:00000053 00000056 0000004d 0000000f
pc:0000000c idatain:8c030004 stall:0
reg:xxxxxxxx xxxxxxxx xxxxxxxx xxxxxxxx xxxxxxxx xxxxxxxx xxxxxxxx
mem:00000053 00000056 0000004d 0000000f
pc:00000010 idatain:30650000 stall:0
reg:xxxxxxxx xxxxxxxx 00000053 xxxxxxxx xxxxxxxx xxxxxxxx xxxxxxxx
mem:00000053 00000056 0000004d 0000000f
pc:00000014 idatain:ac050194 stall:1
reg:xxxxxxxx xxxxxxxx 00000053 xxxxxxxx xxxxxxxx xxxxxxxx xxxxxxxx
mem:00000053 00000056 0000004d 0000000f
pc:00000014 idatain:ac050194 stall:0
reg:xxxxxxxx xxxxxxxx 00000053 xxxxxxxx 00000004 xxxxxxxx xxxxxxxx
mem:00000053 00000056 0000004d 0000000f
pc:00000018 idatain:8c030008 stall:0
reg:xxxxxxxx xxxxxxxx 00000053 xxxxxxxx 00000004 xxxxxxxx xxxxxxxx
mem:00000053 00000056 0000004d 0000000f
pc:0000001c idatain:30650000 stall:0
reg:xxxxxxxx xxxxxxxx 00000056 xxxxxxxx 00000004 xxxxxxxx xxxxxxxx
mem:00000053 00000056 0000004d 0000000f
pc:00000020 idatain:ac050198 stall:1
reg:xxxxxxxx xxxxxxxx 00000056 xxxxxxxx 00000004 xxxxxxxx xxxxxxxx
mem:00000053 00000056 0000004d 0000000f
pc:00000020 idatain:ac050198 stall:0
reg:xxxxxxxx xxxxxxxx 00000056 xxxxxxxx 00000005 xxxxxxxx xxxxxxxx
mem:00000053 00000056 0000004d 0000000f
pc:00000024 idatain:8c03000c stall:0
reg:xxxxxxxx xxxxxxxx 00000056 xxxxxxxx 00000005 xxxxxxxx xxxxxxxx
mem:00000053 00000056 0000004d 0000000f
pc:00000028 idatain:30650000 stall:0
reg:xxxxxxxx xxxxxxxx 0000004d xxxxxxxx 00000005 xxxxxxxx xxxxxxxx
mem:00000053 00000056 0000004d 0000000f
pc:0000002c idatain:ac05019c stall:1
reg:xxxxxxxx xxxxxxxx 0000004d xxxxxxxx 00000005 xxxxxxxx xxxxxxxx
mem:00000053 00000056 0000004d 0000000f
pc:0000002c idatain:ac05019c stall:0
reg:xxxxxxxx xxxxxxxx 0000004d xxxxxxxx 00000004 xxxxxxxx xxxxxxxx
mem:00000053 00000056 0000004d 0000000f
pc:00000030 idatain:8c030010 stall:0
reg:xxxxxxxx xxxxxxxx 0000004d xxxxxxxx 00000004 xxxxxxxx xxxxxxxx
mem:00000053 00000056 0000004d 0000000f
pc:00000034 idatain:30650000 stall:0
reg:xxxxxxxx xxxxxxxx 0000000f xxxxxxxx 00000004 xxxxxxxx xxxxxxxx
mem:00000053 00000056 0000004d 0000000f
pc:00000038 idatain:ac0501a0 stall:1
reg:xxxxxxxx xxxxxxxx 0000000f xxxxxxxx 00000004 xxxxxxxx xxxxxxxx
mem:00000053 00000056 0000004d 0000000f
pc:00000038 idatain:ac0501a0 stall:0
reg:xxxxxxxx xxxxxxxx 0000000f xxxxxxxx 00000002 xxxxxxxx xxxxxxxx
mem:00000053 00000056 0000004d 0000000f
pc:0000003c idatain:8c030014 stall:0
reg:xxxxxxxx xxxxxxxx 0000000f xxxxxxxx 00000002 xxxxxxxx xxxxxxxx
mem:00000053 00000056 0000004d 0000000f
pc:00000040 idatain:30650000 stall:0
reg:xxxxxxxx xxxxxxxx 0000005d xxxxxxxx 00000002 xxxxxxxx xxxxxxxx
mem:00000053 00000056 0000004d 0000000f
pc:00000044 idatain:ac0501a4 stall:1
reg:xxxxxxxx xxxxxxxx 0000005d xxxxxxxx 00000002 xxxxxxxx xxxxxxxx
mem:00000053 00000056 0000004d 0000000f
pc:00000044 idatain:ac0501a4 stall:0
reg:xxxxxxxx xxxxxxxx 0000005d xxxxxxxx 00000005 xxxxxxxx xxxxxxxx
mem:00000053 00000056 0000004d 0000000f
pc:00000048 idatain:8c030018 stall:0
reg:xxxxxxxx xxxxxxxx 0000005d xxxxxxxx 00000005 xxxxxxxx xxxxxxxx
mem:00000053 00000056 0000004d 0000000f
pc:0000004c idatain:30650000 stall:0
reg:xxxxxxxx xxxxxxxx 00000023 xxxxxxxx 00000005 xxxxxxxx xxxxxxxx
mem:00000053 00000056 0000004d 0000000f
pc:00000050 idatain:ac0501a8 stall:1
reg:xxxxxxxx xxxxxxxx 00000023 xxxxxxxx 00000005 xxxxxxxx xxxxxxxx
mem:00000053 00000056 0000004d 0000000f
pc:00000050 idatain:ac0501a8 stall:0
reg:xxxxxxxx xxxxxxxx 00000023 xxxxxxxx 00000002 xxxxxxxx xxxxxxxx
mem:00000053 00000056 0000004d 0000000f
pc:00000054 idatain:8c03001c stall:0
reg:xxxxxxxx xxxxxxxx 00000023 xxxxxxxx 00000002 xxxxxxxx xxxxxxxx
mem:00000053 00000056 0000004d 0000000f
pc:00000058 idatain:30650000 stall:0
reg:xxxxxxxx xxxxxxxx 00000056 xxxxxxxx 00000002 xxxxxxxx xxxxxxxx
mem:00000053 00000056 0000004d 0000000f
pc:0000005c idatain:ac0501ac stall:1
reg:xxxxxxxx xxxxxxxx 00000056 xxxxxxxx 00000002 xxxxxxxx xxxxxxxx
mem:00000053 00000056 0000004d 0000000f
pc:0000005c idatain:ac0501ac stall:0
reg:xxxxxxxx xxxxxxxx 00000056 xxxxxxxx 00000005 xxxxxxxx xxxxxxxx
mem:00000053 00000056 0000004d 0000000f
pc:00000060 idatain:8c030020 stall:0
reg:xxxxxxxx xxxxxxxx 00000056 xxxxxxxx 00000005 xxxxxxxx xxxxxxxx
mem:00000053 00000056 0000004d 0000000f
pc:00000064 idatain:30650000 stall:0
reg:xxxxxxxx xxxxxxxx 0000005c xxxxxxxx 00000005 xxxxxxxx xxxxxxxx
mem:00000053 00000056 0000004d 0000000f
pc:00000068 idatain:ac0501b0 stall:1
reg:xxxxxxxx xxxxxxxx 0000005c xxxxxxxx 00000005 xxxxxxxx xxxxxxxx
mem:00000053 00000056 0000004d 0000000f
pc:00000068 idatain:ac0501b0 stall:0
reg:xxxxxxxx xxxxxxxx 0000005c xxxxxxxx 00000005 xxxxxxxx xxxxxxxx
mem:00000053 00000056 0000004d 0000000f
pc:0000006c idatain:8c030024 stall:0
reg:xxxxxxxx xxxxxxxx 0000005c xxxxxxxx 00000005 xxxxxxxx xxxxxxxx
mem:00000053 00000056 0000004d 0000000f
pc:00000070 idatain:30650000 stall:0
reg:xxxxxxxx xxxxxxxx 00000031 xxxxxxxx 00000005 xxxxxxxx xxxxxxxx
mem:00000053 00000056 0000004d 0000000f
pc:00000074 idatain:ac0501b4 stall:1
reg:xxxxxxxx xxxxxxxx 00000031 xxxxxxxx 00000005 xxxxxxxx xxxxxxxx
mem:00000053 00000056 0000004d 0000000f
pc:00000074 idatain:ac0501b4 stall:0
reg:xxxxxxxx xxxxxxxx 00000031 xxxxxxxx 00000003 xxxxxxxx xxxxxxxx
mem:00000053 00000056 0000004d 0000000f
pc:00000078 idatain:8c030028 stall:0
reg:xxxxxxxx xxxxxxxx 00000031 xxxxxxxx 00000003 xxxxxxxx xxxxxxxx
mem:00000053 00000056 0000004d 0000000f
pc:0000007c idatain:30650000 stall:0
reg:xxxxxxxx xxxxxxxx 00000015 xxxxxxxx 00000003 xxxxxxxx xxxxxxxx
mem:00000053 00000056 0000004d 0000000f
pc:00000080 idatain:ac0501b8 stall:1
reg:xxxxxxxx xxxxxxxx 00000015 xxxxxxxx 00000003 xxxxxxxx xxxxxxxx
mem:00000053 00000056 0000004d 0000000f
pc:00000080 idatain:ac0501b8 stall:0
reg:xxxxxxxx xxxxxxxx 00000015 xxxxxxxx 00000002 xxxxxxxx xxxxxxxx
mem:00000053 00000056 0000004d 0000000f
pc:00000084 idatain:8c03002c stall:0
reg:xxxxxxxx xxxxxxxx 00000015 xxxxxxxx 00000002 xxxxxxxx xxxxxxxx
mem:00000053 00000056 0000004d 0000000f
pc:00000088 idatain:30650000 stall:0
reg:xxxxxxxx xxxxxxxx 0000003e xxxxxxxx 00000002 xxxxxxxx xxxxxxxx
mem:00000053 00000056 0000004d 0000000f
pc:0000008c idatain:ac0501bc stall:1
reg:xxxxxxxx xxxxxxxx 0000003e xxxxxxxx 00000002 xxxxxxxx xxxxxxxx
mem:00000053 00000056 0000004d 0000000f
pc:0000008c idatain:ac0501bc stall:0
reg:xxxxxxxx xxxxxxxx 0000003e xxxxxxxx 00000004 xxxxxxxx xxxxxxxx
mem:00000053 00000056 0000004d 0000000f
pc:00000090 idatain:8c030030 stall:0
reg:xxxxxxxx xxxxxxxx 0000003e xxxxxxxx 00000004 xxxxxxxx xxxxxxxx
mem:00000053 00000056 0000004d 0000000f
pc:00000094 idatain:30650000 stall:0
reg:xxxxxxxx xxxxxxxx 0000001b xxxxxxxx 00000004 xxxxxxxx xxxxxxxx
mem:00000053 00000056 0000004d 0000000f
pc:00000098 idatain:ac0501c0 stall:1
reg:xxxxxxxx xxxxxxxx 0000001b xxxxxxxx 00000004 xxxxxxxx xxxxxxxx
mem:00000053 00000056 0000004d 0000000f
pc:00000098 idatain:ac0501c0 stall:0
reg:xxxxxxxx xxxxxxxx 0000001b xxxxxxxx 00000002 xxxxxxxx xxxxxxxx
mem:00000053 00000056 0000004d 0000000f
pc:0000009c idatain:8c030034 stall:0
reg:xxxxxxxx xxxxxxxx 0000001b xxxxxxxx 00000002 xxxxxxxx xxxxxxxx
mem:00000053 00000056 0000004d 0000000f
pc:000000a0 idatain:30650000 stall:0
reg:xxxxxxxx xxxxxxxx 0000005a xxxxxxxx 00000002 xxxxxxxx xxxxxxxx
mem:00000053 00000056 0000004d 0000000f
pc:000000a4 idatain:ac0501c4 stall:1
reg:xxxxxxxx xxxxxxxx 0000005a xxxxxxxx 00000002 xxxxxxxx xxxxxxxx
mem:00000053 00000056 0000004d 0000000f
pc:000000a4 idatain:ac0501c4 stall:0
reg:xxxxxxxx xxxxxxxx 0000005a xxxxxxxx 00000005 xxxxxxxx xxxxxxxx
mem:00000053 00000056 0000004d 0000000f
pc:000000a8 idatain:8c030038 stall:0
reg:xxxxxxxx xxxxxxxx 0000005a xxxxxxxx 00000005 xxxxxxxx xxxxxxxx
mem:00000053 00000056 0000004d 0000000f
pc:000000ac idatain:30650000 stall:0
reg:xxxxxxxx xxxxxxxx 0000003b xxxxxxxx 00000005 xxxxxxxx xxxxxxxx
mem:00000053 00000056 0000004d 0000000f
pc:000000b0 idatain:ac0501c8 stall:1
reg:xxxxxxxx xxxxxxxx 0000003b xxxxxxxx 00000005 xxxxxxxx xxxxxxxx
mem:00000053 00000056 0000004d 0000000f
pc:000000b0 idatain:ac0501c8 stall:0
reg:xxxxxxxx xxxxxxxx 0000003b xxxxxxxx 00000003 xxxxxxxx xxxxxxxx
mem:00000053 00000056 0000004d 0000000f
pc:000000b4 idatain:8c03003c stall:0
reg:xxxxxxxx xxxxxxxx 0000003b xxxxxxxx 00000003 xxxxxxxx xxxxxxxx
mem:00000053 00000056 0000004d 0000000f
pc:000000b8 idatain:30650000 stall:0
reg:xxxxxxxx xxxxxxxx 0000003f xxxxxxxx 00000003 xxxxxxxx xxxxxxxx
mem:00000053 00000056 0000004d 0000000f
pc:000000bc idatain:ac0501cc stall:1
reg:xxxxxxxx xxxxxxxx 0000003f xxxxxxxx 00000003 xxxxxxxx xxxxxxxx
mem:00000053 00000056 0000004d 0000000f
pc:000000bc idatain:ac0501cc stall:0
reg:xxxxxxxx xxxxxxxx 0000003f xxxxxxxx 00000004 xxxxxxxx xxxxxxxx
mem:00000053 00000056 0000004d 0000000f
pc:000000c0 idatain:8c030040 stall:0
reg:xxxxxxxx xxxxxxxx 0000003f xxxxxxxx 00000004 xxxxxxxx xxxxxxxx
mem:00000053 00000056 0000004d 0000000f
pc:000000c4 idatain:30650000 stall:0
reg:xxxxxxxx xxxxxxxx 0000001a xxxxxxxx 00000004 xxxxxxxx xxxxxxxx
mem:00000053 00000056 0000004d 0000000f
pc:000000c8 idatain:ac0501d0 stall:1
reg:xxxxxxxx xxxxxxxx 0000001a xxxxxxxx 00000004 xxxxxxxx xxxxxxxx
mem:00000053 00000056 0000004d 0000000f
pc:000000c8 idatain:ac0501d0 stall:0
reg:xxxxxxxx xxxxxxxx 0000001a xxxxxxxx 00000002 xxxxxxxx xxxxxxxx
mem:00000053 00000056 0000004d 0000000f
pc:000000cc idatain:8c030044 stall:0
reg:xxxxxxxx xxxxxxxx 0000001a xxxxxxxx 00000002 xxxxxxxx xxxxxxxx
mem:00000053 00000056 0000004d 0000000f
pc:000000d0 idatain:30650000 stall:0
reg:xxxxxxxx xxxxxxxx 00000028 xxxxxxxx 00000002 xxxxxxxx xxxxxxxx
mem:00000053 00000056 0000004d 0000000f
pc:000000d4 idatain:ac0501d4 stall:1
reg:xxxxxxxx xxxxxxxx 00000028 xxxxxxxx 00000002 xxxxxxxx xxxxxxxx
mem:00000053 00000056 0000004d 0000000f
pc:000000d4 idatain:ac0501d4 stall:0
reg:xxxxxxxx xxxxxxxx 00000028 xxxxxxxx 00000003 xxxxxxxx xxxxxxxx
mem:00000053 00000056 0000004d 0000000f
pc:000000d8 idatain:8c030048 stall:0
reg:xxxxxxxx xxxxxxxx 00000028 xxxxxxxx 00000003 xxxxxxxx xxxxxxxx
mem:00000053 00000056 0000004d 0000000f
pc:000000dc idatain:30650000 stall:0
reg:xxxxxxxx xxxxxxxx 0000001a xxxxxxxx 00000003 xxxxxxxx xxxxxxxx
mem:00000053 00000056 0000004d 0000000f
pc:000000e0 idatain:ac0501d8 stall:1
reg:xxxxxxxx xxxxxxxx 0000001a xxxxxxxx 00000003 xxxxxxxx xxxxxxxx
mem:00000053 00000056 0000004d 0000000f
pc:000000e0 idatain:ac0501d8 stall:0
reg:xxxxxxxx xxxxxxxx 0000001a xxxxxxxx 00000002 xxxxxxxx xxxxxxxx
mem:00000053 00000056 0000004d 0000000f
pc:000000e4 idatain:8c03004c stall:0
reg:xxxxxxxx xxxxxxxx 0000001a xxxxxxxx 00000002 xxxxxxxx xxxxxxxx
mem:00000053 00000056 0000004d 0000000f
pc:000000e8 idatain:30650000 stall:0
reg:xxxxxxxx xxxxxxxx 00000048 xxxxxxxx 00000002 xxxxxxxx xxxxxxxx
mem:00000053 00000056 0000004d 0000000f
pc:000000ec idatain:ac0501dc stall:1
reg:xxxxxxxx xxxxxxxx 00000048 xxxxxxxx 00000002 xxxxxxxx xxxxxxxx
mem:00000053 00000056 0000004d 0000000f
pc:000000ec idatain:ac0501dc stall:0
reg:xxxxxxxx xxxxxxxx 00000048 xxxxxxxx 00000004 xxxxxxxx xxxxxxxx
mem:00000053 00000056 0000004d 0000000f
pc:000000f0 idatain:8c030050 stall:0
reg:xxxxxxxx xxxxxxxx 00000048 xxxxxxxx 00000004 xxxxxxxx xxxxxxxx
mem:00000053 00000056 0000004d 0000000f
pc:000000f4 idatain:30650000 stall:0
reg:xxxxxxxx xxxxxxxx 00000024 xxxxxxxx 00000004 xxxxxxxx xxxxxxxx
mem:00000053 00000056 0000004d 0000000f
pc:000000f8 idatain:ac0501e0 stall:1
reg:xxxxxxxx xxxxxxxx 00000024 xxxxxxxx 00000004 xxxxxxxx xxxxxxxx
mem:00000053 00000056 0000004d 0000000f
pc:000000f8 idatain:ac0501e0 stall:0
reg:xxxxxxxx xxxxxxxx 00000024 xxxxxxxx 00000002 xxxxxxxx xxxxxxxx
mem:00000053 00000056 0000004d 0000000f
pc:000000fc idatain:8c030054 stall:0
reg:xxxxxxxx xxxxxxxx 00000024 xxxxxxxx 00000002 xxxxxxxx xxxxxxxx
mem:00000053 00000056 0000004d 0000000f
pc:00000100 idatain:30650000 stall:0
reg:xxxxxxxx xxxxxxxx 0000000b xxxxxxxx 00000002 xxxxxxxx xxxxxxxx
mem:00000053 00000056 0000004d 0000000f
pc:00000104 idatain:ac0501e4 stall:1
reg:xxxxxxxx xxxxxxxx 0000000b xxxxxxxx 00000002 xxxxxxxx xxxxxxxx
mem:00000053 00000056 0000004d 0000000f
pc:00000104 idatain:ac0501e4 stall:0
reg:xxxxxxxx xxxxxxxx 0000000b xxxxxxxx 00000002 xxxxxxxx xxxxxxxx
mem:00000053 00000056 0000004d 0000000f
pc:00000108 idatain:8c030058 stall:0
reg:xxxxxxxx xxxxxxxx 0000000b xxxxxxxx 00000002 xxxxxxxx xxxxxxxx
mem:00000053 00000056 0000004d 0000000f
pc:0000010c idatain:30650000 stall:0
reg:xxxxxxxx xxxxxxxx 00000044 xxxxxxxx 00000002 xxxxxxxx xxxxxxxx
mem:00000053 00000056 0000004d 0000000f
pc:00000110 idatain:ac0501e8 stall:1
reg:xxxxxxxx xxxxxxxx 00000044 xxxxxxxx 00000002 xxxxxxxx xxxxxxxx
mem:00000053 00000056 0000004d 0000000f
pc:00000110 idatain:ac0501e8 stall:0
reg:xxxxxxxx xxxxxxxx 00000044 xxxxxxxx 00000004 xxxxxxxx xxxxxxxx
mem:00000053 00000056 0000004d 0000000f
pc:00000114 idatain:8c03005c stall:0
reg:xxxxxxxx xxxxxxxx 00000044 xxxxxxxx 00000004 xxxxxxxx xxxxxxxx
mem:00000053 00000056 0000004d 0000000f
pc:00000118 idatain:30650000 stall:0
reg:xxxxxxxx xxxxxxxx 00000043 xxxxxxxx 00000004 xxxxxxxx xxxxxxxx
mem:00000053 00000056 0000004d 0000000f
pc:0000011c idatain:ac0501ec stall:1
reg:xxxxxxxx xxxxxxxx 00000043 xxxxxxxx 00000004 xxxxxxxx xxxxxxxx
mem:00000053 00000056 0000004d 0000000f
pc:0000011c idatain:ac0501ec stall:0
reg:xxxxxxxx xxxxxxxx 00000043 xxxxxxxx 00000004 xxxxxxxx xxxxxxxx
mem:00000053 00000056 0000004d 0000000f
pc:00000120 idatain:8c030060 stall:0
reg:xxxxxxxx xxxxxxxx 00000043 xxxxxxxx 00000004 xxxxxxxx xxxxxxxx
mem:00000053 00000056 0000004d 0000000f
pc:00000124 idatain:30650000 stall:0
reg:xxxxxxxx xxxxxxxx 0000001d xxxxxxxx 00000004 xxxxxxxx xxxxxxxx
mem:00000053 00000056 0000004d 0000000f
pc:00000128 idatain:ac0501f0 stall:1
reg:xxxxxxxx xxxxxxxx 0000001d xxxxxxxx 00000004 xxxxxxxx xxxxxxxx
mem:00000053 00000056 0000004d 0000000f
pc:00000128 idatain:ac0501f0 stall:0
reg:xxxxxxxx xxxxxxxx 0000001d xxxxxxxx 00000002 xxxxxxxx xxxxxxxx
mem:00000053 00000056 0000004d 0000000f
pc:0000012c idatain:8c030064 stall:0
reg:xxxxxxxx xxxxxxxx 0000001d xxxxxxxx 00000002 xxxxxxxx xxxxxxxx
mem:00000053 00000056 0000004d 0000000f
pc:00000130 idatain:30650000 stall:0
reg:xxxxxxxx xxxxxxxx 00000052 xxxxxxxx 00000002 xxxxxxxx xxxxxxxx
mem:00000053 00000056 0000004d 0000000f
pc:00000134 idatain:ac0501f4 stall:1
reg:xxxxxxxx xxxxxxxx 00000052 xxxxxxxx 00000002 xxxxxxxx xxxxxxxx
mem:00000053 00000056 0000004d 0000000f
pc:00000134 idatain:ac0501f4 stall:0
reg:xxxxxxxx xxxxxxxx 00000052 xxxxxxxx 00000004 xxxxxxxx xxxxxxxx
mem:00000053 00000056 0000004d 0000000f
pc:00000138 idatain:8c030068 stall:0
reg:xxxxxxxx xxxxxxxx 00000052 xxxxxxxx 00000004 xxxxxxxx xxxxxxxx
mem:00000053 00000056 0000004d 0000000f
pc:0000013c idatain:30650000 stall:0
reg:xxxxxxxx xxxxxxxx 0000001e xxxxxxxx 00000004 xxxxxxxx xxxxxxxx
mem:00000053 00000056 0000004d 0000000f
pc:00000140 idatain:ac0501f8 stall:1
reg:xxxxxxxx xxxxxxxx 0000001e xxxxxxxx 00000004 xxxxxxxx xxxxxxxx
mem:00000053 00000056 0000004d 0000000f
pc:00000140 idatain:ac0501f8 stall:0
reg:xxxxxxxx xxxxxxxx 0000001e xxxxxxxx 00000002 xxxxxxxx xxxxxxxx
mem:00000053 00000056 0000004d 0000000f
pc:00000144 idatain:8c03006c stall:0
reg:xxxxxxxx xxxxxxxx 0000001e xxxxxxxx 00000002 xxxxxxxx xxxxxxxx
mem:00000053 00000056 0000004d 0000000f
pc:00000148 idatain:30650000 stall:0
reg:xxxxxxxx xxxxxxxx 0000003e xxxxxxxx 00000002 xxxxxxxx xxxxxxxx
mem:00000053 00000056 0000004d 0000000f
pc:0000014c idatain:ac0501fc stall:1
reg:xxxxxxxx xxxxxxxx 0000003e xxxxxxxx 00000002 xxxxxxxx xxxxxxxx
mem:00000053 00000056 0000004d 0000000f
pc:0000014c idatain:ac0501fc stall:0
reg:xxxxxxxx xxxxxxxx 0000003e xxxxxxxx 00000004 xxxxxxxx xxxxxxxx
mem:00000053 00000056 0000004d 0000000f
pc:00000150 idatain:8c030070 stall:0
reg:xxxxxxxx xxxxxxxx 0000003e xxxxxxxx 00000004 xxxxxxxx xxxxxxxx
mem:00000053 00000056 0000004d 0000000f
pc:00000154 idatain:30650000 stall:0
reg:xxxxxxxx xxxxxxxx 00000017 xxxxxxxx 00000004 xxxxxxxx xxxxxxxx
mem:00000053 00000056 0000004d 0000000f
pc:00000158 idatain:ac050200 stall:1
reg:xxxxxxxx xxxxxxxx 00000017 xxxxxxxx 00000004 xxxxxxxx xxxxxxxx
mem:00000053 00000056 0000004d 0000000f
pc:00000158 idatain:ac050200 stall:0
reg:xxxxxxxx xxxxxxxx 00000017 xxxxxxxx 00000002 xxxxxxxx xxxxxxxx
mem:00000053 00000056 0000004d 0000000f
pc:0000015c idatain:8c030074 stall:0
reg:xxxxxxxx xxxxxxxx 00000017 xxxxxxxx 00000002 xxxxxxxx xxxxxxxx
mem:00000053 00000056 0000004d 0000000f
pc:00000160 idatain:30650000 stall:0
reg:xxxxxxxx xxxxxxxx 00000043 xxxxxxxx 00000002 xxxxxxxx xxxxxxxx
mem:00000053 00000056 0000004d 0000000f
pc:00000164 idatain:ac050204 stall:1
reg:xxxxxxxx xxxxxxxx 00000043 xxxxxxxx 00000002 xxxxxxxx xxxxxxxx
mem:00000053 00000056 0000004d 0000000f
pc:00000164 idatain:ac050204 stall:0
reg:xxxxxxxx xxxxxxxx 00000043 xxxxxxxx 00000004 xxxxxxxx xxxxxxxx
mem:00000053 00000056 0000004d 0000000f
pc:00000168 idatain:8c030078 stall:0
reg:xxxxxxxx xxxxxxxx 00000043 xxxxxxxx 00000004 xxxxxxxx xxxxxxxx
mem:00000053 00000056 0000004d 0000000f
pc:0000016c idatain:30650000 stall:0
reg:xxxxxxxx xxxxxxxx 00000023 xxxxxxxx 00000004 xxxxxxxx xxxxxxxx
mem:00000053 00000056 0000004d 0000000f
pc:00000170 idatain:ac050208 stall:1
reg:xxxxxxxx xxxxxxxx 00000023 xxxxxxxx 00000004 xxxxxxxx xxxxxxxx
mem:00000053 00000056 0000004d 0000000f
pc:00000170 idatain:ac050208 stall:0
reg:xxxxxxxx xxxxxxxx 00000023 xxxxxxxx 00000002 xxxxxxxx xxxxxxxx
mem:00000053 00000056 0000004d 0000000f
pc:00000174 idatain:8c03007c stall:0
reg:xxxxxxxx xxxxxxxx 00000023 xxxxxxxx 00000002 xxxxxxxx xxxxxxxx
mem:00000053 00000056 0000004d 0000000f
pc:00000178 idatain:30650000 stall:0
reg:xxxxxxxx xxxxxxxx 0000001d xxxxxxxx 00000002 xxxxxxxx xxxxxxxx
mem:00000053 00000056 0000004d 0000000f
pc:0000017c idatain:ac05020c stall:1
reg:xxxxxxxx xxxxxxxx 0000001d xxxxxxxx 00000002 xxxxxxxx xxxxxxxx
mem:00000053 00000056 0000004d 0000000f
pc:0000017c idatain:ac05020c stall:0
reg:xxxxxxxx xxxxxxxx 0000001d xxxxxxxx 00000002 xxxxxxxx xxxxxxxx
mem:00000053 00000056 0000004d 0000000f
pc:00000180 idatain:8c030080 stall:0
reg:xxxxxxxx xxxxxxxx 0000001d xxxxxxxx 00000002 xxxxxxxx xxxxxxxx
mem:00000053 00000056 0000004d 0000000f
pc:00000184 idatain:30650000 stall:0
reg:xxxxxxxx xxxxxxxx 00000002 xxxxxxxx 00000002 xxxxxxxx xxxxxxxx
mem:00000053 00000056 0000004d 0000000f
pc:00000188 idatain:ac050210 stall:1
reg:xxxxxxxx xxxxxxxx 00000002 xxxxxxxx 00000002 xxxxxxxx xxxxxxxx
mem:00000053 00000056 0000004d 0000000f
pc:00000188 idatain:ac050210 stall:0
reg:xxxxxxxx xxxxxxxx 00000002 xxxxxxxx 00000001 xxxxxxxx xxxxxxxx
mem:00000053 00000056 0000004d 0000000f
pc:0000018c idatain:8c030084 stall:0
reg:xxxxxxxx xxxxxxxx 00000002 xxxxxxxx 00000001 xxxxxxxx xxxxxxxx
mem:00000053 00000056 0000004d 0000000f
pc:00000190 idatain:30650000 stall:0
reg:xxxxxxxx xxxxxxxx 00000016 xxxxxxxx 00000001 xxxxxxxx xxxxxxxx
mem:00000053 00000056 0000004d 0000000f
pc:00000194 idatain:ac050214 stall:1
reg:xxxxxxxx xxxxxxxx 00000016 xxxxxxxx 00000001 xxxxxxxx xxxxxxxx
mem:00000053 00000056 0000004d 0000000f
pc:00000194 idatain:ac050214 stall:0
reg:xxxxxxxx xxxxxxxx 00000016 xxxxxxxx 00000002 xxxxxxxx xxxxxxxx
mem:00000053 00000056 0000004d 0000000f
pc:00000198 idatain:8c030088 stall:0
reg:xxxxxxxx xxxxxxxx 00000016 xxxxxxxx 00000002 xxxxxxxx xxxxxxxx
mem:00000053 00000056 0000004d 0000000f
pc:0000019c idatain:30650000 stall:0
reg:xxxxxxxx xxxxxxxx 0000003a xxxxxxxx 00000002 xxxxxxxx xxxxxxxx
mem:00000053 00000056 0000004d 0000000f
pc:000001a0 idatain:ac050218 stall:1
reg:xxxxxxxx xxxxxxxx 0000003a xxxxxxxx 00000002 xxxxxxxx xxxxxxxx
mem:00000053 00000056 0000004d 0000000f
pc:000001a0 idatain:ac050218 stall:0
reg:xxxxxxxx xxxxxxxx 0000003a xxxxxxxx 00000003 xxxxxxxx xxxxxxxx
mem:00000053 00000056 0000004d 0000000f
pc:000001a4 idatain:8c03008c stall:0
reg:xxxxxxxx xxxxxxxx 0000003a xxxxxxxx 00000003 xxxxxxxx xxxxxxxx
mem:00000053 00000056 0000004d 0000000f
pc:000001a8 idatain:30650000 stall:0
reg:xxxxxxxx xxxxxxxx 00000045 xxxxxxxx 00000003 xxxxxxxx xxxxxxxx
mem:00000053 00000056 0000004d 0000000f
pc:000001ac idatain:ac05021c stall:1
reg:xxxxxxxx xxxxxxxx 00000045 xxxxxxxx 00000003 xxxxxxxx xxxxxxxx
mem:00000053 00000056 0000004d 0000000f
pc:000001ac idatain:ac05021c stall:0
reg:xxxxxxxx xxxxxxxx 00000045 xxxxxxxx 00000004 xxxxxxxx xxxxxxxx
mem:00000053 00000056 0000004d 0000000f
pc:000001b0 idatain:8c030090 stall:0
reg:xxxxxxxx xxxxxxxx 00000045 xxxxxxxx 00000004 xxxxxxxx xxxxxxxx
mem:00000053 00000056 0000004d 0000000f
pc:000001b4 idatain:30650000 stall:0
reg:xxxxxxxx xxxxxxxx 00000043 xxxxxxxx 00000004 xxxxxxxx xxxxxxxx
mem:00000053 00000056 0000004d 0000000f
pc:000001b8 idatain:ac050220 stall:1
reg:xxxxxxxx xxxxxxxx 00000043 xxxxxxxx 00000004 xxxxxxxx xxxxxxxx
mem:00000053 00000056 0000004d 0000000f
pc:000001b8 idatain:ac050220 stall:0
reg:xxxxxxxx xxxxxxxx 00000043 xxxxxxxx 00000004 xxxxxxxx xxxxxxxx
mem:00000053 00000056 0000004d 0000000f
pc:000001bc idatain:8c030094 stall:0
reg:xxxxxxxx xxxxxxxx 00000043 xxxxxxxx 00000004 xxxxxxxx xxxxxxxx
mem:00000053 00000056 0000004d 0000000f
pc:000001c0 idatain:30650000 stall:0
reg:xxxxxxxx xxxxxxxx 0000005d xxxxxxxx 00000004 xxxxxxxx xxxxxxxx
mem:00000053 00000056 0000004d 0000000f
pc:000001c4 idatain:ac050224 stall:1
reg:xxxxxxxx xxxxxxxx 0000005d xxxxxxxx 00000004 xxxxxxxx xxxxxxxx
mem:00000053 00000056 0000004d 0000000f
pc:000001c4 idatain:ac050224 stall:0
reg:xxxxxxxx xxxxxxxx 0000005d xxxxxxxx 00000005 xxxxxxxx xxxxxxxx
mem:00000053 00000056 0000004d 0000000f
pc:000001c8 idatain:8c030098 stall:0
reg:xxxxxxxx xxxxxxxx 0000005d xxxxxxxx 00000005 xxxxxxxx xxxxxxxx
mem:00000053 00000056 0000004d 0000000f
pc:000001cc idatain:30650000 stall:0
reg:xxxxxxxx xxxxxxxx 00000038 xxxxxxxx 00000005 xxxxxxxx xxxxxxxx
mem:00000053 00000056 0000004d 0000000f
pc:000001d0 idatain:ac050228 stall:1
reg:xxxxxxxx xxxxxxxx 00000038 xxxxxxxx 00000005 xxxxxxxx xxxxxxxx
mem:00000053 00000056 0000004d 0000000f
pc:000001d0 idatain:ac050228 stall:0
reg:xxxxxxxx xxxxxxxx 00000038 xxxxxxxx 00000003 xxxxxxxx xxxxxxxx
mem:00000053 00000056 0000004d 0000000f
pc:000001d4 idatain:8c03009c stall:0
reg:xxxxxxxx xxxxxxxx 00000038 xxxxxxxx 00000003 xxxxxxxx xxxxxxxx
mem:00000053 00000056 0000004d 0000000f
pc:000001d8 idatain:30650000 stall:0
reg:xxxxxxxx xxxxxxxx 0000000b xxxxxxxx 00000003 xxxxxxxx xxxxxxxx
mem:00000053 00000056 0000004d 0000000f
pc:000001dc idatain:ac05022c stall:1
reg:xxxxxxxx xxxxxxxx 0000000b xxxxxxxx 00000003 xxxxxxxx xxxxxxxx
mem:00000053 00000056 0000004d 0000000f
pc:000001dc idatain:ac05022c stall:0
reg:xxxxxxxx xxxxxxxx 0000000b xxxxxxxx 00000002 xxxxxxxx xxxxxxxx
mem:00000053 00000056 0000004d 0000000f
pc:000001e0 idatain:8c0300a0 stall:0
reg:xxxxxxxx xxxxxxxx 0000000b xxxxxxxx 00000002 xxxxxxxx xxxxxxxx
mem:00000053 00000056 0000004d 0000000f
pc:000001e4 idatain:30650000 stall:0
reg:xxxxxxxx xxxxxxxx 0000002a xxxxxxxx 00000002 xxxxxxxx xxxxxxxx
mem:00000053 00000056 0000004d 0000000f
pc:000001e8 idatain:ac050230 stall:1
reg:xxxxxxxx xxxxxxxx 0000002a xxxxxxxx 00000002 xxxxxxxx xxxxxxxx
mem:00000053 00000056 0000004d 0000000f
pc:000001e8 idatain:ac050230 stall:0
reg:xxxxxxxx xxxxxxxx 0000002a xxxxxxxx 00000003 xxxxxxxx xxxxxxxx
mem:00000053 00000056 0000004d 0000000f
pc:000001ec idatain:8c0300a4 stall:0
reg:xxxxxxxx xxxxxxxx 0000002a xxxxxxxx 00000003 xxxxxxxx xxxxxxxx
mem:00000053 00000056 0000004d 0000000f
pc:000001f0 idatain:30650000 stall:0
reg:xxxxxxxx xxxxxxxx 0000001d xxxxxxxx 00000003 xxxxxxxx xxxxxxxx
mem:00000053 00000056 0000004d 0000000f
pc:000001f4 idatain:ac050234 stall:1
reg:xxxxxxxx xxxxxxxx 0000001d xxxxxxxx 00000003 xxxxxxxx xxxxxxxx
mem:00000053 00000056 0000004d 0000000f
pc:000001f4 idatain:ac050234 stall:0
reg:xxxxxxxx xxxxxxxx 0000001d xxxxxxxx 00000002 xxxxxxxx xxxxxxxx
mem:00000053 00000056 0000004d 0000000f
pc:000001f8 idatain:8c0300a8 stall:0
reg:xxxxxxxx xxxxxxxx 0000001d xxxxxxxx 00000002 xxxxxxxx xxxxxxxx
mem:00000053 00000056 0000004d 0000000f
pc:000001fc idatain:30650000 stall:0
reg:xxxxxxxx xxxxxxxx 00000049 xxxxxxxx 00000002 xxxxxxxx xxxxxxxx
mem:00000053 00000056 0000004d 0000000f
pc:00000200 idatain:ac050238 stall:1
reg:xxxxxxxx xxxxxxxx 00000049 xxxxxxxx 00000002 xxxxxxxx xxxxxxxx
mem:00000053 00000056 0000004d 0000000f
pc:00000200 idatain:ac050238 stall:0
reg:xxxxxxxx xxxxxxxx 00000049 xxxxxxxx 00000004 xxxxxxxx xxxxxxxx
mem:00000053 00000056 0000004d 0000000f
pc:00000204 idatain:8c0300ac stall:0
reg:xxxxxxxx xxxxxxxx 00000049 xxxxxxxx 00000004 xxxxxxxx xxxxxxxx
mem:00000053 00000056 0000004d 0000000f
pc:00000208 idatain:30650000 stall:0
reg:xxxxxxxx xxxxxxxx 00000015 xxxxxxxx 00000004 xxxxxxxx xxxxxxxx
mem:00000053 00000056 0000004d 0000000f
pc:0000020c idatain:ac05023c stall:1
reg:xxxxxxxx xxxxxxxx 00000015 xxxxxxxx 00000004 xxxxxxxx xxxxxxxx
mem:00000053 00000056 0000004d 0000000f
pc:0000020c idatain:ac05023c stall:0
reg:xxxxxxxx xxxxxxxx 00000015 xxxxxxxx 00000002 xxxxxxxx xxxxxxxx
mem:00000053 00000056 0000004d 0000000f
pc:00000210 idatain:8c0300b0 stall:0
reg:xxxxxxxx xxxxxxxx 00000015 xxxxxxxx 00000002 xxxxxxxx xxxxxxxx
mem:00000053 00000056 0000004d 0000000f
pc:00000214 idatain:30650000 stall:0
reg:xxxxxxxx xxxxxxxx 00000013 xxxxxxxx 00000002 xxxxxxxx xxxxxxxx
mem:00000053 00000056 0000004d 0000000f
pc:00000218 idatain:ac050240 stall:1
reg:xxxxxxxx xxxxxxxx 00000013 xxxxxxxx 00000002 xxxxxxxx xxxxxxxx
mem:00000053 00000056 0000004d 0000000f
pc:00000218 idatain:ac050240 stall:0
reg:xxxxxxxx xxxxxxxx 00000013 xxxxxxxx 00000002 xxxxxxxx xxxxxxxx
mem:00000053 00000056 0000004d 0000000f
pc:0000021c idatain:8c0300b4 stall:0
reg:xxxxxxxx xxxxxxxx 00000013 xxxxxxxx 00000002 xxxxxxxx xxxxxxxx
mem:00000053 00000056 0000004d 0000000f
pc:00000220 idatain:30650000 stall:0
reg:xxxxxxxx xxxxxxxx 00000054 xxxxxxxx 00000002 xxxxxxxx xxxxxxxx
mem:00000053 00000056 0000004d 0000000f
pc:00000224 idatain:ac050244 stall:1
reg:xxxxxxxx xxxxxxxx 00000054 xxxxxxxx 00000002 xxxxxxxx xxxxxxxx
mem:00000053 00000056 0000004d 0000000f
pc:00000224 idatain:ac050244 stall:0
reg:xxxxxxxx xxxxxxxx 00000054 xxxxxxxx 00000004 xxxxxxxx xxxxxxxx
mem:00000053 00000056 0000004d 0000000f
pc:00000228 idatain:8c0300b8 stall:0
reg:xxxxxxxx xxxxxxxx 00000054 xxxxxxxx 00000004 xxxxxxxx xxxxxxxx
mem:00000053 00000056 0000004d 0000000f
pc:0000022c idatain:30650000 stall:0
reg:xxxxxxxx xxxxxxxx 00000025 xxxxxxxx 00000004 xxxxxxxx xxxxxxxx
mem:00000053 00000056 0000004d 0000000f
pc:00000230 idatain:ac050248 stall:1
reg:xxxxxxxx xxxxxxxx 00000025 xxxxxxxx 00000004 xxxxxxxx xxxxxxxx
mem:00000053 00000056 0000004d 0000000f
pc:00000230 idatain:ac050248 stall:0
reg:xxxxxxxx xxxxxxxx 00000025 xxxxxxxx 00000002 xxxxxxxx xxxxxxxx
mem:00000053 00000056 0000004d 0000000f
pc:00000234 idatain:8c0300bc stall:0
reg:xxxxxxxx xxxxxxxx 00000025 xxxxxxxx 00000002 xxxxxxxx xxxxxxxx
mem:00000053 00000056 0000004d 0000000f
pc:00000238 idatain:30650000 stall:0
reg:xxxxxxxx xxxxxxxx 00000062 xxxxxxxx 00000002 xxxxxxxx xxxxxxxx
mem:00000053 00000056 0000004d 0000000f
pc:0000023c idatain:ac05024c stall:1
reg:xxxxxxxx xxxxxxxx 00000062 xxxxxxxx 00000002 xxxxxxxx xxxxxxxx
mem:00000053 00000056 0000004d 0000000f
pc:0000023c idatain:ac05024c stall:0
reg:xxxxxxxx xxxxxxxx 00000062 xxxxxxxx 00000005 xxxxxxxx xxxxxxxx
mem:00000053 00000056 0000004d 0000000f
pc:00000240 idatain:8c0300c0 stall:0
reg:xxxxxxxx xxxxxxxx 00000062 xxxxxxxx 00000005 xxxxxxxx xxxxxxxx
mem:00000053 00000056 0000004d 0000000f
pc:00000244 idatain:30650000 stall:0
reg:xxxxxxxx xxxxxxxx 00000018 xxxxxxxx 00000005 xxxxxxxx xxxxxxxx
mem:00000053 00000056 0000004d 0000000f
pc:00000248 idatain:ac050250 stall:1
reg:xxxxxxxx xxxxxxxx 00000018 xxxxxxxx 00000005 xxxxxxxx xxxxxxxx
mem:00000053 00000056 0000004d 0000000f
pc:00000248 idatain:ac050250 stall:0
reg:xxxxxxxx xxxxxxxx 00000018 xxxxxxxx 00000002 xxxxxxxx xxxxxxxx
mem:00000053 00000056 0000004d 0000000f
pc:0000024c idatain:8c0300c4 stall:0
reg:xxxxxxxx xxxxxxxx 00000018 xxxxxxxx 00000002 xxxxxxxx xxxxxxxx
mem:00000053 00000056 0000004d 0000000f
pc:00000250 idatain:30650000 stall:0
reg:xxxxxxxx xxxxxxxx 0000000f xxxxxxxx 00000002 xxxxxxxx xxxxxxxx
mem:00000053 00000056 0000004d 0000000f
pc:00000254 idatain:ac050254 stall:1
reg:xxxxxxxx xxxxxxxx 0000000f xxxxxxxx 00000002 xxxxxxxx xxxxxxxx
mem:00000053 00000056 0000004d 0000000f
pc:00000254 idatain:ac050254 stall:0
reg:xxxxxxxx xxxxxxxx 0000000f xxxxxxxx 00000002 xxxxxxxx xxxxxxxx
mem:00000053 00000056 0000004d 0000000f
pc:00000258 idatain:8c0300c8 stall:0
reg:xxxxxxxx xxxxxxxx 0000000f xxxxxxxx 00000002 xxxxxxxx xxxxxxxx
mem:00000053 00000056 0000004d 0000000f
pc:0000025c idatain:30650000 stall:0
reg:xxxxxxxx xxxxxxxx 00000046 xxxxxxxx 00000002 xxxxxxxx xxxxxxxx
mem:00000053 00000056 0000004d 0000000f
pc:00000260 idatain:ac050258 stall:1
reg:xxxxxxxx xxxxxxxx 00000046 xxxxxxxx 00000002 xxxxxxxx xxxxxxxx
mem:00000053 00000056 0000004d 0000000f
pc:00000260 idatain:ac050258 stall:0
reg:xxxxxxxx xxxxxxxx 00000046 xxxxxxxx 00000004 xxxxxxxx xxxxxxxx
mem:00000053 00000056 0000004d 0000000f
pc:00000264 idatain:8c0300cc stall:0
reg:xxxxxxxx xxxxxxxx 00000046 xxxxxxxx 00000004 xxxxxxxx xxxxxxxx
mem:00000053 00000056 0000004d 0000000f
pc:00000268 idatain:30650000 stall:0
reg:xxxxxxxx xxxxxxxx 0000000d xxxxxxxx 00000004 xxxxxxxx xxxxxxxx
mem:00000053 00000056 0000004d 0000000f
pc:0000026c idatain:ac05025c stall:1
reg:xxxxxxxx xxxxxxxx 0000000d xxxxxxxx 00000004 xxxxxxxx xxxxxxxx
mem:00000053 00000056 0000004d 0000000f
pc:0000026c idatain:ac05025c stall:0
reg:xxxxxxxx xxxxxxxx 0000000d xxxxxxxx 00000002 xxxxxxxx xxxxxxxx
mem:00000053 00000056 0000004d 0000000f
pc:00000270 idatain:8c0300d0 stall:0
reg:xxxxxxxx xxxxxxxx 0000000d xxxxxxxx 00000002 xxxxxxxx xxxxxxxx
mem:00000053 00000056 0000004d 0000000f
pc:00000274 idatain:30650000 stall:0
reg:xxxxxxxx xxxxxxxx 0000001a xxxxxxxx 00000002 xxxxxxxx xxxxxxxx
mem:00000053 00000056 0000004d 0000000f
pc:00000278 idatain:ac050260 stall:1
reg:xxxxxxxx xxxxxxxx 0000001a xxxxxxxx 00000002 xxxxxxxx xxxxxxxx
mem:00000053 00000056 0000004d 0000000f
pc:00000278 idatain:ac050260 stall:0
reg:xxxxxxxx xxxxxxxx 0000001a xxxxxxxx 00000002 xxxxxxxx xxxxxxxx
mem:00000053 00000056 0000004d 0000000f
pc:0000027c idatain:8c0300d4 stall:0
reg:xxxxxxxx xxxxxxxx 0000001a xxxxxxxx 00000002 xxxxxxxx xxxxxxxx
mem:00000053 00000056 0000004d 0000000f
pc:00000280 idatain:30650000 stall:0
reg:xxxxxxxx xxxxxxxx 0000005b xxxxxxxx 00000002 xxxxxxxx xxxxxxxx
mem:00000053 00000056 0000004d 0000000f
pc:00000284 idatain:ac050264 stall:1
reg:xxxxxxxx xxxxxxxx 0000005b xxxxxxxx 00000002 xxxxxxxx xxxxxxxx
mem:00000053 00000056 0000004d 0000000f
pc:00000284 idatain:ac050264 stall:0
reg:xxxxxxxx xxxxxxxx 0000005b xxxxxxxx 00000005 xxxxxxxx xxxxxxxx
mem:00000053 00000056 0000004d 0000000f
pc:00000288 idatain:8c0300d8 stall:0
reg:xxxxxxxx xxxxxxxx 0000005b xxxxxxxx 00000005 xxxxxxxx xxxxxxxx
mem:00000053 00000056 0000004d 0000000f
pc:0000028c idatain:30650000 stall:0
reg:xxxxxxxx xxxxxxxx 00000050 xxxxxxxx 00000005 xxxxxxxx xxxxxxxx
mem:00000053 00000056 0000004d 0000000f
pc:00000290 idatain:ac050268 stall:1
reg:xxxxxxxx xxxxxxxx 00000050 xxxxxxxx 00000005 xxxxxxxx xxxxxxxx
mem:00000053 00000056 0000004d 0000000f
pc:00000290 idatain:ac050268 stall:0
reg:xxxxxxxx xxxxxxxx 00000050 xxxxxxxx 00000004 xxxxxxxx xxxxxxxx
mem:00000053 00000056 0000004d 0000000f
pc:00000294 idatain:8c0300dc stall:0
reg:xxxxxxxx xxxxxxxx 00000050 xxxxxxxx 00000004 xxxxxxxx xxxxxxxx
mem:00000053 00000056 0000004d 0000000f
pc:00000298 idatain:30650000 stall:0
reg:xxxxxxxx xxxxxxxx 00000038 xxxxxxxx 00000004 xxxxxxxx xxxxxxxx
mem:00000053 00000056 0000004d 0000000f
pc:0000029c idatain:ac05026c stall:1
reg:xxxxxxxx xxxxxxxx 00000038 xxxxxxxx 00000004 xxxxxxxx xxxxxxxx
mem:00000053 00000056 0000004d 0000000f
pc:0000029c idatain:ac05026c stall:0
reg:xxxxxxxx xxxxxxxx 00000038 xxxxxxxx 00000003 xxxxxxxx xxxxxxxx
mem:00000053 00000056 0000004d 0000000f
pc:000002a0 idatain:8c0300e0 stall:0
reg:xxxxxxxx xxxxxxxx 00000038 xxxxxxxx 00000003 xxxxxxxx xxxxxxxx
mem:00000053 00000056 0000004d 0000000f
pc:000002a4 idatain:30650000 stall:0
reg:xxxxxxxx xxxxxxxx 00000049 xxxxxxxx 00000003 xxxxxxxx xxxxxxxx
mem:00000053 00000056 0000004d 0000000f
pc:000002a8 idatain:ac050270 stall:1
reg:xxxxxxxx xxxxxxxx 00000049 xxxxxxxx 00000003 xxxxxxxx xxxxxxxx
mem:00000053 00000056 0000004d 0000000f
pc:000002a8 idatain:ac050270 stall:0
reg:xxxxxxxx xxxxxxxx 00000049 xxxxxxxx 00000004 xxxxxxxx xxxxxxxx
mem:00000053 00000056 0000004d 0000000f
pc:000002ac idatain:8c0300e4 stall:0
reg:xxxxxxxx xxxxxxxx 00000049 xxxxxxxx 00000004 xxxxxxxx xxxxxxxx
mem:00000053 00000056 0000004d 0000000f
pc:000002b0 idatain:30650000 stall:0
reg:xxxxxxxx xxxxxxxx 0000003e xxxxxxxx 00000004 xxxxxxxx xxxxxxxx
mem:00000053 00000056 0000004d 0000000f
pc:000002b4 idatain:ac050274 stall:1
reg:xxxxxxxx xxxxxxxx 0000003e xxxxxxxx 00000004 xxxxxxxx xxxxxxxx
mem:00000053 00000056 0000004d 0000000f
pc:000002b4 idatain:ac050274 stall:0
reg:xxxxxxxx xxxxxxxx 0000003e xxxxxxxx 00000004 xxxxxxxx xxxxxxxx
mem:00000053 00000056 0000004d 0000000f
pc:000002b8 idatain:8c0300e8 stall:0
reg:xxxxxxxx xxxxxxxx 0000003e xxxxxxxx 00000004 xxxxxxxx xxxxxxxx
mem:00000053 00000056 0000004d 0000000f
pc:000002bc idatain:30650000 stall:0
reg:xxxxxxxx xxxxxxxx 00000046 xxxxxxxx 00000004 xxxxxxxx xxxxxxxx
mem:00000053 00000056 0000004d 0000000f
pc:000002c0 idatain:ac050278 stall:1
reg:xxxxxxxx xxxxxxxx 00000046 xxxxxxxx 00000004 xxxxxxxx xxxxxxxx
mem:00000053 00000056 0000004d 0000000f
pc:000002c0 idatain:ac050278 stall:0
reg:xxxxxxxx xxxxxxxx 00000046 xxxxxxxx 00000004 xxxxxxxx xxxxxxxx
mem:00000053 00000056 0000004d 0000000f
pc:000002c4 idatain:8c0300ec stall:0
reg:xxxxxxxx xxxxxxxx 00000046 xxxxxxxx 00000004 xxxxxxxx xxxxxxxx
mem:00000053 00000056 0000004d 0000000f
pc:000002c8 idatain:30650000 stall:0
reg:xxxxxxxx xxxxxxxx 00000060 xxxxxxxx 00000004 xxxxxxxx xxxxxxxx
mem:00000053 00000056 0000004d 0000000f
pc:000002cc idatain:ac05027c stall:1
reg:xxxxxxxx xxxxxxxx 00000060 xxxxxxxx 00000004 xxxxxxxx xxxxxxxx
mem:00000053 00000056 0000004d 0000000f
pc:000002cc idatain:ac05027c stall:0
reg:xxxxxxxx xxxxxxxx 00000060 xxxxxxxx 00000005 xxxxxxxx xxxxxxxx
mem:00000053 00000056 0000004d 0000000f
pc:000002d0 idatain:8c0300f0 stall:0
reg:xxxxxxxx xxxxxxxx 00000060 xxxxxxxx 00000005 xxxxxxxx xxxxxxxx
mem:00000053 00000056 0000004d 0000000f
pc:000002d4 idatain:30650000 stall:0
reg:xxxxxxxx xxxxxxxx 00000051 xxxxxxxx 00000005 xxxxxxxx xxxxxxxx
mem:00000053 00000056 0000004d 0000000f
pc:000002d8 idatain:ac050280 stall:1
reg:xxxxxxxx xxxxxxxx 00000051 xxxxxxxx 00000005 xxxxxxxx xxxxxxxx
mem:00000053 00000056 0000004d 0000000f
pc:000002d8 idatain:ac050280 stall:0
reg:xxxxxxxx xxxxxxxx 00000051 xxxxxxxx 00000004 xxxxxxxx xxxxxxxx
mem:00000053 00000056 0000004d 0000000f
pc:000002dc idatain:8c0300f4 stall:0
reg:xxxxxxxx xxxxxxxx 00000051 xxxxxxxx 00000004 xxxxxxxx xxxxxxxx
mem:00000053 00000056 0000004d 0000000f
pc:000002e0 idatain:30650000 stall:0
reg:xxxxxxxx xxxxxxxx 00000005 xxxxxxxx 00000004 xxxxxxxx xxxxxxxx
mem:00000053 00000056 0000004d 0000000f
pc:000002e4 idatain:ac050284 stall:1
reg:xxxxxxxx xxxxxxxx 00000005 xxxxxxxx 00000004 xxxxxxxx xxxxxxxx
mem:00000053 00000056 0000004d 0000000f
pc:000002e4 idatain:ac050284 stall:0
reg:xxxxxxxx xxxxxxxx 00000005 xxxxxxxx 00000001 xxxxxxxx xxxxxxxx
mem:00000053 00000056 0000004d 0000000f
pc:000002e8 idatain:8c0300f8 stall:0
reg:xxxxxxxx xxxxxxxx 00000005 xxxxxxxx 00000001 xxxxxxxx xxxxxxxx
mem:00000053 00000056 0000004d 0000000f
pc:000002ec idatain:30650000 stall:0
reg:xxxxxxxx xxxxxxxx 00000019 xxxxxxxx 00000001 xxxxxxxx xxxxxxxx
mem:00000053 00000056 0000004d 0000000f
pc:000002f0 idatain:ac050288 stall:1
reg:xxxxxxxx xxxxxxxx 00000019 xxxxxxxx 00000001 xxxxxxxx xxxxxxxx
mem:00000053 00000056 0000004d 0000000f
pc:000002f0 idatain:ac050288 stall:0
reg:xxxxxxxx xxxxxxxx 00000019 xxxxxxxx 00000002 xxxxxxxx xxxxxxxx
mem:00000053 00000056 0000004d 0000000f
pc:000002f4 idatain:8c0300fc stall:0
reg:xxxxxxxx xxxxxxxx 00000019 xxxxxxxx 00000002 xxxxxxxx xxxxxxxx
mem:00000053 00000056 0000004d 0000000f
pc:000002f8 idatain:30650000 stall:0
reg:xxxxxxxx xxxxxxxx 00000054 xxxxxxxx 00000002 xxxxxxxx xxxxxxxx
mem:00000053 00000056 0000004d 0000000f
pc:000002fc idatain:ac05028c stall:1
reg:xxxxxxxx xxxxxxxx 00000054 xxxxxxxx 00000002 xxxxxxxx xxxxxxxx
mem:00000053 00000056 0000004d 0000000f
pc:000002fc idatain:ac05028c stall:0
reg:xxxxxxxx xxxxxxxx 00000054 xxxxxxxx 00000004 xxxxxxxx xxxxxxxx
mem:00000053 00000056 0000004d 0000000f
pc:00000300 idatain:8c030100 stall:0
reg:xxxxxxxx xxxxxxxx 00000054 xxxxxxxx 00000004 xxxxxxxx xxxxxxxx
mem:00000053 00000056 0000004d 0000000f
pc:00000304 idatain:30650000 stall:0
reg:xxxxxxxx xxxxxxxx 0000001b xxxxxxxx 00000004 xxxxxxxx xxxxxxxx
mem:00000053 00000056 0000004d 0000000f
pc:00000308 idatain:ac050290 stall:1
reg:xxxxxxxx xxxxxxxx 0000001b xxxxxxxx 00000004 xxxxxxxx xxxxxxxx
mem:00000053 00000056 0000004d 0000000f
pc:00000308 idatain:ac050290 stall:0
reg:xxxxxxxx xxxxxxxx 0000001b xxxxxxxx 00000002 xxxxxxxx xxxxxxxx
mem:00000053 00000056 0000004d 0000000f
pc:0000030c idatain:8c030104 stall:0
reg:xxxxxxxx xxxxxxxx 0000001b xxxxxxxx 00000002 xxxxxxxx xxxxxxxx
mem:00000053 00000056 0000004d 0000000f
pc:00000310 idatain:30650000 stall:0
reg:xxxxxxxx xxxxxxxx 00000024 xxxxxxxx 00000002 xxxxxxxx xxxxxxxx
mem:00000053 00000056 0000004d 0000000f
pc:00000314 idatain:ac050294 stall:1
reg:xxxxxxxx xxxxxxxx 00000024 xxxxxxxx 00000002 xxxxxxxx xxxxxxxx
mem:00000053 00000056 0000004d 0000000f
pc:00000314 idatain:ac050294 stall:0
reg:xxxxxxxx xxxxxxxx 00000024 xxxxxxxx 00000002 xxxxxxxx xxxxxxxx
mem:00000053 00000056 0000004d 0000000f
pc:00000318 idatain:8c030108 stall:0
reg:xxxxxxxx xxxxxxxx 00000024 xxxxxxxx 00000002 xxxxxxxx xxxxxxxx
mem:00000053 00000056 0000004d 0000000f
pc:0000031c idatain:30650000 stall:0
reg:xxxxxxxx xxxxxxxx 00000005 xxxxxxxx 00000002 xxxxxxxx xxxxxxxx
mem:00000053 00000056 0000004d 0000000f
pc:00000320 idatain:ac050298 stall:1
reg:xxxxxxxx xxxxxxxx 00000005 xxxxxxxx 00000002 xxxxxxxx xxxxxxxx
mem:00000053 00000056 0000004d 0000000f
pc:00000320 idatain:ac050298 stall:0
reg:xxxxxxxx xxxxxxxx 00000005 xxxxxxxx 00000001 xxxxxxxx xxxxxxxx
mem:00000053 00000056 0000004d 0000000f
pc:00000324 idatain:8c03010c stall:0
reg:xxxxxxxx xxxxxxxx 00000005 xxxxxxxx 00000001 xxxxxxxx xxxxxxxx
mem:00000053 00000056 0000004d 0000000f
pc:00000328 idatain:30650000 stall:0
reg:xxxxxxxx xxxxxxxx 0000002e xxxxxxxx 00000001 xxxxxxxx xxxxxxxx
mem:00000053 00000056 0000004d 0000000f
pc:0000032c idatain:ac05029c stall:1
reg:xxxxxxxx xxxxxxxx 0000002e xxxxxxxx 00000001 xxxxxxxx xxxxxxxx
mem:00000053 00000056 0000004d 0000000f
pc:0000032c idatain:ac05029c stall:0
reg:xxxxxxxx xxxxxxxx 0000002e xxxxxxxx 00000003 xxxxxxxx xxxxxxxx
mem:00000053 00000056 0000004d 0000000f
pc:00000330 idatain:8c030110 stall:0
reg:xxxxxxxx xxxxxxxx 0000002e xxxxxxxx 00000003 xxxxxxxx xxxxxxxx
mem:00000053 00000056 0000004d 0000000f
pc:00000334 idatain:30650000 stall:0
reg:xxxxxxxx xxxxxxxx 0000001d xxxxxxxx 00000003 xxxxxxxx xxxxxxxx
mem:00000053 00000056 0000004d 0000000f
pc:00000338 idatain:ac0502a0 stall:1
reg:xxxxxxxx xxxxxxxx 0000001d xxxxxxxx 00000003 xxxxxxxx xxxxxxxx
mem:00000053 00000056 0000004d 0000000f
pc:00000338 idatain:ac0502a0 stall:0
reg:xxxxxxxx xxxxxxxx 0000001d xxxxxxxx 00000002 xxxxxxxx xxxxxxxx
mem:00000053 00000056 0000004d 0000000f
pc:0000033c idatain:8c030114 stall:0
reg:xxxxxxxx xxxxxxxx 0000001d xxxxxxxx 00000002 xxxxxxxx xxxxxxxx
mem:00000053 00000056 0000004d 0000000f
pc:00000340 idatain:30650000 stall:0
reg:xxxxxxxx xxxxxxxx 0000000d xxxxxxxx 00000002 xxxxxxxx xxxxxxxx
mem:00000053 00000056 0000004d 0000000f
pc:00000344 idatain:ac0502a4 stall:1
reg:xxxxxxxx xxxxxxxx 0000000d xxxxxxxx 00000002 xxxxxxxx xxxxxxxx
mem:00000053 00000056 0000004d 0000000f
pc:00000344 idatain:ac0502a4 stall:0
reg:xxxxxxxx xxxxxxxx 0000000d xxxxxxxx 00000002 xxxxxxxx xxxxxxxx
mem:00000053 00000056 0000004d 0000000f
pc:00000348 idatain:8c030118 stall:0
reg:xxxxxxxx xxxxxxxx 0000000d xxxxxxxx 00000002 xxxxxxxx xxxxxxxx
mem:00000053 00000056 0000004d 0000000f
pc:0000034c idatain:30650000 stall:0
reg:xxxxxxxx xxxxxxxx 00000039 xxxxxxxx 00000002 xxxxxxxx xxxxxxxx
mem:00000053 00000056 0000004d 0000000f
pc:00000350 idatain:ac0502a8 stall:1
reg:xxxxxxxx xxxxxxxx 00000039 xxxxxxxx 00000002 xxxxxxxx xxxxxxxx
mem:00000053 00000056 0000004d 0000000f
pc:00000350 idatain:ac0502a8 stall:0
reg:xxxxxxxx xxxxxxxx 00000039 xxxxxxxx 00000003 xxxxxxxx xxxxxxxx
mem:00000053 00000056 0000004d 0000000f
pc:00000354 idatain:8c03011c stall:0
reg:xxxxxxxx xxxxxxxx 00000039 xxxxxxxx 00000003 xxxxxxxx xxxxxxxx
mem:00000053 00000056 0000004d 0000000f
pc:00000358 idatain:30650000 stall:0
reg:xxxxxxxx xxxxxxxx 00000018 xxxxxxxx 00000003 xxxxxxxx xxxxxxxx
mem:00000053 00000056 0000004d 0000000f
pc:0000035c idatain:ac0502ac stall:1
reg:xxxxxxxx xxxxxxxx 00000018 xxxxxxxx 00000003 xxxxxxxx xxxxxxxx
mem:00000053 00000056 0000004d 0000000f
pc:0000035c idatain:ac0502ac stall:0
reg:xxxxxxxx xxxxxxxx 00000018 xxxxxxxx 00000002 xxxxxxxx xxxxxxxx
mem:00000053 00000056 0000004d 0000000f
pc:00000360 idatain:8c030120 stall:0
reg:xxxxxxxx xxxxxxxx 00000018 xxxxxxxx 00000002 xxxxxxxx xxxxxxxx
mem:00000053 00000056 0000004d 0000000f
pc:00000364 idatain:30650000 stall:0
reg:xxxxxxxx xxxxxxxx 0000005f xxxxxxxx 00000002 xxxxxxxx xxxxxxxx
mem:00000053 00000056 0000004d 0000000f
pc:00000368 idatain:ac0502b0 stall:1
reg:xxxxxxxx xxxxxxxx 0000005f xxxxxxxx 00000002 xxxxxxxx xxxxxxxx
mem:00000053 00000056 0000004d 0000000f
pc:00000368 idatain:ac0502b0 stall:0
reg:xxxxxxxx xxxxxxxx 0000005f xxxxxxxx 00000005 xxxxxxxx xxxxxxxx
mem:00000053 00000056 0000004d 0000000f
pc:0000036c idatain:8c030124 stall:0
reg:xxxxxxxx xxxxxxxx 0000005f xxxxxxxx 00000005 xxxxxxxx xxxxxxxx
mem:00000053 00000056 0000004d 0000000f
pc:00000370 idatain:30650000 stall:0
reg:xxxxxxxx xxxxxxxx 00000052 xxxxxxxx 00000005 xxxxxxxx xxxxxxxx
mem:00000053 00000056 0000004d 0000000f
pc:00000374 idatain:ac0502b4 stall:1
reg:xxxxxxxx xxxxxxxx 00000052 xxxxxxxx 00000005 xxxxxxxx xxxxxxxx
mem:00000053 00000056 0000004d 0000000f
pc:00000374 idatain:ac0502b4 stall:0
reg:xxxxxxxx xxxxxxxx 00000052 xxxxxxxx 00000004 xxxxxxxx xxxxxxxx
mem:00000053 00000056 0000004d 0000000f
pc:00000378 idatain:8c030128 stall:0
reg:xxxxxxxx xxxxxxxx 00000052 xxxxxxxx 00000004 xxxxxxxx xxxxxxxx
mem:00000053 00000056 0000004d 0000000f
pc:0000037c idatain:30650000 stall:0
reg:xxxxxxxx xxxxxxxx 0000002d xxxxxxxx 00000004 xxxxxxxx xxxxxxxx
mem:00000053 00000056 0000004d 0000000f
pc:00000380 idatain:ac0502b8 stall:1
reg:xxxxxxxx xxxxxxxx 0000002d xxxxxxxx 00000004 xxxxxxxx xxxxxxxx
mem:00000053 00000056 0000004d 0000000f
pc:00000380 idatain:ac0502b8 stall:0
reg:xxxxxxxx xxxxxxxx 0000002d xxxxxxxx 00000003 xxxxxxxx xxxxxxxx
mem:00000053 00000056 0000004d 0000000f
pc:00000384 idatain:8c03012c stall:0
reg:xxxxxxxx xxxxxxxx 0000002d xxxxxxxx 00000003 xxxxxxxx xxxxxxxx
mem:00000053 00000056 0000004d 0000000f
pc:00000388 idatain:30650000 stall:0
reg:xxxxxxxx xxxxxxxx 0000000e xxxxxxxx 00000003 xxxxxxxx xxxxxxxx
mem:00000053 00000056 0000004d 0000000f
pc:0000038c idatain:ac0502bc stall:1
reg:xxxxxxxx xxxxxxxx 0000000e xxxxxxxx 00000003 xxxxxxxx xxxxxxxx
mem:00000053 00000056 0000004d 0000000f
pc:0000038c idatain:ac0502bc stall:0
reg:xxxxxxxx xxxxxxxx 0000000e xxxxxxxx 00000002 xxxxxxxx xxxxxxxx
mem:00000053 00000056 0000004d 0000000f
pc:00000390 idatain:8c030130 stall:0
reg:xxxxxxxx xxxxxxxx 0000000e xxxxxxxx 00000002 xxxxxxxx xxxxxxxx
mem:00000053 00000056 0000004d 0000000f
pc:00000394 idatain:30650000 stall:0
reg:xxxxxxxx xxxxxxxx 00000043 xxxxxxxx 00000002 xxxxxxxx xxxxxxxx
mem:00000053 00000056 0000004d 0000000f
pc:00000398 idatain:ac0502c0 stall:1
reg:xxxxxxxx xxxxxxxx 00000043 xxxxxxxx 00000002 xxxxxxxx xxxxxxxx
mem:00000053 00000056 0000004d 0000000f
pc:00000398 idatain:ac0502c0 stall:0
reg:xxxxxxxx xxxxxxxx 00000043 xxxxxxxx 00000004 xxxxxxxx xxxxxxxx
mem:00000053 00000056 0000004d 0000000f
pc:0000039c idatain:8c030134 stall:0
reg:xxxxxxxx xxxxxxxx 00000043 xxxxxxxx 00000004 xxxxxxxx xxxxxxxx
mem:00000053 00000056 0000004d 0000000f
pc:000003a0 idatain:30650000 stall:0
reg:xxxxxxxx xxxxxxxx 00000022 xxxxxxxx 00000004 xxxxxxxx xxxxxxxx
mem:00000053 00000056 0000004d 0000000f
pc:000003a4 idatain:ac0502c4 stall:1
reg:xxxxxxxx xxxxxxxx 00000022 xxxxxxxx 00000004 xxxxxxxx xxxxxxxx
mem:00000053 00000056 0000004d 0000000f
pc:000003a4 idatain:ac0502c4 stall:0
reg:xxxxxxxx xxxxxxxx 00000022 xxxxxxxx 00000002 xxxxxxxx xxxxxxxx
mem:00000053 00000056 0000004d 0000000f
pc:000003a8 idatain:8c030138 stall:0
reg:xxxxxxxx xxxxxxxx 00000022 xxxxxxxx 00000002 xxxxxxxx xxxxxxxx
mem:00000053 00000056 0000004d 0000000f
pc:000003ac idatain:30650000 stall:0
reg:xxxxxxxx xxxxxxxx 00000040 xxxxxxxx 00000002 xxxxxxxx xxxxxxxx
mem:00000053 00000056 0000004d 0000000f
pc:000003b0 idatain:ac0502c8 stall:1
reg:xxxxxxxx xxxxxxxx 00000040 xxxxxxxx 00000002 xxxxxxxx xxxxxxxx
mem:00000053 00000056 0000004d 0000000f
pc:000003b0 idatain:ac0502c8 stall:0
reg:xxxxxxxx xxxxxxxx 00000040 xxxxxxxx 00000004 xxxxxxxx xxxxxxxx
mem:00000053 00000056 0000004d 0000000f
pc:000003b4 idatain:8c03013c stall:0
reg:xxxxxxxx xxxxxxxx 00000040 xxxxxxxx 00000004 xxxxxxxx xxxxxxxx
mem:00000053 00000056 0000004d 0000000f
pc:000003b8 idatain:30650000 stall:0
reg:xxxxxxxx xxxxxxxx 0000002b xxxxxxxx 00000004 xxxxxxxx xxxxxxxx
mem:00000053 00000056 0000004d 0000000f
pc:000003bc idatain:ac0502cc stall:1
reg:xxxxxxxx xxxxxxxx 0000002b xxxxxxxx 00000004 xxxxxxxx xxxxxxxx
mem:00000053 00000056 0000004d 0000000f
pc:000003bc idatain:ac0502cc stall:0
reg:xxxxxxxx xxxxxxxx 0000002b xxxxxxxx 00000003 xxxxxxxx xxxxxxxx
mem:00000053 00000056 0000004d 0000000f
pc:000003c0 idatain:8c030140 stall:0
reg:xxxxxxxx xxxxxxxx 0000002b xxxxxxxx 00000003 xxxxxxxx xxxxxxxx
mem:00000053 00000056 0000004d 0000000f
pc:000003c4 idatain:30650000 stall:0
reg:xxxxxxxx xxxxxxxx 00000032 xxxxxxxx 00000003 xxxxxxxx xxxxxxxx
mem:00000053 00000056 0000004d 0000000f
pc:000003c8 idatain:ac0502d0 stall:1
reg:xxxxxxxx xxxxxxxx 00000032 xxxxxxxx 00000003 xxxxxxxx xxxxxxxx
mem:00000053 00000056 0000004d 0000000f
pc:000003c8 idatain:ac0502d0 stall:0
reg:xxxxxxxx xxxxxxxx 00000032 xxxxxxxx 00000003 xxxxxxxx xxxxxxxx
mem:00000053 00000056 0000004d 0000000f
pc:000003cc idatain:8c030144 stall:0
reg:xxxxxxxx xxxxxxxx 00000032 xxxxxxxx 00000003 xxxxxxxx xxxxxxxx
mem:00000053 00000056 0000004d 0000000f
pc:000003d0 idatain:30650000 stall:0
reg:xxxxxxxx xxxxxxxx 00000057 xxxxxxxx 00000003 xxxxxxxx xxxxxxxx
mem:00000053 00000056 0000004d 0000000f
pc:000003d4 idatain:ac0502d4 stall:1
reg:xxxxxxxx xxxxxxxx 00000057 xxxxxxxx 00000003 xxxxxxxx xxxxxxxx
mem:00000053 00000056 0000004d 0000000f
pc:000003d4 idatain:ac0502d4 stall:0
reg:xxxxxxxx xxxxxxxx 00000057 xxxxxxxx 00000005 xxxxxxxx xxxxxxxx
mem:00000053 00000056 0000004d 0000000f
pc:000003d8 idatain:8c030148 stall:0
reg:xxxxxxxx xxxxxxxx 00000057 xxxxxxxx 00000005 xxxxxxxx xxxxxxxx
mem:00000053 00000056 0000004d 0000000f
pc:000003dc idatain:30650000 stall:0
reg:xxxxxxxx xxxxxxxx 00000008 xxxxxxxx 00000005 xxxxxxxx xxxxxxxx
mem:00000053 00000056 0000004d 0000000f
pc:000003e0 idatain:ac0502d8 stall:1
reg:xxxxxxxx xxxxxxxx 00000008 xxxxxxxx 00000005 xxxxxxxx xxxxxxxx
mem:00000053 00000056 0000004d 0000000f
pc:000003e0 idatain:ac0502d8 stall:0
reg:xxxxxxxx xxxxxxxx 00000008 xxxxxxxx 00000001 xxxxxxxx xxxxxxxx
mem:00000053 00000056 0000004d 0000000f
pc:000003e4 idatain:8c03014c stall:0
reg:xxxxxxxx xxxxxxxx 00000008 xxxxxxxx 00000001 xxxxxxxx xxxxxxxx
mem:00000053 00000056 0000004d 0000000f
pc:000003e8 idatain:30650000 stall:0
reg:xxxxxxxx xxxxxxxx 0000004c xxxxxxxx 00000001 xxxxxxxx xxxxxxxx
mem:00000053 00000056 0000004d 0000000f
pc:000003ec idatain:ac0502dc stall:1
reg:xxxxxxxx xxxxxxxx 0000004c xxxxxxxx 00000001 xxxxxxxx xxxxxxxx
mem:00000053 00000056 0000004d 0000000f
pc:000003ec idatain:ac0502dc stall:0
reg:xxxxxxxx xxxxxxxx 0000004c xxxxxxxx 00000004 xxxxxxxx xxxxxxxx
mem:00000053 00000056 0000004d 0000000f
pc:000003f0 idatain:8c030150 stall:0
reg:xxxxxxxx xxxxxxxx 0000004c xxxxxxxx 00000004 xxxxxxxx xxxxxxxx
mem:00000053 00000056 0000004d 0000000f
pc:000003f4 idatain:30650000 stall:0
reg:xxxxxxxx xxxxxxxx 0000004e xxxxxxxx 00000004 xxxxxxxx xxxxxxxx
mem:00000053 00000056 0000004d 0000000f
pc:000003f8 idatain:ac0502e0 stall:1
reg:xxxxxxxx xxxxxxxx 0000004e xxxxxxxx 00000004 xxxxxxxx xxxxxxxx
mem:00000053 00000056 0000004d 0000000f
pc:000003f8 idatain:ac0502e0 stall:0
reg:xxxxxxxx xxxxxxxx 0000004e xxxxxxxx 00000004 xxxxxxxx xxxxxxxx
mem:00000053 00000056 0000004d 0000000f
pc:000003fc idatain:8c030154 stall:0
reg:xxxxxxxx xxxxxxxx 0000004e xxxxxxxx 00000004 xxxxxxxx xxxxxxxx
mem:00000053 00000056 0000004d 0000000f
pc:00000400 idatain:30650000 stall:0
reg:xxxxxxxx xxxxxxxx 00000058 xxxxxxxx 00000004 xxxxxxxx xxxxxxxx
mem:00000053 00000056 0000004d 0000000f
pc:00000404 idatain:ac0502e4 stall:1
reg:xxxxxxxx xxxxxxxx 00000058 xxxxxxxx 00000004 xxxxxxxx xxxxxxxx
mem:00000053 00000056 0000004d 0000000f
pc:00000404 idatain:ac0502e4 stall:0
reg:xxxxxxxx xxxxxxxx 00000058 xxxxxxxx 00000005 xxxxxxxx xxxxxxxx
mem:00000053 00000056 0000004d 0000000f
pc:00000408 idatain:8c030158 stall:0
reg:xxxxxxxx xxxxxxxx 00000058 xxxxxxxx 00000005 xxxxxxxx xxxxxxxx
mem:00000053 00000056 0000004d 0000000f
pc:0000040c idatain:30650000 stall:0
reg:xxxxxxxx xxxxxxxx 00000054 xxxxxxxx 00000005 xxxxxxxx xxxxxxxx
mem:00000053 00000056 0000004d 0000000f
pc:00000410 idatain:ac0502e8 stall:1
reg:xxxxxxxx xxxxxxxx 00000054 xxxxxxxx 00000005 xxxxxxxx xxxxxxxx
mem:00000053 00000056 0000004d 0000000f
pc:00000410 idatain:ac0502e8 stall:0
reg:xxxxxxxx xxxxxxxx 00000054 xxxxxxxx 00000004 xxxxxxxx xxxxxxxx
mem:00000053 00000056 0000004d 0000000f
pc:00000414 idatain:8c03015c stall:0
reg:xxxxxxxx xxxxxxxx 00000054 xxxxxxxx 00000004 xxxxxxxx xxxxxxxx
mem:00000053 00000056 0000004d 0000000f
pc:00000418 idatain:30650000 stall:0
reg:xxxxxxxx xxxxxxxx 00000003 xxxxxxxx 00000004 xxxxxxxx xxxxxxxx
mem:00000053 00000056 0000004d 0000000f
pc:0000041c idatain:ac0502ec stall:1
reg:xxxxxxxx xxxxxxxx 00000003 xxxxxxxx 00000004 xxxxxxxx xxxxxxxx
mem:00000053 00000056 0000004d 0000000f
pc:0000041c idatain:ac0502ec stall:0
reg:xxxxxxxx xxxxxxxx 00000003 xxxxxxxx 00000001 xxxxxxxx xxxxxxxx
mem:00000053 00000056 0000004d 0000000f
pc:00000420 idatain:8c030160 stall:0
reg:xxxxxxxx xxxxxxxx 00000003 xxxxxxxx 00000001 xxxxxxxx xxxxxxxx
mem:00000053 00000056 0000004d 0000000f
pc:00000424 idatain:30650000 stall:0
reg:xxxxxxxx xxxxxxxx 00000033 xxxxxxxx 00000001 xxxxxxxx xxxxxxxx
mem:00000053 00000056 0000004d 0000000f
pc:00000428 idatain:ac0502f0 stall:1
reg:xxxxxxxx xxxxxxxx 00000033 xxxxxxxx 00000001 xxxxxxxx xxxxxxxx
mem:00000053 00000056 0000004d 0000000f
pc:00000428 idatain:ac0502f0 stall:0
reg:xxxxxxxx xxxxxxxx 00000033 xxxxxxxx 00000003 xxxxxxxx xxxxxxxx
mem:00000053 00000056 0000004d 0000000f
pc:0000042c idatain:8c030164 stall:0
reg:xxxxxxxx xxxxxxxx 00000033 xxxxxxxx 00000003 xxxxxxxx xxxxxxxx
mem:00000053 00000056 0000004d 0000000f
pc:00000430 idatain:30650000 stall:0
reg:xxxxxxxx xxxxxxxx 00000036 xxxxxxxx 00000003 xxxxxxxx xxxxxxxx
mem:00000053 00000056 0000004d 0000000f
pc:00000434 idatain:ac0502f4 stall:1
reg:xxxxxxxx xxxxxxxx 00000036 xxxxxxxx 00000003 xxxxxxxx xxxxxxxx
mem:00000053 00000056 0000004d 0000000f
pc:00000434 idatain:ac0502f4 stall:0
reg:xxxxxxxx xxxxxxxx 00000036 xxxxxxxx 00000003 xxxxxxxx xxxxxxxx
mem:00000053 00000056 0000004d 0000000f
pc:00000438 idatain:8c030168 stall:0
reg:xxxxxxxx xxxxxxxx 00000036 xxxxxxxx 00000003 xxxxxxxx xxxxxxxx
mem:00000053 00000056 0000004d 0000000f
pc:0000043c idatain:30650000 stall:0
reg:xxxxxxxx xxxxxxxx 00000063 xxxxxxxx 00000003 xxxxxxxx xxxxxxxx
mem:00000053 00000056 0000004d 0000000f
pc:00000440 idatain:ac0502f8 stall:1
reg:xxxxxxxx xxxxxxxx 00000063 xxxxxxxx 00000003 xxxxxxxx xxxxxxxx
mem:00000053 00000056 0000004d 0000000f
pc:00000440 idatain:ac0502f8 stall:0
reg:xxxxxxxx xxxxxxxx 00000063 xxxxxxxx 00000005 xxxxxxxx xxxxxxxx
mem:00000053 00000056 0000004d 0000000f
pc:00000444 idatain:8c03016c stall:0
reg:xxxxxxxx xxxxxxxx 00000063 xxxxxxxx 00000005 xxxxxxxx xxxxxxxx
mem:00000053 00000056 0000004d 0000000f
pc:00000448 idatain:30650000 stall:0
reg:xxxxxxxx xxxxxxxx 00000020 xxxxxxxx 00000005 xxxxxxxx xxxxxxxx
mem:00000053 00000056 0000004d 0000000f
pc:0000044c idatain:ac0502fc stall:1
reg:xxxxxxxx xxxxxxxx 00000020 xxxxxxxx 00000005 xxxxxxxx xxxxxxxx
mem:00000053 00000056 0000004d 0000000f
pc:0000044c idatain:ac0502fc stall:0
reg:xxxxxxxx xxxxxxxx 00000020 xxxxxxxx 00000002 xxxxxxxx xxxxxxxx
mem:00000053 00000056 0000004d 0000000f
pc:00000450 idatain:8c030170 stall:0
reg:xxxxxxxx xxxxxxxx 00000020 xxxxxxxx 00000002 xxxxxxxx xxxxxxxx
mem:00000053 00000056 0000004d 0000000f
pc:00000454 idatain:30650000 stall:0
reg:xxxxxxxx xxxxxxxx 0000003c xxxxxxxx 00000002 xxxxxxxx xxxxxxxx
mem:00000053 00000056 0000004d 0000000f
pc:00000458 idatain:ac050300 stall:1
reg:xxxxxxxx xxxxxxxx 0000003c xxxxxxxx 00000002 xxxxxxxx xxxxxxxx
mem:00000053 00000056 0000004d 0000000f
pc:00000458 idatain:ac050300 stall:0
reg:xxxxxxxx xxxxxxxx 0000003c xxxxxxxx 00000004 xxxxxxxx xxxxxxxx
mem:00000053 00000056 0000004d 0000000f
pc:0000045c idatain:8c030174 stall:0
reg:xxxxxxxx xxxxxxxx 0000003c xxxxxxxx 00000004 xxxxxxxx xxxxxxxx
mem:00000053 00000056 0000004d 0000000f
pc:00000460 idatain:30650000 stall:0
reg:xxxxxxxx xxxxxxxx 0000004c xxxxxxxx 00000004 xxxxxxxx xxxxxxxx
mem:00000053 00000056 0000004d 0000000f
pc:00000464 idatain:ac050304 stall:1
reg:xxxxxxxx xxxxxxxx 0000004c xxxxxxxx 00000004 xxxxxxxx xxxxxxxx
mem:00000053 00000056 0000004d 0000000f
pc:00000464 idatain:ac050304 stall:0
reg:xxxxxxxx xxxxxxxx 0000004c xxxxxxxx 00000004 xxxxxxxx xxxxxxxx
mem:00000053 00000056 0000004d 0000000f
pc:00000468 idatain:8c030178 stall:0
reg:xxxxxxxx xxxxxxxx 0000004c xxxxxxxx 00000004 xxxxxxxx xxxxxxxx
mem:00000053 00000056 0000004d 0000000f
pc:0000046c idatain:30650000 stall:0
reg:xxxxxxxx xxxxxxxx 00000044 xxxxxxxx 00000004 xxxxxxxx xxxxxxxx
mem:00000053 00000056 0000004d 0000000f
pc:00000470 idatain:ac050308 stall:1
reg:xxxxxxxx xxxxxxxx 00000044 xxxxxxxx 00000004 xxxxxxxx xxxxxxxx
mem:00000053 00000056 0000004d 0000000f
pc:00000470 idatain:ac050308 stall:0
reg:xxxxxxxx xxxxxxxx 00000044 xxxxxxxx 00000004 xxxxxxxx xxxxxxxx
mem:00000053 00000056 0000004d 0000000f
pc:00000474 idatain:8c03017c stall:0
reg:xxxxxxxx xxxxxxxx 00000044 xxxxxxxx 00000004 xxxxxxxx xxxxxxxx
mem:00000053 00000056 0000004d 0000000f
pc:00000478 idatain:30650000 stall:0
reg:xxxxxxxx xxxxxxxx 00000027 xxxxxxxx 00000004 xxxxxxxx xxxxxxxx
mem:00000053 00000056 0000004d 0000000f
pc:0000047c idatain:ac05030c stall:1
reg:xxxxxxxx xxxxxxxx 00000027 xxxxxxxx 00000004 xxxxxxxx xxxxxxxx
mem:00000053 00000056 0000004d 0000000f
pc:0000047c idatain:ac05030c stall:0
reg:xxxxxxxx xxxxxxxx 00000027 xxxxxxxx 00000002 xxxxxxxx xxxxxxxx
mem:00000053 00000056 0000004d 0000000f
pc:00000480 idatain:8c030180 stall:0
reg:xxxxxxxx xxxxxxxx 00000027 xxxxxxxx 00000002 xxxxxxxx xxxxxxxx
mem:00000053 00000056 0000004d 0000000f
pc:00000484 idatain:30650000 stall:0
reg:xxxxxxxx xxxxxxxx 0000000c xxxxxxxx 00000002 xxxxxxxx xxxxxxxx
mem:00000053 00000056 0000004d 0000000f
pc:00000488 idatain:ac050310 stall:1
reg:xxxxxxxx xxxxxxxx 0000000c xxxxxxxx 00000002 xxxxxxxx xxxxxxxx
mem:00000053 00000056 0000004d 0000000f
pc:00000488 idatain:ac050310 stall:0
reg:xxxxxxxx xxxxxxxx 0000000c xxxxxxxx 00000002 xxxxxxxx xxxxxxxx
mem:00000053 00000056 0000004d 0000000f
pc:0000048c idatain:8c030184 stall:0
reg:xxxxxxxx xxxxxxxx 0000000c xxxxxxxx 00000002 xxxxxxxx xxxxxxxx
mem:00000053 00000056 0000004d 0000000f
pc:00000490 idatain:30650000 stall:0
reg:xxxxxxxx xxxxxxxx 0000001a xxxxxxxx 00000002 xxxxxxxx xxxxxxxx
mem:00000053 00000056 0000004d 0000000f
pc:00000494 idatain:ac050314 stall:1
reg:xxxxxxxx xxxxxxxx 0000001a xxxxxxxx 00000002 xxxxxxxx xxxxxxxx
mem:00000053 00000056 0000004d 0000000f
pc:00000494 idatain:ac050314 stall:0
reg:xxxxxxxx xxxxxxxx 0000001a xxxxxxxx 00000002 xxxxxxxx xxxxxxxx
mem:00000053 00000056 0000004d 0000000f
pc:00000498 idatain:8c030188 stall:0
reg:xxxxxxxx xxxxxxxx 0000001a xxxxxxxx 00000002 xxxxxxxx xxxxxxxx
mem:00000053 00000056 0000004d 0000000f
pc:0000049c idatain:30650000 stall:0
reg:xxxxxxxx xxxxxxxx 00000056 xxxxxxxx 00000002 xxxxxxxx xxxxxxxx
mem:00000053 00000056 0000004d 0000000f
pc:000004a0 idatain:ac050318 stall:1
reg:xxxxxxxx xxxxxxxx 00000056 xxxxxxxx 00000002 xxxxxxxx xxxxxxxx
mem:00000053 00000056 0000004d 0000000f
pc:000004a0 idatain:ac050318 stall:0
reg:xxxxxxxx xxxxxxxx 00000056 xxxxxxxx 00000005 xxxxxxxx xxxxxxxx
mem:00000053 00000056 0000004d 0000000f
pc:000004a4 idatain:8c03018c stall:0
reg:xxxxxxxx xxxxxxxx 00000056 xxxxxxxx 00000005 xxxxxxxx xxxxxxxx
mem:00000053 00000056 0000004d 0000000f
pc:000004a8 idatain:30650000 stall:0
reg:xxxxxxxx xxxxxxxx 0000005e xxxxxxxx 00000005 xxxxxxxx xxxxxxxx
mem:00000053 00000056 0000004d 0000000f
pc:000004ac idatain:ac05031c stall:1
reg:xxxxxxxx xxxxxxxx 0000005e xxxxxxxx 00000005 xxxxxxxx xxxxxxxx
mem:00000053 00000056 0000004d 0000000f
pc:000004ac idatain:ac05031c stall:0
reg:xxxxxxxx xxxxxxxx 0000005e xxxxxxxx 00000005 xxxxxxxx xxxxxxxx
mem:00000053 00000056 0000004d 0000000f
pc:000004b0 idatain:ac037fff stall:0
reg:xxxxxxxx xxxxxxxx 0000005e xxxxxxxx 00000005 xxxxxxxx xxxxxxxx
mem:00000053 00000056 0000004d 0000000f
pc:000004b4 idatain:1000ffff stall:0
reg:xxxxxxxx xxxxxxxx 00000027 xxxxxxxx 00000005 xxxxxxxx xxxxxxxx
mem:00000053 00000056 0000004d 0000000f
pc:000004b8 idatain:00000020 stall:0
reg:xxxxxxxx xxxxxxxx 00000027 xxxxxxxx 00000005 xxxxxxxx xxxxxxxx
mem:00000053 00000056 0000004d 0000000f
pc:000004b4 idatain:1000ffff stall:0
reg:xxxxxxxx xxxxxxxx 00000027 xxxxxxxx 00000002 xxxxxxxx xxxxxxxx
mem:00000053 00000056 0000004d 0000000f
00000027 count:       404 stall:       100
