#! /home/hlocal/bin/vvp
:ivl_version "0.9.4 " "(v0_9_4)";
:vpi_time_precision - 12;
:vpi_module "system";
:vpi_module "v2005_math";
:vpi_module "va_math";
S_0x9b8070 .scope module, "test_mipse" "test_mipse" 2 4;
 .timescale -9 -12;
P_0x98eba8 .param/l "STEP" 2 5, +C4<01010>;
v0x9fddc0_0 .var/i "FP", 31 0;
v0x9fe530_0 .var "clk", 0 0;
v0x9fe5b0_0 .var "count", 31 0;
v0x9fe630_0 .net "daddr", 31 0, L_0xa08200; 1 drivers
v0x9fe6b0_0 .net "ddatain", 31 0, L_0xa099f0; 1 drivers
v0x9fe780_0 .net "ddataout", 31 0, v0x9fdb70_0; 1 drivers
v0x9fe890_0 .var/i "i", 31 0;
v0x9fe910_0 .net "iaddr", 31 0, v0x9fc580_0; 1 drivers
v0x9fe9e0_0 .net "idata", 31 0, L_0xa09800; 1 drivers
v0x9feab0_0 .var "rst_n", 0 0;
v0x9feb90_0 .var "stall", 31 0;
v0x9fec10_0 .net "we", 0 0, v0x9fc900_0; 1 drivers
L_0xa09860 .part v0x9fc580_0, 2, 16;
L_0xa09aa0 .part L_0xa08200, 2, 16;
S_0x9f45f0 .scope module, "mipse_1" "mipse" 2 21, 3 2, S_0x9b8070;
 .timescale -9 -12;
L_0x9feb30 .functor BUFZ 32, v0x9fbcc0_0, C4<00000000000000000000000000000000>, C4<00000000000000000000000000000000>, C4<00000000000000000000000000000000>;
L_0x9ff7f0 .functor OR 1, L_0x9ffe30, L_0x9fffb0, C4<0>, C4<0>;
L_0xa001d0 .functor AND 1, L_0x9ffae0, L_0x9ff7f0, C4<1>, C4<1>;
L_0xa005e0 .functor OR 1, L_0xa00540, L_0xa00a00, C4<0>, C4<0>;
L_0xa00be0 .functor BUFZ 1, L_0x9ff850, C4<0>, C4<0>, C4<0>;
L_0xa01bd0 .functor OR 1, L_0xa00360, L_0x9ff980, C4<0>, C4<0>;
L_0xa01cd0 .functor OR 1, L_0xa01bd0, L_0x9ff850, C4<0>, C4<0>;
L_0xa02390 .functor OR 1, L_0x9ff980, L_0xa001d0, C4<0>, C4<0>;
L_0xa02490 .functor OR 1, L_0xa02390, L_0xa00640, C4<0>, C4<0>;
L_0xa02540 .functor OR 1, L_0xa02490, L_0xa00360, C4<0>, C4<0>;
L_0xa02650 .functor OR 1, L_0xa02540, L_0xa00450, C4<0>, C4<0>;
L_0xa026b0 .functor OR 1, L_0xa02650, L_0xa006e0, C4<0>, C4<0>;
L_0xa025f0 .functor BUFZ 1, L_0x9ff980, C4<0>, C4<0>, C4<0>;
L_0xa02260 .functor OR 1, L_0xa02860, L_0xa02900, C4<0>, C4<0>;
L_0xa02b60 .functor AND 1, L_0xa02260, v0x9fbfc0_0, C4<1>, C4<1>;
L_0xa02c10 .functor AND 1, L_0xa005e0, v0x9fcfa0_0, C4<1>, C4<1>;
L_0xa029a0 .functor OR 1, L_0xa02d50, L_0xa02df0, C4<0>, C4<0>;
L_0xa03030 .functor AND 1, L_0xa02c10, L_0xa029a0, C4<1>, C4<1>;
L_0xa02cc0 .functor AND 1, L_0xa005e0, v0x9fc060_0, C4<1>, C4<1>;
L_0xa02ee0 .functor OR 1, L_0xa031d0, L_0xa03270, C4<0>, C4<0>;
L_0xa03130 .functor AND 1, L_0xa02cc0, L_0xa02ee0, C4<1>, C4<1>;
L_0xa035c0 .functor OR 1, L_0xa03030, L_0xa03130, C4<0>, C4<0>;
L_0xa03470 .functor OR 1, L_0xa02b60, L_0xa035c0, C4<0>, C4<0>;
L_0xa03400 .functor AND 1, L_0xa01dc0, L_0xa03360, C4<1>, C4<1>;
L_0xa036c0 .functor AND 1, L_0xa03400, v0x9fd040_0, C4<1>, C4<1>;
L_0xa04230 .functor AND 1, L_0xa03980, L_0xa03d30, C4<1>, C4<1>;
L_0xa03bc0 .functor AND 1, L_0xa04230, v0x9fd040_0, C4<1>, C4<1>;
L_0xa046a0 .functor AND 1, L_0xa00540, L_0xa04190, C4<1>, C4<1>;
L_0xa044b0 .functor AND 1, L_0xa00a00, L_0xa042e0, C4<1>, C4<1>;
L_0xa04560 .functor OR 1, L_0xa046a0, L_0xa044b0, C4<0>, C4<0>;
L_0x9f4f20 .functor AND 1, v0x9fd040_0, L_0xa05060, C4<1>, C4<1>;
L_0xa05a60 .functor AND 1, L_0x9f4f20, L_0xa05970, C4<1>, C4<1>;
L_0xa05d80 .functor AND 1, v0x9fd0e0_0, L_0xa05c40, C4<1>, C4<1>;
L_0xa05f50 .functor AND 1, L_0xa05d80, L_0xa061c0, C4<1>, C4<1>;
L_0xa06610 .functor AND 1, v0x9fd040_0, L_0xa05b20, C4<1>, C4<1>;
L_0xa067a0 .functor AND 1, L_0xa06610, L_0xa06700, C4<1>, C4<1>;
L_0xa07030 .functor AND 1, v0x9fd0e0_0, L_0xa06890, C4<1>, C4<1>;
L_0xa06e20 .functor AND 1, L_0xa07030, L_0xa070e0, C4<1>, C4<1>;
L_0xa08200 .functor BUFZ 32, v0x9fb680_0, C4<00000000000000000000000000000000>, C4<00000000000000000000000000000000>, C4<00000000000000000000000000000000>;
v0x9f70b0_0 .net *"_s0", 32 0, L_0x9fed00; 1 drivers
v0x9f7170_0 .net *"_s101", 0 0, L_0xa02650; 1 drivers
v0x9f7210_0 .net *"_s107", 0 0, L_0xa02860; 1 drivers
v0x9f72b0_0 .net *"_s109", 0 0, L_0xa02900; 1 drivers
v0x9f7360_0 .net *"_s111", 0 0, L_0xa02260; 1 drivers
v0x9f7400_0 .net *"_s115", 0 0, L_0xa02c10; 1 drivers
v0x9f74a0_0 .net *"_s117", 0 0, L_0xa02d50; 1 drivers
v0x9f7540_0 .net *"_s119", 0 0, L_0xa02df0; 1 drivers
v0x9f75e0_0 .net *"_s121", 0 0, L_0xa029a0; 1 drivers
v0x9f7680_0 .net *"_s123", 0 0, L_0xa03030; 1 drivers
v0x9f7720_0 .net *"_s125", 0 0, L_0xa02cc0; 1 drivers
v0x9f77c0_0 .net *"_s127", 0 0, L_0xa031d0; 1 drivers
v0x9f7860_0 .net *"_s129", 0 0, L_0xa03270; 1 drivers
v0x9f7900_0 .net *"_s131", 0 0, L_0xa02ee0; 1 drivers
v0x9f7a20_0 .net *"_s133", 0 0, L_0xa03130; 1 drivers
v0x9f7ac0_0 .net *"_s139", 5 0, L_0xa037d0; 1 drivers
v0x9f7980_0 .net *"_s142", 0 0, C4<0>; 1 drivers
v0x9f7c10_0 .net *"_s143", 5 0, C4<000000>; 1 drivers
v0x9f7d30_0 .net *"_s145", 0 0, L_0xa01dc0; 1 drivers
v0x9f7db0_0 .net *"_s147", 0 0, L_0xa03360; 1 drivers
v0x9f7c90_0 .net *"_s149", 0 0, L_0xa03400; 1 drivers
v0x9f7ee0_0 .net *"_s151", 0 0, L_0xa036c0; 1 drivers
v0x9f7e30_0 .net *"_s155", 5 0, L_0xa03aa0; 1 drivers
v0x9f8020_0 .net *"_s158", 0 0, C4<0>; 1 drivers
v0x9f7f80_0 .net *"_s159", 5 0, C4<000000>; 1 drivers
v0x9f8170_0 .net *"_s161", 0 0, L_0xa03980; 1 drivers
v0x9f80c0_0 .net *"_s163", 0 0, L_0xa03d30; 1 drivers
v0x9f82d0_0 .net *"_s165", 0 0, L_0xa04230; 1 drivers
v0x9f8210_0 .net *"_s167", 0 0, L_0xa03bc0; 1 drivers
v0x9f8440_0 .net *"_s171", 0 0, L_0xa04190; 1 drivers
v0x9f8350_0 .net *"_s173", 0 0, L_0xa046a0; 1 drivers
v0x9f85c0_0 .net *"_s175", 0 0, L_0xa042e0; 1 drivers
v0x9f84c0_0 .net *"_s177", 0 0, L_0xa044b0; 1 drivers
v0x9f8750_0 .net *"_s18", 31 0, L_0x9feb30; 1 drivers
v0x9f8640_0 .net *"_s181", 15 0, C4<0000000000000000>; 1 drivers
v0x9f88f0_0 .net *"_s183", 31 0, L_0xa03f70; 1 drivers
v0x9f87d0_0 .net *"_s185", 15 0, C4<0000000000000000>; 1 drivers
v0x9f8870_0 .net *"_s187", 31 0, L_0xa04be0; 1 drivers
v0x9f8ab0_0 .net *"_s190", 0 0, L_0xa04840; 1 drivers
v0x9f8b30_0 .net *"_s191", 15 0, L_0xa04e40; 1 drivers
v0x9f8970_0 .net *"_s193", 31 0, L_0xa04cd0; 1 drivers
v0x9f8a10_0 .net *"_s195", 31 0, L_0xa04d70; 1 drivers
v0x9f8d10_0 .net *"_s200", 29 0, L_0xa055d0; 1 drivers
v0x9f8d90_0 .net *"_s201", 1 0, C4<00>; 1 drivers
v0x9f8bb0_0 .net *"_s203", 31 0, L_0xa04750; 1 drivers
v0x9f8c50_0 .net *"_s207", 5 0, L_0xa04f70; 1 drivers
v0x9f8f90_0 .net *"_s21", 5 0, C4<101011>; 1 drivers
v0x9f9010_0 .net *"_s210", 0 0, C4<0>; 1 drivers
v0x9f8e30_0 .net *"_s211", 5 0, C4<000000>; 1 drivers
v0x9f8ed0_0 .net *"_s213", 0 0, L_0xa05060; 1 drivers
v0x9f9230_0 .net *"_s215", 0 0, L_0x9f4f20; 1 drivers
v0x9f92b0_0 .net *"_s217", 0 0, L_0xa05970; 1 drivers
v0x9f90b0_0 .net *"_s219", 0 0, L_0xa05a60; 1 drivers
v0x9f9150_0 .net *"_s221", 5 0, L_0xa04a40; 1 drivers
v0x9f94f0_0 .net *"_s224", 0 0, C4<0>; 1 drivers
v0x9f9570_0 .net *"_s225", 5 0, C4<000000>; 1 drivers
v0x9f9330_0 .net *"_s227", 0 0, L_0xa05c40; 1 drivers
v0x9f93d0_0 .net *"_s229", 0 0, L_0xa05d80; 1 drivers
v0x9f9470_0 .net *"_s231", 0 0, L_0xa061c0; 1 drivers
v0x9f97f0_0 .net *"_s233", 0 0, L_0xa05f50; 1 drivers
v0x9f9610_0 .net *"_s235", 31 0, L_0xa05e40; 1 drivers
v0x9f96b0_0 .net *"_s239", 5 0, L_0xa06430; 1 drivers
v0x9f9750_0 .net *"_s242", 0 0, C4<0>; 1 drivers
v0x9f9a90_0 .net *"_s243", 5 0, C4<000000>; 1 drivers
v0x9f9890_0 .net *"_s245", 0 0, L_0xa05b20; 1 drivers
v0x9f9930_0 .net *"_s247", 0 0, L_0xa06610; 1 drivers
v0x9f99d0_0 .net *"_s249", 0 0, L_0xa06700; 1 drivers
v0x9f9d30_0 .net *"_s25", 5 0, C4<100011>; 1 drivers
v0x9f9b30_0 .net *"_s251", 0 0, L_0xa067a0; 1 drivers
v0x9f9bd0_0 .net *"_s253", 5 0, L_0xa06000; 1 drivers
v0x9f9c70_0 .net *"_s256", 0 0, C4<0>; 1 drivers
v0x9f9ff0_0 .net *"_s257", 5 0, C4<000000>; 1 drivers
v0x9f9db0_0 .net *"_s259", 0 0, L_0xa06890; 1 drivers
v0x9f9e50_0 .net *"_s261", 0 0, L_0xa07030; 1 drivers
v0x9f9ef0_0 .net *"_s263", 0 0, L_0xa070e0; 1 drivers
v0x9fa2d0_0 .net *"_s265", 0 0, L_0xa06e20; 1 drivers
v0x9fa070_0 .net *"_s267", 31 0, L_0xa06f20; 1 drivers
v0x9fa110_0 .net *"_s29", 5 0, C4<000000>; 1 drivers
v0x9fa1b0_0 .net *"_s3", 0 0, C4<0>; 1 drivers
v0x9fa250_0 .net *"_s31", 0 0, L_0x9ffae0; 1 drivers
v0x9fa5e0_0 .net *"_s34", 2 0, L_0x9ffc40; 1 drivers
v0x9fa660_0 .net *"_s35", 2 0, C4<100>; 1 drivers
v0x9fa350_0 .net *"_s37", 0 0, L_0x9ffe30; 1 drivers
v0x9fa3f0_0 .net *"_s39", 5 0, C4<011000>; 1 drivers
v0x9fa490_0 .net *"_s4", 32 0, C4<000000000000000000000000000000100>; 1 drivers
v0x9fa530_0 .net *"_s41", 0 0, L_0x9fffb0; 1 drivers
v0x9fa9a0_0 .net *"_s43", 0 0, L_0x9ff7f0; 1 drivers
v0x9faa20_0 .net *"_s47", 5 0, C4<001000>; 1 drivers
v0x9fa6e0_0 .net *"_s51", 5 0, C4<001101>; 1 drivers
v0x9fa780_0 .net *"_s55", 5 0, C4<001111>; 1 drivers
v0x9fa820_0 .net *"_s59", 5 0, C4<001010>; 1 drivers
v0x9fa8c0_0 .net *"_s6", 32 0, L_0x9fee80; 1 drivers
v0x9fad90_0 .net *"_s63", 5 0, C4<000100>; 1 drivers
v0x9fae10_0 .net *"_s67", 5 0, C4<000101>; 1 drivers
v0x9faaa0_0 .net *"_s75", 0 0, L_0xa01bd0; 1 drivers
v0x9fab40_0 .net *"_s77", 0 0, L_0xa01cd0; 1 drivers
v0x9fabe0_0 .net *"_s79", 5 0, C4<100000>; 1 drivers
v0x9fac80_0 .net *"_s81", 5 0, C4<100101>; 1 drivers
v0x9fb1b0_0 .net *"_s83", 5 0, C4<000001>; 1 drivers
v0x9fb230_0 .net *"_s85", 5 0, C4<100010>; 1 drivers
v0x9fae90_0 .net *"_s87", 5 0, L_0xa01e80; 1 drivers
v0x9faf30_0 .net *"_s89", 5 0, L_0xa01fb0; 1 drivers
v0x9fafd0_0 .net *"_s91", 5 0, L_0xa00b20; 1 drivers
v0x9fb070_0 .net *"_s95", 0 0, L_0xa02390; 1 drivers
v0x9fb110_0 .net *"_s97", 0 0, L_0xa02490; 1 drivers
v0x9fb600_0 .net *"_s99", 0 0, L_0xa02540; 1 drivers
v0x9fb2b0_0 .net "addi_opD", 0 0, L_0xa00360; 1 drivers
v0x9fb350_0 .net "alu_opD", 0 0, L_0xa001d0; 1 drivers
v0x9fb3f0_0 .net "alucomD", 5 0, L_0xa021c0; 1 drivers
v0x9fb490_0 .var "alucomE", 5 0;
v0x9fb540_0 .alias "aluout", 31 0, v0x9fe630_0;
v0x9fba00_0 .net "aluoutE", 31 0, L_0xa09120; 1 drivers
v0x9fb680_0 .var "aluoutM", 31 0;
v0x9fb700_0 .var "aluoutW", 31 0;
v0x9fb7a0_0 .var "alusrcE", 0 0;
v0x9fb840_0 .net "beq_opD", 0 0, L_0xa00540; 1 drivers
v0x9fb8e0_0 .net "bne_opD", 0 0, L_0xa00a00; 1 drivers
v0x9fb980_0 .net "branchD", 0 0, L_0xa005e0; 1 drivers
v0x9fbe40_0 .net "branchstall", 0 0, L_0xa035c0; 1 drivers
v0x9fbec0_0 .net "btakenD", 0 0, L_0xa04560; 1 drivers
v0x9fba80_0 .net "clk", 0 0, v0x9fe530_0; 1 drivers
v0x9fbb00_0 .net "funcD", 5 0, L_0x9ff660; 1 drivers
v0x9fbba0_0 .net "immD", 15 0, L_0x9ff700; 1 drivers
v0x9fbc40_0 .alias "instr", 31 0, v0x9fe9e0_0;
v0x9fbcc0_0 .var "instrD", 31 0;
v0x9fbd40_0 .net "lui_opD", 0 0, L_0xa00640; 1 drivers
v0x9fc340_0 .net "lw_opD", 0 0, L_0x9ff980; 1 drivers
v0x9fc3c0_0 .net "lwstall", 0 0, L_0xa02b60; 1 drivers
v0x9fbf40_0 .net "memtoregD", 0 0, L_0xa025f0; 1 drivers
v0x9fbfc0_0 .var "memtoregE", 0 0;
v0x9fc060_0 .var "memtoregM", 0 0;
v0x9fc100_0 .var "memtoregW", 0 0;
v0x9fc1a0_0 .alias "memwrite", 0 0, v0x9fec10_0;
v0x9fc250_0 .net "memwriteD", 0 0, L_0xa00be0; 1 drivers
v0x9fc880_0 .var "memwriteE", 0 0;
v0x9fc900_0 .var "memwriteM", 0 0;
v0x9fc440_0 .net "opcodeD", 5 0, L_0x9ff180; 1 drivers
v0x9fc4e0_0 .net "ori_opD", 0 0, L_0xa00450; 1 drivers
v0x9fc580_0 .var "pc", 31 0;
v0x9fc620_0 .net "pcbranchD", 31 0, L_0xa05810; 1 drivers
v0x9fc6c0_0 .var "pcplus4D", 31 0;
v0x9fc760_0 .net "pcplus4F", 31 0, L_0x9ff090; 1 drivers
v0x9fc800_0 .net "rd1D", 31 0, L_0xa012f0; 1 drivers
v0x9fce00_0 .var "rd1E", 31 0;
v0x9fc980_0 .net "rd1fD", 31 0, L_0xa03c90; 1 drivers
v0x9fca20_0 .net "rd2D", 31 0, L_0xa01a30; 1 drivers
v0x9fcad0_0 .var "rd2E", 31 0;
v0x9fcb50_0 .net "rd2fD", 31 0, L_0xa04410; 1 drivers
v0x9fcbf0_0 .net "rdD", 4 0, L_0x9ff490; 1 drivers
v0x9fcc90_0 .var "rdE", 4 0;
v0x9fcd30_0 .alias "readdata", 31 0, v0x9fe6b0_0;
v0x9fd340_0 .var "readdataW", 31 0;
v0x9fce80_0 .var "regdstE", 0 0;
v0x9fcf00_0 .net "regwriteD", 0 0, L_0xa026b0; 1 drivers
v0x9fcfa0_0 .var "regwriteE", 0 0;
v0x9fd040_0 .var "regwriteM", 0 0;
v0x9fd0e0_0 .var "regwriteW", 0 0;
v0x9fd190_0 .net "resultW", 31 0, L_0xa07400; 1 drivers
v0x9fd240_0 .net "rsD", 4 0, L_0x9ff220; 1 drivers
v0x9fd8c0_0 .var "rsE", 4 0;
v0x9fd3c0_0 .net "rst_n", 0 0, v0x9feab0_0; 1 drivers
v0x9fd440_0 .net "rtD", 4 0, L_0x9ff360; 1 drivers
v0x9fd4f0_0 .var "rtE", 4 0;
v0x9fd570_0 .net "shamtD", 4 0, L_0x9ff5c0; 1 drivers
v0x9fd5f0_0 .net "signimmD", 31 0, L_0xa05450; 1 drivers
v0x9fd690_0 .var "signimmE", 31 0;
v0x9fd730_0 .net "slti_opD", 0 0, L_0xa006e0; 1 drivers
v0x9fd7d0_0 .var "slti_opE", 0 0;
v0x9fde90_0 .net "srcaE", 31 0, L_0xa06570; 1 drivers
v0x9fdf10_0 .net "srcbE", 31 0, L_0xa07260; 1 drivers
v0x9fd940_0 .net "stall", 0 0, L_0xa03470; 1 drivers
v0x9fd9c0_0 .net "sw_opD", 0 0, L_0x9ff850; 1 drivers
v0x9fda40_0 .alias "writedata", 31 0, v0x9fe780_0;
v0x9fdaf0_0 .net "writedataE", 31 0, L_0xa06cf0; 1 drivers
v0x9fdb70_0 .var "writedataM", 31 0;
v0x9fdbf0_0 .net "writeregE", 4 0, L_0xa07710; 1 drivers
v0x9fdc70_0 .var "writeregM", 4 0;
v0x9fdd10_0 .var "writeregW", 4 0;
E_0x9f46e0/0 .event negedge, v0x9fd3c0_0;
E_0x9f46e0/1 .event posedge, v0x9f3f50_0;
E_0x9f46e0 .event/or E_0x9f46e0/0, E_0x9f46e0/1;
L_0x9fed00 .concat [ 32 1 0 0], v0x9fc580_0, C4<0>;
L_0x9fee80 .arith/sum 33, L_0x9fed00, C4<000000000000000000000000000000100>;
L_0x9ff090 .part L_0x9fee80, 0, 32;
L_0x9ff180 .part L_0x9feb30, 26, 6;
L_0x9ff220 .part L_0x9feb30, 21, 5;
L_0x9ff360 .part L_0x9feb30, 16, 5;
L_0x9ff490 .part L_0x9feb30, 11, 5;
L_0x9ff5c0 .part L_0x9feb30, 6, 5;
L_0x9ff660 .part L_0x9feb30, 0, 6;
L_0x9ff700 .part v0x9fbcc0_0, 0, 16;
L_0x9ff850 .cmp/eq 6, L_0x9ff180, C4<101011>;
L_0x9ff980 .cmp/eq 6, L_0x9ff180, C4<100011>;
L_0x9ffae0 .cmp/eq 6, L_0x9ff180, C4<000000>;
L_0x9ffc40 .part L_0x9ff660, 3, 3;
L_0x9ffe30 .cmp/eq 3, L_0x9ffc40, C4<100>;
L_0x9fffb0 .cmp/eq 6, L_0x9ff660, C4<011000>;
L_0xa00360 .cmp/eq 6, L_0x9ff180, C4<001000>;
L_0xa00450 .cmp/eq 6, L_0x9ff180, C4<001101>;
L_0xa00640 .cmp/eq 6, L_0x9ff180, C4<001111>;
L_0xa006e0 .cmp/eq 6, L_0x9ff180, C4<001010>;
L_0xa00540 .cmp/eq 6, L_0x9ff180, C4<000100>;
L_0xa00a00 .cmp/eq 6, L_0x9ff180, C4<000101>;
L_0xa01e80 .functor MUXZ 6, L_0x9ff660, C4<100010>, L_0xa006e0, C4<>;
L_0xa01fb0 .functor MUXZ 6, L_0xa01e80, C4<000001>, L_0xa00640, C4<>;
L_0xa00b20 .functor MUXZ 6, L_0xa01fb0, C4<100101>, L_0xa00450, C4<>;
L_0xa021c0 .functor MUXZ 6, L_0xa00b20, C4<100000>, L_0xa01cd0, C4<>;
L_0xa02860 .cmp/eq 5, L_0x9ff220, v0x9fd4f0_0;
L_0xa02900 .cmp/eq 5, L_0x9ff360, v0x9fd4f0_0;
L_0xa02d50 .cmp/eq 5, L_0xa07710, L_0x9ff220;
L_0xa02df0 .cmp/eq 5, L_0xa07710, L_0x9ff360;
L_0xa031d0 .cmp/eq 5, v0x9fdc70_0, L_0x9ff220;
L_0xa03270 .cmp/eq 5, v0x9fdc70_0, L_0x9ff360;
L_0xa037d0 .concat [ 5 1 0 0], L_0x9ff220, C4<0>;
L_0xa01dc0 .cmp/ne 6, L_0xa037d0, C4<000000>;
L_0xa03360 .cmp/eq 5, L_0x9ff220, v0x9fdc70_0;
L_0xa03c90 .functor MUXZ 32, L_0xa012f0, v0x9fb680_0, L_0xa036c0, C4<>;
L_0xa03aa0 .concat [ 5 1 0 0], L_0x9ff360, C4<0>;
L_0xa03980 .cmp/ne 6, L_0xa03aa0, C4<000000>;
L_0xa03d30 .cmp/eq 5, L_0x9ff360, v0x9fdc70_0;
L_0xa04410 .functor MUXZ 32, L_0xa01a30, v0x9fb680_0, L_0xa03bc0, C4<>;
L_0xa04190 .cmp/eq 32, L_0xa03c90, L_0xa04410;
L_0xa042e0 .cmp/ne 32, L_0xa03c90, L_0xa04410;
L_0xa03f70 .concat [ 16 16 0 0], L_0x9ff700, C4<0000000000000000>;
L_0xa04be0 .concat [ 16 16 0 0], C4<0000000000000000>, L_0x9ff700;
L_0xa04840 .part L_0x9ff700, 15, 1;
LS_0xa04e40_0_0 .concat [ 1 1 1 1], L_0xa04840, L_0xa04840, L_0xa04840, L_0xa04840;
LS_0xa04e40_0_4 .concat [ 1 1 1 1], L_0xa04840, L_0xa04840, L_0xa04840, L_0xa04840;
LS_0xa04e40_0_8 .concat [ 1 1 1 1], L_0xa04840, L_0xa04840, L_0xa04840, L_0xa04840;
LS_0xa04e40_0_12 .concat [ 1 1 1 1], L_0xa04840, L_0xa04840, L_0xa04840, L_0xa04840;
L_0xa04e40 .concat [ 4 4 4 4], LS_0xa04e40_0_0, LS_0xa04e40_0_4, LS_0xa04e40_0_8, LS_0xa04e40_0_12;
L_0xa04cd0 .concat [ 16 16 0 0], L_0x9ff700, L_0xa04e40;
L_0xa04d70 .functor MUXZ 32, L_0xa04cd0, L_0xa04be0, L_0xa00640, C4<>;
L_0xa05450 .functor MUXZ 32, L_0xa04d70, L_0xa03f70, L_0xa00450, C4<>;
L_0xa055d0 .part L_0xa05450, 0, 30;
L_0xa04750 .concat [ 2 30 0 0], C4<00>, L_0xa055d0;
L_0xa05810 .arith/sum 32, v0x9fc6c0_0, L_0xa04750;
L_0xa04f70 .concat [ 5 1 0 0], v0x9fd8c0_0, C4<0>;
L_0xa05060 .cmp/ne 6, L_0xa04f70, C4<000000>;
L_0xa05970 .cmp/eq 5, v0x9fdc70_0, v0x9fd8c0_0;
L_0xa04a40 .concat [ 5 1 0 0], v0x9fd8c0_0, C4<0>;
L_0xa05c40 .cmp/ne 6, L_0xa04a40, C4<000000>;
L_0xa061c0 .cmp/eq 5, v0x9fdd10_0, v0x9fd8c0_0;
L_0xa05e40 .functor MUXZ 32, v0x9fce00_0, L_0xa07400, L_0xa05f50, C4<>;
L_0xa06570 .functor MUXZ 32, L_0xa05e40, v0x9fb680_0, L_0xa05a60, C4<>;
L_0xa06430 .concat [ 5 1 0 0], v0x9fd4f0_0, C4<0>;
L_0xa05b20 .cmp/ne 6, L_0xa06430, C4<000000>;
L_0xa06700 .cmp/eq 5, v0x9fdc70_0, v0x9fd4f0_0;
L_0xa06000 .concat [ 5 1 0 0], v0x9fd4f0_0, C4<0>;
L_0xa06890 .cmp/ne 6, L_0xa06000, C4<000000>;
L_0xa070e0 .cmp/eq 5, v0x9fdd10_0, v0x9fd4f0_0;
L_0xa06f20 .functor MUXZ 32, v0x9fcad0_0, L_0xa07400, L_0xa06e20, C4<>;
L_0xa06cf0 .functor MUXZ 32, L_0xa06f20, v0x9fb680_0, L_0xa067a0, C4<>;
L_0xa07260 .functor MUXZ 32, L_0xa06cf0, v0x9fd690_0, v0x9fb7a0_0, C4<>;
L_0xa07710 .functor MUXZ 5, v0x9fd4f0_0, v0x9fcc90_0, v0x9fce80_0, C4<>;
L_0xa07400 .functor MUXZ 32, v0x9fb700_0, v0x9fd340_0, v0x9fc100_0, C4<>;
S_0x9f5f30 .scope module, "rfile_1" "rfile" 3 91, 4 2, S_0x9f45f0;
 .timescale -9 -12;
v0x9f61e0_0 .net *"_s1", 0 0, L_0xa00c90; 1 drivers
v0x9f6260_0 .net *"_s10", 31 0, C4<00000000000000000000000000000000>; 1 drivers
v0x9f6300_0 .net *"_s12", 31 0, L_0xa01160; 1 drivers
v0x9f63a0_0 .net *"_s17", 0 0, L_0xa01480; 1 drivers
v0x9f6450_0 .net *"_s18", 1 0, L_0xa01560; 1 drivers
v0x9f64f0_0 .net *"_s2", 1 0, L_0xa00d30; 1 drivers
v0x9f6590_0 .net *"_s21", 0 0, C4<0>; 1 drivers
v0x9f6630_0 .net *"_s22", 1 0, C4<00>; 1 drivers
v0x9f66d0_0 .net *"_s24", 0 0, L_0xa017c0; 1 drivers
v0x9f6770_0 .net *"_s26", 31 0, C4<00000000000000000000000000000000>; 1 drivers
v0x9f6810_0 .net *"_s28", 31 0, L_0xa01900; 1 drivers
v0x9f68b0_0 .net *"_s5", 0 0, C4<0>; 1 drivers
v0x9f6950_0 .net *"_s6", 1 0, C4<00>; 1 drivers
v0x9f69f0_0 .net *"_s8", 0 0, L_0xa00f20; 1 drivers
v0x9f6b10_0 .alias "a1", 4 0, v0x9fd240_0;
v0x9f6bb0_0 .alias "a2", 4 0, v0x9fd440_0;
v0x9f6a70_0 .net "a3", 4 0, v0x9fdd10_0; 1 drivers
v0x9f6d00_0 .alias "clk", 0 0, v0x9fba80_0;
v0x9f6c30_0 .alias "rd1", 31 0, v0x9fc800_0;
v0x9f6e20_0 .alias "rd2", 31 0, v0x9fca20_0;
v0x9f6da0 .array "rf", 31 0, 31 0;
v0x9f6f50_0 .alias "wd3", 31 0, v0x9fd190_0;
v0x9f6ec0_0 .net "we3", 0 0, v0x9fd0e0_0; 1 drivers
E_0x9f4ac0 .event negedge, v0x9f3f50_0;
L_0xa00c90 .reduce/or L_0x9ff220;
L_0xa00d30 .concat [ 1 1 0 0], L_0xa00c90, C4<0>;
L_0xa00f20 .cmp/eq 2, L_0xa00d30, C4<00>;
L_0xa01160 .array/port v0x9f6da0, L_0x9ff220;
L_0xa012f0 .functor MUXZ 32, L_0xa01160, C4<00000000000000000000000000000000>, L_0xa00f20, C4<>;
L_0xa01480 .reduce/or L_0x9ff360;
L_0xa01560 .concat [ 1 1 0 0], L_0xa01480, C4<0>;
L_0xa017c0 .cmp/eq 2, L_0xa01560, C4<00>;
L_0xa01900 .array/port v0x9f6da0, L_0x9ff360;
L_0xa01a30 .functor MUXZ 32, L_0xa01900, C4<00000000000000000000000000000000>, L_0xa017c0, C4<>;
S_0x9f4750 .scope module, "alu_1" "alu" 3 172, 5 3, S_0x9f45f0;
 .timescale -9 -12;
L_0xa07d90 .functor AND 32, L_0xa06570, L_0xa07260, C4<11111111111111111111111111111111>, C4<11111111111111111111111111111111>;
L_0xa07ad0 .functor OR 32, L_0xa06570, L_0xa07260, C4<00000000000000000000000000000000>, C4<00000000000000000000000000000000>;
L_0xa08070 .functor XOR 32, L_0xa06570, L_0xa07260, C4<00000000000000000000000000000000>, C4<00000000000000000000000000000000>;
L_0xa08280 .functor OR 32, L_0xa06570, L_0xa07260, C4<00000000000000000000000000000000>, C4<00000000000000000000000000000000>;
L_0xa07b40 .functor NOT 32, L_0xa08280, C4<00000000000000000000000000000000>, C4<00000000000000000000000000000000>, C4<00000000000000000000000000000000>;
v0x9f4840_0 .net *"_s0", 5 0, C4<100000>; 1 drivers
v0x9f4900_0 .net *"_s10", 31 0, L_0xa06ab0; 1 drivers
v0x9f49a0_0 .net *"_s12", 5 0, C4<100100>; 1 drivers
v0x9f4a40_0 .net *"_s14", 0 0, L_0xa07c60; 1 drivers
v0x9f4af0_0 .net *"_s16", 31 0, L_0xa07d90; 1 drivers
v0x9f4b90_0 .net *"_s18", 5 0, C4<100101>; 1 drivers
v0x9f4c70_0 .net *"_s2", 0 0, L_0xa074e0; 1 drivers
v0x9f4d10_0 .net *"_s20", 0 0, L_0xa079f0; 1 drivers
v0x9f4e00_0 .net *"_s22", 31 0, L_0xa07ad0; 1 drivers
v0x9f4ea0_0 .net *"_s24", 5 0, C4<100110>; 1 drivers
v0x9f4fa0_0 .net *"_s26", 0 0, L_0xa07fd0; 1 drivers
v0x9f5040_0 .net *"_s28", 31 0, L_0xa08070; 1 drivers
v0x9f5150_0 .net *"_s30", 5 0, C4<100111>; 1 drivers
v0x9f51f0_0 .net *"_s32", 0 0, L_0xa07e30; 1 drivers
v0x9f5310_0 .net *"_s34", 31 0, L_0xa08280; 1 drivers
v0x9f53b0_0 .net *"_s36", 31 0, L_0xa07b40; 1 drivers
v0x9f5270_0 .net *"_s38", 5 0, C4<011000>; 1 drivers
v0x9f5500_0 .net *"_s4", 31 0, L_0xa075d0; 1 drivers
v0x9f5620_0 .net *"_s40", 0 0, L_0xa08500; 1 drivers
v0x9f56a0_0 .net *"_s43", 31 0, L_0xa086b0; 1 drivers
v0x9f5580_0 .net *"_s44", 31 0, L_0xa08750; 1 drivers
v0x9f57d0_0 .net *"_s46", 31 0, L_0xa08840; 1 drivers
v0x9f5720_0 .net *"_s48", 31 0, L_0xa089d0; 1 drivers
v0x9f5910_0 .net *"_s50", 31 0, L_0xa08b60; 1 drivers
v0x9f5870_0 .net *"_s52", 31 0, L_0xa08d70; 1 drivers
v0x9f5a60_0 .net *"_s54", 31 0, L_0xa08f00; 1 drivers
v0x9f59b0_0 .net *"_s58", 31 0, C4<00000000000000000000000000000000>; 1 drivers
v0x9f5bc0_0 .net *"_s6", 5 0, C4<100010>; 1 drivers
v0x9f5b00_0 .net *"_s8", 0 0, L_0xa07670; 1 drivers
v0x9f5d30_0 .alias "a", 31 0, v0x9fde90_0;
v0x9f5c40_0 .alias "b", 31 0, v0x9fdf10_0;
v0x9f5eb0_0 .net "s", 5 0, v0x9fb490_0; 1 drivers
v0x9f5db0_0 .alias "y", 31 0, v0x9fba00_0;
v0x9f6040_0 .net "zero", 0 0, L_0xa08110; 1 drivers
L_0xa074e0 .cmp/eq 6, v0x9fb490_0, C4<100000>;
L_0xa075d0 .arith/sum 32, L_0xa06570, L_0xa07260;
L_0xa07670 .cmp/eq 6, v0x9fb490_0, C4<100010>;
L_0xa06ab0 .arith/sub 32, L_0xa06570, L_0xa07260;
L_0xa07c60 .cmp/eq 6, v0x9fb490_0, C4<100100>;
L_0xa079f0 .cmp/eq 6, v0x9fb490_0, C4<100101>;
L_0xa07fd0 .cmp/eq 6, v0x9fb490_0, C4<100110>;
L_0xa07e30 .cmp/eq 6, v0x9fb490_0, C4<100111>;
L_0xa08500 .cmp/eq 6, v0x9fb490_0, C4<011000>;
L_0xa086b0 .arith/mult 32, L_0xa06570, L_0xa07260;
L_0xa08750 .functor MUXZ 32, L_0xa07260, L_0xa086b0, L_0xa08500, C4<>;
L_0xa08840 .functor MUXZ 32, L_0xa08750, L_0xa07b40, L_0xa07e30, C4<>;
L_0xa089d0 .functor MUXZ 32, L_0xa08840, L_0xa08070, L_0xa07fd0, C4<>;
L_0xa08b60 .functor MUXZ 32, L_0xa089d0, L_0xa07ad0, L_0xa079f0, C4<>;
L_0xa08d70 .functor MUXZ 32, L_0xa08b60, L_0xa07d90, L_0xa07c60, C4<>;
L_0xa08f00 .functor MUXZ 32, L_0xa08d70, L_0xa06ab0, L_0xa07670, C4<>;
L_0xa09120 .functor MUXZ 32, L_0xa08f00, L_0xa075d0, L_0xa074e0, C4<>;
L_0xa08110 .cmp/eq 32, L_0xa09120, C4<00000000000000000000000000000000>;
S_0x9f42a0 .scope module, "imem_1" "imem" 2 25, 6 2, S_0x9b8070;
 .timescale -9 -12;
L_0xa09800 .functor BUFZ 32, L_0xa09760, C4<00000000000000000000000000000000>, C4<00000000000000000000000000000000>, C4<00000000000000000000000000000000>;
v0x9f4390_0 .net *"_s0", 31 0, L_0xa09760; 1 drivers
v0x9f4450_0 .net "a", 15 0, L_0xa09860; 1 drivers
v0x9f44f0 .array "mem", 65535 0, 31 0;
v0x9f4570_0 .alias "rd", 31 0, v0x9fe9e0_0;
L_0xa09760 .array/port v0x9f44f0, L_0xa09860;
S_0x9b6fb0 .scope module, "dmem_1" "dmem" 2 26, 7 2, S_0x9b8070;
 .timescale -9 -12;
L_0xa099f0 .functor BUFZ 32, L_0xa09950, C4<00000000000000000000000000000000>, C4<00000000000000000000000000000000>, C4<00000000000000000000000000000000>;
v0x99bb70_0 .net *"_s0", 31 0, L_0xa09950; 1 drivers
v0x9f3eb0_0 .net "a", 15 0, L_0xa09aa0; 1 drivers
v0x9f3f50_0 .alias "clk", 0 0, v0x9fba80_0;
v0x9f3ff0 .array "mem", 65535 0, 31 0;
v0x9f40a0_0 .alias "rd", 31 0, v0x9fe6b0_0;
v0x9f4120_0 .alias "wd", 31 0, v0x9fe780_0;
v0x9f4200_0 .alias "we", 0 0, v0x9fec10_0;
E_0x9d0210 .event posedge, v0x9f3f50_0;
L_0xa09950 .array/port v0x9f3ff0, L_0xa09aa0;
    .scope S_0x9f5f30;
T_0 ;
    %wait E_0x9f4ac0;
    %load/v 8, v0x9f6ec0_0, 1;
    %jmp/0xz  T_0.0, 8;
    %load/v 8, v0x9f6f50_0, 32;
    %ix/getv 3, v0x9f6a70_0;
    %jmp/1 t_0, 4;
    %ix/load 0, 32, 0; word width
    %ix/load 1, 0, 0; part off
    %assign/av v0x9f6da0, 0, 8;
t_0 ;
T_0.0 ;
    %jmp T_0;
    .thread T_0;
    .scope S_0x9f45f0;
T_1 ;
    %wait E_0x9f46e0;
    %load/v 8, v0x9fd3c0_0, 1;
    %inv 8, 1;
    %jmp/0xz  T_1.0, 8;
    %ix/load 0, 32, 0;
    %assign/v0 v0x9fbcc0_0, 0, 0;
    %jmp T_1.1;
T_1.0 ;
    %load/v 8, v0x9fd940_0, 1;
    %inv 8, 1;
    %jmp/0xz  T_1.2, 8;
    %load/v 8, v0x9fbc40_0, 32;
    %ix/load 0, 32, 0;
    %assign/v0 v0x9fbcc0_0, 0, 8;
T_1.2 ;
T_1.1 ;
    %jmp T_1;
    .thread T_1;
    .scope S_0x9f45f0;
T_2 ;
    %wait E_0x9f46e0;
    %load/v 8, v0x9fd3c0_0, 1;
    %inv 8, 1;
    %jmp/0xz  T_2.0, 8;
    %ix/load 0, 32, 0;
    %assign/v0 v0x9fc6c0_0, 0, 0;
    %jmp T_2.1;
T_2.0 ;
    %load/v 8, v0x9fd940_0, 1;
    %inv 8, 1;
    %jmp/0xz  T_2.2, 8;
    %load/v 8, v0x9fc760_0, 32;
    %ix/load 0, 32, 0;
    %assign/v0 v0x9fc6c0_0, 0, 8;
T_2.2 ;
T_2.1 ;
    %jmp T_2;
    .thread T_2;
    .scope S_0x9f45f0;
T_3 ;
    %wait E_0x9f46e0;
    %load/v 8, v0x9fd3c0_0, 1;
    %inv 8, 1;
    %jmp/0xz  T_3.0, 8;
    %ix/load 0, 32, 0;
    %assign/v0 v0x9fc580_0, 0, 0;
    %jmp T_3.1;
T_3.0 ;
    %load/v 8, v0x9fd940_0, 1;
    %inv 8, 1;
    %load/v 9, v0x9fbec0_0, 1;
    %and 8, 9, 1;
    %jmp/0xz  T_3.2, 8;
    %load/v 8, v0x9fc620_0, 32;
    %ix/load 0, 32, 0;
    %assign/v0 v0x9fc580_0, 0, 8;
    %jmp T_3.3;
T_3.2 ;
    %load/v 8, v0x9fd940_0, 1;
    %inv 8, 1;
    %jmp/0xz  T_3.4, 8;
    %load/v 8, v0x9fc760_0, 32;
    %ix/load 0, 32, 0;
    %assign/v0 v0x9fc580_0, 0, 8;
T_3.4 ;
T_3.3 ;
T_3.1 ;
    %jmp T_3;
    .thread T_3;
    .scope S_0x9f45f0;
T_4 ;
    %wait E_0x9d0210;
    %load/v 8, v0x9fd940_0, 1;
    %inv 8, 1;
    %jmp/0xz  T_4.0, 8;
    %load/v 8, v0x9fd730_0, 1;
    %ix/load 0, 1, 0;
    %assign/v0 v0x9fd7d0_0, 0, 8;
    %load/v 8, v0x9fc980_0, 32;
    %ix/load 0, 32, 0;
    %assign/v0 v0x9fce00_0, 0, 8;
    %load/v 8, v0x9fcb50_0, 32;
    %ix/load 0, 32, 0;
    %assign/v0 v0x9fcad0_0, 0, 8;
    %load/v 8, v0x9fd5f0_0, 32;
    %ix/load 0, 32, 0;
    %assign/v0 v0x9fd690_0, 0, 8;
    %load/v 8, v0x9fb3f0_0, 6;
    %ix/load 0, 6, 0;
    %assign/v0 v0x9fb490_0, 0, 8;
    %load/v 8, v0x9fb350_0, 1;
    %inv 8, 1;
    %ix/load 0, 1, 0;
    %assign/v0 v0x9fb7a0_0, 0, 8;
    %load/v 8, v0x9fb350_0, 1;
    %ix/load 0, 1, 0;
    %assign/v0 v0x9fce80_0, 0, 8;
T_4.0 ;
    %jmp T_4;
    .thread T_4;
    .scope S_0x9f45f0;
T_5 ;
    %wait E_0x9f46e0;
    %load/v 8, v0x9fd3c0_0, 1;
    %inv 8, 1;
    %jmp/0xz  T_5.0, 8;
    %ix/load 0, 5, 0;
    %assign/v0 v0x9fd8c0_0, 0, 0;
    %ix/load 0, 5, 0;
    %assign/v0 v0x9fd4f0_0, 0, 0;
    %ix/load 0, 5, 0;
    %assign/v0 v0x9fcc90_0, 0, 0;
    %ix/load 0, 1, 0;
    %assign/v0 v0x9fbfc0_0, 0, 0;
    %ix/load 0, 1, 0;
    %assign/v0 v0x9fcfa0_0, 0, 0;
    %ix/load 0, 1, 0;
    %assign/v0 v0x9fc880_0, 0, 0;
    %jmp T_5.1;
T_5.0 ;
    %load/v 8, v0x9fd940_0, 1;
    %jmp/0xz  T_5.2, 8;
    %ix/load 0, 5, 0;
    %assign/v0 v0x9fd8c0_0, 0, 0;
    %ix/load 0, 5, 0;
    %assign/v0 v0x9fd4f0_0, 0, 0;
    %ix/load 0, 5, 0;
    %assign/v0 v0x9fcc90_0, 0, 0;
    %ix/load 0, 1, 0;
    %assign/v0 v0x9fbfc0_0, 0, 0;
    %ix/load 0, 1, 0;
    %assign/v0 v0x9fcfa0_0, 0, 0;
    %ix/load 0, 1, 0;
    %assign/v0 v0x9fc880_0, 0, 0;
    %jmp T_5.3;
T_5.2 ;
    %load/v 8, v0x9fd240_0, 5;
    %ix/load 0, 5, 0;
    %assign/v0 v0x9fd8c0_0, 0, 8;
    %load/v 8, v0x9fd440_0, 5;
    %ix/load 0, 5, 0;
    %assign/v0 v0x9fd4f0_0, 0, 8;
    %load/v 8, v0x9fcbf0_0, 5;
    %ix/load 0, 5, 0;
    %assign/v0 v0x9fcc90_0, 0, 8;
    %load/v 8, v0x9fbf40_0, 1;
    %ix/load 0, 1, 0;
    %assign/v0 v0x9fbfc0_0, 0, 8;
    %load/v 8, v0x9fcf00_0, 1;
    %ix/load 0, 1, 0;
    %assign/v0 v0x9fcfa0_0, 0, 8;
    %load/v 8, v0x9fc250_0, 1;
    %ix/load 0, 1, 0;
    %assign/v0 v0x9fc880_0, 0, 8;
T_5.3 ;
T_5.1 ;
    %jmp T_5;
    .thread T_5;
    .scope S_0x9f45f0;
T_6 ;
    %wait E_0x9d0210;
    %load/v 8, v0x9fd7d0_0, 1;
    %jmp/0xz  T_6.0, 8;
    %ix/load 1, 31, 0;
    %mov 4, 0, 1;
    %jmp/1 T_6.2, 4;
    %load/x1p 40, v0x9fba00_0, 1;
    %jmp T_6.3;
T_6.2 ;
    %mov 40, 2, 1;
T_6.3 ;
    %mov 8, 40, 1; Move signal select into place
    %mov 9, 0, 31;
    %ix/load 0, 32, 0;
    %assign/v0 v0x9fb680_0, 0, 8;
    %jmp T_6.1;
T_6.0 ;
    %load/v 8, v0x9fba00_0, 32;
    %ix/load 0, 32, 0;
    %assign/v0 v0x9fb680_0, 0, 8;
T_6.1 ;
    %load/v 8, v0x9fbfc0_0, 1;
    %ix/load 0, 1, 0;
    %assign/v0 v0x9fc060_0, 0, 8;
    %load/v 8, v0x9fdaf0_0, 32;
    %ix/load 0, 32, 0;
    %assign/v0 v0x9fdb70_0, 0, 8;
    %load/v 8, v0x9fdbf0_0, 5;
    %ix/load 0, 5, 0;
    %assign/v0 v0x9fdc70_0, 0, 8;
    %jmp T_6;
    .thread T_6;
    .scope S_0x9f45f0;
T_7 ;
    %wait E_0x9f46e0;
    %load/v 8, v0x9fd3c0_0, 1;
    %inv 8, 1;
    %jmp/0xz  T_7.0, 8;
    %ix/load 0, 1, 0;
    %assign/v0 v0x9fd040_0, 0, 0;
    %ix/load 0, 1, 0;
    %assign/v0 v0x9fc900_0, 0, 0;
    %jmp T_7.1;
T_7.0 ;
    %load/v 8, v0x9fcfa0_0, 1;
    %ix/load 0, 1, 0;
    %assign/v0 v0x9fd040_0, 0, 8;
    %load/v 8, v0x9fc880_0, 1;
    %ix/load 0, 1, 0;
    %assign/v0 v0x9fc900_0, 0, 8;
T_7.1 ;
    %jmp T_7;
    .thread T_7;
    .scope S_0x9f45f0;
T_8 ;
    %wait E_0x9d0210;
    %load/v 8, v0x9fcd30_0, 32;
    %ix/load 0, 32, 0;
    %assign/v0 v0x9fd340_0, 0, 8;
    %load/v 8, v0x9fb680_0, 32;
    %ix/load 0, 32, 0;
    %assign/v0 v0x9fb700_0, 0, 8;
    %load/v 8, v0x9fc060_0, 1;
    %ix/load 0, 1, 0;
    %assign/v0 v0x9fc100_0, 0, 8;
    %load/v 8, v0x9fdc70_0, 5;
    %ix/load 0, 5, 0;
    %assign/v0 v0x9fdd10_0, 0, 8;
    %jmp T_8;
    .thread T_8;
    .scope S_0x9f45f0;
T_9 ;
    %wait E_0x9f46e0;
    %load/v 8, v0x9fd3c0_0, 1;
    %inv 8, 1;
    %jmp/0xz  T_9.0, 8;
    %ix/load 0, 1, 0;
    %assign/v0 v0x9fd0e0_0, 0, 0;
    %jmp T_9.1;
T_9.0 ;
    %load/v 8, v0x9fd040_0, 1;
    %ix/load 0, 1, 0;
    %assign/v0 v0x9fd0e0_0, 0, 8;
T_9.1 ;
    %jmp T_9;
    .thread T_9;
    .scope S_0x9f42a0;
T_10 ;
    %vpi_call 6 12 "$readmemh", "imem.dat", v0x9f44f0;
    %end;
    .thread T_10;
    .scope S_0x9b6fb0;
T_11 ;
    %wait E_0x9d0210;
    %load/v 8, v0x9f4200_0, 1;
    %jmp/0xz  T_11.0, 8;
    %load/v 8, v0x9f4120_0, 32;
    %ix/getv 3, v0x9f3eb0_0;
    %jmp/1 t_1, 4;
    %ix/load 0, 32, 0; word width
    %ix/load 1, 0, 0; part off
    %assign/av v0x9f3ff0, 0, 8;
t_1 ;
T_11.0 ;
    %jmp T_11;
    .thread T_11;
    .scope S_0x9b6fb0;
T_12 ;
    %vpi_call 7 18 "$readmemh", "dmem.dat", v0x9f3ff0;
    %end;
    .thread T_12;
    .scope S_0x9b8070;
T_13 ;
    %delay 5000, 0;
    %load/v 8, v0x9fe530_0, 1;
    %inv 8, 1;
    %ix/load 0, 1, 0;
    %assign/v0 v0x9fe530_0, 0, 8;
    %jmp T_13;
    .thread T_13;
    .scope S_0x9b8070;
T_14 ;
    %vpi_call 2 30 "$dumpfile", "mipse.vcd";
    %vpi_call 2 31 "$dumpvars", 1'sb0, S_0x9f45f0;
    %vpi_func 2 32 "$fopen", 8, 32, "result.dat";
    %set/v v0x9fddc0_0, 8, 32;
    %ix/load 0, 1, 0;
    %assign/v0 v0x9fe530_0, 0, 0;
    %ix/load 0, 1, 0;
    %assign/v0 v0x9feab0_0, 0, 0;
    %ix/load 0, 32, 0;
    %assign/v0 v0x9fe5b0_0, 0, 0;
    %ix/load 0, 32, 0;
    %assign/v0 v0x9feb90_0, 0, 0;
    %delay 2000, 0;
    %delay 10000, 0;
    %ix/load 0, 1, 0;
    %assign/v0 v0x9feab0_0, 0, 1;
    %delay 1000000000, 0;
    %vpi_call 2 41 "$finish";
    %end;
    .thread T_14;
    .scope S_0x9b8070;
T_15 ;
    %wait E_0x9f4ac0;
    %vpi_call 2 45 "$display", "pc:%h idatain:%h stall:%b", v0x9fc580_0, v0x9fbc40_0, v0x9fd940_0;
    %vpi_call 2 46 "$display", "reg:%h %h %h %h %h %h %h", &A<v0x9f6da0, 1>, &A<v0x9f6da0, 2>, &A<v0x9f6da0, 3>, &A<v0x9f6da0, 4>, &A<v0x9f6da0, 5>, &A<v0x9f6da0, 6>, &A<v0x9f6da0, 7>;
    %vpi_call 2 50 "$display", "mem:%h %h %h %h", &A<v0x9f3ff0, 0>, &A<v0x9f3ff0, 1>, &A<v0x9f3ff0, 2>, &A<v0x9f3ff0, 3>;
    %load/v 8, v0x9fd940_0, 1;
    %jmp/0xz  T_15.0, 8;
    %load/v 8, v0x9feb90_0, 32;
    %mov 40, 0, 1;
    %addi 8, 1, 33;
    %ix/load 0, 32, 0;
    %assign/v0 v0x9feb90_0, 0, 8;
T_15.0 ;
    %load/v 8, v0x9fe5b0_0, 32;
    %mov 40, 0, 1;
    %addi 8, 1, 33;
    %ix/load 0, 32, 0;
    %assign/v0 v0x9fe5b0_0, 0, 8;
    %load/v 8, v0x9fe630_0, 32;
    %cmpi/u 8, 32767, 32;
    %mov 8, 4, 1;
    %load/v 9, v0x9fec10_0, 1;
    %and 8, 9, 1;
    %jmp/0xz  T_15.2, 8;
    %vpi_call 2 56 "$display", "%h count:%d stall:%d", v0x9fe780_0, v0x9fe5b0_0, v0x9feb90_0;
    %movi 8, 200, 32;
    %set/v v0x9fe890_0, 8, 32;
T_15.4 ;
    %load/v 8, v0x9fe890_0, 32;
   %cmpi/s 8, 300, 32;
    %jmp/0xz T_15.5, 5;
    %vpi_call 2 58 "$fdisplay", v0x9fddc0_0, "%h", &A<v0x9f3ff0, v0x9fe890_0 >;
    %ix/load 0, 1, 0;
    %load/vp0/s 8, v0x9fe890_0, 32;
    %set/v v0x9fe890_0, 8, 32;
    %jmp T_15.4;
T_15.5 ;
    %vpi_call 2 59 "$finish";
T_15.2 ;
    %jmp T_15;
    .thread T_15;
# The file index is used to find the file name in the following table.
:file_names 8;
    "N/A";
    "<interactive>";
    "test_mipse.v";
    "mipse.v";
    "rfile.v";
    "alu.v";
    "imem.v";
    "dmem.v";
