#! /usr/bin/vvp
:ivl_version "0.9.2 " "(v0_9_2)";
:vpi_time_precision - 12;
:vpi_module "system";
:vpi_module "v2005_math";
:vpi_module "va_math";
S_0x18099e30 .scope module, "test_mipse" "test_mipse" 2 4;
 .timescale -9 -12;
P_0x18078c38 .param/l "STEP" 2 5, +C4<01010>;
v0x180eec80_0 .var/i "FP", 31 0;
v0x180eed00_0 .var "clk", 0 0;
v0x180eed80_0 .var "count", 31 0;
v0x180eee20_0 .net "daddr", 31 0, L_0x180f9530; 1 drivers
v0x180eef00_0 .net "ddatain", 31 0, L_0x180f8620; 1 drivers
v0x180eefd0_0 .net "ddataout", 31 0, v0x180ee2d0_0; 1 drivers
v0x180ef0e0_0 .var/i "i", 31 0;
v0x180ef160_0 .net "iaddr", 31 0, v0x180ecc80_0; 1 drivers
v0x180ef230_0 .net "idata", 31 0, L_0x180f8900; 1 drivers
v0x180ef300_0 .var "rst_n", 0 0;
v0x180ef3e0_0 .var "stall", 31 0;
v0x180ef460_0 .net "we", 0 0, v0x180ec980_0; 1 drivers
L_0x180f8960 .part v0x180ecc80_0, 2, 16;
L_0x180fab20 .part L_0x180f9530, 2, 16;
S_0x180e4240 .scope module, "mipse_1" "mipse" 2 21, 3 2, S_0x18099e30;
 .timescale -9 -12;
L_0x180efe30 .functor BUFZ 32, v0x180ec250_0, C4<00000000000000000000000000000000>, C4<00000000000000000000000000000000>, C4<00000000000000000000000000000000>;
L_0x180f0520 .functor OR 1, L_0x180f05e0, L_0x180f0760, C4<0>, C4<0>;
L_0x180f0980 .functor AND 1, L_0x180f02d0, L_0x180f0520, C4<1>, C4<1>;
L_0x180f0850 .functor AND 1, L_0x180f0b10, L_0x180f0c00, C4<1>, C4<1>;
L_0x180f1120 .functor OR 1, L_0x180f1640, L_0x180f1890, C4<0>, C4<0>;
L_0x180f19d0 .functor BUFZ 1, L_0x180f0010, C4<0>, C4<0>, C4<0>;
L_0x180f2510 .functor OR 1, L_0x180f0f10, L_0x180f0140, C4<0>, C4<0>;
L_0x180f2610 .functor OR 1, L_0x180f2510, L_0x180f0010, C4<0>, C4<0>;
L_0x180f2710 .functor OR 1, L_0x180f2610, L_0x180f13b0, C4<0>, C4<0>;
L_0x180f2eb0 .functor OR 1, L_0x180f0140, L_0x180f0980, C4<0>, C4<0>;
L_0x180f2fc0 .functor OR 1, L_0x180f2eb0, L_0x180f1200, C4<0>, C4<0>;
L_0x180f3020 .functor OR 1, L_0x180f2fc0, L_0x180f13b0, C4<0>, C4<0>;
L_0x180f2f60 .functor OR 1, L_0x180f3020, L_0x180f0f10, C4<0>, C4<0>;
L_0x180f3190 .functor OR 1, L_0x180f2f60, L_0x180f0ff0, C4<0>, C4<0>;
L_0x180f30d0 .functor OR 1, L_0x180f3190, L_0x180f1510, C4<0>, C4<0>;
L_0x180f3310 .functor BUFZ 1, L_0x180f0140, C4<0>, C4<0>, C4<0>;
L_0x180f3240 .functor OR 1, L_0x180f3490, L_0x180f2be0, C4<0>, C4<0>;
L_0x180f3680 .functor AND 1, L_0x180f3240, v0x180ec550_0, C4<1>, C4<1>;
L_0x180f3400 .functor AND 1, L_0x180f1120, v0x180ed650_0, C4<1>, C4<1>;
L_0x180f39d0 .functor OR 1, L_0x180f3820, L_0x180f3530, C4<0>, C4<0>;
L_0x180f3730 .functor AND 1, L_0x180f3400, L_0x180f39d0, C4<1>, C4<1>;
L_0x180f3c20 .functor AND 1, L_0x180f1120, v0x180ecc00_0, C4<1>, C4<1>;
L_0x180f3e60 .functor OR 1, L_0x180f3ad0, L_0x180f38c0, C4<0>, C4<0>;
L_0x180f3f60 .functor AND 1, L_0x180f3c20, L_0x180f3e60, C4<1>, C4<1>;
L_0x180f3c80 .functor OR 1, L_0x180f3730, L_0x180f3f60, C4<0>, C4<0>;
L_0x180f4180 .functor OR 1, L_0x180f3680, L_0x180f3c80, C4<0>, C4<0>;
L_0x180f1820 .functor AND 1, L_0x180f2850, L_0x180f3d40, C4<1>, C4<1>;
L_0x180f45f0 .functor AND 1, L_0x180f1820, v0x180ed6f0_0, C4<1>, C4<1>;
L_0x180f22b0 .functor AND 1, L_0x180f4060, L_0x180f49e0, C4<1>, C4<1>;
L_0x180f47e0 .functor AND 1, L_0x180f22b0, v0x180ed6f0_0, C4<1>, C4<1>;
L_0x180f4b10 .functor AND 1, L_0x180f1640, L_0x180f4e00, C4<1>, C4<1>;
L_0x180f50a0 .functor AND 1, L_0x180f1890, L_0x180f4bc0, C4<1>, C4<1>;
L_0x180f4cb0 .functor OR 1, L_0x180f4b10, L_0x180f50a0, C4<0>, C4<0>;
L_0x180f4f90 .functor AND 1, v0x180ed6f0_0, L_0x180f5c60, C4<1>, C4<1>;
L_0x180f63f0 .functor AND 1, L_0x180f4f90, L_0x180f5150, C4<1>, C4<1>;
L_0x180f61f0 .functor AND 1, v0x180ed790_0, L_0x180f64f0, C4<1>, C4<1>;
L_0x180f6060 .functor AND 1, L_0x180f61f0, L_0x180f62f0, C4<1>, C4<1>;
L_0x180f69d0 .functor AND 1, v0x180ed6f0_0, L_0x180f6c50, C4<1>, C4<1>;
L_0x180f6800 .functor AND 1, L_0x180f69d0, L_0x180f6ac0, C4<1>, C4<1>;
L_0x180edea0 .functor AND 1, v0x180ed790_0, L_0x180f7070, C4<1>, C4<1>;
L_0x180f6f80 .functor AND 1, L_0x180edea0, L_0x180f6ee0, C4<1>, C4<1>;
L_0x180f7830 .functor AND 1, L_0x180f7a00, L_0x180f7740, C4<1>, C4<1>;
L_0x180f72a0 .functor AND 1, L_0x180f60c0, L_0x180f7aa0, C4<1>, C4<1>;
L_0x180f7fa0 .functor AND 1, L_0x180f6d90, L_0x180f7e80, C4<1>, C4<1>;
L_0x180f9530 .functor BUFZ 32, v0x180eb860_0, C4<00000000000000000000000000000000>, C4<00000000000000000000000000000000>, C4<00000000000000000000000000000000>;
v0x180e6710_0 .net *"_s0", 32 0, L_0x180ef550; 1 drivers
v0x180e67b0_0 .net *"_s101", 5 0, C4<100010>; 1 drivers
v0x180e6850_0 .net *"_s103", 5 0, L_0x180f2920; 1 drivers
v0x180e68f0_0 .net *"_s105", 5 0, L_0x180f1730; 1 drivers
v0x180e6990_0 .net *"_s107", 5 0, L_0x180f2b40; 1 drivers
v0x180e6a30_0 .net *"_s111", 0 0, L_0x180f2eb0; 1 drivers
v0x180e6ad0_0 .net *"_s113", 0 0, L_0x180f2fc0; 1 drivers
v0x180e6b70_0 .net *"_s115", 0 0, L_0x180f3020; 1 drivers
v0x180e6c10_0 .net *"_s117", 0 0, L_0x180f2f60; 1 drivers
v0x180e6cb0_0 .net *"_s119", 0 0, L_0x180f3190; 1 drivers
v0x180e6db0_0 .net *"_s125", 0 0, L_0x180f3490; 1 drivers
v0x180e6e50_0 .net *"_s127", 0 0, L_0x180f2be0; 1 drivers
v0x180e6f40_0 .net *"_s129", 0 0, L_0x180f3240; 1 drivers
v0x180e6fc0_0 .net *"_s133", 0 0, L_0x180f3400; 1 drivers
v0x180e70c0_0 .net *"_s135", 0 0, L_0x180f3820; 1 drivers
v0x180e7140_0 .net *"_s137", 0 0, L_0x180f3530; 1 drivers
v0x180e7040_0 .net *"_s139", 0 0, L_0x180f39d0; 1 drivers
v0x180e7250_0 .net *"_s141", 0 0, L_0x180f3730; 1 drivers
v0x180e7370_0 .net *"_s143", 0 0, L_0x180f3c20; 1 drivers
v0x180e73f0_0 .net *"_s145", 0 0, L_0x180f3ad0; 1 drivers
v0x180e72d0_0 .net *"_s147", 0 0, L_0x180f38c0; 1 drivers
v0x180e7520_0 .net *"_s149", 0 0, L_0x180f3e60; 1 drivers
v0x180e7470_0 .net *"_s151", 0 0, L_0x180f3f60; 1 drivers
v0x180e7660_0 .net *"_s157", 4 0, C4<00000>; 1 drivers
v0x180e75c0_0 .net *"_s159", 0 0, L_0x180f2850; 1 drivers
v0x180e77b0_0 .net *"_s161", 0 0, L_0x180f3d40; 1 drivers
v0x180e7700_0 .net *"_s163", 0 0, L_0x180f1820; 1 drivers
v0x180e7910_0 .net *"_s165", 0 0, L_0x180f45f0; 1 drivers
v0x180e7850_0 .net *"_s169", 4 0, C4<00000>; 1 drivers
v0x180e7a80_0 .net *"_s171", 0 0, L_0x180f4060; 1 drivers
v0x180e7990_0 .net *"_s173", 0 0, L_0x180f49e0; 1 drivers
v0x180e7c00_0 .net *"_s175", 0 0, L_0x180f22b0; 1 drivers
v0x180e7b00_0 .net *"_s177", 0 0, L_0x180f47e0; 1 drivers
v0x180e7d90_0 .net *"_s18", 31 0, L_0x180efe30; 1 drivers
v0x180e7c80_0 .net *"_s181", 0 0, L_0x180f4e00; 1 drivers
v0x180e7f30_0 .net *"_s183", 0 0, L_0x180f4b10; 1 drivers
v0x180e7e10_0 .net *"_s185", 0 0, L_0x180f4bc0; 1 drivers
v0x180e7eb0_0 .net *"_s187", 0 0, L_0x180f50a0; 1 drivers
v0x180e80f0_0 .net *"_s191", 15 0, C4<0000000000000000>; 1 drivers
v0x180e8170_0 .net *"_s193", 31 0, L_0x180f5260; 1 drivers
v0x180e7fb0_0 .net *"_s195", 15 0, C4<0000000000000000>; 1 drivers
v0x180e8050_0 .net *"_s197", 31 0, L_0x180f44c0; 1 drivers
v0x180e8350_0 .net *"_s200", 0 0, L_0x180f5510; 1 drivers
v0x180e83d0_0 .net *"_s201", 15 0, L_0x180f53a0; 1 drivers
v0x180e81f0_0 .net *"_s203", 31 0, L_0x180f57c0; 1 drivers
v0x180e8290_0 .net *"_s205", 31 0, L_0x180f5860; 1 drivers
v0x180e85d0_0 .net *"_s21", 5 0, C4<101011>; 1 drivers
v0x180e8650_0 .net *"_s210", 29 0, L_0x180f5da0; 1 drivers
v0x180e8470_0 .net *"_s211", 1 0, C4<00>; 1 drivers
v0x180e8510_0 .net *"_s213", 31 0, L_0x180f5e40; 1 drivers
v0x180e8870_0 .net *"_s217", 4 0, C4<00000>; 1 drivers
v0x180e88f0_0 .net *"_s219", 0 0, L_0x180f5c60; 1 drivers
v0x180e86f0_0 .net *"_s221", 0 0, L_0x180f4f90; 1 drivers
v0x180e8790_0 .net *"_s223", 0 0, L_0x180f5150; 1 drivers
v0x180e8b30_0 .net *"_s225", 0 0, L_0x180f63f0; 1 drivers
v0x180e8bb0_0 .net *"_s227", 4 0, C4<00000>; 1 drivers
v0x180e8970_0 .net *"_s229", 0 0, L_0x180f64f0; 1 drivers
v0x180e8a10_0 .net *"_s231", 0 0, L_0x180f61f0; 1 drivers
v0x180e8ab0_0 .net *"_s233", 0 0, L_0x180f62f0; 1 drivers
v0x180e8e30_0 .net *"_s235", 0 0, L_0x180f6060; 1 drivers
v0x180e8c50_0 .net *"_s237", 31 0, L_0x180f6930; 1 drivers
v0x180e8cf0_0 .net *"_s241", 4 0, C4<00000>; 1 drivers
v0x180e8d90_0 .net *"_s243", 0 0, L_0x180f6c50; 1 drivers
v0x180e90d0_0 .net *"_s245", 0 0, L_0x180f69d0; 1 drivers
v0x180e8eb0_0 .net *"_s247", 0 0, L_0x180f6ac0; 1 drivers
v0x180e8f50_0 .net *"_s249", 0 0, L_0x180f6800; 1 drivers
v0x180e8ff0_0 .net *"_s25", 5 0, C4<100011>; 1 drivers
v0x180e9370_0 .net *"_s251", 4 0, C4<00000>; 1 drivers
v0x180e9150_0 .net *"_s253", 0 0, L_0x180f7070; 1 drivers
v0x180e91f0_0 .net *"_s255", 0 0, L_0x180edea0; 1 drivers
v0x180e9290_0 .net *"_s257", 0 0, L_0x180f6ee0; 1 drivers
v0x180e9630_0 .net *"_s259", 0 0, L_0x180f6f80; 1 drivers
v0x180e93f0_0 .net *"_s261", 31 0, L_0x180f7360; 1 drivers
v0x180e9470_0 .net *"_s271", 31 0, C4<00000000000000000000000001010101>; 1 drivers
v0x180e9510_0 .net *"_s273", 0 0, L_0x180f7540; 1 drivers
v0x180e95b0_0 .net/s *"_s275", 2 0, C4<101>; 1 drivers
v0x180e9920_0 .net *"_s277", 31 0, C4<00000000000000000000000001010101>; 1 drivers
v0x180e99a0_0 .net *"_s279", 0 0, L_0x180f7a00; 1 drivers
v0x180e96b0_0 .net *"_s281", 31 0, C4<00000000000000000000000000111100>; 1 drivers
v0x180e9750_0 .net *"_s283", 0 0, L_0x180f7740; 1 drivers
v0x180e97f0_0 .net *"_s285", 0 0, L_0x180f7830; 1 drivers
v0x180e9890_0 .net/s *"_s287", 2 0, C4<100>; 1 drivers
v0x180e9cc0_0 .net *"_s289", 31 0, C4<00000000000000000000000000111100>; 1 drivers
v0x180e9d60_0 .net *"_s29", 5 0, C4<000000>; 1 drivers
v0x180e9a40_0 .net *"_s291", 0 0, L_0x180f60c0; 1 drivers
v0x180e9ae0_0 .net *"_s293", 31 0, C4<00000000000000000000000000101000>; 1 drivers
v0x180e9b80_0 .net *"_s295", 0 0, L_0x180f7aa0; 1 drivers
v0x180e9c20_0 .net *"_s297", 0 0, L_0x180f72a0; 1 drivers
v0x180ea0b0_0 .net/s *"_s299", 2 0, C4<011>; 1 drivers
v0x180ea150_0 .net *"_s3", 0 0, C4<0>; 1 drivers
v0x180e9e00_0 .net *"_s301", 31 0, C4<00000000000000000000000000101000>; 1 drivers
v0x180e9ea0_0 .net *"_s303", 0 0, L_0x180f6d90; 1 drivers
v0x180e9f40_0 .net *"_s305", 31 0, C4<00000000000000000000000000001010>; 1 drivers
v0x180e9fe0_0 .net *"_s307", 0 0, L_0x180f7e80; 1 drivers
v0x180ea4d0_0 .net *"_s309", 0 0, L_0x180f7fa0; 1 drivers
v0x180ea550_0 .net *"_s31", 0 0, L_0x180f02d0; 1 drivers
v0x180ea1f0_0 .net/s *"_s311", 2 0, C4<010>; 1 drivers
v0x180ea290_0 .net/s *"_s313", 2 0, C4<001>; 1 drivers
v0x180ea330_0 .net *"_s315", 2 0, L_0x180f7d20; 1 drivers
v0x180ea3d0_0 .net *"_s317", 2 0, L_0x180f81b0; 1 drivers
v0x180ea900_0 .net *"_s319", 2 0, L_0x180f8340; 1 drivers
v0x180ea980_0 .net *"_s34", 2 0, L_0x180f0430; 1 drivers
v0x180ea5d0_0 .net *"_s35", 2 0, C4<100>; 1 drivers
v0x180ea650_0 .net *"_s37", 0 0, L_0x180f05e0; 1 drivers
v0x180ea6f0_0 .net *"_s39", 5 0, C4<011000>; 1 drivers
v0x180ea790_0 .net *"_s4", 32 0, C4<000000000000000000000000000000100>; 1 drivers
v0x180ea830_0 .net *"_s41", 0 0, L_0x180f0760; 1 drivers
v0x180ead60_0 .net *"_s43", 0 0, L_0x180f0520; 1 drivers
v0x180eaa00_0 .net *"_s47", 5 0, C4<000000>; 1 drivers
v0x180eaaa0_0 .net *"_s49", 0 0, L_0x180f0b10; 1 drivers
v0x180eab40_0 .net *"_s51", 5 0, C4<011000>; 1 drivers
v0x180eabe0_0 .net *"_s53", 0 0, L_0x180f0c00; 1 drivers
v0x180eac80_0 .net *"_s57", 5 0, C4<001000>; 1 drivers
v0x180eb170_0 .net *"_s6", 32 0, L_0x180ef680; 1 drivers
v0x180eade0_0 .net *"_s61", 5 0, C4<001101>; 1 drivers
v0x180eae60_0 .net *"_s65", 5 0, C4<001111>; 1 drivers
v0x180eaf00_0 .net *"_s69", 5 0, C4<001100>; 1 drivers
v0x180eafa0_0 .net *"_s73", 5 0, C4<001010>; 1 drivers
v0x180eb040_0 .net *"_s77", 5 0, C4<000100>; 1 drivers
v0x180eb0e0_0 .net *"_s81", 5 0, C4<000101>; 1 drivers
v0x180eb5e0_0 .net *"_s89", 0 0, L_0x180f2510; 1 drivers
v0x180eb680_0 .net *"_s91", 0 0, L_0x180f2610; 1 drivers
v0x180eb210_0 .net *"_s93", 0 0, L_0x180f2710; 1 drivers
v0x180eb2b0_0 .net *"_s95", 5 0, C4<100000>; 1 drivers
v0x180eb350_0 .net *"_s97", 5 0, C4<100101>; 1 drivers
v0x180eb3f0_0 .net *"_s99", 5 0, C4<000001>; 1 drivers
v0x180eb490_0 .net "addi_opD", 0 0, L_0x180f0f10; 1 drivers
v0x180eb530_0 .net "alu_opD", 0 0, L_0x180f0980; 1 drivers
v0x180ebb30_0 .net "alucomD", 5 0, L_0x180f2d20; 1 drivers
v0x180ebbd0_0 .var "alucomE", 5 0;
v0x180eb730_0 .alias "aluout", 31 0, v0x180eee20_0;
v0x180eb7b0_0 .net "aluoutE", 31 0, L_0x180fa200; 1 drivers
v0x180eb860_0 .var "aluoutM", 31 0;
v0x180eb8e0_0 .var "aluoutW", 31 0;
v0x180eb980_0 .var "alusrcE", 0 0;
v0x180eba20_0 .net "beq_opD", 0 0, L_0x180f1640; 1 drivers
v0x180ec0a0_0 .net "bne_opD", 0 0, L_0x180f1890; 1 drivers
v0x180ec120_0 .net "branchD", 0 0, L_0x180f1120; 1 drivers
v0x180ebc50_0 .net "branchstall", 0 0, L_0x180f3c80; 1 drivers
v0x180ebcf0_0 .net "btakenD", 0 0, L_0x180f4cb0; 1 drivers
v0x180ebd90_0 .net "clk", 0 0, v0x180eed00_0; 1 drivers
v0x180ebe60_0 .net "funcD", 5 0, L_0x180efd90; 1 drivers
v0x180ebf00_0 .net "grade_opD", 0 0, L_0x180f13b0; 1 drivers
v0x180ebfa0_0 .var "grade_opE", 0 0;
v0x180ec630_0 .net "gradeoutE", 2 0, L_0x180f8a80; 1 drivers
v0x180ec6b0_0 .net "immD", 15 0, L_0x180efe90; 1 drivers
v0x180ec1a0_0 .alias "instr", 31 0, v0x180ef230_0;
v0x180ec250_0 .var "instrD", 31 0;
v0x180ec2d0_0 .net "lui_opD", 0 0, L_0x180f1200; 1 drivers
v0x180ec370_0 .net "lw_opD", 0 0, L_0x180f0140; 1 drivers
v0x180ec410_0 .net "lwstall", 0 0, L_0x180f3680; 1 drivers
v0x180ec4b0_0 .net "memtoregD", 0 0, L_0x180f3310; 1 drivers
v0x180ec550_0 .var "memtoregE", 0 0;
v0x180ecc00_0 .var "memtoregM", 0 0;
v0x180ec730_0 .var "memtoregW", 0 0;
v0x180ec7b0_0 .alias "memwrite", 0 0, v0x180ef460_0;
v0x180ec860_0 .net "memwriteD", 0 0, L_0x180f19d0; 1 drivers
v0x180ec8e0_0 .var "memwriteE", 0 0;
v0x180ec980_0 .var "memwriteM", 0 0;
v0x180eca20_0 .net "mult_opD", 0 0, L_0x180f0850; 1 drivers
v0x180ecac0_0 .var "mult_opE", 0 0;
v0x180ecb60_0 .net "multoutE", 31 0, L_0x180f74a0; 1 drivers
v0x180ed1a0_0 .net "opcodeD", 5 0, L_0x180ef8b0; 1 drivers
v0x180ed220_0 .net "ori_opD", 0 0, L_0x180f0ff0; 1 drivers
v0x180ecc80_0 .var "pc", 31 0;
v0x180ecd20_0 .net "pcbranchD", 31 0, L_0x180f5b70; 1 drivers
v0x180ecdc0_0 .var "pcplus4D", 31 0;
v0x180ece60_0 .net "pcplus4F", 31 0, L_0x180ef7c0; 1 drivers
v0x180ecf00_0 .net "rd1D", 31 0, L_0x180f1e20; 1 drivers
v0x180ecfb0_0 .var "rd1E", 31 0;
v0x180ed030_0 .net "rd1fD", 31 0, L_0x180f4280; 1 drivers
v0x180ed0d0_0 .net "rd2D", 31 0, L_0x180f2340; 1 drivers
v0x180ed810_0 .var "rd2E", 31 0;
v0x180ed890_0 .net "rd2fD", 31 0, L_0x180f46a0; 1 drivers
v0x180ed2a0_0 .net "rdD", 4 0, L_0x180efbc0; 1 drivers
v0x180ed340_0 .var "rdE", 4 0;
v0x180ed3e0_0 .alias "readdata", 31 0, v0x180eef00_0;
v0x180ed490_0 .var "readdataW", 31 0;
v0x180ed510_0 .var "regdstE", 0 0;
v0x180ed5b0_0 .net "regwriteD", 0 0, L_0x180f30d0; 1 drivers
v0x180ed650_0 .var "regwriteE", 0 0;
v0x180ed6f0_0 .var "regwriteM", 0 0;
v0x180ed790_0 .var "regwriteW", 0 0;
v0x180edf00_0 .net "resultW", 31 0, L_0x180f8580; 1 drivers
v0x180ed940_0 .net "rsD", 4 0, L_0x180ef950; 1 drivers
v0x180ed9f0_0 .var "rsE", 4 0;
v0x180eda70_0 .net "rst_n", 0 0, v0x180ef300_0; 1 drivers
v0x180edaf0_0 .net "rtD", 4 0, L_0x180efa90; 1 drivers
v0x180edba0_0 .var "rtE", 4 0;
v0x180edc20_0 .net "shamtD", 4 0, L_0x180efcf0; 1 drivers
v0x180edca0_0 .net "signimmD", 31 0, L_0x180f56d0; 1 drivers
v0x180edd40_0 .var "signimmE", 31 0;
v0x180edde0_0 .net "slti_opD", 0 0, L_0x180f1510; 1 drivers
v0x180ee590_0 .var "slti_opE", 0 0;
v0x180edf80_0 .net "srcaE", 31 0, L_0x180f6680; 1 drivers
v0x180ee000_0 .net "srcbE", 31 0, L_0x180f76a0; 1 drivers
v0x180ee0b0_0 .net "stall", 0 0, L_0x180f4180; 1 drivers
v0x180ee130_0 .net "sw_opD", 0 0, L_0x180f0010; 1 drivers
v0x180ee1d0_0 .alias "writedata", 31 0, v0x180eefd0_0;
v0x180ee250_0 .net "writedataE", 31 0, L_0x180f7160; 1 drivers
v0x180ee2d0_0 .var "writedataM", 31 0;
v0x180ee370_0 .net "writeregE", 4 0, L_0x180f7400; 1 drivers
v0x180ee410_0 .var "writeregM", 4 0;
v0x180ee4b0_0 .var "writeregW", 4 0;
E_0x180e4330/0 .event negedge, v0x180eda70_0;
E_0x180e4330/1 .event posedge, v0x180e3ba0_0;
E_0x180e4330 .event/or E_0x180e4330/0, E_0x180e4330/1;
L_0x180ef550 .concat [ 32 1 0 0], v0x180ecc80_0, C4<0>;
L_0x180ef680 .arith/sum 33, L_0x180ef550, C4<000000000000000000000000000000100>;
L_0x180ef7c0 .part L_0x180ef680, 0, 32;
L_0x180ef8b0 .part L_0x180efe30, 26, 6;
L_0x180ef950 .part L_0x180efe30, 21, 5;
L_0x180efa90 .part L_0x180efe30, 16, 5;
L_0x180efbc0 .part L_0x180efe30, 11, 5;
L_0x180efcf0 .part L_0x180efe30, 6, 5;
L_0x180efd90 .part L_0x180efe30, 0, 6;
L_0x180efe90 .part v0x180ec250_0, 0, 16;
L_0x180f0010 .cmp/eq 6, L_0x180ef8b0, C4<101011>;
L_0x180f0140 .cmp/eq 6, L_0x180ef8b0, C4<100011>;
L_0x180f02d0 .cmp/eq 6, L_0x180ef8b0, C4<000000>;
L_0x180f0430 .part L_0x180efd90, 3, 3;
L_0x180f05e0 .cmp/eq 3, L_0x180f0430, C4<100>;
L_0x180f0760 .cmp/eq 6, L_0x180efd90, C4<011000>;
L_0x180f0b10 .cmp/eq 6, L_0x180ef8b0, C4<000000>;
L_0x180f0c00 .cmp/eq 6, L_0x180efd90, C4<011000>;
L_0x180f0f10 .cmp/eq 6, L_0x180ef8b0, C4<001000>;
L_0x180f0ff0 .cmp/eq 6, L_0x180ef8b0, C4<001101>;
L_0x180f1200 .cmp/eq 6, L_0x180ef8b0, C4<001111>;
L_0x180f13b0 .cmp/eq 6, L_0x180ef8b0, C4<001100>;
L_0x180f1510 .cmp/eq 6, L_0x180ef8b0, C4<001010>;
L_0x180f1640 .cmp/eq 6, L_0x180ef8b0, C4<000100>;
L_0x180f1890 .cmp/eq 6, L_0x180ef8b0, C4<000101>;
L_0x180f2920 .functor MUXZ 6, L_0x180efd90, C4<100010>, L_0x180f1510, C4<>;
L_0x180f1730 .functor MUXZ 6, L_0x180f2920, C4<000001>, L_0x180f1200, C4<>;
L_0x180f2b40 .functor MUXZ 6, L_0x180f1730, C4<100101>, L_0x180f0ff0, C4<>;
L_0x180f2d20 .functor MUXZ 6, L_0x180f2b40, C4<100000>, L_0x180f2710, C4<>;
L_0x180f3490 .cmp/eq 5, L_0x180ef950, v0x180edba0_0;
L_0x180f2be0 .cmp/eq 5, L_0x180efa90, v0x180edba0_0;
L_0x180f3820 .cmp/eq 5, L_0x180f7400, L_0x180ef950;
L_0x180f3530 .cmp/eq 5, L_0x180f7400, L_0x180efa90;
L_0x180f3ad0 .cmp/eq 5, v0x180ee410_0, L_0x180ef950;
L_0x180f38c0 .cmp/eq 5, v0x180ee410_0, L_0x180efa90;
L_0x180f2850 .cmp/ne 5, L_0x180ef950, C4<00000>;
L_0x180f3d40 .cmp/eq 5, L_0x180ef950, v0x180ee410_0;
L_0x180f4280 .functor MUXZ 32, L_0x180f1e20, v0x180eb860_0, L_0x180f45f0, C4<>;
L_0x180f4060 .cmp/ne 5, L_0x180efa90, C4<00000>;
L_0x180f49e0 .cmp/eq 5, L_0x180efa90, v0x180ee410_0;
L_0x180f46a0 .functor MUXZ 32, L_0x180f2340, v0x180eb860_0, L_0x180f47e0, C4<>;
L_0x180f4e00 .cmp/eq 32, L_0x180f4280, L_0x180f46a0;
L_0x180f4bc0 .cmp/ne 32, L_0x180f4280, L_0x180f46a0;
L_0x180f5260 .concat [ 16 16 0 0], L_0x180efe90, C4<0000000000000000>;
L_0x180f44c0 .concat [ 16 16 0 0], C4<0000000000000000>, L_0x180efe90;
L_0x180f5510 .part L_0x180efe90, 15, 1;
LS_0x180f53a0_0_0 .concat [ 1 1 1 1], L_0x180f5510, L_0x180f5510, L_0x180f5510, L_0x180f5510;
LS_0x180f53a0_0_4 .concat [ 1 1 1 1], L_0x180f5510, L_0x180f5510, L_0x180f5510, L_0x180f5510;
LS_0x180f53a0_0_8 .concat [ 1 1 1 1], L_0x180f5510, L_0x180f5510, L_0x180f5510, L_0x180f5510;
LS_0x180f53a0_0_12 .concat [ 1 1 1 1], L_0x180f5510, L_0x180f5510, L_0x180f5510, L_0x180f5510;
L_0x180f53a0 .concat [ 4 4 4 4], LS_0x180f53a0_0_0, LS_0x180f53a0_0_4, LS_0x180f53a0_0_8, LS_0x180f53a0_0_12;
L_0x180f57c0 .concat [ 16 16 0 0], L_0x180efe90, L_0x180f53a0;
L_0x180f5860 .functor MUXZ 32, L_0x180f57c0, L_0x180f44c0, L_0x180f1200, C4<>;
L_0x180f56d0 .functor MUXZ 32, L_0x180f5860, L_0x180f5260, L_0x180f0ff0, C4<>;
L_0x180f5da0 .part L_0x180f56d0, 0, 30;
L_0x180f5e40 .concat [ 2 30 0 0], C4<00>, L_0x180f5da0;
L_0x180f5b70 .arith/sum 32, v0x180ecdc0_0, L_0x180f5e40;
L_0x180f5c60 .cmp/ne 5, v0x180ed9f0_0, C4<00000>;
L_0x180f5150 .cmp/eq 5, v0x180ee410_0, v0x180ed9f0_0;
L_0x180f64f0 .cmp/ne 5, v0x180ed9f0_0, C4<00000>;
L_0x180f62f0 .cmp/eq 5, v0x180ee4b0_0, v0x180ed9f0_0;
L_0x180f6930 .functor MUXZ 32, v0x180ecfb0_0, L_0x180f8580, L_0x180f6060, C4<>;
L_0x180f6680 .functor MUXZ 32, L_0x180f6930, v0x180eb860_0, L_0x180f63f0, C4<>;
L_0x180f6c50 .cmp/ne 5, v0x180edba0_0, C4<00000>;
L_0x180f6ac0 .cmp/eq 5, v0x180ee410_0, v0x180edba0_0;
L_0x180f7070 .cmp/ne 5, v0x180edba0_0, C4<00000>;
L_0x180f6ee0 .cmp/eq 5, v0x180ee4b0_0, v0x180edba0_0;
L_0x180f7360 .functor MUXZ 32, v0x180ed810_0, L_0x180f8580, L_0x180f6f80, C4<>;
L_0x180f7160 .functor MUXZ 32, L_0x180f7360, v0x180eb860_0, L_0x180f6800, C4<>;
L_0x180f76a0 .functor MUXZ 32, L_0x180f7160, v0x180edd40_0, v0x180eb980_0, C4<>;
L_0x180f7400 .functor MUXZ 5, v0x180edba0_0, v0x180ed340_0, v0x180ed510_0, C4<>;
L_0x180f74a0 .arith/mult 32, L_0x180f6680, L_0x180f76a0;
L_0x180f7540 .cmp/ge 32, L_0x180f6680, C4<00000000000000000000000001010101>;
L_0x180f7a00 .cmp/gt 32, C4<00000000000000000000000001010101>, L_0x180f6680;
L_0x180f7740 .cmp/ge 32, L_0x180f6680, C4<00000000000000000000000000111100>;
L_0x180f60c0 .cmp/gt 32, C4<00000000000000000000000000111100>, L_0x180f6680;
L_0x180f7aa0 .cmp/ge 32, L_0x180f6680, C4<00000000000000000000000000101000>;
L_0x180f6d90 .cmp/gt 32, C4<00000000000000000000000000101000>, L_0x180f6680;
L_0x180f7e80 .cmp/ge 32, L_0x180f6680, C4<00000000000000000000000000001010>;
L_0x180f7d20 .functor MUXZ 3, C4<001>, C4<010>, L_0x180f7fa0, C4<>;
L_0x180f81b0 .functor MUXZ 3, L_0x180f7d20, C4<011>, L_0x180f72a0, C4<>;
L_0x180f8340 .functor MUXZ 3, L_0x180f81b0, C4<100>, L_0x180f7830, C4<>;
L_0x180f8a80 .functor MUXZ 3, L_0x180f8340, C4<101>, L_0x180f7540, C4<>;
L_0x180f8580 .functor MUXZ 32, v0x180eb8e0_0, v0x180ed490_0, v0x180ec730_0, C4<>;
S_0x180e57d0 .scope module, "rfile_1" "rfile" 3 99, 4 2, S_0x180e4240;
 .timescale -9 -12;
L_0x180f1ba0 .functor XNOR 1, L_0x180f1ac0, C4<0>, C4<0>, C4<0>;
L_0x180f2090 .functor XNOR 1, L_0x180f1fb0, C4<0>, C4<0>, C4<0>;
v0x180e5a80_0 .net *"_s1", 0 0, L_0x180f1ac0; 1 drivers
v0x180e5b40_0 .net *"_s13", 0 0, L_0x180f1fb0; 1 drivers
v0x180e5be0_0 .net *"_s14", 0 0, C4<0>; 1 drivers
v0x180e5c80_0 .net *"_s16", 0 0, L_0x180f2090; 1 drivers
v0x180e5d30_0 .net *"_s18", 31 0, C4<00000000000000000000000000000000>; 1 drivers
v0x180e5dd0_0 .net *"_s2", 0 0, C4<0>; 1 drivers
v0x180e5e70_0 .net *"_s20", 31 0, L_0x180f1ce0; 1 drivers
v0x180e5f10_0 .net *"_s4", 0 0, L_0x180f1ba0; 1 drivers
v0x180e5fb0_0 .net *"_s6", 31 0, C4<00000000000000000000000000000000>; 1 drivers
v0x180e6050_0 .net *"_s8", 31 0, L_0x180f1d80; 1 drivers
v0x180e6150_0 .alias "a1", 4 0, v0x180ed940_0;
v0x180e61f0_0 .alias "a2", 4 0, v0x180edaf0_0;
v0x180e62e0_0 .net "a3", 4 0, v0x180ee4b0_0; 1 drivers
v0x180e6360_0 .alias "clk", 0 0, v0x180ebd90_0;
v0x180e6460_0 .alias "rd1", 31 0, v0x180ecf00_0;
v0x180e64e0_0 .alias "rd2", 31 0, v0x180ed0d0_0;
v0x180e63e0 .array "rf", 31 0, 31 0;
v0x180e65f0_0 .alias "wd3", 31 0, v0x180edf00_0;
v0x180e6560_0 .net "we3", 0 0, v0x180ed790_0; 1 drivers
E_0x180e4710 .event negedge, v0x180e3ba0_0;
L_0x180f1ac0 .reduce/or L_0x180ef950;
L_0x180f1d80 .array/port v0x180e63e0, L_0x180ef950;
L_0x180f1e20 .functor MUXZ 32, L_0x180f1d80, C4<00000000000000000000000000000000>, L_0x180f1ba0, C4<>;
L_0x180f1fb0 .reduce/or L_0x180efa90;
L_0x180f1ce0 .array/port v0x180e63e0, L_0x180efa90;
L_0x180f2340 .functor MUXZ 32, L_0x180f1ce0, C4<00000000000000000000000000000000>, L_0x180f2090, C4<>;
S_0x180e43a0 .scope module, "alu_1" "alu" 3 190, 5 3, S_0x180e4240;
 .timescale -9 -12;
L_0x180f9210 .functor AND 32, L_0x180f6680, L_0x180f76a0, C4<11111111111111111111111111111111>, C4<11111111111111111111111111111111>;
L_0x180f93a0 .functor OR 32, L_0x180f6680, L_0x180f76a0, C4<00000000000000000000000000000000>, C4<00000000000000000000000000000000>;
L_0x180f9170 .functor XOR 32, L_0x180f6680, L_0x180f76a0, C4<00000000000000000000000000000000>, C4<00000000000000000000000000000000>;
L_0x180f97e0 .functor OR 32, L_0x180f6680, L_0x180f76a0, C4<00000000000000000000000000000000>, C4<00000000000000000000000000000000>;
L_0x180f7b70 .functor NOT 32, L_0x180f97e0, C4<00000000000000000000000000000000>, C4<00000000000000000000000000000000>, C4<00000000000000000000000000000000>;
v0x180e4490_0 .net *"_s0", 5 0, C4<100000>; 1 drivers
v0x180e4550_0 .net *"_s10", 31 0, L_0x180f8fa0; 1 drivers
v0x180e45f0_0 .net *"_s12", 5 0, C4<100100>; 1 drivers
v0x180e4690_0 .net *"_s14", 0 0, L_0x180f8c10; 1 drivers
v0x180e4740_0 .net *"_s16", 31 0, L_0x180f9210; 1 drivers
v0x180e47e0_0 .net *"_s18", 5 0, C4<100101>; 1 drivers
v0x180e48c0_0 .net *"_s2", 0 0, L_0x180f8690; 1 drivers
v0x180e4960_0 .net *"_s20", 0 0, L_0x180f9270; 1 drivers
v0x180e4a50_0 .net *"_s22", 31 0, L_0x180f93a0; 1 drivers
v0x180e4af0_0 .net *"_s24", 5 0, C4<100110>; 1 drivers
v0x180e4bf0_0 .net *"_s26", 0 0, L_0x180f9080; 1 drivers
v0x180e4c90_0 .net *"_s28", 31 0, L_0x180f9170; 1 drivers
v0x180e4d80_0 .net *"_s30", 5 0, C4<100111>; 1 drivers
v0x180e4e00_0 .net *"_s32", 0 0, L_0x180f96f0; 1 drivers
v0x180e4f00_0 .net *"_s34", 31 0, L_0x180f97e0; 1 drivers
v0x180e4f80_0 .net *"_s36", 31 0, L_0x180f7b70; 1 drivers
v0x180e4e80_0 .net *"_s38", 31 0, L_0x180f9a50; 1 drivers
v0x180e5090_0 .net *"_s4", 31 0, L_0x180f8d90; 1 drivers
v0x180e51b0_0 .net *"_s40", 31 0, L_0x180f9b90; 1 drivers
v0x180e5230_0 .net *"_s42", 31 0, L_0x180f9d30; 1 drivers
v0x180e5110_0 .net *"_s44", 31 0, L_0x180f9ec0; 1 drivers
v0x180e5360_0 .net *"_s46", 31 0, L_0x180fa070; 1 drivers
v0x180e52b0_0 .net *"_s50", 31 0, C4<00000000000000000000000000000000>; 1 drivers
v0x180e54a0_0 .net *"_s6", 5 0, C4<100010>; 1 drivers
v0x180e5400_0 .net *"_s8", 0 0, L_0x180f8f00; 1 drivers
v0x180e55f0_0 .alias "a", 31 0, v0x180edf80_0;
v0x180e5540_0 .alias "b", 31 0, v0x180ee000_0;
v0x180e5750_0 .net "s", 5 0, v0x180ebbd0_0; 1 drivers
v0x180e5690_0 .alias "y", 31 0, v0x180eb7b0_0;
v0x180e58c0_0 .net "zero", 0 0, L_0x180f9440; 1 drivers
L_0x180f8690 .cmp/eq 6, v0x180ebbd0_0, C4<100000>;
L_0x180f8d90 .arith/sum 32, L_0x180f6680, L_0x180f76a0;
L_0x180f8f00 .cmp/eq 6, v0x180ebbd0_0, C4<100010>;
L_0x180f8fa0 .arith/sub 32, L_0x180f6680, L_0x180f76a0;
L_0x180f8c10 .cmp/eq 6, v0x180ebbd0_0, C4<100100>;
L_0x180f9270 .cmp/eq 6, v0x180ebbd0_0, C4<100101>;
L_0x180f9080 .cmp/eq 6, v0x180ebbd0_0, C4<100110>;
L_0x180f96f0 .cmp/eq 6, v0x180ebbd0_0, C4<100111>;
L_0x180f9a50 .functor MUXZ 32, L_0x180f76a0, L_0x180f7b70, L_0x180f96f0, C4<>;
L_0x180f9b90 .functor MUXZ 32, L_0x180f9a50, L_0x180f9170, L_0x180f9080, C4<>;
L_0x180f9d30 .functor MUXZ 32, L_0x180f9b90, L_0x180f93a0, L_0x180f9270, C4<>;
L_0x180f9ec0 .functor MUXZ 32, L_0x180f9d30, L_0x180f9210, L_0x180f8c10, C4<>;
L_0x180fa070 .functor MUXZ 32, L_0x180f9ec0, L_0x180f8fa0, L_0x180f8f00, C4<>;
L_0x180fa200 .functor MUXZ 32, L_0x180fa070, L_0x180f8d90, L_0x180f8690, C4<>;
L_0x180f9440 .cmp/eq 32, L_0x180fa200, C4<00000000000000000000000000000000>;
S_0x180e3ef0 .scope module, "imem_1" "imem" 2 25, 6 2, S_0x18099e30;
 .timescale -9 -12;
L_0x180f8900 .functor BUFZ 32, L_0x180f8860, C4<00000000000000000000000000000000>, C4<00000000000000000000000000000000>, C4<00000000000000000000000000000000>;
v0x180e3fe0_0 .net *"_s0", 31 0, L_0x180f8860; 1 drivers
v0x180e40a0_0 .net "a", 15 0, L_0x180f8960; 1 drivers
v0x180e4140 .array "mem", 65535 0, 31 0;
v0x180e41c0_0 .alias "rd", 31 0, v0x180ef230_0;
L_0x180f8860 .array/port v0x180e4140, L_0x180f8960;
S_0x180c6680 .scope module, "dmem_1" "dmem" 2 26, 7 2, S_0x18099e30;
 .timescale -9 -12;
L_0x180f8620 .functor BUFZ 32, L_0x180faa30, C4<00000000000000000000000000000000>, C4<00000000000000000000000000000000>, C4<00000000000000000000000000000000>;
v0x18061210_0 .net *"_s0", 31 0, L_0x180faa30; 1 drivers
v0x180e3b00_0 .net "a", 15 0, L_0x180fab20; 1 drivers
v0x180e3ba0_0 .alias "clk", 0 0, v0x180ebd90_0;
v0x180e3c40 .array "mem", 65535 0, 31 0;
v0x180e3cf0_0 .alias "rd", 31 0, v0x180eef00_0;
v0x180e3d70_0 .alias "wd", 31 0, v0x180eefd0_0;
v0x180e3e50_0 .alias "we", 0 0, v0x180ef460_0;
E_0x180c78a0 .event posedge, v0x180e3ba0_0;
L_0x180faa30 .array/port v0x180e3c40, L_0x180fab20;
    .scope S_0x180e57d0;
T_0 ;
    %wait E_0x180e4710;
    %load/v 8, v0x180e6560_0, 1;
    %jmp/0xz  T_0.0, 8;
    %load/v 8, v0x180e65f0_0, 32;
    %ix/getv 3, v0x180e62e0_0;
    %jmp/1 t_0, 4;
    %ix/load 0, 32, 0; word width
    %ix/load 1, 0, 0; part off
    %assign/av v0x180e63e0, 0, 8;
t_0 ;
T_0.0 ;
    %jmp T_0;
    .thread T_0;
    .scope S_0x180e4240;
T_1 ;
    %wait E_0x180e4330;
    %load/v 8, v0x180eda70_0, 1;
    %inv 8, 1;
    %jmp/0xz  T_1.0, 8;
    %ix/load 0, 32, 0;
    %assign/v0 v0x180ec250_0, 0, 0;
    %jmp T_1.1;
T_1.0 ;
    %load/v 8, v0x180ee0b0_0, 1;
    %inv 8, 1;
    %jmp/0xz  T_1.2, 8;
    %load/v 8, v0x180ec1a0_0, 32;
    %ix/load 0, 32, 0;
    %assign/v0 v0x180ec250_0, 0, 8;
T_1.2 ;
T_1.1 ;
    %jmp T_1;
    .thread T_1;
    .scope S_0x180e4240;
T_2 ;
    %wait E_0x180e4330;
    %load/v 8, v0x180eda70_0, 1;
    %inv 8, 1;
    %jmp/0xz  T_2.0, 8;
    %ix/load 0, 32, 0;
    %assign/v0 v0x180ecdc0_0, 0, 0;
    %jmp T_2.1;
T_2.0 ;
    %load/v 8, v0x180ee0b0_0, 1;
    %inv 8, 1;
    %jmp/0xz  T_2.2, 8;
    %load/v 8, v0x180ece60_0, 32;
    %ix/load 0, 32, 0;
    %assign/v0 v0x180ecdc0_0, 0, 8;
T_2.2 ;
T_2.1 ;
    %jmp T_2;
    .thread T_2;
    .scope S_0x180e4240;
T_3 ;
    %wait E_0x180e4330;
    %load/v 8, v0x180eda70_0, 1;
    %inv 8, 1;
    %jmp/0xz  T_3.0, 8;
    %ix/load 0, 32, 0;
    %assign/v0 v0x180ecc80_0, 0, 0;
    %jmp T_3.1;
T_3.0 ;
    %load/v 8, v0x180ee0b0_0, 1;
    %inv 8, 1;
    %load/v 9, v0x180ebcf0_0, 1;
    %and 8, 9, 1;
    %jmp/0xz  T_3.2, 8;
    %load/v 8, v0x180ecd20_0, 32;
    %ix/load 0, 32, 0;
    %assign/v0 v0x180ecc80_0, 0, 8;
    %jmp T_3.3;
T_3.2 ;
    %load/v 8, v0x180ee0b0_0, 1;
    %inv 8, 1;
    %jmp/0xz  T_3.4, 8;
    %load/v 8, v0x180ece60_0, 32;
    %ix/load 0, 32, 0;
    %assign/v0 v0x180ecc80_0, 0, 8;
T_3.4 ;
T_3.3 ;
T_3.1 ;
    %jmp T_3;
    .thread T_3;
    .scope S_0x180e4240;
T_4 ;
    %wait E_0x180c78a0;
    %load/v 8, v0x180ee0b0_0, 1;
    %inv 8, 1;
    %jmp/0xz  T_4.0, 8;
    %load/v 8, v0x180edde0_0, 1;
    %ix/load 0, 1, 0;
    %assign/v0 v0x180ee590_0, 0, 8;
    %load/v 8, v0x180ebf00_0, 1;
    %ix/load 0, 1, 0;
    %assign/v0 v0x180ebfa0_0, 0, 8;
    %load/v 8, v0x180eca20_0, 1;
    %ix/load 0, 1, 0;
    %assign/v0 v0x180ecac0_0, 0, 8;
    %load/v 8, v0x180ed030_0, 32;
    %ix/load 0, 32, 0;
    %assign/v0 v0x180ecfb0_0, 0, 8;
    %load/v 8, v0x180ed890_0, 32;
    %ix/load 0, 32, 0;
    %assign/v0 v0x180ed810_0, 0, 8;
    %load/v 8, v0x180edca0_0, 32;
    %ix/load 0, 32, 0;
    %assign/v0 v0x180edd40_0, 0, 8;
    %load/v 8, v0x180ebb30_0, 6;
    %ix/load 0, 6, 0;
    %assign/v0 v0x180ebbd0_0, 0, 8;
    %load/v 8, v0x180eb530_0, 1;
    %inv 8, 1;
    %ix/load 0, 1, 0;
    %assign/v0 v0x180eb980_0, 0, 8;
    %load/v 8, v0x180eb530_0, 1;
    %ix/load 0, 1, 0;
    %assign/v0 v0x180ed510_0, 0, 8;
T_4.0 ;
    %jmp T_4;
    .thread T_4;
    .scope S_0x180e4240;
T_5 ;
    %wait E_0x180e4330;
    %load/v 8, v0x180eda70_0, 1;
    %inv 8, 1;
    %jmp/0xz  T_5.0, 8;
    %ix/load 0, 5, 0;
    %assign/v0 v0x180ed9f0_0, 0, 0;
    %ix/load 0, 5, 0;
    %assign/v0 v0x180edba0_0, 0, 0;
    %ix/load 0, 5, 0;
    %assign/v0 v0x180ed340_0, 0, 0;
    %ix/load 0, 1, 0;
    %assign/v0 v0x180ec550_0, 0, 0;
    %ix/load 0, 1, 0;
    %assign/v0 v0x180ed650_0, 0, 0;
    %ix/load 0, 1, 0;
    %assign/v0 v0x180ec8e0_0, 0, 0;
    %jmp T_5.1;
T_5.0 ;
    %load/v 8, v0x180ee0b0_0, 1;
    %jmp/0xz  T_5.2, 8;
    %ix/load 0, 5, 0;
    %assign/v0 v0x180ed9f0_0, 0, 0;
    %ix/load 0, 5, 0;
    %assign/v0 v0x180edba0_0, 0, 0;
    %ix/load 0, 5, 0;
    %assign/v0 v0x180ed340_0, 0, 0;
    %ix/load 0, 1, 0;
    %assign/v0 v0x180ec550_0, 0, 0;
    %ix/load 0, 1, 0;
    %assign/v0 v0x180ed650_0, 0, 0;
    %ix/load 0, 1, 0;
    %assign/v0 v0x180ec8e0_0, 0, 0;
    %jmp T_5.3;
T_5.2 ;
    %load/v 8, v0x180ed940_0, 5;
    %ix/load 0, 5, 0;
    %assign/v0 v0x180ed9f0_0, 0, 8;
    %load/v 8, v0x180edaf0_0, 5;
    %ix/load 0, 5, 0;
    %assign/v0 v0x180edba0_0, 0, 8;
    %load/v 8, v0x180ed2a0_0, 5;
    %ix/load 0, 5, 0;
    %assign/v0 v0x180ed340_0, 0, 8;
    %load/v 8, v0x180ec4b0_0, 1;
    %ix/load 0, 1, 0;
    %assign/v0 v0x180ec550_0, 0, 8;
    %load/v 8, v0x180ed5b0_0, 1;
    %ix/load 0, 1, 0;
    %assign/v0 v0x180ed650_0, 0, 8;
    %load/v 8, v0x180ec860_0, 1;
    %ix/load 0, 1, 0;
    %assign/v0 v0x180ec8e0_0, 0, 8;
T_5.3 ;
T_5.1 ;
    %jmp T_5;
    .thread T_5;
    .scope S_0x180e4240;
T_6 ;
    %wait E_0x180c78a0;
    %load/v 8, v0x180ee590_0, 1;
    %jmp/0xz  T_6.0, 8;
    %ix/load 1, 31, 0;
    %mov 4, 0, 1;
    %jmp/1 T_6.2, 4;
    %load/x1p 40, v0x180eb7b0_0, 1;
    %jmp T_6.3;
T_6.2 ;
    %mov 40, 2, 1;
T_6.3 ;
    %mov 8, 40, 1; Move signal select into place
    %mov 9, 0, 31;
    %ix/load 0, 32, 0;
    %assign/v0 v0x180eb860_0, 0, 8;
    %jmp T_6.1;
T_6.0 ;
    %load/v 8, v0x180ecac0_0, 1;
    %jmp/0xz  T_6.4, 8;
    %load/v 8, v0x180ecb60_0, 32;
    %ix/load 0, 32, 0;
    %assign/v0 v0x180eb860_0, 0, 8;
    %jmp T_6.5;
T_6.4 ;
    %load/v 8, v0x180ebfa0_0, 1;
    %jmp/0xz  T_6.6, 8;
    %load/v 8, v0x180ec630_0, 3;
    %mov 11, 0, 29;
    %ix/load 0, 32, 0;
    %assign/v0 v0x180eb860_0, 0, 8;
    %jmp T_6.7;
T_6.6 ;
    %load/v 8, v0x180eb7b0_0, 32;
    %ix/load 0, 32, 0;
    %assign/v0 v0x180eb860_0, 0, 8;
T_6.7 ;
T_6.5 ;
T_6.1 ;
    %load/v 8, v0x180ec550_0, 1;
    %ix/load 0, 1, 0;
    %assign/v0 v0x180ecc00_0, 0, 8;
    %load/v 8, v0x180ee250_0, 32;
    %ix/load 0, 32, 0;
    %assign/v0 v0x180ee2d0_0, 0, 8;
    %load/v 8, v0x180ee370_0, 5;
    %ix/load 0, 5, 0;
    %assign/v0 v0x180ee410_0, 0, 8;
    %jmp T_6;
    .thread T_6;
    .scope S_0x180e4240;
T_7 ;
    %wait E_0x180e4330;
    %load/v 8, v0x180eda70_0, 1;
    %inv 8, 1;
    %jmp/0xz  T_7.0, 8;
    %ix/load 0, 1, 0;
    %assign/v0 v0x180ed6f0_0, 0, 0;
    %ix/load 0, 1, 0;
    %assign/v0 v0x180ec980_0, 0, 0;
    %jmp T_7.1;
T_7.0 ;
    %load/v 8, v0x180ed650_0, 1;
    %ix/load 0, 1, 0;
    %assign/v0 v0x180ed6f0_0, 0, 8;
    %load/v 8, v0x180ec8e0_0, 1;
    %ix/load 0, 1, 0;
    %assign/v0 v0x180ec980_0, 0, 8;
T_7.1 ;
    %jmp T_7;
    .thread T_7;
    .scope S_0x180e4240;
T_8 ;
    %wait E_0x180c78a0;
    %load/v 8, v0x180ed3e0_0, 32;
    %ix/load 0, 32, 0;
    %assign/v0 v0x180ed490_0, 0, 8;
    %load/v 8, v0x180eb860_0, 32;
    %ix/load 0, 32, 0;
    %assign/v0 v0x180eb8e0_0, 0, 8;
    %load/v 8, v0x180ecc00_0, 1;
    %ix/load 0, 1, 0;
    %assign/v0 v0x180ec730_0, 0, 8;
    %load/v 8, v0x180ee410_0, 5;
    %ix/load 0, 5, 0;
    %assign/v0 v0x180ee4b0_0, 0, 8;
    %jmp T_8;
    .thread T_8;
    .scope S_0x180e4240;
T_9 ;
    %wait E_0x180e4330;
    %load/v 8, v0x180eda70_0, 1;
    %inv 8, 1;
    %jmp/0xz  T_9.0, 8;
    %ix/load 0, 1, 0;
    %assign/v0 v0x180ed790_0, 0, 0;
    %jmp T_9.1;
T_9.0 ;
    %load/v 8, v0x180ed6f0_0, 1;
    %ix/load 0, 1, 0;
    %assign/v0 v0x180ed790_0, 0, 8;
T_9.1 ;
    %jmp T_9;
    .thread T_9;
    .scope S_0x180e3ef0;
T_10 ;
    %vpi_call 6 12 "$readmemh", "imem.dat", v0x180e4140;
    %end;
    .thread T_10;
    .scope S_0x180c6680;
T_11 ;
    %wait E_0x180c78a0;
    %load/v 8, v0x180e3e50_0, 1;
    %jmp/0xz  T_11.0, 8;
    %load/v 8, v0x180e3d70_0, 32;
    %ix/getv 3, v0x180e3b00_0;
    %jmp/1 t_1, 4;
    %ix/load 0, 32, 0; word width
    %ix/load 1, 0, 0; part off
    %assign/av v0x180e3c40, 0, 8;
t_1 ;
T_11.0 ;
    %jmp T_11;
    .thread T_11;
    .scope S_0x180c6680;
T_12 ;
    %vpi_call 7 18 "$readmemh", "dmem.dat", v0x180e3c40;
    %end;
    .thread T_12;
    .scope S_0x18099e30;
T_13 ;
    %delay 5000, 0;
    %load/v 8, v0x180eed00_0, 1;
    %inv 8, 1;
    %ix/load 0, 1, 0;
    %assign/v0 v0x180eed00_0, 0, 8;
    %jmp T_13;
    .thread T_13;
    .scope S_0x18099e30;
T_14 ;
    %vpi_call 2 30 "$dumpfile", "mipse.vcd";
    %vpi_call 2 31 "$dumpvars", 1'sb0, S_0x180e4240;
    %vpi_func 2 32 "$fopen", 8, 32, "result.dat";
    %set/v v0x180eec80_0, 8, 32;
    %ix/load 0, 1, 0;
    %assign/v0 v0x180eed00_0, 0, 0;
    %ix/load 0, 1, 0;
    %assign/v0 v0x180ef300_0, 0, 0;
    %ix/load 0, 32, 0;
    %assign/v0 v0x180eed80_0, 0, 0;
    %ix/load 0, 32, 0;
    %assign/v0 v0x180ef3e0_0, 0, 0;
    %delay 2000, 0;
    %delay 10000, 0;
    %ix/load 0, 1, 0;
    %assign/v0 v0x180ef300_0, 0, 1;
    %delay 1000000000, 0;
    %vpi_call 2 41 "$finish";
    %end;
    .thread T_14;
    .scope S_0x18099e30;
T_15 ;
    %wait E_0x180e4710;
    %vpi_call 2 45 "$display", "pc:%h idatain:%h stall:%b", v0x180ecc80_0, v0x180ec1a0_0, v0x180ee0b0_0;
    %vpi_call 2 46 "$display", "reg:%h %h %h %h %h %h %h", &A<v0x180e63e0, 1>, &A<v0x180e63e0, 2>, &A<v0x180e63e0, 3>, &A<v0x180e63e0, 4>, &A<v0x180e63e0, 5>, &A<v0x180e63e0, 6>, &A<v0x180e63e0, 7>;
    %vpi_call 2 50 "$display", "mem:%h %h %h %h", &A<v0x180e3c40, 0>, &A<v0x180e3c40, 1>, &A<v0x180e3c40, 2>, &A<v0x180e3c40, 3>;
    %load/v 8, v0x180ee0b0_0, 1;
    %jmp/0xz  T_15.0, 8;
    %load/v 8, v0x180ef3e0_0, 32;
    %mov 40, 0, 1;
   %addi 8, 1, 33;
    %ix/load 0, 32, 0;
    %assign/v0 v0x180ef3e0_0, 0, 8;
T_15.0 ;
    %load/v 8, v0x180eed80_0, 32;
    %mov 40, 0, 1;
   %addi 8, 1, 33;
    %ix/load 0, 32, 0;
    %assign/v0 v0x180eed80_0, 0, 8;
    %load/v 8, v0x180eee20_0, 32;
    %cmpi/u 8, 32767, 32;
    %mov 8, 4, 1;
    %load/v 9, v0x180ef460_0, 1;
    %and 8, 9, 1;
    %jmp/0xz  T_15.2, 8;
    %vpi_call 2 56 "$display", "%h count:%d stall:%d", v0x180eefd0_0, v0x180eed80_0, v0x180ef3e0_0;
    %set/v v0x180ef0e0_0, 0, 32;
T_15.4 ;
    %load/v 8, v0x180ef0e0_0, 32;
   %cmpi/s 8, 200, 32;
    %jmp/0xz T_15.5, 5;
    %vpi_call 2 58 "$fdisplay", v0x180eec80_0, "%h", &A<v0x180e3c40, v0x180ef0e0_0 >;
    %ix/load 0, 1, 0;
    %load/vp0/s 8, v0x180ef0e0_0, 32;
    %set/v v0x180ef0e0_0, 8, 32;
    %jmp T_15.4;
T_15.5 ;
    %vpi_call 2 59 "$finish";
T_15.2 ;
    %jmp T_15;
    .thread T_15;
# The file index is used to find the file name in the following table.
:file_names 8;
    "N/A";
    "<interactive>";
    "test_mipse.v";
    "mipse.v";
    "rfile.v";
    "alu.v";
    "imem.v";
    "dmem.v";
