WARNING: imem.v:12: $readmemh(imem.dat): Not enough words in the file for the requested range [0:65535].
WARNING: dmem.v:18: $readmemh(dmem.dat): Not enough words in the file for the requested range [0:65535].
VCD info: dumpfile mipse.vcd opened for output.
pc:xxxxxxxx idatain:xxxxxxxx stall:x
reg:xxxxxxxx xxxxxxxx xxxxxxxx xxxxxxxx xxxxxxxx xxxxxxxx xxxxxxxx
mem:00000067 000000c6 00000069 00000073
pc:00000000 idatain:8c030000 stall:0
reg:xxxxxxxx xxxxxxxx xxxxxxxx xxxxxxxx xxxxxxxx xxxxxxxx xxxxxxxx
mem:00000067 000000c6 00000069 00000073
pc:00000004 idatain:8c040190 stall:0
reg:xxxxxxxx xxxxxxxx xxxxxxxx xxxxxxxx xxxxxxxx xxxxxxxx xxxxxxxx
mem:00000067 000000c6 00000069 00000073
pc:00000008 idatain:ac030190 stall:0
reg:xxxxxxxx xxxxxxxx xxxxxxxx xxxxxxxx xxxxxxxx xxxxxxxx xxxxxxxx
mem:00000067 000000c6 00000069 00000073
pc:0000000c idatain:ac040000 stall:0
reg:xxxxxxxx xxxxxxxx xxxxxxxx xxxxxxxx xxxxxxxx xxxxxxxx xxxxxxxx
mem:00000067 000000c6 00000069 00000073
pc:00000010 idatain:8c030004 stall:0
reg:xxxxxxxx xxxxxxxx xxxxxxxx xxxxxxxx xxxxxxxx xxxxxxxx xxxxxxxx
mem:00000067 000000c6 00000069 00000073
pc:00000014 idatain:8c040194 stall:0
reg:xxxxxxxx xxxxxxxx 00000067 xxxxxxxx xxxxxxxx xxxxxxxx xxxxxxxx
mem:00000067 000000c6 00000069 00000073
pc:00000018 idatain:ac030194 stall:0
reg:xxxxxxxx xxxxxxxx 00000067 00fb0000 xxxxxxxx xxxxxxxx xxxxxxxx
mem:00000067 000000c6 00000069 00000073
pc:0000001c idatain:ac040004 stall:0
reg:xxxxxxxx xxxxxxxx 00000067 00fb0000 xxxxxxxx xxxxxxxx xxxxxxxx
mem:00fb0000 000000c6 00000069 00000073
pc:00000020 idatain:8c030008 stall:0
reg:xxxxxxxx xxxxxxxx 00000067 00fb0000 xxxxxxxx xxxxxxxx xxxxxxxx
mem:00fb0000 000000c6 00000069 00000073
pc:00000024 idatain:8c040198 stall:0
reg:xxxxxxxx xxxxxxxx 000000c6 00fb0000 xxxxxxxx xxxxxxxx xxxxxxxx
mem:00fb0000 000000c6 00000069 00000073
pc:00000028 idatain:ac030198 stall:0
reg:xxxxxxxx xxxxxxxx 000000c6 00fa0000 xxxxxxxx xxxxxxxx xxxxxxxx
mem:00fb0000 000000c6 00000069 00000073
pc:0000002c idatain:ac040008 stall:0
reg:xxxxxxxx xxxxxxxx 000000c6 00fa0000 xxxxxxxx xxxxxxxx xxxxxxxx
mem:00fb0000 00fa0000 00000069 00000073
pc:00000030 idatain:8c03000c stall:0
reg:xxxxxxxx xxxxxxxx 000000c6 00fa0000 xxxxxxxx xxxxxxxx xxxxxxxx
mem:00fb0000 00fa0000 00000069 00000073
pc:00000034 idatain:8c04019c stall:0
reg:xxxxxxxx xxxxxxxx 00000069 00fa0000 xxxxxxxx xxxxxxxx xxxxxxxx
mem:00fb0000 00fa0000 00000069 00000073
pc:00000038 idatain:ac03019c stall:0
reg:xxxxxxxx xxxxxxxx 00000069 00aa0000 xxxxxxxx xxxxxxxx xxxxxxxx
mem:00fb0000 00fa0000 00000069 00000073
pc:0000003c idatain:ac04000c stall:0
reg:xxxxxxxx xxxxxxxx 00000069 00aa0000 xxxxxxxx xxxxxxxx xxxxxxxx
mem:00fb0000 00fa0000 00aa0000 00000073
pc:00000040 idatain:8c030010 stall:0
reg:xxxxxxxx xxxxxxxx 00000069 00aa0000 xxxxxxxx xxxxxxxx xxxxxxxx
mem:00fb0000 00fa0000 00aa0000 00000073
pc:00000044 idatain:8c0401a0 stall:0
reg:xxxxxxxx xxxxxxxx 00000073 00aa0000 xxxxxxxx xxxxxxxx xxxxxxxx
mem:00fb0000 00fa0000 00aa0000 00000073
pc:00000048 idatain:ac0301a0 stall:0
reg:xxxxxxxx xxxxxxxx 00000073 003a0000 xxxxxxxx xxxxxxxx xxxxxxxx
mem:00fb0000 00fa0000 00aa0000 00000073
pc:0000004c idatain:ac040010 stall:0
reg:xxxxxxxx xxxxxxxx 00000073 003a0000 xxxxxxxx xxxxxxxx xxxxxxxx
mem:00fb0000 00fa0000 00aa0000 003a0000
pc:00000050 idatain:8c030014 stall:0
reg:xxxxxxxx xxxxxxxx 00000073 003a0000 xxxxxxxx xxxxxxxx xxxxxxxx
mem:00fb0000 00fa0000 00aa0000 003a0000
pc:00000054 idatain:8c0401a4 stall:0
reg:xxxxxxxx xxxxxxxx 00000051 003a0000 xxxxxxxx xxxxxxxx xxxxxxxx
mem:00fb0000 00fa0000 00aa0000 003a0000
pc:00000058 idatain:ac0301a4 stall:0
reg:xxxxxxxx xxxxxxxx 00000051 00fb0000 xxxxxxxx xxxxxxxx xxxxxxxx
mem:00fb0000 00fa0000 00aa0000 003a0000
pc:0000005c idatain:ac040014 stall:0
reg:xxxxxxxx xxxxxxxx 00000051 00fb0000 xxxxxxxx xxxxxxxx xxxxxxxx
mem:00fb0000 00fa0000 00aa0000 003a0000
pc:00000060 idatain:8c030018 stall:0
reg:xxxxxxxx xxxxxxxx 00000051 00fb0000 xxxxxxxx xxxxxxxx xxxxxxxx
mem:00fb0000 00fa0000 00aa0000 003a0000
pc:00000064 idatain:8c0401a8 stall:0
reg:xxxxxxxx xxxxxxxx 000000ff 00fb0000 xxxxxxxx xxxxxxxx xxxxxxxx
mem:00fb0000 00fa0000 00aa0000 003a0000
pc:00000068 idatain:ac0301a8 stall:0
reg:xxxxxxxx xxxxxxxx 000000ff 00290000 xxxxxxxx xxxxxxxx xxxxxxxx
mem:00fb0000 00fa0000 00aa0000 003a0000
pc:0000006c idatain:ac040018 stall:0
reg:xxxxxxxx xxxxxxxx 000000ff 00290000 xxxxxxxx xxxxxxxx xxxxxxxx
mem:00fb0000 00fa0000 00aa0000 003a0000
pc:00000070 idatain:8c03001c stall:0
reg:xxxxxxxx xxxxxxxx 000000ff 00290000 xxxxxxxx xxxxxxxx xxxxxxxx
mem:00fb0000 00fa0000 00aa0000 003a0000
pc:00000074 idatain:8c0401ac stall:0
reg:xxxxxxxx xxxxxxxx 0000004a 00290000 xxxxxxxx xxxxxxxx xxxxxxxx
mem:00fb0000 00fa0000 00aa0000 003a0000
pc:00000078 idatain:ac0301ac stall:0
reg:xxxxxxxx xxxxxxxx 0000004a 00d10000 xxxxxxxx xxxxxxxx xxxxxxxx
mem:00fb0000 00fa0000 00aa0000 003a0000
pc:0000007c idatain:ac04001c stall:0
reg:xxxxxxxx xxxxxxxx 0000004a 00d10000 xxxxxxxx xxxxxxxx xxxxxxxx
mem:00fb0000 00fa0000 00aa0000 003a0000
pc:00000080 idatain:8c030020 stall:0
reg:xxxxxxxx xxxxxxxx 0000004a 00d10000 xxxxxxxx xxxxxxxx xxxxxxxx
mem:00fb0000 00fa0000 00aa0000 003a0000
pc:00000084 idatain:8c0401b0 stall:0
reg:xxxxxxxx xxxxxxxx 000000ec 00d10000 xxxxxxxx xxxxxxxx xxxxxxxx
mem:00fb0000 00fa0000 00aa0000 003a0000
pc:00000088 idatain:ac0301b0 stall:0
reg:xxxxxxxx xxxxxxxx 000000ec 00e60000 xxxxxxxx xxxxxxxx xxxxxxxx
mem:00fb0000 00fa0000 00aa0000 003a0000
pc:0000008c idatain:ac040020 stall:0
reg:xxxxxxxx xxxxxxxx 000000ec 00e60000 xxxxxxxx xxxxxxxx xxxxxxxx
mem:00fb0000 00fa0000 00aa0000 003a0000
pc:00000090 idatain:8c030024 stall:0
reg:xxxxxxxx xxxxxxxx 000000ec 00e60000 xxxxxxxx xxxxxxxx xxxxxxxx
mem:00fb0000 00fa0000 00aa0000 003a0000
pc:00000094 idatain:8c0401b4 stall:0
reg:xxxxxxxx xxxxxxxx 00000029 00e60000 xxxxxxxx xxxxxxxx xxxxxxxx
mem:00fb0000 00fa0000 00aa0000 003a0000
pc:00000098 idatain:ac0301b4 stall:0
reg:xxxxxxxx xxxxxxxx 00000029 00050000 xxxxxxxx xxxxxxxx xxxxxxxx
mem:00fb0000 00fa0000 00aa0000 003a0000
pc:0000009c idatain:ac040024 stall:0
reg:xxxxxxxx xxxxxxxx 00000029 00050000 xxxxxxxx xxxxxxxx xxxxxxxx
mem:00fb0000 00fa0000 00aa0000 003a0000
pc:000000a0 idatain:8c030028 stall:0
reg:xxxxxxxx xxxxxxxx 00000029 00050000 xxxxxxxx xxxxxxxx xxxxxxxx
mem:00fb0000 00fa0000 00aa0000 003a0000
pc:000000a4 idatain:8c0401b8 stall:0
reg:xxxxxxxx xxxxxxxx 000000cd 00050000 xxxxxxxx xxxxxxxx xxxxxxxx
mem:00fb0000 00fa0000 00aa0000 003a0000
pc:000000a8 idatain:ac0301b8 stall:0
reg:xxxxxxxx xxxxxxxx 000000cd 003c0000 xxxxxxxx xxxxxxxx xxxxxxxx
mem:00fb0000 00fa0000 00aa0000 003a0000
pc:000000ac idatain:ac040028 stall:0
reg:xxxxxxxx xxxxxxxx 000000cd 003c0000 xxxxxxxx xxxxxxxx xxxxxxxx
mem:00fb0000 00fa0000 00aa0000 003a0000
pc:000000b0 idatain:8c03002c stall:0
reg:xxxxxxxx xxxxxxxx 000000cd 003c0000 xxxxxxxx xxxxxxxx xxxxxxxx
mem:00fb0000 00fa0000 00aa0000 003a0000
pc:000000b4 idatain:8c0401bc stall:0
reg:xxxxxxxx xxxxxxxx 000000ba 003c0000 xxxxxxxx xxxxxxxx xxxxxxxx
mem:00fb0000 00fa0000 00aa0000 003a0000
pc:000000b8 idatain:ac0301bc stall:0
reg:xxxxxxxx xxxxxxxx 000000ba 007c0000 xxxxxxxx xxxxxxxx xxxxxxxx
mem:00fb0000 00fa0000 00aa0000 003a0000
pc:000000bc idatain:ac04002c stall:0
reg:xxxxxxxx xxxxxxxx 000000ba 007c0000 xxxxxxxx xxxxxxxx xxxxxxxx
mem:00fb0000 00fa0000 00aa0000 003a0000
pc:000000c0 idatain:8c030030 stall:0
reg:xxxxxxxx xxxxxxxx 000000ba 007c0000 xxxxxxxx xxxxxxxx xxxxxxxx
mem:00fb0000 00fa0000 00aa0000 003a0000
pc:000000c4 idatain:8c0401c0 stall:0
reg:xxxxxxxx xxxxxxxx 000000ab 007c0000 xxxxxxxx xxxxxxxx xxxxxxxx
mem:00fb0000 00fa0000 00aa0000 003a0000
pc:000000c8 idatain:ac0301c0 stall:0
reg:xxxxxxxx xxxxxxxx 000000ab 00940000 xxxxxxxx xxxxxxxx xxxxxxxx
mem:00fb0000 00fa0000 00aa0000 003a0000
pc:000000cc idatain:ac040030 stall:0
reg:xxxxxxxx xxxxxxxx 000000ab 00940000 xxxxxxxx xxxxxxxx xxxxxxxx
mem:00fb0000 00fa0000 00aa0000 003a0000
pc:000000d0 idatain:8c030034 stall:0
reg:xxxxxxxx xxxxxxxx 000000ab 00940000 xxxxxxxx xxxxxxxx xxxxxxxx
mem:00fb0000 00fa0000 00aa0000 003a0000
pc:000000d4 idatain:8c0401c4 stall:0
reg:xxxxxxxx xxxxxxxx 000000f2 00940000 xxxxxxxx xxxxxxxx xxxxxxxx
mem:00fb0000 00fa0000 00aa0000 003a0000
pc:000000d8 idatain:ac0301c4 stall:0
reg:xxxxxxxx xxxxxxxx 000000f2 00750000 xxxxxxxx xxxxxxxx xxxxxxxx
mem:00fb0000 00fa0000 00aa0000 003a0000
pc:000000dc idatain:ac040034 stall:0
reg:xxxxxxxx xxxxxxxx 000000f2 00750000 xxxxxxxx xxxxxxxx xxxxxxxx
mem:00fb0000 00fa0000 00aa0000 003a0000
pc:000000e0 idatain:8c030038 stall:0
reg:xxxxxxxx xxxxxxxx 000000f2 00750000 xxxxxxxx xxxxxxxx xxxxxxxx
mem:00fb0000 00fa0000 00aa0000 003a0000
pc:000000e4 idatain:8c0401c8 stall:0
reg:xxxxxxxx xxxxxxxx 000000fb 00750000 xxxxxxxx xxxxxxxx xxxxxxxx
mem:00fb0000 00fa0000 00aa0000 003a0000
pc:000000e8 idatain:ac0301c8 stall:0
reg:xxxxxxxx xxxxxxxx 000000fb 00d80000 xxxxxxxx xxxxxxxx xxxxxxxx
mem:00fb0000 00fa0000 00aa0000 003a0000
pc:000000ec idatain:ac040038 stall:0
reg:xxxxxxxx xxxxxxxx 000000fb 00d80000 xxxxxxxx xxxxxxxx xxxxxxxx
mem:00fb0000 00fa0000 00aa0000 003a0000
pc:000000f0 idatain:8c03003c stall:0
reg:xxxxxxxx xxxxxxxx 000000fb 00d80000 xxxxxxxx xxxxxxxx xxxxxxxx
mem:00fb0000 00fa0000 00aa0000 003a0000
pc:000000f4 idatain:8c0401cc stall:0
reg:xxxxxxxx xxxxxxxx 000000e3 00d80000 xxxxxxxx xxxxxxxx xxxxxxxx
mem:00fb0000 00fa0000 00aa0000 003a0000
pc:000000f8 idatain:ac0301cc stall:0
reg:xxxxxxxx xxxxxxxx 000000e3 00be0000 xxxxxxxx xxxxxxxx xxxxxxxx
mem:00fb0000 00fa0000 00aa0000 003a0000
pc:000000fc idatain:ac04003c stall:0
reg:xxxxxxxx xxxxxxxx 000000e3 00be0000 xxxxxxxx xxxxxxxx xxxxxxxx
mem:00fb0000 00fa0000 00aa0000 003a0000
pc:00000100 idatain:8c030040 stall:0
reg:xxxxxxxx xxxxxxxx 000000e3 00be0000 xxxxxxxx xxxxxxxx xxxxxxxx
mem:00fb0000 00fa0000 00aa0000 003a0000
pc:00000104 idatain:8c0401d0 stall:0
reg:xxxxxxxx xxxxxxxx 00000046 00be0000 xxxxxxxx xxxxxxxx xxxxxxxx
mem:00fb0000 00fa0000 00aa0000 003a0000
pc:00000108 idatain:ac0301d0 stall:0
reg:xxxxxxxx xxxxxxxx 00000046 00610000 xxxxxxxx xxxxxxxx xxxxxxxx
mem:00fb0000 00fa0000 00aa0000 003a0000
pc:0000010c idatain:ac040040 stall:0
reg:xxxxxxxx xxxxxxxx 00000046 00610000 xxxxxxxx xxxxxxxx xxxxxxxx
mem:00fb0000 00fa0000 00aa0000 003a0000
pc:00000110 idatain:8c030044 stall:0
reg:xxxxxxxx xxxxxxxx 00000046 00610000 xxxxxxxx xxxxxxxx xxxxxxxx
mem:00fb0000 00fa0000 00aa0000 003a0000
pc:00000114 idatain:8c0401d4 stall:0
reg:xxxxxxxx xxxxxxxx 0000007c 00610000 xxxxxxxx xxxxxxxx xxxxxxxx
mem:00fb0000 00fa0000 00aa0000 003a0000
pc:00000118 idatain:ac0301d4 stall:0
reg:xxxxxxxx xxxxxxxx 0000007c 00890000 xxxxxxxx xxxxxxxx xxxxxxxx
mem:00fb0000 00fa0000 00aa0000 003a0000
pc:0000011c idatain:ac040044 stall:0
reg:xxxxxxxx xxxxxxxx 0000007c 00890000 xxxxxxxx xxxxxxxx xxxxxxxx
mem:00fb0000 00fa0000 00aa0000 003a0000
pc:00000120 idatain:8c030048 stall:0
reg:xxxxxxxx xxxxxxxx 0000007c 00890000 xxxxxxxx xxxxxxxx xxxxxxxx
mem:00fb0000 00fa0000 00aa0000 003a0000
pc:00000124 idatain:8c0401d8 stall:0
reg:xxxxxxxx xxxxxxxx 000000c2 00890000 xxxxxxxx xxxxxxxx xxxxxxxx
mem:00fb0000 00fa0000 00aa0000 003a0000
pc:00000128 idatain:ac0301d8 stall:0
reg:xxxxxxxx xxxxxxxx 000000c2 00f90000 xxxxxxxx xxxxxxxx xxxxxxxx
mem:00fb0000 00fa0000 00aa0000 003a0000
pc:0000012c idatain:ac040048 stall:0
reg:xxxxxxxx xxxxxxxx 000000c2 00f90000 xxxxxxxx xxxxxxxx xxxxxxxx
mem:00fb0000 00fa0000 00aa0000 003a0000
pc:00000130 idatain:8c03004c stall:0
reg:xxxxxxxx xxxxxxxx 000000c2 00f90000 xxxxxxxx xxxxxxxx xxxxxxxx
mem:00fb0000 00fa0000 00aa0000 003a0000
pc:00000134 idatain:8c0401dc stall:0
reg:xxxxxxxx xxxxxxxx 00000054 00f90000 xxxxxxxx xxxxxxxx xxxxxxxx
mem:00fb0000 00fa0000 00aa0000 003a0000
pc:00000138 idatain:ac0301dc stall:0
reg:xxxxxxxx xxxxxxxx 00000054 005c0000 xxxxxxxx xxxxxxxx xxxxxxxx
mem:00fb0000 00fa0000 00aa0000 003a0000
pc:0000013c idatain:ac04004c stall:0
reg:xxxxxxxx xxxxxxxx 00000054 005c0000 xxxxxxxx xxxxxxxx xxxxxxxx
mem:00fb0000 00fa0000 00aa0000 003a0000
pc:00000140 idatain:8c030050 stall:0
reg:xxxxxxxx xxxxxxxx 00000054 005c0000 xxxxxxxx xxxxxxxx xxxxxxxx
mem:00fb0000 00fa0000 00aa0000 003a0000
pc:00000144 idatain:8c0401e0 stall:0
reg:xxxxxxxx xxxxxxxx 000000f8 005c0000 xxxxxxxx xxxxxxxx xxxxxxxx
mem:00fb0000 00fa0000 00aa0000 003a0000
pc:00000148 idatain:ac0301e0 stall:0
reg:xxxxxxxx xxxxxxxx 000000f8 00bb0000 xxxxxxxx xxxxxxxx xxxxxxxx
mem:00fb0000 00fa0000 00aa0000 003a0000
pc:0000014c idatain:ac040050 stall:0
reg:xxxxxxxx xxxxxxxx 000000f8 00bb0000 xxxxxxxx xxxxxxxx xxxxxxxx
mem:00fb0000 00fa0000 00aa0000 003a0000
pc:00000150 idatain:8c030054 stall:0
reg:xxxxxxxx xxxxxxxx 000000f8 00bb0000 xxxxxxxx xxxxxxxx xxxxxxxx
mem:00fb0000 00fa0000 00aa0000 003a0000
pc:00000154 idatain:8c0401e4 stall:0
reg:xxxxxxxx xxxxxxxx 0000001b 00bb0000 xxxxxxxx xxxxxxxx xxxxxxxx
mem:00fb0000 00fa0000 00aa0000 003a0000
pc:00000158 idatain:ac0301e4 stall:0
reg:xxxxxxxx xxxxxxxx 0000001b 00a80000 xxxxxxxx xxxxxxxx xxxxxxxx
mem:00fb0000 00fa0000 00aa0000 003a0000
pc:0000015c idatain:ac040054 stall:0
reg:xxxxxxxx xxxxxxxx 0000001b 00a80000 xxxxxxxx xxxxxxxx xxxxxxxx
mem:00fb0000 00fa0000 00aa0000 003a0000
pc:00000160 idatain:8c030058 stall:0
reg:xxxxxxxx xxxxxxxx 0000001b 00a80000 xxxxxxxx xxxxxxxx xxxxxxxx
mem:00fb0000 00fa0000 00aa0000 003a0000
pc:00000164 idatain:8c0401e8 stall:0
reg:xxxxxxxx xxxxxxxx 000000e8 00a80000 xxxxxxxx xxxxxxxx xxxxxxxx
mem:00fb0000 00fa0000 00aa0000 003a0000
pc:00000168 idatain:ac0301e8 stall:0
reg:xxxxxxxx xxxxxxxx 000000e8 00990000 xxxxxxxx xxxxxxxx xxxxxxxx
mem:00fb0000 00fa0000 00aa0000 003a0000
pc:0000016c idatain:ac040058 stall:0
reg:xxxxxxxx xxxxxxxx 000000e8 00990000 xxxxxxxx xxxxxxxx xxxxxxxx
mem:00fb0000 00fa0000 00aa0000 003a0000
pc:00000170 idatain:8c03005c stall:0
reg:xxxxxxxx xxxxxxxx 000000e8 00990000 xxxxxxxx xxxxxxxx xxxxxxxx
mem:00fb0000 00fa0000 00aa0000 003a0000
pc:00000174 idatain:8c0401ec stall:0
reg:xxxxxxxx xxxxxxxx 000000e7 00990000 xxxxxxxx xxxxxxxx xxxxxxxx
mem:00fb0000 00fa0000 00aa0000 003a0000
pc:00000178 idatain:ac0301ec stall:0
reg:xxxxxxxx xxxxxxxx 000000e7 000f0000 xxxxxxxx xxxxxxxx xxxxxxxx
mem:00fb0000 00fa0000 00aa0000 003a0000
pc:0000017c idatain:ac04005c stall:0
reg:xxxxxxxx xxxxxxxx 000000e7 000f0000 xxxxxxxx xxxxxxxx xxxxxxxx
mem:00fb0000 00fa0000 00aa0000 003a0000
pc:00000180 idatain:8c030060 stall:0
reg:xxxxxxxx xxxxxxxx 000000e7 000f0000 xxxxxxxx xxxxxxxx xxxxxxxx
mem:00fb0000 00fa0000 00aa0000 003a0000
pc:00000184 idatain:8c0401f0 stall:0
reg:xxxxxxxx xxxxxxxx 0000008d 000f0000 xxxxxxxx xxxxxxxx xxxxxxxx
mem:00fb0000 00fa0000 00aa0000 003a0000
pc:00000188 idatain:ac0301f0 stall:0
reg:xxxxxxxx xxxxxxxx 0000008d 00950000 xxxxxxxx xxxxxxxx xxxxxxxx
mem:00fb0000 00fa0000 00aa0000 003a0000
pc:0000018c idatain:ac040060 stall:0
reg:xxxxxxxx xxxxxxxx 0000008d 00950000 xxxxxxxx xxxxxxxx xxxxxxxx
mem:00fb0000 00fa0000 00aa0000 003a0000
pc:00000190 idatain:8c030064 stall:0
reg:xxxxxxxx xxxxxxxx 0000008d 00950000 xxxxxxxx xxxxxxxx xxxxxxxx
mem:00fb0000 00fa0000 00aa0000 003a0000
pc:00000194 idatain:8c0401f4 stall:0
reg:xxxxxxxx xxxxxxxx 00000076 00950000 xxxxxxxx xxxxxxxx xxxxxxxx
mem:00fb0000 00fa0000 00aa0000 003a0000
pc:00000198 idatain:ac0301f4 stall:0
reg:xxxxxxxx xxxxxxxx 00000076 00b10000 xxxxxxxx xxxxxxxx xxxxxxxx
mem:00fb0000 00fa0000 00aa0000 003a0000
pc:0000019c idatain:ac040064 stall:0
reg:xxxxxxxx xxxxxxxx 00000076 00b10000 xxxxxxxx xxxxxxxx xxxxxxxx
mem:00fb0000 00fa0000 00aa0000 003a0000
pc:000001a0 idatain:8c030068 stall:0
reg:xxxxxxxx xxxxxxxx 00000076 00b10000 xxxxxxxx xxxxxxxx xxxxxxxx
mem:00fb0000 00fa0000 00aa0000 003a0000
pc:000001a4 idatain:8c0401f8 stall:0
reg:xxxxxxxx xxxxxxxx 0000005a 00b10000 xxxxxxxx xxxxxxxx xxxxxxxx
mem:00fb0000 00fa0000 00aa0000 003a0000
pc:000001a8 idatain:ac0301f8 stall:0
reg:xxxxxxxx xxxxxxxx 0000005a 00eb0000 xxxxxxxx xxxxxxxx xxxxxxxx
mem:00fb0000 00fa0000 00aa0000 003a0000
pc:000001ac idatain:ac040068 stall:0
reg:xxxxxxxx xxxxxxxx 0000005a 00eb0000 xxxxxxxx xxxxxxxx xxxxxxxx
mem:00fb0000 00fa0000 00aa0000 003a0000
pc:000001b0 idatain:8c03006c stall:0
reg:xxxxxxxx xxxxxxxx 0000005a 00eb0000 xxxxxxxx xxxxxxxx xxxxxxxx
mem:00fb0000 00fa0000 00aa0000 003a0000
pc:000001b4 idatain:8c0401fc stall:0
reg:xxxxxxxx xxxxxxxx 0000002e 00eb0000 xxxxxxxx xxxxxxxx xxxxxxxx
mem:00fb0000 00fa0000 00aa0000 003a0000
pc:000001b8 idatain:ac0301fc stall:0
reg:xxxxxxxx xxxxxxxx 0000002e 00f10000 xxxxxxxx xxxxxxxx xxxxxxxx
mem:00fb0000 00fa0000 00aa0000 003a0000
pc:000001bc idatain:ac04006c stall:0
reg:xxxxxxxx xxxxxxxx 0000002e 00f10000 xxxxxxxx xxxxxxxx xxxxxxxx
mem:00fb0000 00fa0000 00aa0000 003a0000
pc:000001c0 idatain:8c030070 stall:0
reg:xxxxxxxx xxxxxxxx 0000002e 00f10000 xxxxxxxx xxxxxxxx xxxxxxxx
mem:00fb0000 00fa0000 00aa0000 003a0000
pc:000001c4 idatain:8c040200 stall:0
reg:xxxxxxxx xxxxxxxx 00000063 00f10000 xxxxxxxx xxxxxxxx xxxxxxxx
mem:00fb0000 00fa0000 00aa0000 003a0000
pc:000001c8 idatain:ac030200 stall:0
reg:xxxxxxxx xxxxxxxx 00000063 00b30000 xxxxxxxx xxxxxxxx xxxxxxxx
mem:00fb0000 00fa0000 00aa0000 003a0000
pc:000001cc idatain:ac040070 stall:0
reg:xxxxxxxx xxxxxxxx 00000063 00b30000 xxxxxxxx xxxxxxxx xxxxxxxx
mem:00fb0000 00fa0000 00aa0000 003a0000
pc:000001d0 idatain:8c030074 stall:0
reg:xxxxxxxx xxxxxxxx 00000063 00b30000 xxxxxxxx xxxxxxxx xxxxxxxx
mem:00fb0000 00fa0000 00aa0000 003a0000
pc:000001d4 idatain:8c040204 stall:0
reg:xxxxxxxx xxxxxxxx 00000033 00b30000 xxxxxxxx xxxxxxxx xxxxxxxx
mem:00fb0000 00fa0000 00aa0000 003a0000
pc:000001d8 idatain:ac030204 stall:0
reg:xxxxxxxx xxxxxxxx 00000033 00050000 xxxxxxxx xxxxxxxx xxxxxxxx
mem:00fb0000 00fa0000 00aa0000 003a0000
pc:000001dc idatain:ac040074 stall:0
reg:xxxxxxxx xxxxxxxx 00000033 00050000 xxxxxxxx xxxxxxxx xxxxxxxx
mem:00fb0000 00fa0000 00aa0000 003a0000
pc:000001e0 idatain:8c030078 stall:0
reg:xxxxxxxx xxxxxxxx 00000033 00050000 xxxxxxxx xxxxxxxx xxxxxxxx
mem:00fb0000 00fa0000 00aa0000 003a0000
pc:000001e4 idatain:8c040208 stall:0
reg:xxxxxxxx xxxxxxxx 0000009f 00050000 xxxxxxxx xxxxxxxx xxxxxxxx
mem:00fb0000 00fa0000 00aa0000 003a0000
pc:000001e8 idatain:ac030208 stall:0
reg:xxxxxxxx xxxxxxxx 0000009f 00ef0000 xxxxxxxx xxxxxxxx xxxxxxxx
mem:00fb0000 00fa0000 00aa0000 003a0000
pc:000001ec idatain:ac040078 stall:0
reg:xxxxxxxx xxxxxxxx 0000009f 00ef0000 xxxxxxxx xxxxxxxx xxxxxxxx
mem:00fb0000 00fa0000 00aa0000 003a0000
pc:000001f0 idatain:8c03007c stall:0
reg:xxxxxxxx xxxxxxxx 0000009f 00ef0000 xxxxxxxx xxxxxxxx xxxxxxxx
mem:00fb0000 00fa0000 00aa0000 003a0000
pc:000001f4 idatain:8c04020c stall:0
reg:xxxxxxxx xxxxxxxx 000000c9 00ef0000 xxxxxxxx xxxxxxxx xxxxxxxx
mem:00fb0000 00fa0000 00aa0000 003a0000
pc:000001f8 idatain:ac03020c stall:0
reg:xxxxxxxx xxxxxxxx 000000c9 00f70000 xxxxxxxx xxxxxxxx xxxxxxxx
mem:00fb0000 00fa0000 00aa0000 003a0000
pc:000001fc idatain:ac04007c stall:0
reg:xxxxxxxx xxxxxxxx 000000c9 00f70000 xxxxxxxx xxxxxxxx xxxxxxxx
mem:00fb0000 00fa0000 00aa0000 003a0000
pc:00000200 idatain:8c030080 stall:0
reg:xxxxxxxx xxxxxxxx 000000c9 00f70000 xxxxxxxx xxxxxxxx xxxxxxxx
mem:00fb0000 00fa0000 00aa0000 003a0000
pc:00000204 idatain:8c040210 stall:0
reg:xxxxxxxx xxxxxxxx 0000009a 00f70000 xxxxxxxx xxxxxxxx xxxxxxxx
mem:00fb0000 00fa0000 00aa0000 003a0000
pc:00000208 idatain:ac030210 stall:0
reg:xxxxxxxx xxxxxxxx 0000009a 00000000 xxxxxxxx xxxxxxxx xxxxxxxx
mem:00fb0000 00fa0000 00aa0000 003a0000
pc:0000020c idatain:ac040080 stall:0
reg:xxxxxxxx xxxxxxxx 0000009a 00000000 xxxxxxxx xxxxxxxx xxxxxxxx
mem:00fb0000 00fa0000 00aa0000 003a0000
pc:00000210 idatain:8c030084 stall:0
reg:xxxxxxxx xxxxxxxx 0000009a 00000000 xxxxxxxx xxxxxxxx xxxxxxxx
mem:00fb0000 00fa0000 00aa0000 003a0000
pc:00000214 idatain:8c040214 stall:0
reg:xxxxxxxx xxxxxxxx 00000066 00000000 xxxxxxxx xxxxxxxx xxxxxxxx
mem:00fb0000 00fa0000 00aa0000 003a0000
pc:00000218 idatain:ac030214 stall:0
reg:xxxxxxxx xxxxxxxx 00000066 00e90000 xxxxxxxx xxxxxxxx xxxxxxxx
mem:00fb0000 00fa0000 00aa0000 003a0000
pc:0000021c idatain:ac040084 stall:0
reg:xxxxxxxx xxxxxxxx 00000066 00e90000 xxxxxxxx xxxxxxxx xxxxxxxx
mem:00fb0000 00fa0000 00aa0000 003a0000
pc:00000220 idatain:8c030088 stall:0
reg:xxxxxxxx xxxxxxxx 00000066 00e90000 xxxxxxxx xxxxxxxx xxxxxxxx
mem:00fb0000 00fa0000 00aa0000 003a0000
pc:00000224 idatain:8c040218 stall:0
reg:xxxxxxxx xxxxxxxx 00000032 00e90000 xxxxxxxx xxxxxxxx xxxxxxxx
mem:00fb0000 00fa0000 00aa0000 003a0000
pc:00000228 idatain:ac030218 stall:0
reg:xxxxxxxx xxxxxxxx 00000032 00a10000 xxxxxxxx xxxxxxxx xxxxxxxx
mem:00fb0000 00fa0000 00aa0000 003a0000
pc:0000022c idatain:ac040088 stall:0
reg:xxxxxxxx xxxxxxxx 00000032 00a10000 xxxxxxxx xxxxxxxx xxxxxxxx
mem:00fb0000 00fa0000 00aa0000 003a0000
pc:00000230 idatain:8c03008c stall:0
reg:xxxxxxxx xxxxxxxx 00000032 00a10000 xxxxxxxx xxxxxxxx xxxxxxxx
mem:00fb0000 00fa0000 00aa0000 003a0000
pc:00000234 idatain:8c04021c stall:0
reg:xxxxxxxx xxxxxxxx 0000000d 00a10000 xxxxxxxx xxxxxxxx xxxxxxxx
mem:00fb0000 00fa0000 00aa0000 003a0000
pc:00000238 idatain:ac03021c stall:0
reg:xxxxxxxx xxxxxxxx 0000000d 003a0000 xxxxxxxx xxxxxxxx xxxxxxxx
mem:00fb0000 00fa0000 00aa0000 003a0000
pc:0000023c idatain:ac04008c stall:0
reg:xxxxxxxx xxxxxxxx 0000000d 003a0000 xxxxxxxx xxxxxxxx xxxxxxxx
mem:00fb0000 00fa0000 00aa0000 003a0000
pc:00000240 idatain:8c030090 stall:0
reg:xxxxxxxx xxxxxxxx 0000000d 003a0000 xxxxxxxx xxxxxxxx xxxxxxxx
mem:00fb0000 00fa0000 00aa0000 003a0000
pc:00000244 idatain:8c040220 stall:0
reg:xxxxxxxx xxxxxxxx 000000b7 003a0000 xxxxxxxx xxxxxxxx xxxxxxxx
mem:00fb0000 00fa0000 00aa0000 003a0000
pc:00000248 idatain:ac030220 stall:0
reg:xxxxxxxx xxxxxxxx 000000b7 00e50000 xxxxxxxx xxxxxxxx xxxxxxxx
mem:00fb0000 00fa0000 00aa0000 003a0000
pc:0000024c idatain:ac040090 stall:0
reg:xxxxxxxx xxxxxxxx 000000b7 00e50000 xxxxxxxx xxxxxxxx xxxxxxxx
mem:00fb0000 00fa0000 00aa0000 003a0000
pc:00000250 idatain:8c030094 stall:0
reg:xxxxxxxx xxxxxxxx 000000b7 00e50000 xxxxxxxx xxxxxxxx xxxxxxxx
mem:00fb0000 00fa0000 00aa0000 003a0000
pc:00000254 idatain:8c040224 stall:0
reg:xxxxxxxx xxxxxxxx 00000031 00e50000 xxxxxxxx xxxxxxxx xxxxxxxx
mem:00fb0000 00fa0000 00aa0000 003a0000
pc:00000258 idatain:ac030224 stall:0
reg:xxxxxxxx xxxxxxxx 00000031 00ca0000 xxxxxxxx xxxxxxxx xxxxxxxx
mem:00fb0000 00fa0000 00aa0000 003a0000
pc:0000025c idatain:ac040094 stall:0
reg:xxxxxxxx xxxxxxxx 00000031 00ca0000 xxxxxxxx xxxxxxxx xxxxxxxx
mem:00fb0000 00fa0000 00aa0000 003a0000
pc:00000260 idatain:8c030098 stall:0
reg:xxxxxxxx xxxxxxxx 00000031 00ca0000 xxxxxxxx xxxxxxxx xxxxxxxx
mem:00fb0000 00fa0000 00aa0000 003a0000
pc:00000264 idatain:8c040228 stall:0
reg:xxxxxxxx xxxxxxxx 00000058 00ca0000 xxxxxxxx xxxxxxxx xxxxxxxx
mem:00fb0000 00fa0000 00aa0000 003a0000
pc:00000268 idatain:ac030228 stall:0
reg:xxxxxxxx xxxxxxxx 00000058 000b0000 xxxxxxxx xxxxxxxx xxxxxxxx
mem:00fb0000 00fa0000 00aa0000 003a0000
pc:0000026c idatain:ac040098 stall:0
reg:xxxxxxxx xxxxxxxx 00000058 000b0000 xxxxxxxx xxxxxxxx xxxxxxxx
mem:00fb0000 00fa0000 00aa0000 003a0000
pc:00000270 idatain:8c03009c stall:0
reg:xxxxxxxx xxxxxxxx 00000058 000b0000 xxxxxxxx xxxxxxxx xxxxxxxx
mem:00fb0000 00fa0000 00aa0000 003a0000
pc:00000274 idatain:8c04022c stall:0
reg:xxxxxxxx xxxxxxxx 000000a3 000b0000 xxxxxxxx xxxxxxxx xxxxxxxx
mem:00fb0000 00fa0000 00aa0000 003a0000
pc:00000278 idatain:ac03022c stall:0
reg:xxxxxxxx xxxxxxxx 000000a3 00cb0000 xxxxxxxx xxxxxxxx xxxxxxxx
mem:00fb0000 00fa0000 00aa0000 003a0000
pc:0000027c idatain:ac04009c stall:0
reg:xxxxxxxx xxxxxxxx 000000a3 00cb0000 xxxxxxxx xxxxxxxx xxxxxxxx
mem:00fb0000 00fa0000 00aa0000 003a0000
pc:00000280 idatain:8c0300a0 stall:0
reg:xxxxxxxx xxxxxxxx 000000a3 00cb0000 xxxxxxxx xxxxxxxx xxxxxxxx
mem:00fb0000 00fa0000 00aa0000 003a0000
pc:00000284 idatain:8c040230 stall:0
reg:xxxxxxxx xxxxxxxx 0000005a 00cb0000 xxxxxxxx xxxxxxxx xxxxxxxx
mem:00fb0000 00fa0000 00aa0000 003a0000
pc:00000288 idatain:ac030230 stall:0
reg:xxxxxxxx xxxxxxxx 0000005a 00d00000 xxxxxxxx xxxxxxxx xxxxxxxx
mem:00fb0000 00fa0000 00aa0000 003a0000
pc:0000028c idatain:ac0400a0 stall:0
reg:xxxxxxxx xxxxxxxx 0000005a 00d00000 xxxxxxxx xxxxxxxx xxxxxxxx
mem:00fb0000 00fa0000 00aa0000 003a0000
pc:00000290 idatain:8c0300a4 stall:0
reg:xxxxxxxx xxxxxxxx 0000005a 00d00000 xxxxxxxx xxxxxxxx xxxxxxxx
mem:00fb0000 00fa0000 00aa0000 003a0000
pc:00000294 idatain:8c040234 stall:0
reg:xxxxxxxx xxxxxxxx 00000025 00d00000 xxxxxxxx xxxxxxxx xxxxxxxx
mem:00fb0000 00fa0000 00aa0000 003a0000
pc:00000298 idatain:ac030234 stall:0
reg:xxxxxxxx xxxxxxxx 00000025 00480000 xxxxxxxx xxxxxxxx xxxxxxxx
mem:00fb0000 00fa0000 00aa0000 003a0000
pc:0000029c idatain:ac0400a4 stall:0
reg:xxxxxxxx xxxxxxxx 00000025 00480000 xxxxxxxx xxxxxxxx xxxxxxxx
mem:00fb0000 00fa0000 00aa0000 003a0000
pc:000002a0 idatain:8c0300a8 stall:0
reg:xxxxxxxx xxxxxxxx 00000025 00480000 xxxxxxxx xxxxxxxx xxxxxxxx
mem:00fb0000 00fa0000 00aa0000 003a0000
pc:000002a4 idatain:8c040238 stall:0
reg:xxxxxxxx xxxxxxxx 0000005d 00480000 xxxxxxxx xxxxxxxx xxxxxxxx
mem:00fb0000 00fa0000 00aa0000 003a0000
pc:000002a8 idatain:ac030238 stall:0
reg:xxxxxxxx xxxxxxxx 0000005d 00470000 xxxxxxxx xxxxxxxx xxxxxxxx
mem:00fb0000 00fa0000 00aa0000 003a0000
pc:000002ac idatain:ac0400a8 stall:0
reg:xxxxxxxx xxxxxxxx 0000005d 00470000 xxxxxxxx xxxxxxxx xxxxxxxx
mem:00fb0000 00fa0000 00aa0000 003a0000
pc:000002b0 idatain:8c0300ac stall:0
reg:xxxxxxxx xxxxxxxx 0000005d 00470000 xxxxxxxx xxxxxxxx xxxxxxxx
mem:00fb0000 00fa0000 00aa0000 003a0000
pc:000002b4 idatain:8c04023c stall:0
reg:xxxxxxxx xxxxxxxx 00000005 00470000 xxxxxxxx xxxxxxxx xxxxxxxx
mem:00fb0000 00fa0000 00aa0000 003a0000
pc:000002b8 idatain:ac03023c stall:0
reg:xxxxxxxx xxxxxxxx 00000005 00640000 xxxxxxxx xxxxxxxx xxxxxxxx
mem:00fb0000 00fa0000 00aa0000 003a0000
pc:000002bc idatain:ac0400ac stall:0
reg:xxxxxxxx xxxxxxxx 00000005 00640000 xxxxxxxx xxxxxxxx xxxxxxxx
mem:00fb0000 00fa0000 00aa0000 003a0000
pc:000002c0 idatain:8c0300b0 stall:0
reg:xxxxxxxx xxxxxxxx 00000005 00640000 xxxxxxxx xxxxxxxx xxxxxxxx
mem:00fb0000 00fa0000 00aa0000 003a0000
pc:000002c4 idatain:8c040240 stall:0
reg:xxxxxxxx xxxxxxxx 00000017 00640000 xxxxxxxx xxxxxxxx xxxxxxxx
mem:00fb0000 00fa0000 00aa0000 003a0000
pc:000002c8 idatain:ac030240 stall:0
reg:xxxxxxxx xxxxxxxx 00000017 00bd0000 xxxxxxxx xxxxxxxx xxxxxxxx
mem:00fb0000 00fa0000 00aa0000 003a0000
pc:000002cc idatain:ac0400b0 stall:0
reg:xxxxxxxx xxxxxxxx 00000017 00bd0000 xxxxxxxx xxxxxxxx xxxxxxxx
mem:00fb0000 00fa0000 00aa0000 003a0000
pc:000002d0 idatain:8c0300b4 stall:0
reg:xxxxxxxx xxxxxxxx 00000017 00bd0000 xxxxxxxx xxxxxxxx xxxxxxxx
mem:00fb0000 00fa0000 00aa0000 003a0000
pc:000002d4 idatain:8c040244 stall:0
reg:xxxxxxxx xxxxxxxx 00000058 00bd0000 xxxxxxxx xxxxxxxx xxxxxxxx
mem:00fb0000 00fa0000 00aa0000 003a0000
pc:000002d8 idatain:ac030244 stall:0
reg:xxxxxxxx xxxxxxxx 00000058 001f0000 xxxxxxxx xxxxxxxx xxxxxxxx
mem:00fb0000 00fa0000 00aa0000 003a0000
pc:000002dc idatain:ac0400b4 stall:0
reg:xxxxxxxx xxxxxxxx 00000058 001f0000 xxxxxxxx xxxxxxxx xxxxxxxx
mem:00fb0000 00fa0000 00aa0000 003a0000
pc:000002e0 idatain:8c0300b8 stall:0
reg:xxxxxxxx xxxxxxxx 00000058 001f0000 xxxxxxxx xxxxxxxx xxxxxxxx
mem:00fb0000 00fa0000 00aa0000 003a0000
pc:000002e4 idatain:8c040248 stall:0
reg:xxxxxxxx xxxxxxxx 000000e9 001f0000 xxxxxxxx xxxxxxxx xxxxxxxx
mem:00fb0000 00fa0000 00aa0000 003a0000
pc:000002e8 idatain:ac030248 stall:0
reg:xxxxxxxx xxxxxxxx 000000e9 00230000 xxxxxxxx xxxxxxxx xxxxxxxx
mem:00fb0000 00fa0000 00aa0000 003a0000
pc:000002ec idatain:ac0400b8 stall:0
reg:xxxxxxxx xxxxxxxx 000000e9 00230000 xxxxxxxx xxxxxxxx xxxxxxxx
mem:00fb0000 00fa0000 00aa0000 003a0000
pc:000002f0 idatain:8c0300bc stall:0
reg:xxxxxxxx xxxxxxxx 000000e9 00230000 xxxxxxxx xxxxxxxx xxxxxxxx
mem:00fb0000 00fa0000 00aa0000 003a0000
pc:000002f4 idatain:8c04024c stall:0
reg:xxxxxxxx xxxxxxxx 0000005e 00230000 xxxxxxxx xxxxxxxx xxxxxxxx
mem:00fb0000 00fa0000 00aa0000 003a0000
pc:000002f8 idatain:ac03024c stall:0
reg:xxxxxxxx xxxxxxxx 0000005e 001e0000 xxxxxxxx xxxxxxxx xxxxxxxx
mem:00fb0000 00fa0000 00aa0000 003a0000
pc:000002fc idatain:ac0400bc stall:0
reg:xxxxxxxx xxxxxxxx 0000005e 001e0000 xxxxxxxx xxxxxxxx xxxxxxxx
mem:00fb0000 00fa0000 00aa0000 003a0000
pc:00000300 idatain:8c0300c0 stall:0
reg:xxxxxxxx xxxxxxxx 0000005e 001e0000 xxxxxxxx xxxxxxxx xxxxxxxx
mem:00fb0000 00fa0000 00aa0000 003a0000
pc:00000304 idatain:8c040250 stall:0
reg:xxxxxxxx xxxxxxxx 000000d4 001e0000 xxxxxxxx xxxxxxxx xxxxxxxx
mem:00fb0000 00fa0000 00aa0000 003a0000
pc:00000308 idatain:ac030250 stall:0
reg:xxxxxxxx xxxxxxxx 000000d4 00a80000 xxxxxxxx xxxxxxxx xxxxxxxx
mem:00fb0000 00fa0000 00aa0000 003a0000
pc:0000030c idatain:ac0400c0 stall:0
reg:xxxxxxxx xxxxxxxx 000000d4 00a80000 xxxxxxxx xxxxxxxx xxxxxxxx
mem:00fb0000 00fa0000 00aa0000 003a0000
pc:00000310 idatain:8c0300c4 stall:0
reg:xxxxxxxx xxxxxxxx 000000d4 00a80000 xxxxxxxx xxxxxxxx xxxxxxxx
mem:00fb0000 00fa0000 00aa0000 003a0000
pc:00000314 idatain:8c040254 stall:0
reg:xxxxxxxx xxxxxxxx 000000ab 00a80000 xxxxxxxx xxxxxxxx xxxxxxxx
mem:00fb0000 00fa0000 00aa0000 003a0000
pc:00000318 idatain:ac030254 stall:0
reg:xxxxxxxx xxxxxxxx 000000ab 001c0000 xxxxxxxx xxxxxxxx xxxxxxxx
mem:00fb0000 00fa0000 00aa0000 003a0000
pc:0000031c idatain:ac0400c4 stall:0
reg:xxxxxxxx xxxxxxxx 000000ab 001c0000 xxxxxxxx xxxxxxxx xxxxxxxx
mem:00fb0000 00fa0000 00aa0000 003a0000
pc:00000320 idatain:8c0300c8 stall:0
reg:xxxxxxxx xxxxxxxx 000000ab 001c0000 xxxxxxxx xxxxxxxx xxxxxxxx
mem:00fb0000 00fa0000 00aa0000 003a0000
pc:00000324 idatain:8c040258 stall:0
reg:xxxxxxxx xxxxxxxx 000000b2 001c0000 xxxxxxxx xxxxxxxx xxxxxxxx
mem:00fb0000 00fa0000 00aa0000 003a0000
pc:00000328 idatain:ac030258 stall:0
reg:xxxxxxxx xxxxxxxx 000000b2 007b0000 xxxxxxxx xxxxxxxx xxxxxxxx
mem:00fb0000 00fa0000 00aa0000 003a0000
pc:0000032c idatain:ac0400c8 stall:0
reg:xxxxxxxx xxxxxxxx 000000b2 007b0000 xxxxxxxx xxxxxxxx xxxxxxxx
mem:00fb0000 00fa0000 00aa0000 003a0000
pc:00000330 idatain:8c0300cc stall:0
reg:xxxxxxxx xxxxxxxx 000000b2 007b0000 xxxxxxxx xxxxxxxx xxxxxxxx
mem:00fb0000 00fa0000 00aa0000 003a0000
pc:00000334 idatain:8c04025c stall:0
reg:xxxxxxxx xxxxxxxx 000000cd 007b0000 xxxxxxxx xxxxxxxx xxxxxxxx
mem:00fb0000 00fa0000 00aa0000 003a0000
pc:00000338 idatain:ac03025c stall:0
reg:xxxxxxxx xxxxxxxx 000000cd 00640000 xxxxxxxx xxxxxxxx xxxxxxxx
mem:00fb0000 00fa0000 00aa0000 003a0000
pc:0000033c idatain:ac0400cc stall:0
reg:xxxxxxxx xxxxxxxx 000000cd 00640000 xxxxxxxx xxxxxxxx xxxxxxxx
mem:00fb0000 00fa0000 00aa0000 003a0000
pc:00000340 idatain:8c0300d0 stall:0
reg:xxxxxxxx xxxxxxxx 000000cd 00640000 xxxxxxxx xxxxxxxx xxxxxxxx
mem:00fb0000 00fa0000 00aa0000 003a0000
pc:00000344 idatain:8c040260 stall:0
reg:xxxxxxxx xxxxxxxx 000000c6 00640000 xxxxxxxx xxxxxxxx xxxxxxxx
mem:00fb0000 00fa0000 00aa0000 003a0000
pc:00000348 idatain:ac030260 stall:0
reg:xxxxxxxx xxxxxxxx 000000c6 00c50000 xxxxxxxx xxxxxxxx xxxxxxxx
mem:00fb0000 00fa0000 00aa0000 003a0000
pc:0000034c idatain:ac0400d0 stall:0
reg:xxxxxxxx xxxxxxxx 000000c6 00c50000 xxxxxxxx xxxxxxxx xxxxxxxx
mem:00fb0000 00fa0000 00aa0000 003a0000
pc:00000350 idatain:8c0300d4 stall:0
reg:xxxxxxxx xxxxxxxx 000000c6 00c50000 xxxxxxxx xxxxxxxx xxxxxxxx
mem:00fb0000 00fa0000 00aa0000 003a0000
pc:00000354 idatain:8c040264 stall:0
reg:xxxxxxxx xxxxxxxx 0000009b 00c50000 xxxxxxxx xxxxxxxx xxxxxxxx
mem:00fb0000 00fa0000 00aa0000 003a0000
pc:00000358 idatain:ac030264 stall:0
reg:xxxxxxxx xxxxxxxx 0000009b 00140000 xxxxxxxx xxxxxxxx xxxxxxxx
mem:00fb0000 00fa0000 00aa0000 003a0000
pc:0000035c idatain:ac0400d4 stall:0
reg:xxxxxxxx xxxxxxxx 0000009b 00140000 xxxxxxxx xxxxxxxx xxxxxxxx
mem:00fb0000 00fa0000 00aa0000 003a0000
pc:00000360 idatain:8c0300d8 stall:0
reg:xxxxxxxx xxxxxxxx 0000009b 00140000 xxxxxxxx xxxxxxxx xxxxxxxx
mem:00fb0000 00fa0000 00aa0000 003a0000
pc:00000364 idatain:8c040268 stall:0
reg:xxxxxxxx xxxxxxxx 000000b4 00140000 xxxxxxxx xxxxxxxx xxxxxxxx
mem:00fb0000 00fa0000 00aa0000 003a0000
pc:00000368 idatain:ac030268 stall:0
reg:xxxxxxxx xxxxxxxx 000000b4 00730000 xxxxxxxx xxxxxxxx xxxxxxxx
mem:00fb0000 00fa0000 00aa0000 003a0000
pc:0000036c idatain:ac0400d8 stall:0
reg:xxxxxxxx xxxxxxxx 000000b4 00730000 xxxxxxxx xxxxxxxx xxxxxxxx
mem:00fb0000 00fa0000 00aa0000 003a0000
pc:00000370 idatain:8c0300dc stall:0
reg:xxxxxxxx xxxxxxxx 000000b4 00730000 xxxxxxxx xxxxxxxx xxxxxxxx
mem:00fb0000 00fa0000 00aa0000 003a0000
pc:00000374 idatain:8c04026c stall:0
reg:xxxxxxxx xxxxxxxx 00000054 00730000 xxxxxxxx xxxxxxxx xxxxxxxx
mem:00fb0000 00fa0000 00aa0000 003a0000
pc:00000378 idatain:ac03026c stall:0
reg:xxxxxxxx xxxxxxxx 00000054 005a0000 xxxxxxxx xxxxxxxx xxxxxxxx
mem:00fb0000 00fa0000 00aa0000 003a0000
pc:0000037c idatain:ac0400dc stall:0
reg:xxxxxxxx xxxxxxxx 00000054 005a0000 xxxxxxxx xxxxxxxx xxxxxxxx
mem:00fb0000 00fa0000 00aa0000 003a0000
pc:00000380 idatain:8c0300e0 stall:0
reg:xxxxxxxx xxxxxxxx 00000054 005a0000 xxxxxxxx xxxxxxxx xxxxxxxx
mem:00fb0000 00fa0000 00aa0000 003a0000
pc:00000384 idatain:8c040270 stall:0
reg:xxxxxxxx xxxxxxxx 00000011 005a0000 xxxxxxxx xxxxxxxx xxxxxxxx
mem:00fb0000 00fa0000 00aa0000 003a0000
pc:00000388 idatain:ac030270 stall:0
reg:xxxxxxxx xxxxxxxx 00000011 00c50000 xxxxxxxx xxxxxxxx xxxxxxxx
mem:00fb0000 00fa0000 00aa0000 003a0000
pc:0000038c idatain:ac0400e0 stall:0
reg:xxxxxxxx xxxxxxxx 00000011 00c50000 xxxxxxxx xxxxxxxx xxxxxxxx
mem:00fb0000 00fa0000 00aa0000 003a0000
pc:00000390 idatain:8c0300e4 stall:0
reg:xxxxxxxx xxxxxxxx 00000011 00c50000 xxxxxxxx xxxxxxxx xxxxxxxx
mem:00fb0000 00fa0000 00aa0000 003a0000
pc:00000394 idatain:8c040274 stall:0
reg:xxxxxxxx xxxxxxxx 0000000e 00c50000 xxxxxxxx xxxxxxxx xxxxxxxx
mem:00fb0000 00fa0000 00aa0000 003a0000
pc:00000398 idatain:ac030274 stall:0
reg:xxxxxxxx xxxxxxxx 0000000e 005e0000 xxxxxxxx xxxxxxxx xxxxxxxx
mem:00fb0000 00fa0000 00aa0000 003a0000
pc:0000039c idatain:ac0400e4 stall:0
reg:xxxxxxxx xxxxxxxx 0000000e 005e0000 xxxxxxxx xxxxxxxx xxxxxxxx
mem:00fb0000 00fa0000 00aa0000 003a0000
pc:000003a0 idatain:8c0300e8 stall:0
reg:xxxxxxxx xxxxxxxx 0000000e 005e0000 xxxxxxxx xxxxxxxx xxxxxxxx
mem:00fb0000 00fa0000 00aa0000 003a0000
pc:000003a4 idatain:8c040278 stall:0
reg:xxxxxxxx xxxxxxxx 00000082 005e0000 xxxxxxxx xxxxxxxx xxxxxxxx
mem:00fb0000 00fa0000 00aa0000 003a0000
pc:000003a8 idatain:ac030278 stall:0
reg:xxxxxxxx xxxxxxxx 00000082 004b0000 xxxxxxxx xxxxxxxx xxxxxxxx
mem:00fb0000 00fa0000 00aa0000 003a0000
pc:000003ac idatain:ac0400e8 stall:0
reg:xxxxxxxx xxxxxxxx 00000082 004b0000 xxxxxxxx xxxxxxxx xxxxxxxx
mem:00fb0000 00fa0000 00aa0000 003a0000
pc:000003b0 idatain:8c0300ec stall:0
reg:xxxxxxxx xxxxxxxx 00000082 004b0000 xxxxxxxx xxxxxxxx xxxxxxxx
mem:00fb0000 00fa0000 00aa0000 003a0000
pc:000003b4 idatain:8c04027c stall:0
reg:xxxxxxxx xxxxxxxx 00000074 004b0000 xxxxxxxx xxxxxxxx xxxxxxxx
mem:00fb0000 00fa0000 00aa0000 003a0000
pc:000003b8 idatain:ac03027c stall:0
reg:xxxxxxxx xxxxxxxx 00000074 00790000 xxxxxxxx xxxxxxxx xxxxxxxx
mem:00fb0000 00fa0000 00aa0000 003a0000
pc:000003bc idatain:ac0400ec stall:0
reg:xxxxxxxx xxxxxxxx 00000074 00790000 xxxxxxxx xxxxxxxx xxxxxxxx
mem:00fb0000 00fa0000 00aa0000 003a0000
pc:000003c0 idatain:8c0300f0 stall:0
reg:xxxxxxxx xxxxxxxx 00000074 00790000 xxxxxxxx xxxxxxxx xxxxxxxx
mem:00fb0000 00fa0000 00aa0000 003a0000
pc:000003c4 idatain:8c040280 stall:0
reg:xxxxxxxx xxxxxxxx 00000041 00790000 xxxxxxxx xxxxxxxx xxxxxxxx
mem:00fb0000 00fa0000 00aa0000 003a0000
pc:000003c8 idatain:ac030280 stall:0
reg:xxxxxxxx xxxxxxxx 00000041 00630000 xxxxxxxx xxxxxxxx xxxxxxxx
mem:00fb0000 00fa0000 00aa0000 003a0000
pc:000003cc idatain:ac0400f0 stall:0
reg:xxxxxxxx xxxxxxxx 00000041 00630000 xxxxxxxx xxxxxxxx xxxxxxxx
mem:00fb0000 00fa0000 00aa0000 003a0000
pc:000003d0 idatain:8c0300f4 stall:0
reg:xxxxxxxx xxxxxxxx 00000041 00630000 xxxxxxxx xxxxxxxx xxxxxxxx
mem:00fb0000 00fa0000 00aa0000 003a0000
pc:000003d4 idatain:8c040284 stall:0
reg:xxxxxxxx xxxxxxxx 00000021 00630000 xxxxxxxx xxxxxxxx xxxxxxxx
mem:00fb0000 00fa0000 00aa0000 003a0000
pc:000003d8 idatain:ac030284 stall:0
reg:xxxxxxxx xxxxxxxx 00000021 003b0000 xxxxxxxx xxxxxxxx xxxxxxxx
mem:00fb0000 00fa0000 00aa0000 003a0000
pc:000003dc idatain:ac0400f4 stall:0
reg:xxxxxxxx xxxxxxxx 00000021 003b0000 xxxxxxxx xxxxxxxx xxxxxxxx
mem:00fb0000 00fa0000 00aa0000 003a0000
pc:000003e0 idatain:8c0300f8 stall:0
reg:xxxxxxxx xxxxxxxx 00000021 003b0000 xxxxxxxx xxxxxxxx xxxxxxxx
mem:00fb0000 00fa0000 00aa0000 003a0000
pc:000003e4 idatain:8c040288 stall:0
reg:xxxxxxxx xxxxxxxx 0000003d 003b0000 xxxxxxxx xxxxxxxx xxxxxxxx
mem:00fb0000 00fa0000 00aa0000 003a0000
pc:000003e8 idatain:ac030288 stall:0
reg:xxxxxxxx xxxxxxxx 0000003d 00700000 xxxxxxxx xxxxxxxx xxxxxxxx
mem:00fb0000 00fa0000 00aa0000 003a0000
pc:000003ec idatain:ac0400f8 stall:0
reg:xxxxxxxx xxxxxxxx 0000003d 00700000 xxxxxxxx xxxxxxxx xxxxxxxx
mem:00fb0000 00fa0000 00aa0000 003a0000
pc:000003f0 idatain:8c0300fc stall:0
reg:xxxxxxxx xxxxxxxx 0000003d 00700000 xxxxxxxx xxxxxxxx xxxxxxxx
mem:00fb0000 00fa0000 00aa0000 003a0000
pc:000003f4 idatain:8c04028c stall:0
reg:xxxxxxxx xxxxxxxx 000000dc 00700000 xxxxxxxx xxxxxxxx xxxxxxxx
mem:00fb0000 00fa0000 00aa0000 003a0000
pc:000003f8 idatain:ac03028c stall:0
reg:xxxxxxxx xxxxxxxx 000000dc 00640000 xxxxxxxx xxxxxxxx xxxxxxxx
mem:00fb0000 00fa0000 00aa0000 003a0000
pc:000003fc idatain:ac0400fc stall:0
reg:xxxxxxxx xxxxxxxx 000000dc 00640000 xxxxxxxx xxxxxxxx xxxxxxxx
mem:00fb0000 00fa0000 00aa0000 003a0000
pc:00000400 idatain:8c030100 stall:0
reg:xxxxxxxx xxxxxxxx 000000dc 00640000 xxxxxxxx xxxxxxxx xxxxxxxx
mem:00fb0000 00fa0000 00aa0000 003a0000
pc:00000404 idatain:8c040290 stall:0
reg:xxxxxxxx xxxxxxxx 00000087 00640000 xxxxxxxx xxxxxxxx xxxxxxxx
mem:00fb0000 00fa0000 00aa0000 003a0000
pc:00000408 idatain:ac030290 stall:0
reg:xxxxxxxx xxxxxxxx 00000087 00240000 xxxxxxxx xxxxxxxx xxxxxxxx
mem:00fb0000 00fa0000 00aa0000 003a0000
pc:0000040c idatain:ac040100 stall:0
reg:xxxxxxxx xxxxxxxx 00000087 00240000 xxxxxxxx xxxxxxxx xxxxxxxx
mem:00fb0000 00fa0000 00aa0000 003a0000
pc:00000410 idatain:8c030104 stall:0
reg:xxxxxxxx xxxxxxxx 00000087 00240000 xxxxxxxx xxxxxxxx xxxxxxxx
mem:00fb0000 00fa0000 00aa0000 003a0000
pc:00000414 idatain:8c040294 stall:0
reg:xxxxxxxx xxxxxxxx 00000070 00240000 xxxxxxxx xxxxxxxx xxxxxxxx
mem:00fb0000 00fa0000 00aa0000 003a0000
pc:00000418 idatain:ac030294 stall:0
reg:xxxxxxxx xxxxxxxx 00000070 00110000 xxxxxxxx xxxxxxxx xxxxxxxx
mem:00fb0000 00fa0000 00aa0000 003a0000
pc:0000041c idatain:ac040104 stall:0
reg:xxxxxxxx xxxxxxxx 00000070 00110000 xxxxxxxx xxxxxxxx xxxxxxxx
mem:00fb0000 00fa0000 00aa0000 003a0000
pc:00000420 idatain:8c030108 stall:0
reg:xxxxxxxx xxxxxxxx 00000070 00110000 xxxxxxxx xxxxxxxx xxxxxxxx
mem:00fb0000 00fa0000 00aa0000 003a0000
pc:00000424 idatain:8c040298 stall:0
reg:xxxxxxxx xxxxxxxx 000000e9 00110000 xxxxxxxx xxxxxxxx xxxxxxxx
mem:00fb0000 00fa0000 00aa0000 003a0000
pc:00000428 idatain:ac030298 stall:0
reg:xxxxxxxx xxxxxxxx 000000e9 009e0000 xxxxxxxx xxxxxxxx xxxxxxxx
mem:00fb0000 00fa0000 00aa0000 003a0000
pc:0000042c idatain:ac040108 stall:0
reg:xxxxxxxx xxxxxxxx 000000e9 009e0000 xxxxxxxx xxxxxxxx xxxxxxxx
mem:00fb0000 00fa0000 00aa0000 003a0000
pc:00000430 idatain:8c03010c stall:0
reg:xxxxxxxx xxxxxxxx 000000e9 009e0000 xxxxxxxx xxxxxxxx xxxxxxxx
mem:00fb0000 00fa0000 00aa0000 003a0000
pc:00000434 idatain:8c04029c stall:0
reg:xxxxxxxx xxxxxxxx 0000003e 009e0000 xxxxxxxx xxxxxxxx xxxxxxxx
mem:00fb0000 00fa0000 00aa0000 003a0000
pc:00000438 idatain:ac03029c stall:0
reg:xxxxxxxx xxxxxxxx 0000003e 00090000 xxxxxxxx xxxxxxxx xxxxxxxx
mem:00fb0000 00fa0000 00aa0000 003a0000
pc:0000043c idatain:ac04010c stall:0
reg:xxxxxxxx xxxxxxxx 0000003e 00090000 xxxxxxxx xxxxxxxx xxxxxxxx
mem:00fb0000 00fa0000 00aa0000 003a0000
pc:00000440 idatain:8c030110 stall:0
reg:xxxxxxxx xxxxxxxx 0000003e 00090000 xxxxxxxx xxxxxxxx xxxxxxxx
mem:00fb0000 00fa0000 00aa0000 003a0000
pc:00000444 idatain:8c0402a0 stall:0
reg:xxxxxxxx xxxxxxxx 000000a1 00090000 xxxxxxxx xxxxxxxx xxxxxxxx
mem:00fb0000 00fa0000 00aa0000 003a0000
pc:00000448 idatain:ac0302a0 stall:0
reg:xxxxxxxx xxxxxxxx 000000a1 00dc0000 xxxxxxxx xxxxxxxx xxxxxxxx
mem:00fb0000 00fa0000 00aa0000 003a0000
pc:0000044c idatain:ac040110 stall:0
reg:xxxxxxxx xxxxxxxx 000000a1 00dc0000 xxxxxxxx xxxxxxxx xxxxxxxx
mem:00fb0000 00fa0000 00aa0000 003a0000
pc:00000450 idatain:8c030114 stall:0
reg:xxxxxxxx xxxxxxxx 000000a1 00dc0000 xxxxxxxx xxxxxxxx xxxxxxxx
mem:00fb0000 00fa0000 00aa0000 003a0000
pc:00000454 idatain:8c0402a4 stall:0
reg:xxxxxxxx xxxxxxxx 00000041 00dc0000 xxxxxxxx xxxxxxxx xxxxxxxx
mem:00fb0000 00fa0000 00aa0000 003a0000
pc:00000458 idatain:ac0302a4 stall:0
reg:xxxxxxxx xxxxxxxx 00000041 00aa0000 xxxxxxxx xxxxxxxx xxxxxxxx
mem:00fb0000 00fa0000 00aa0000 003a0000
pc:0000045c idatain:ac040114 stall:0
reg:xxxxxxxx xxxxxxxx 00000041 00aa0000 xxxxxxxx xxxxxxxx xxxxxxxx
mem:00fb0000 00fa0000 00aa0000 003a0000
pc:00000460 idatain:8c030118 stall:0
reg:xxxxxxxx xxxxxxxx 00000041 00aa0000 xxxxxxxx xxxxxxxx xxxxxxxx
mem:00fb0000 00fa0000 00aa0000 003a0000
pc:00000464 idatain:8c0402a8 stall:0
reg:xxxxxxxx xxxxxxxx 000000e1 00aa0000 xxxxxxxx xxxxxxxx xxxxxxxx
mem:00fb0000 00fa0000 00aa0000 003a0000
pc:00000468 idatain:ac0302a8 stall:0
reg:xxxxxxxx xxxxxxxx 000000e1 00d40000 xxxxxxxx xxxxxxxx xxxxxxxx
mem:00fb0000 00fa0000 00aa0000 003a0000
pc:0000046c idatain:ac040118 stall:0
reg:xxxxxxxx xxxxxxxx 000000e1 00d40000 xxxxxxxx xxxxxxxx xxxxxxxx
mem:00fb0000 00fa0000 00aa0000 003a0000
pc:00000470 idatain:8c03011c stall:0
reg:xxxxxxxx xxxxxxxx 000000e1 00d40000 xxxxxxxx xxxxxxxx xxxxxxxx
mem:00fb0000 00fa0000 00aa0000 003a0000
pc:00000474 idatain:8c0402ac stall:0
reg:xxxxxxxx xxxxxxxx 000000fc 00d40000 xxxxxxxx xxxxxxxx xxxxxxxx
mem:00fb0000 00fa0000 00aa0000 003a0000
pc:00000478 idatain:ac0302ac stall:0
reg:xxxxxxxx xxxxxxxx 000000fc 00ac0000 xxxxxxxx xxxxxxxx xxxxxxxx
mem:00fb0000 00fa0000 00aa0000 003a0000
pc:0000047c idatain:ac04011c stall:0
reg:xxxxxxxx xxxxxxxx 000000fc 00ac0000 xxxxxxxx xxxxxxxx xxxxxxxx
mem:00fb0000 00fa0000 00aa0000 003a0000
pc:00000480 idatain:8c030120 stall:0
reg:xxxxxxxx xxxxxxxx 000000fc 00ac0000 xxxxxxxx xxxxxxxx xxxxxxxx
mem:00fb0000 00fa0000 00aa0000 003a0000
pc:00000484 idatain:8c0402b0 stall:0
reg:xxxxxxxx xxxxxxxx 00000067 00ac0000 xxxxxxxx xxxxxxxx xxxxxxxx
mem:00fb0000 00fa0000 00aa0000 003a0000
pc:00000488 idatain:ac0302b0 stall:0
reg:xxxxxxxx xxxxxxxx 00000067 00f20000 xxxxxxxx xxxxxxxx xxxxxxxx
mem:00fb0000 00fa0000 00aa0000 003a0000
pc:0000048c idatain:ac040120 stall:0
reg:xxxxxxxx xxxxxxxx 00000067 00f20000 xxxxxxxx xxxxxxxx xxxxxxxx
mem:00fb0000 00fa0000 00aa0000 003a0000
pc:00000490 idatain:8c030124 stall:0
reg:xxxxxxxx xxxxxxxx 00000067 00f20000 xxxxxxxx xxxxxxxx xxxxxxxx
mem:00fb0000 00fa0000 00aa0000 003a0000
pc:00000494 idatain:8c0402b4 stall:0
reg:xxxxxxxx xxxxxxxx 0000003e 00f20000 xxxxxxxx xxxxxxxx xxxxxxxx
mem:00fb0000 00fa0000 00aa0000 003a0000
pc:00000498 idatain:ac0302b4 stall:0
reg:xxxxxxxx xxxxxxxx 0000003e 001b0000 xxxxxxxx xxxxxxxx xxxxxxxx
mem:00fb0000 00fa0000 00aa0000 003a0000
pc:0000049c idatain:ac040124 stall:0
reg:xxxxxxxx xxxxxxxx 0000003e 001b0000 xxxxxxxx xxxxxxxx xxxxxxxx
mem:00fb0000 00fa0000 00aa0000 003a0000
pc:000004a0 idatain:8c030128 stall:0
reg:xxxxxxxx xxxxxxxx 0000003e 001b0000 xxxxxxxx xxxxxxxx xxxxxxxx
mem:00fb0000 00fa0000 00aa0000 003a0000
pc:000004a4 idatain:8c0402b8 stall:0
reg:xxxxxxxx xxxxxxxx 00000001 001b0000 xxxxxxxx xxxxxxxx xxxxxxxx
mem:00fb0000 00fa0000 00aa0000 003a0000
pc:000004a8 idatain:ac0302b8 stall:0
reg:xxxxxxxx xxxxxxxx 00000001 00100000 xxxxxxxx xxxxxxxx xxxxxxxx
mem:00fb0000 00fa0000 00aa0000 003a0000
pc:000004ac idatain:ac040128 stall:0
reg:xxxxxxxx xxxxxxxx 00000001 00100000 xxxxxxxx xxxxxxxx xxxxxxxx
mem:00fb0000 00fa0000 00aa0000 003a0000
pc:000004b0 idatain:8c03012c stall:0
reg:xxxxxxxx xxxxxxxx 00000001 00100000 xxxxxxxx xxxxxxxx xxxxxxxx
mem:00fb0000 00fa0000 00aa0000 003a0000
pc:000004b4 idatain:8c0402bc stall:0
reg:xxxxxxxx xxxxxxxx 0000007e 00100000 xxxxxxxx xxxxxxxx xxxxxxxx
mem:00fb0000 00fa0000 00aa0000 003a0000
pc:000004b8 idatain:ac0302bc stall:0
reg:xxxxxxxx xxxxxxxx 0000007e 00af0000 xxxxxxxx xxxxxxxx xxxxxxxx
mem:00fb0000 00fa0000 00aa0000 003a0000
pc:000004bc idatain:ac04012c stall:0
reg:xxxxxxxx xxxxxxxx 0000007e 00af0000 xxxxxxxx xxxxxxxx xxxxxxxx
mem:00fb0000 00fa0000 00aa0000 003a0000
pc:000004c0 idatain:8c030130 stall:0
reg:xxxxxxxx xxxxxxxx 0000007e 00af0000 xxxxxxxx xxxxxxxx xxxxxxxx
mem:00fb0000 00fa0000 00aa0000 003a0000
pc:000004c4 idatain:8c0402c0 stall:0
reg:xxxxxxxx xxxxxxxx 00000097 00af0000 xxxxxxxx xxxxxxxx xxxxxxxx
mem:00fb0000 00fa0000 00aa0000 003a0000
pc:000004c8 idatain:ac0302c0 stall:0
reg:xxxxxxxx xxxxxxxx 00000097 003b0000 xxxxxxxx xxxxxxxx xxxxxxxx
mem:00fb0000 00fa0000 00aa0000 003a0000
pc:000004cc idatain:ac040130 stall:0
reg:xxxxxxxx xxxxxxxx 00000097 003b0000 xxxxxxxx xxxxxxxx xxxxxxxx
mem:00fb0000 00fa0000 00aa0000 003a0000
pc:000004d0 idatain:8c030134 stall:0
reg:xxxxxxxx xxxxxxxx 00000097 003b0000 xxxxxxxx xxxxxxxx xxxxxxxx
mem:00fb0000 00fa0000 00aa0000 003a0000
pc:000004d4 idatain:8c0402c4 stall:0
reg:xxxxxxxx xxxxxxxx 000000ea 003b0000 xxxxxxxx xxxxxxxx xxxxxxxx
mem:00fb0000 00fa0000 00aa0000 003a0000
pc:000004d8 idatain:ac0302c4 stall:0
reg:xxxxxxxx xxxxxxxx 000000ea 00330000 xxxxxxxx xxxxxxxx xxxxxxxx
mem:00fb0000 00fa0000 00aa0000 003a0000
pc:000004dc idatain:ac040134 stall:0
reg:xxxxxxxx xxxxxxxx 000000ea 00330000 xxxxxxxx xxxxxxxx xxxxxxxx
mem:00fb0000 00fa0000 00aa0000 003a0000
pc:000004e0 idatain:8c030138 stall:0
reg:xxxxxxxx xxxxxxxx 000000ea 00330000 xxxxxxxx xxxxxxxx xxxxxxxx
mem:00fb0000 00fa0000 00aa0000 003a0000
pc:000004e4 idatain:8c0402c8 stall:0
reg:xxxxxxxx xxxxxxxx 000000dc 00330000 xxxxxxxx xxxxxxxx xxxxxxxx
mem:00fb0000 00fa0000 00aa0000 003a0000
pc:000004e8 idatain:ac0302c8 stall:0
reg:xxxxxxxx xxxxxxxx 000000dc 00cd0000 xxxxxxxx xxxxxxxx xxxxxxxx
mem:00fb0000 00fa0000 00aa0000 003a0000
pc:000004ec idatain:ac040138 stall:0
reg:xxxxxxxx xxxxxxxx 000000dc 00cd0000 xxxxxxxx xxxxxxxx xxxxxxxx
mem:00fb0000 00fa0000 00aa0000 003a0000
pc:000004f0 idatain:8c03013c stall:0
reg:xxxxxxxx xxxxxxxx 000000dc 00cd0000 xxxxxxxx xxxxxxxx xxxxxxxx
mem:00fb0000 00fa0000 00aa0000 003a0000
pc:000004f4 idatain:8c0402cc stall:0
reg:xxxxxxxx xxxxxxxx 0000006b 00cd0000 xxxxxxxx xxxxxxxx xxxxxxxx
mem:00fb0000 00fa0000 00aa0000 003a0000
pc:000004f8 idatain:ac0302cc stall:0
reg:xxxxxxxx xxxxxxxx 0000006b 00e30000 xxxxxxxx xxxxxxxx xxxxxxxx
mem:00fb0000 00fa0000 00aa0000 003a0000
pc:000004fc idatain:ac04013c stall:0
reg:xxxxxxxx xxxxxxxx 0000006b 00e30000 xxxxxxxx xxxxxxxx xxxxxxxx
mem:00fb0000 00fa0000 00aa0000 003a0000
pc:00000500 idatain:8c030140 stall:0
reg:xxxxxxxx xxxxxxxx 0000006b 00e30000 xxxxxxxx xxxxxxxx xxxxxxxx
mem:00fb0000 00fa0000 00aa0000 003a0000
pc:00000504 idatain:8c0402d0 stall:0
reg:xxxxxxxx xxxxxxxx 00000096 00e30000 xxxxxxxx xxxxxxxx xxxxxxxx
mem:00fb0000 00fa0000 00aa0000 003a0000
pc:00000508 idatain:ac0302d0 stall:0
reg:xxxxxxxx xxxxxxxx 00000096 00500000 xxxxxxxx xxxxxxxx xxxxxxxx
mem:00fb0000 00fa0000 00aa0000 003a0000
pc:0000050c idatain:ac040140 stall:0
reg:xxxxxxxx xxxxxxxx 00000096 00500000 xxxxxxxx xxxxxxxx xxxxxxxx
mem:00fb0000 00fa0000 00aa0000 003a0000
pc:00000510 idatain:8c030144 stall:0
reg:xxxxxxxx xxxxxxxx 00000096 00500000 xxxxxxxx xxxxxxxx xxxxxxxx
mem:00fb0000 00fa0000 00aa0000 003a0000
pc:00000514 idatain:8c0402d4 stall:0
reg:xxxxxxxx xxxxxxxx 0000008f 00500000 xxxxxxxx xxxxxxxx xxxxxxxx
mem:00fb0000 00fa0000 00aa0000 003a0000
pc:00000518 idatain:ac0302d4 stall:0
reg:xxxxxxxx xxxxxxxx 0000008f 00480000 xxxxxxxx xxxxxxxx xxxxxxxx
mem:00fb0000 00fa0000 00aa0000 003a0000
pc:0000051c idatain:ac040144 stall:0
reg:xxxxxxxx xxxxxxxx 0000008f 00480000 xxxxxxxx xxxxxxxx xxxxxxxx
mem:00fb0000 00fa0000 00aa0000 003a0000
pc:00000520 idatain:8c030148 stall:0
reg:xxxxxxxx xxxxxxxx 0000008f 00480000 xxxxxxxx xxxxxxxx xxxxxxxx
mem:00fb0000 00fa0000 00aa0000 003a0000
pc:00000524 idatain:8c0402d8 stall:0
reg:xxxxxxxx xxxxxxxx 00000038 00480000 xxxxxxxx xxxxxxxx xxxxxxxx
mem:00fb0000 00fa0000 00aa0000 003a0000
pc:00000528 idatain:ac0302d8 stall:0
reg:xxxxxxxx xxxxxxxx 00000038 00470000 xxxxxxxx xxxxxxxx xxxxxxxx
mem:00fb0000 00fa0000 00aa0000 003a0000
pc:0000052c idatain:ac040148 stall:0
reg:xxxxxxxx xxxxxxxx 00000038 00470000 xxxxxxxx xxxxxxxx xxxxxxxx
mem:00fb0000 00fa0000 00aa0000 003a0000
pc:00000530 idatain:8c03014c stall:0
reg:xxxxxxxx xxxxxxxx 00000038 00470000 xxxxxxxx xxxxxxxx xxxxxxxx
mem:00fb0000 00fa0000 00aa0000 003a0000
pc:00000534 idatain:8c0402dc stall:0
reg:xxxxxxxx xxxxxxxx 0000005c 00470000 xxxxxxxx xxxxxxxx xxxxxxxx
mem:00fb0000 00fa0000 00aa0000 003a0000
pc:00000538 idatain:ac0302dc stall:0
reg:xxxxxxxx xxxxxxxx 0000005c 00150000 xxxxxxxx xxxxxxxx xxxxxxxx
mem:00fb0000 00fa0000 00aa0000 003a0000
pc:0000053c idatain:ac04014c stall:0
reg:xxxxxxxx xxxxxxxx 0000005c 00150000 xxxxxxxx xxxxxxxx xxxxxxxx
mem:00fb0000 00fa0000 00aa0000 003a0000
pc:00000540 idatain:8c030150 stall:0
reg:xxxxxxxx xxxxxxxx 0000005c 00150000 xxxxxxxx xxxxxxxx xxxxxxxx
mem:00fb0000 00fa0000 00aa0000 003a0000
pc:00000544 idatain:8c0402e0 stall:0
reg:xxxxxxxx xxxxxxxx 0000002a 00150000 xxxxxxxx xxxxxxxx xxxxxxxx
mem:00fb0000 00fa0000 00aa0000 003a0000
pc:00000548 idatain:ac0302e0 stall:0
reg:xxxxxxxx xxxxxxxx 0000002a 005c0000 xxxxxxxx xxxxxxxx xxxxxxxx
mem:00fb0000 00fa0000 00aa0000 003a0000
pc:0000054c idatain:ac040150 stall:0
reg:xxxxxxxx xxxxxxxx 0000002a 005c0000 xxxxxxxx xxxxxxxx xxxxxxxx
mem:00fb0000 00fa0000 00aa0000 003a0000
pc:00000550 idatain:8c030154 stall:0
reg:xxxxxxxx xxxxxxxx 0000002a 005c0000 xxxxxxxx xxxxxxxx xxxxxxxx
mem:00fb0000 00fa0000 00aa0000 003a0000
pc:00000554 idatain:8c0402e4 stall:0
reg:xxxxxxxx xxxxxxxx 000000ec 005c0000 xxxxxxxx xxxxxxxx xxxxxxxx
mem:00fb0000 00fa0000 00aa0000 003a0000
pc:00000558 idatain:ac0302e4 stall:0
reg:xxxxxxxx xxxxxxxx 000000ec 00bb0000 xxxxxxxx xxxxxxxx xxxxxxxx
mem:00fb0000 00fa0000 00aa0000 003a0000
pc:0000055c idatain:ac040154 stall:0
reg:xxxxxxxx xxxxxxxx 000000ec 00bb0000 xxxxxxxx xxxxxxxx xxxxxxxx
mem:00fb0000 00fa0000 00aa0000 003a0000
pc:00000560 idatain:8c030158 stall:0
reg:xxxxxxxx xxxxxxxx 000000ec 00bb0000 xxxxxxxx xxxxxxxx xxxxxxxx
mem:00fb0000 00fa0000 00aa0000 003a0000
pc:00000564 idatain:8c0402e8 stall:0
reg:xxxxxxxx xxxxxxxx 000000b0 00bb0000 xxxxxxxx xxxxxxxx xxxxxxxx
mem:00fb0000 00fa0000 00aa0000 003a0000
pc:00000568 idatain:ac0302e8 stall:0
reg:xxxxxxxx xxxxxxxx 000000b0 006f0000 xxxxxxxx xxxxxxxx xxxxxxxx
mem:00fb0000 00fa0000 00aa0000 003a0000
pc:0000056c idatain:ac040158 stall:0
reg:xxxxxxxx xxxxxxxx 000000b0 006f0000 xxxxxxxx xxxxxxxx xxxxxxxx
mem:00fb0000 00fa0000 00aa0000 003a0000
pc:00000570 idatain:8c03015c stall:0
reg:xxxxxxxx xxxxxxxx 000000b0 006f0000 xxxxxxxx xxxxxxxx xxxxxxxx
mem:00fb0000 00fa0000 00aa0000 003a0000
pc:00000574 idatain:8c0402ec stall:0
reg:xxxxxxxx xxxxxxxx 0000003b 006f0000 xxxxxxxx xxxxxxxx xxxxxxxx
mem:00fb0000 00fa0000 00aa0000 003a0000
pc:00000578 idatain:ac0302ec stall:0
reg:xxxxxxxx xxxxxxxx 0000003b 00220000 xxxxxxxx xxxxxxxx xxxxxxxx
mem:00fb0000 00fa0000 00aa0000 003a0000
pc:0000057c idatain:ac04015c stall:0
reg:xxxxxxxx xxxxxxxx 0000003b 00220000 xxxxxxxx xxxxxxxx xxxxxxxx
mem:00fb0000 00fa0000 00aa0000 003a0000
pc:00000580 idatain:8c030160 stall:0
reg:xxxxxxxx xxxxxxxx 0000003b 00220000 xxxxxxxx xxxxxxxx xxxxxxxx
mem:00fb0000 00fa0000 00aa0000 003a0000
pc:00000584 idatain:8c0402f0 stall:0
reg:xxxxxxxx xxxxxxxx 000000fb 00220000 xxxxxxxx xxxxxxxx xxxxxxxx
mem:00fb0000 00fa0000 00aa0000 003a0000
pc:00000588 idatain:ac0302f0 stall:0
reg:xxxxxxxx xxxxxxxx 000000fb 00190000 xxxxxxxx xxxxxxxx xxxxxxxx
mem:00fb0000 00fa0000 00aa0000 003a0000
pc:0000058c idatain:ac040160 stall:0
reg:xxxxxxxx xxxxxxxx 000000fb 00190000 xxxxxxxx xxxxxxxx xxxxxxxx
mem:00fb0000 00fa0000 00aa0000 003a0000
pc:00000590 idatain:8c030164 stall:0
reg:xxxxxxxx xxxxxxxx 000000fb 00190000 xxxxxxxx xxxxxxxx xxxxxxxx
mem:00fb0000 00fa0000 00aa0000 003a0000
pc:00000594 idatain:8c0402f4 stall:0
reg:xxxxxxxx xxxxxxxx 00000032 00190000 xxxxxxxx xxxxxxxx xxxxxxxx
mem:00fb0000 00fa0000 00aa0000 003a0000
pc:00000598 idatain:ac0302f4 stall:0
reg:xxxxxxxx xxxxxxxx 00000032 00ba0000 xxxxxxxx xxxxxxxx xxxxxxxx
mem:00fb0000 00fa0000 00aa0000 003a0000
pc:0000059c idatain:ac040164 stall:0
reg:xxxxxxxx xxxxxxxx 00000032 00ba0000 xxxxxxxx xxxxxxxx xxxxxxxx
mem:00fb0000 00fa0000 00aa0000 003a0000
pc:000005a0 idatain:8c030168 stall:0
reg:xxxxxxxx xxxxxxxx 00000032 00ba0000 xxxxxxxx xxxxxxxx xxxxxxxx
mem:00fb0000 00fa0000 00aa0000 003a0000
pc:000005a4 idatain:8c0402f8 stall:0
reg:xxxxxxxx xxxxxxxx 000000af 00ba0000 xxxxxxxx xxxxxxxx xxxxxxxx
mem:00fb0000 00fa0000 00aa0000 003a0000
pc:000005a8 idatain:ac0302f8 stall:0
reg:xxxxxxxx xxxxxxxx 000000af 009b0000 xxxxxxxx xxxxxxxx xxxxxxxx
mem:00fb0000 00fa0000 00aa0000 003a0000
pc:000005ac idatain:ac040168 stall:0
reg:xxxxxxxx xxxxxxxx 000000af 009b0000 xxxxxxxx xxxxxxxx xxxxxxxx
mem:00fb0000 00fa0000 00aa0000 003a0000
pc:000005b0 idatain:8c03016c stall:0
reg:xxxxxxxx xxxxxxxx 000000af 009b0000 xxxxxxxx xxxxxxxx xxxxxxxx
mem:00fb0000 00fa0000 00aa0000 003a0000
pc:000005b4 idatain:8c0402fc stall:0
reg:xxxxxxxx xxxxxxxx 0000003c 009b0000 xxxxxxxx xxxxxxxx xxxxxxxx
mem:00fb0000 00fa0000 00aa0000 003a0000
pc:000005b8 idatain:ac0302fc stall:0
reg:xxxxxxxx xxxxxxxx 0000003c 007d0000 xxxxxxxx xxxxxxxx xxxxxxxx
mem:00fb0000 00fa0000 00aa0000 003a0000
pc:000005bc idatain:ac04016c stall:0
reg:xxxxxxxx xxxxxxxx 0000003c 007d0000 xxxxxxxx xxxxxxxx xxxxxxxx
mem:00fb0000 00fa0000 00aa0000 003a0000
pc:000005c0 idatain:8c030170 stall:0
reg:xxxxxxxx xxxxxxxx 0000003c 007d0000 xxxxxxxx xxxxxxxx xxxxxxxx
mem:00fb0000 00fa0000 00aa0000 003a0000
pc:000005c4 idatain:8c040300 stall:0
reg:xxxxxxxx xxxxxxxx 00000054 007d0000 xxxxxxxx xxxxxxxx xxxxxxxx
mem:00fb0000 00fa0000 00aa0000 003a0000
pc:000005c8 idatain:ac030300 stall:0
reg:xxxxxxxx xxxxxxxx 00000054 00f50000 xxxxxxxx xxxxxxxx xxxxxxxx
mem:00fb0000 00fa0000 00aa0000 003a0000
pc:000005cc idatain:ac040170 stall:0
reg:xxxxxxxx xxxxxxxx 00000054 00f50000 xxxxxxxx xxxxxxxx xxxxxxxx
mem:00fb0000 00fa0000 00aa0000 003a0000
pc:000005d0 idatain:8c030174 stall:0
reg:xxxxxxxx xxxxxxxx 00000054 00f50000 xxxxxxxx xxxxxxxx xxxxxxxx
mem:00fb0000 00fa0000 00aa0000 003a0000
pc:000005d4 idatain:8c040304 stall:0
reg:xxxxxxxx xxxxxxxx 000000ec 00f50000 xxxxxxxx xxxxxxxx xxxxxxxx
mem:00fb0000 00fa0000 00aa0000 003a0000
pc:000005d8 idatain:ac030304 stall:0
reg:xxxxxxxx xxxxxxxx 000000ec 000b0000 xxxxxxxx xxxxxxxx xxxxxxxx
mem:00fb0000 00fa0000 00aa0000 003a0000
pc:000005dc idatain:ac040174 stall:0
reg:xxxxxxxx xxxxxxxx 000000ec 000b0000 xxxxxxxx xxxxxxxx xxxxxxxx
mem:00fb0000 00fa0000 00aa0000 003a0000
pc:000005e0 idatain:8c030178 stall:0
reg:xxxxxxxx xxxxxxxx 000000ec 000b0000 xxxxxxxx xxxxxxxx xxxxxxxx
mem:00fb0000 00fa0000 00aa0000 003a0000
pc:000005e4 idatain:8c040308 stall:0
reg:xxxxxxxx xxxxxxxx 00000018 000b0000 xxxxxxxx xxxxxxxx xxxxxxxx
mem:00fb0000 00fa0000 00aa0000 003a0000
pc:000005e8 idatain:ac030308 stall:0
reg:xxxxxxxx xxxxxxxx 00000018 00e10000 xxxxxxxx xxxxxxxx xxxxxxxx
mem:00fb0000 00fa0000 00aa0000 003a0000
pc:000005ec idatain:ac040178 stall:0
reg:xxxxxxxx xxxxxxxx 00000018 00e10000 xxxxxxxx xxxxxxxx xxxxxxxx
mem:00fb0000 00fa0000 00aa0000 003a0000
pc:000005f0 idatain:8c03017c stall:0
reg:xxxxxxxx xxxxxxxx 00000018 00e10000 xxxxxxxx xxxxxxxx xxxxxxxx
mem:00fb0000 00fa0000 00aa0000 003a0000
pc:000005f4 idatain:8c04030c stall:0
reg:xxxxxxxx xxxxxxxx 000000db 00e10000 xxxxxxxx xxxxxxxx xxxxxxxx
mem:00fb0000 00fa0000 00aa0000 003a0000
pc:000005f8 idatain:ac03030c stall:0
reg:xxxxxxxx xxxxxxxx 000000db 001a0000 xxxxxxxx xxxxxxxx xxxxxxxx
mem:00fb0000 00fa0000 00aa0000 003a0000
pc:000005fc idatain:ac04017c stall:0
reg:xxxxxxxx xxxxxxxx 000000db 001a0000 xxxxxxxx xxxxxxxx xxxxxxxx
mem:00fb0000 00fa0000 00aa0000 003a0000
pc:00000600 idatain:8c030180 stall:0
reg:xxxxxxxx xxxxxxxx 000000db 001a0000 xxxxxxxx xxxxxxxx xxxxxxxx
mem:00fb0000 00fa0000 00aa0000 003a0000
pc:00000604 idatain:8c040310 stall:0
reg:xxxxxxxx xxxxxxxx 0000005c 001a0000 xxxxxxxx xxxxxxxx xxxxxxxx
mem:00fb0000 00fa0000 00aa0000 003a0000
pc:00000608 idatain:ac030310 stall:0
reg:xxxxxxxx xxxxxxxx 0000005c 001c0000 xxxxxxxx xxxxxxxx xxxxxxxx
mem:00fb0000 00fa0000 00aa0000 003a0000
pc:0000060c idatain:ac040180 stall:0
reg:xxxxxxxx xxxxxxxx 0000005c 001c0000 xxxxxxxx xxxxxxxx xxxxxxxx
mem:00fb0000 00fa0000 00aa0000 003a0000
pc:00000610 idatain:8c030184 stall:0
reg:xxxxxxxx xxxxxxxx 0000005c 001c0000 xxxxxxxx xxxxxxxx xxxxxxxx
mem:00fb0000 00fa0000 00aa0000 003a0000
pc:00000614 idatain:8c040314 stall:0
reg:xxxxxxxx xxxxxxxx 00000002 001c0000 xxxxxxxx xxxxxxxx xxxxxxxx
mem:00fb0000 00fa0000 00aa0000 003a0000
pc:00000618 idatain:ac030314 stall:0
reg:xxxxxxxx xxxxxxxx 00000002 007f0000 xxxxxxxx xxxxxxxx xxxxxxxx
mem:00fb0000 00fa0000 00aa0000 003a0000
pc:0000061c idatain:ac040184 stall:0
reg:xxxxxxxx xxxxxxxx 00000002 007f0000 xxxxxxxx xxxxxxxx xxxxxxxx
mem:00fb0000 00fa0000 00aa0000 003a0000
pc:00000620 idatain:8c030188 stall:0
reg:xxxxxxxx xxxxxxxx 00000002 007f0000 xxxxxxxx xxxxxxxx xxxxxxxx
mem:00fb0000 00fa0000 00aa0000 003a0000
pc:00000624 idatain:8c040318 stall:0
reg:xxxxxxxx xxxxxxxx 0000001a 007f0000 xxxxxxxx xxxxxxxx xxxxxxxx
mem:00fb0000 00fa0000 00aa0000 003a0000
pc:00000628 idatain:ac030318 stall:0
reg:xxxxxxxx xxxxxxxx 0000001a 00230000 xxxxxxxx xxxxxxxx xxxxxxxx
mem:00fb0000 00fa0000 00aa0000 003a0000
pc:0000062c idatain:ac040188 stall:0
reg:xxxxxxxx xxxxxxxx 0000001a 00230000 xxxxxxxx xxxxxxxx xxxxxxxx
mem:00fb0000 00fa0000 00aa0000 003a0000
pc:00000630 idatain:8c03018c stall:0
reg:xxxxxxxx xxxxxxxx 0000001a 00230000 xxxxxxxx xxxxxxxx xxxxxxxx
mem:00fb0000 00fa0000 00aa0000 003a0000
pc:00000634 idatain:8c04031c stall:0
reg:xxxxxxxx xxxxxxxx 000000fe 00230000 xxxxxxxx xxxxxxxx xxxxxxxx
mem:00fb0000 00fa0000 00aa0000 003a0000
pc:00000638 idatain:ac03031c stall:0
reg:xxxxxxxx xxxxxxxx 000000fe 00f80000 xxxxxxxx xxxxxxxx xxxxxxxx
mem:00fb0000 00fa0000 00aa0000 003a0000
pc:0000063c idatain:ac04018c stall:0
reg:xxxxxxxx xxxxxxxx 000000fe 00f80000 xxxxxxxx xxxxxxxx xxxxxxxx
mem:00fb0000 00fa0000 00aa0000 003a0000
pc:00000640 idatain:ac037fff stall:0
reg:xxxxxxxx xxxxxxxx 000000fe 00f80000 xxxxxxxx xxxxxxxx xxxxxxxx
mem:00fb0000 00fa0000 00aa0000 003a0000
pc:00000644 idatain:1000ffff stall:0
reg:xxxxxxxx xxxxxxxx 00000043 00f80000 xxxxxxxx xxxxxxxx xxxxxxxx
mem:00fb0000 00fa0000 00aa0000 003a0000
pc:00000648 idatain:00000020 stall:0
reg:xxxxxxxx xxxxxxxx 00000043 00290000 xxxxxxxx xxxxxxxx xxxxxxxx
mem:00fb0000 00fa0000 00aa0000 003a0000
pc:00000644 idatain:1000ffff stall:0
reg:xxxxxxxx xxxxxxxx 00000043 00290000 xxxxxxxx xxxxxxxx xxxxxxxx
mem:00fb0000 00fa0000 00aa0000 003a0000
00000043 count:       404 stall:         0
